machine of 192 nodes
network kind: switch
L.network[1] = 4
L.network[2] = 4
L.network[3] = 4
L.network[4] = 3
DML_partition_in times: read 0.35  send 0.00  total 0.39
TIME("gauge_load","done") = 0.472 secs
TIME("gauge_stout_smear","done") = 0.403 secs
TIME("gauge_ape_smear","done") = 6.353 secs
init_level 0
init_level 1
creating MG level 0
creating lattice: 8 8 8 24
ndim = 4
numsites = 64
len = 8 8 8 24
nsquares = 2 2 4 12

creating block
local = 0
creating args
creating null vecs
0x4c66ae 0x4c66ae
0   6   257    0.00435805  0.00575735  0.0094073   0.0376508   0.315159  
1   3   227    0.00376441  0.00477282
2   2   149    0.00483221  0.005958  
3   2   141    0.00524743  0.00623779
4   2   127    0.00517426  0.00604058
5   2   138    0.00536822  0.0060564 
6   2   132    0.00484543  0.00654158
7   2   141    0.00531125  0.00686369
8   2   133    0.00575437  0.00703178
9   2   126    0.00563916  0.00714375
10  2   129    0.00571227  0.00701585
11  2   142    0.00503914  0.00661264
12  2   133    0.00543585  0.00685276
13  2   174    0.00533592  0.00695426
14  2   159    0.00525048  0.00642046
15  2   138    0.00555216  0.00665307
16  2   130    0.00541025  0.00646839
17  2   162    0.00519348  0.00639671
18  2   144    0.00551844  0.00664193
19  2   140    0.00544093  0.00688763
20  2   133    0.00560579  0.00689572
21  2   153    0.00561808  0.00714881
22  2   128    0.00638007  0.0069426 
23  2   157    0.00567022  0.00782508
setup its = 3593
0    1           1.89926e-05  0.00435805
1    1           1.41707e-05  0.00376441
2    1           2.33503e-05  0.00483221
3    1           2.75356e-05  0.00524743
4    1           2.6773e-05  0.00517426
5    1           2.88177e-05  0.00536821
6    1           2.34782e-05  0.00484543
7    1           2.82094e-05  0.00531125
8    1           3.31127e-05  0.00575437
9    1           3.18002e-05  0.00563916
10   1           3.263e-05   0.00571227
11   1           2.53929e-05  0.00503914
12   1           2.95485e-05  0.00543585
13   1           2.84721e-05  0.00533592
14   1           2.75675e-05  0.00525048
15   1           3.08264e-05  0.00555216
16   1           2.92708e-05  0.00541025
17   1           2.69722e-05  0.00519348
18   1           3.04532e-05  0.00551844
19   1           2.96038e-05  0.00544093
20   1           3.14249e-05  0.00560579
21   1           3.15628e-05  0.00561808
22   1           4.07053e-05  0.00638007
23   1           3.21514e-05  0.00567022
0    1           1.89926e-05  0.00435805
1    1           1.60947e-05  0.00401182
2    1           2.4496e-05  0.00494935
3    1           2.83329e-05  0.00532287
4    1           2.84072e-05  0.00532985
5    1           4.30105e-05  0.00655824
6    1           7.39352e-05  0.00859856
7    1           8.17624e-05  0.00904226
8    1           5.57613e-05  0.00746735
9    1           6.42274e-05  0.0080142 
10   1           6.55854e-05  0.00809848
11   1           0.000139897  0.0118278 
12   1           9.29133e-05  0.00963915
13   1           3.65824e-05  0.00604834
14   1           9.10549e-05  0.00954227
15   1           0.000153115  0.0123739 
16   1           6.61303e-05  0.00813206
17   1           8.03799e-05  0.00896548
18   1           0.000205876  0.0143484 
19   1           8.72359e-05  0.00934001
20   1           0.000113055  0.0106328 
21   1           0.000233764  0.0152894 
22   1           0.000102648  0.0101315 
23   1           0.00021423  0.0146366 
0    24576       351.144     0.119533  
1    24576       1359.43     0.235192  
2    24576       2156.95     0.296254  
3    24576       2864.95     0.341431  
4    24576       3448.36     0.374585  
5    24576       3951.1      0.400962  
6    24576       4368.69     0.421619  
7    24576       4801.15     0.441995  
8    24576       5219        0.460827  
9    24576       5535.89     0.474612  
10   24576       5869.47     0.488702  
11   24576       6176.95     0.501339  
12   24576       6465.44     0.512913  
13   24576       6736.46     0.523552  
14   24576       6996.36     0.533557  
15   24576       7236.5      0.542636  
16   24576       7492.67     0.552157  
17   24576       7724.44     0.560632  
18   24576       7935.42     0.568237  
19   24576       8136.64     0.575396  
20   24576       8342.71     0.582637  
21   24576       8512.75     0.588544  
22   24576       8736.71     0.596236  
23   24576       8957.56     0.603725  
get_nullvecs: 140.109 secs
vcomp 0  ( 589330 589330 )  3.79726e-07 / 2.35732e+06 = 1.61084e-13
vcomp 1  ( 586992 586992 )  4.21031e-07 / 2.34797e+06 = 1.79317e-13
vcomp 0  ( 589330 589330 )  3.90679e-07 / 2.35732e+06 = 1.6573e-13
vcomp 1  ( 586992 586992 )  4.31865e-07 / 2.34797e+06 = 1.83931e-13

creating true coarse operator
 shift  0 :  1  0  0  0
 shift  1 :  0  1  0  0
 shift  2 :  0  0  1  0
 shift  3 :  0  0  0  1
 shift  4 : -1  0  0  0
 shift  5 :  0 -1  0  0
 shift  6 :  0  0 -1  0
 shift  7 :  0  0  0 -1
 shift  8 :  0  0  0  0
16: 0 5 10 15
vcomp 0  ( 0.0853867 0.0853867 )  0 / 0.341547 = 0
vcomp 1  ( 0.0175919 0.0175919 )  0 / 0.0703674 = 0
vcomp 0  ( 1 1 )  3.59876e-14 / 4 = 8.99691e-15
vcomp 1  ( 0 4.66562e-15 )  4.66562e-15 / 4.66562e-15 = 1
vcomp 0  ( 1.40483 1.40483 )  6.92108e-15 / 5.61931 = 1.23166e-15
vcomp 1  ( 0.165137 0.165137 )  1.29728e-14 / 0.660548 = 1.96395e-14
vcomp 0  ( 0.0507145 0.0507145 )  8.40883e-16 / 0.202858 = 4.14518e-15
vcomp 1  ( 0.0144337 0.0144337 )  5.93534e-16 / 0.0577349 = 1.02803e-14
QOP_F_mgCloneOp: 129.615 secs
creating MG level 1
creating lattice: 4 4 4 12
ndim = 4
numsites = 4
len = 4 4 4 12
nsquares = 2 2 4 12

creating block
local = 1
creating args
creating null vecs
0x4e01dc 0x4c66ae
0   6   41     0.0187264   0.0240693   0.0364941   0.104904    0.402985  
1   2   20     0.0202342   0.0254001 
2   3   34     0.0185891   0.0219513 
3   3   38     0.0170244   0.0204678 
4   2   24     0.0212127   0.0252967 
5   2   19     0.0241597   0.0280189 
6   2   19     0.0244733   0.0282657 
7   2   20     0.0253945   0.0317259 
8   3   37     0.0187494   0.0222632 
9   3   36     0.0181951   0.0207519 
10  3   42     0.0177589   0.0205319 
11  2   28     0.0211152   0.0272021 
12  2   28     0.022694    0.0280067 
13  2   26     0.0227647   0.0287725 
14  2   20     0.0253082   0.0300865 
15  2   27     0.0259032   0.0304353 
16  3   36     0.0221876   0.0253538 
17  2   28     0.0241722   0.0297665 
18  2   25     0.0274282   0.0286734 
19  2   16     0.0301009   0.0354615 
20  2   20     0.0252056   0.031435  
21  2   20     0.0267948   0.0314239 
22  2   17     0.0291686   0.0335855 
23  3   32     0.0257191   0.0256948 
setup its = 653
0    1           0.000350677  0.0187264 
1    1           0.000409421  0.0202342 
2    1           0.000345555  0.0185891 
3    1           0.000289831  0.0170244 
4    1           0.000449977  0.0212127 
5    1           0.00058369  0.0241597 
6    1           0.000598945  0.0244733 
7    1           0.000644883  0.0253945 
8    1           0.000351539  0.0187494 
9    1           0.000331063  0.0181951 
10   1           0.000315379  0.0177589 
11   1           0.000445852  0.0211152 
12   1           0.00051502  0.022694  
13   1           0.00051823  0.0227647 
14   1           0.000640503  0.0253082 
15   1           0.000670973  0.0259032 
16   1           0.000492288  0.0221876 
17   1           0.000584295  0.0241722 
18   1           0.000752304  0.0274282 
19   1           0.000906063  0.0301009 
20   1           0.000635322  0.0252056 
21   1           0.00071796  0.0267948 
22   1           0.000850806  0.0291686 
23   1           0.00066147  0.0257191 
0    1           0.000350677  0.0187264 
1    1           0.000380069  0.0194953 
2    1           0.000348629  0.0186716 
3    1           0.000314081  0.0177223 
4    1           0.000483718  0.0219936 
5    1           0.00064679  0.0254321 
6    1           0.000986728  0.0314122 
7    1           0.001411    0.0375633 
8    1           0.00119895  0.0346258 
9    1           0.000367624  0.0191735 
10   1           0.000370536  0.0192493 
11   1           0.000547784  0.0234048 
12   1           0.000543666  0.0233166 
13   1           0.000793218  0.0281641 
14   1           0.00166178  0.040765  
15   1           0.00117415  0.0342658 
16   1           0.00100524  0.0317055 
17   1           0.001281    0.0357911 
18   1           0.00111758  0.0334302 
19   1           0.0013223   0.0363634 
20   1           0.00177365  0.0421147 
21   1           0.00146377  0.0382592 
22   1           0.00226672  0.0476101 
23   1           0.00210617  0.045893  
0    1536        35.9745     0.153039  
1    1536        116.778     0.27573   
2    1536        179.528     0.341878  
3    1536        238.918     0.394393  
4    1536        285.979     0.431491  
5    1536        326.005     0.460698  
6    1536        364.052     0.48684   
7    1536        403.388     0.512467  
8    1536        444.326     0.537843  
9    1536        480.538     0.55933   
10   1536        504.842     0.5733    
11   1536        531.967     0.5885    
12   1536        559.868     0.603736  
13   1536        586.626     0.617995  
14   1536        609.845     0.630107  
15   1536        635.127     0.643035  
16   1536        661.289     0.656145  
17   1536        686.376     0.668475  
18   1536        708.678     0.679249  
19   1536        724.285     0.686688  
20   1536        742.932     0.695471  
21   1536        771.162     0.708561  
22   1536        806.248     0.7245    
23   1536        809.62      0.726014  
get_nullvecs: 2.19064 secs
vcomp 0  ( 36602.7 36602.7 )  4.53397e-09 / 146411 = 3.09674e-14
vcomp 1  ( 37192.8 37192.8 )  4.77165e-09 / 148771 = 3.20737e-14
vcomp 0  ( 36602.7 36602.7 )  5.09296e-09 / 146411 = 3.47854e-14
vcomp 1  ( 37192.8 37192.8 )  5.35422e-09 / 148771 = 3.59896e-14

creating true coarse operator
 shift  0 :  1  0  0  0
 shift  1 :  0  1  0  0
 shift  2 :  0  0  1  0
 shift  3 :  0  0  0  1
 shift  4 : -1  0  0  0
 shift  5 :  0 -1  0  0
 shift  6 :  0  0 -1  0
 shift  7 :  0  0  0 -1
 shift  8 :  0  0  0  0
16: 0 5 10 15
vcomp 0  ( 0.405365 0.405365 )  0 / 1.62146 = 0
vcomp 1  ( 0.0203893 0.0203893 )  0 / 0.0815572 = 0
vcomp 0  ( 1 1 )  3.44369e-14 / 4 = 8.60923e-15
vcomp 1  ( 0 3.52531e-15 )  3.52531e-15 / 3.52531e-15 = 1
vcomp 0  ( 1.44272 1.44272 )  8.87175e-14 / 5.77088 = 1.53733e-14
vcomp 1  ( 0.0888348 0.0888348 )  6.29615e-15 / 0.355339 = 1.77187e-14
vcomp 0  ( 0.308758 0.308758 )  2.93389e-15 / 1.23503 = 2.37556e-15
vcomp 1  ( 0.0209832 0.0209832 )  1.29609e-15 / 0.0839328 = 1.5442e-14
QOP_F_mgCloneOp: 1.25589 secs
TIME("set up mg solver","done") = 273.760 secs
TIME("make_mg_solver","done") = 273.760 secs
momentum smearing with ( 0 0 0 0 )
TIME("make_mom_smear_fct","done") = 0.010 secs
TIME("smear[cpu]","done") = 0.116 secs
TIME("frw_prop_source.1832.x0y0z0t0","done") = 0.150 secs
iters =   21  secs = 6.283972  rsq = 3.03653e-16
level 0 count 21 tpre 0.01 tcoarse 3.42 tpost 2.02 trest 1.49 tprol 1.41
level 1 count 41 tpre 0.00 tcoarse 0.08 tpost 0.32 trest 0.00 tprol 0.00
iters =   21  secs = 6.220587  rsq = 3.09684e-16
level 0 count 21 tpre 0.01 tcoarse 3.39 tpost 2.00 trest 1.47 tprol 1.41
level 1 count 40 tpre 0.00 tcoarse 0.08 tpost 0.32 trest 0.00 tprol 0.00
iters =   21  secs = 6.263824  rsq = 3.02188e-16
level 0 count 21 tpre 0.01 tcoarse 3.42 tpost 2.01 trest 1.48 tprol 1.42
level 1 count 41 tpre 0.00 tcoarse 0.08 tpost 0.33 trest 0.00 tprol 0.00
iters =   21  secs = 6.232474  rsq = 3.20385e-16
level 0 count 21 tpre 0.01 tcoarse 3.40 tpost 1.99 trest 1.48 tprol 1.41
level 1 count 41 tpre 0.00 tcoarse 0.08 tpost 0.32 trest 0.00 tprol 0.00
iters =   21  secs = 6.206630  rsq = 4.59544e-16
level 0 count 21 tpre 0.01 tcoarse 3.38 tpost 1.99 trest 1.47 tprol 1.41
level 1 count 40 tpre 0.00 tcoarse 0.07 tpost 0.32 trest 0.00 tprol 0.00
iters =   21  secs = 6.224228  rsq = 3.09859e-16
level 0 count 21 tpre 0.01 tcoarse 3.40 tpost 1.99 trest 1.48 tprol 1.41
level 1 count 41 tpre 0.00 tcoarse 0.08 tpost 0.32 trest 0.00 tprol 0.00
iters =   21  secs = 6.201009  rsq = 3.1237e-16
level 0 count 21 tpre 0.01 tcoarse 3.37 tpost 1.99 trest 1.47 tprol 1.41
level 1 count 39 tpre 0.00 tcoarse 0.07 tpost 0.31 trest 0.00 tprol 0.00
iters =   21  secs = 6.221931  rsq = 3.59847e-16
level 0 count 21 tpre 0.01 tcoarse 3.39 tpost 1.99 trest 1.47 tprol 1.41
level 1 count 41 tpre 0.00 tcoarse 0.08 tpost 0.32 trest 0.00 tprol 0.00
iters =   21  secs = 6.225692  rsq = 2.07718e-16
level 0 count 21 tpre 0.01 tcoarse 3.39 tpost 2.00 trest 1.47 tprol 1.41
level 1 count 41 tpre 0.00 tcoarse 0.08 tpost 0.32 trest 0.00 tprol 0.00
iters =   21  secs = 6.246991  rsq = 2.2617e-16
level 0 count 21 tpre 0.01 tcoarse 3.42 tpost 2.00 trest 1.47 tprol 1.42
level 1 count 42 tpre 0.00 tcoarse 0.08 tpost 0.33 trest 0.00 tprol 0.00
iters =   21  secs = 6.213030  rsq = 2.47312e-16
level 0 count 21 tpre 0.01 tcoarse 3.38 tpost 2.00 trest 1.47 tprol 1.41
level 1 count 40 tpre 0.00 tcoarse 0.08 tpost 0.32 trest 0.00 tprol 0.00
iters =   21  secs = 6.223988  rsq = 3.6166e-16
level 0 count 21 tpre 0.01 tcoarse 3.39 tpost 2.00 trest 1.47 tprol 1.41
level 1 count 41 tpre 0.00 tcoarse 0.08 tpost 0.32 trest 0.00 tprol 0.00
TIME("smear[cpu]","done") = 9.010 secs
TIME("frw_prop.1832.x0y0z0t0","done") = 85.287 secs
TIME("fwd_prop-write","done") = 6.812 secs
TIME("sm_fwd_prop-write","done") = 8.225 secs
doing sink momentum 0 0 0 0
The sink time is 10
computing (1-g4) projected prop
TIME("c3pt","bwd_source") = 0.399 secs
TIME("smear[cpu]","done") = 1.254 secs
iters =   21  secs = 6.255580  rsq = 3.96066e-16
level 0 count 21 tpre 0.01 tcoarse 3.41 tpost 2.01 trest 1.48 tprol 1.42
level 1 count 41 tpre 0.00 tcoarse 0.08 tpost 0.33 trest 0.00 tprol 0.00
iters =   21  secs = 6.244187  rsq = 2.69773e-16
level 0 count 21 tpre 0.01 tcoarse 3.41 tpost 1.99 trest 1.47 tprol 1.41
level 1 count 42 tpre 0.00 tcoarse 0.09 tpost 0.33 trest 0.00 tprol 0.00
iters =   21  secs = 6.246918  rsq = 3.13623e-16
level 0 count 21 tpre 0.01 tcoarse 3.42 tpost 1.99 trest 1.47 tprol 1.42
level 1 count 42 tpre 0.00 tcoarse 0.08 tpost 0.33 trest 0.00 tprol 0.00
iters =   21  secs = 6.249914  rsq = 3.00594e-16
level 0 count 21 tpre 0.01 tcoarse 3.41 tpost 2.01 trest 1.47 tprol 1.42
level 1 count 41 tpre 0.00 tcoarse 0.08 tpost 0.33 trest 0.00 tprol 0.00
iters =   21  secs = 6.237607  rsq = 3.07384e-16
level 0 count 21 tpre 0.01 tcoarse 3.41 tpost 1.99 trest 1.47 tprol 1.41
level 1 count 42 tpre 0.00 tcoarse 0.08 tpost 0.33 trest 0.00 tprol 0.00
iters =   21  secs = 6.252189  rsq = 3.31803e-16
level 0 count 21 tpre 0.01 tcoarse 3.42 tpost 2.00 trest 1.48 tprol 1.42
level 1 count 42 tpre 0.00 tcoarse 0.08 tpost 0.33 trest 0.00 tprol 0.00
TIME("c3pt","bwd_prop") = 39.819 secs
TIME("seq_prop-write","done") = 7.422 secs
TIME("smear[cpu]","done") = 8.982 secs
seq check: complex(4.70683e-10, -1.09286e-10)
doing sink momentum 0 0 0 0
The sink time is 10
computing (1-g4) projected prop
TIME("c3pt","bwd_source") = 0.450 secs
TIME("smear[cpu]","done") = 1.253 secs
iters =   21  secs = 6.292437  rsq = 3.96065e-16
level 0 count 21 tpre 0.01 tcoarse 3.46 tpost 1.99 trest 1.47 tprol 1.47
level 1 count 41 tpre 0.00 tcoarse 0.08 tpost 0.33 trest 0.00 tprol 0.00
iters =   21  secs = 6.240543  rsq = 3.74815e-16
level 0 count 21 tpre 0.01 tcoarse 3.41 tpost 2.00 trest 1.47 tprol 1.42
level 1 count 41 tpre 0.00 tcoarse 0.08 tpost 0.33 trest 0.00 tprol 0.00
iters =   21  secs = 6.246120  rsq = 3.13623e-16
level 0 count 21 tpre 0.01 tcoarse 3.41 tpost 2.00 trest 1.47 tprol 1.42
level 1 count 42 tpre 0.00 tcoarse 0.08 tpost 0.33 trest 0.00 tprol 0.00
iters =   21  secs = 6.252817  rsq = 3.2099e-16
level 0 count 21 tpre 0.01 tcoarse 3.42 tpost 2.00 trest 1.47 tprol 1.42
level 1 count 42 tpre 0.00 tcoarse 0.08 tpost 0.33 trest 0.00 tprol 0.00
iters =   21  secs = 6.244180  rsq = 3.07384e-16
level 0 count 21 tpre 0.01 tcoarse 3.41 tpost 2.00 trest 1.47 tprol 1.42
level 1 count 42 tpre 0.00 tcoarse 0.08 tpost 0.33 trest 0.00 tprol 0.00
iters =   21  secs = 6.236775  rsq = 3.12194e-16
level 0 count 21 tpre 0.01 tcoarse 3.40 tpost 2.00 trest 1.47 tprol 1.41
level 1 count 41 tpre 0.00 tcoarse 0.08 tpost 0.33 trest 0.00 tprol 0.00
TIME("c3pt","bwd_prop") = 39.900 secs
TIME("seq_prop-write","done") = 6.404 secs
TIME("smear[cpu]","done") = 8.981 secs
seq check: complex(9.41366e-10, -2.18572e-10)
TIME("smear[cpu]","done") = 0.083 secs
TIME("frw_prop_source.1832.x8y0z0t0","done") = 0.116 secs
iters =   21  secs = 6.222255  rsq = 5.62676e-16
level 0 count 21 tpre 0.01 tcoarse 3.39 tpost 1.99 trest 1.47 tprol 1.41
level 1 count 41 tpre 0.00 tcoarse 0.08 tpost 0.32 trest 0.00 tprol 0.00
iters =   21  secs = 6.219420  rsq = 4.60122e-16
level 0 count 21 tpre 0.01 tcoarse 3.39 tpost 1.99 trest 1.48 tprol 1.41
level 1 count 40 tpre 0.00 tcoarse 0.08 tpost 0.32 trest 0.00 tprol 0.00
iters =   21  secs = 6.208077  rsq = 4.07855e-16
level 0 count 21 tpre 0.01 tcoarse 3.38 tpost 2.00 trest 1.48 tprol 1.41
level 1 count 39 tpre 0.00 tcoarse 0.08 tpost 0.31 trest 0.00 tprol 0.00
iters =   21  secs = 6.217648  rsq = 3.62543e-16
level 0 count 21 tpre 0.01 tcoarse 3.39 tpost 1.99 trest 1.48 tprol 1.41
level 1 count 40 tpre 0.00 tcoarse 0.08 tpost 0.32 trest 0.00 tprol 0.00
iters =   21  secs = 6.232183  rsq = 6.79674e-16
level 0 count 21 tpre 0.01 tcoarse 3.40 tpost 2.00 trest 1.48 tprol 1.41
level 1 count 41 tpre 0.00 tcoarse 0.08 tpost 0.33 trest 0.00 tprol 0.00
iters =   21  secs = 6.200967  rsq = 3.97777e-16
level 0 count 21 tpre 0.01 tcoarse 3.37 tpost 1.99 trest 1.47 tprol 1.41
level 1 count 39 tpre 0.00 tcoarse 0.08 tpost 0.31 trest 0.00 tprol 0.00
iters =   21  secs = 6.235605  rsq = 2.57645e-16
level 0 count 21 tpre 0.01 tcoarse 3.41 tpost 1.99 trest 1.48 tprol 1.41
level 1 count 41 tpre 0.00 tcoarse 0.09 tpost 0.32 trest 0.00 tprol 0.00
iters =   21  secs = 6.216275  rsq = 3.24463e-16
level 0 count 21 tpre 0.01 tcoarse 3.39 tpost 2.00 trest 1.48 tprol 1.41
level 1 count 39 tpre 0.00 tcoarse 0.08 tpost 0.31 trest 0.00 tprol 0.00
iters =   21  secs = 6.210143  rsq = 4.20827e-16
level 0 count 21 tpre 0.01 tcoarse 3.38 tpost 2.00 trest 1.48 tprol 1.41
level 1 count 39 tpre 0.00 tcoarse 0.08 tpost 0.31 trest 0.00 tprol 0.00
iters =   21  secs = 6.222328  rsq = 2.878e-16
level 0 count 21 tpre 0.01 tcoarse 3.39 tpost 1.99 trest 1.47 tprol 1.42
level 1 count 40 tpre 0.00 tcoarse 0.08 tpost 0.32 trest 0.00 tprol 0.00
iters =   21  secs = 6.216770  rsq = 3.17311e-16
level 0 count 21 tpre 0.01 tcoarse 3.39 tpost 1.99 trest 1.47 tprol 1.42
level 1 count 40 tpre 0.00 tcoarse 0.07 tpost 0.32 trest 0.00 tprol 0.00
iters =   21  secs = 6.215170  rsq = 5.12339e-16
level 0 count 21 tpre 0.01 tcoarse 3.39 tpost 1.99 trest 1.47 tprol 1.41
level 1 count 40 tpre 0.00 tcoarse 0.08 tpost 0.32 trest 0.00 tprol 0.00
TIME("smear[cpu]","done") = 9.001 secs
TIME("frw_prop.1832.x8y0z0t0","done") = 84.950 secs
TIME("fwd_prop-write","done") = 6.615 secs
TIME("sm_fwd_prop-write","done") = 7.124 secs
doing sink momentum 0 0 0 0
The sink time is 10
computing (1-g4) projected prop
TIME("c3pt","bwd_source") = 0.395 secs
TIME("smear[cpu]","done") = 1.251 secs
iters =   21  secs = 6.237129  rsq = 3.75195e-16
level 0 count 21 tpre 0.01 tcoarse 3.41 tpost 2.00 trest 1.47 tprol 1.41
level 1 count 41 tpre 0.00 tcoarse 0.08 tpost 0.33 trest 0.00 tprol 0.00
iters =   21  secs = 6.229850  rsq = 4.52269e-16
level 0 count 21 tpre 0.01 tcoarse 3.40 tpost 2.00 trest 1.47 tprol 1.42
level 1 count 41 tpre 0.00 tcoarse 0.08 tpost 0.32 trest 0.00 tprol 0.00
iters =   21  secs = 6.231229  rsq = 4.54033e-16
level 0 count 21 tpre 0.01 tcoarse 3.40 tpost 2.00 trest 1.48 tprol 1.41
level 1 count 41 tpre 0.00 tcoarse 0.08 tpost 0.32 trest 0.00 tprol 0.00
iters =   21  secs = 6.235790  rsq = 3.84248e-16
level 0 count 21 tpre 0.01 tcoarse 3.39 tpost 2.01 trest 1.47 tprol 1.41
level 1 count 41 tpre 0.00 tcoarse 0.08 tpost 0.32 trest 0.00 tprol 0.00
iters =   21  secs = 6.223743  rsq = 3.55292e-16
level 0 count 21 tpre 0.01 tcoarse 3.39 tpost 2.00 trest 1.47 tprol 1.41
level 1 count 41 tpre 0.00 tcoarse 0.08 tpost 0.32 trest 0.00 tprol 0.00
iters =   21  secs = 6.234866  rsq = 3.6549e-16
level 0 count 21 tpre 0.01 tcoarse 3.41 tpost 2.00 trest 1.48 tprol 1.41
level 1 count 42 tpre 0.00 tcoarse 0.08 tpost 0.33 trest 0.00 tprol 0.00
TIME("c3pt","bwd_prop") = 39.725 secs
TIME("seq_prop-write","done") = 5.882 secs
TIME("smear[cpu]","done") = 8.977 secs
seq check: complex(2.20208e-10, 1.169e-10)
doing sink momentum 0 0 0 0
The sink time is 10
computing (1-g4) projected prop
TIME("c3pt","bwd_source") = 0.446 secs
TIME("smear[cpu]","done") = 1.255 secs
iters =   21  secs = 6.234495  rsq = 3.75195e-16
level 0 count 21 tpre 0.01 tcoarse 3.40 tpost 1.99 trest 1.47 tprol 1.42
level 1 count 41 tpre 0.00 tcoarse 0.08 tpost 0.33 trest 0.00 tprol 0.00
iters =   21  secs = 6.226865  rsq = 3.8484e-16
level 0 count 21 tpre 0.01 tcoarse 3.40 tpost 2.00 trest 1.47 tprol 1.41
level 1 count 41 tpre 0.00 tcoarse 0.08 tpost 0.33 trest 0.00 tprol 0.00
iters =   21  secs = 6.239124  rsq = 4.54033e-16
level 0 count 21 tpre 0.01 tcoarse 3.41 tpost 2.00 trest 1.48 tprol 1.41
level 1 count 41 tpre 0.00 tcoarse 0.08 tpost 0.33 trest 0.00 tprol 0.00
iters =   21  secs = 6.225159  rsq = 3.10834e-16
level 0 count 21 tpre 0.01 tcoarse 3.40 tpost 2.00 trest 1.47 tprol 1.40
level 1 count 41 tpre 0.00 tcoarse 0.08 tpost 0.33 trest 0.00 tprol 0.00
iters =   21  secs = 6.229574  rsq = 3.55292e-16
level 0 count 21 tpre 0.01 tcoarse 3.40 tpost 2.00 trest 1.47 tprol 1.41
level 1 count 41 tpre 0.00 tcoarse 0.08 tpost 0.33 trest 0.00 tprol 0.00
iters =   21  secs = 6.231131  rsq = 3.95677e-16
level 0 count 21 tpre 0.01 tcoarse 3.40 tpost 2.00 trest 1.47 tprol 1.41
level 1 count 41 tpre 0.00 tcoarse 0.08 tpost 0.33 trest 0.00 tprol 0.00
TIME("c3pt","bwd_prop") = 39.771 secs
TIME("seq_prop-write","done") = 6.955 secs
TIME("smear[cpu]","done") = 8.976 secs
seq check: complex(4.40416e-10, 2.33801e-10)
TIME("smear[cpu]","done") = 0.083 secs
TIME("frw_prop_source.1832.x16y0z0t0","done") = 0.117 secs
iters =   21  secs = 6.213653  rsq = 4.67025e-16
level 0 count 21 tpre 0.01 tcoarse 3.38 tpost 2.00 trest 1.47 tprol 1.41
level 1 count 41 tpre 0.00 tcoarse 0.08 tpost 0.32 trest 0.00 tprol 0.00
iters =   21  secs = 6.207650  rsq = 3.03053e-16
level 0 count 21 tpre 0.01 tcoarse 3.38 tpost 2.00 trest 1.47 tprol 1.41
level 1 count 40 tpre 0.00 tcoarse 0.08 tpost 0.31 trest 0.00 tprol 0.00
iters =   21  secs = 6.213343  rsq = 4.12407e-16
level 0 count 21 tpre 0.01 tcoarse 3.38 tpost 2.00 trest 1.47 tprol 1.41
level 1 count 41 tpre 0.00 tcoarse 0.08 tpost 0.32 trest 0.00 tprol 0.00
iters =   21  secs = 6.200230  rsq = 3.32015e-16
level 0 count 21 tpre 0.01 tcoarse 3.37 tpost 2.00 trest 1.47 tprol 1.40
level 1 count 40 tpre 0.00 tcoarse 0.08 tpost 0.31 trest 0.00 tprol 0.00
iters =   21  secs = 6.235070  rsq = 4.63694e-16
level 0 count 21 tpre 0.01 tcoarse 3.39 tpost 2.01 trest 1.48 tprol 1.41
level 1 count 40 tpre 0.00 tcoarse 0.08 tpost 0.32 trest 0.00 tprol 0.00
iters =   21  secs = 6.230121  rsq = 2.95546e-16
level 0 count 21 tpre 0.01 tcoarse 3.40 tpost 2.00 trest 1.47 tprol 1.41
level 1 count 42 tpre 0.00 tcoarse 0.08 tpost 0.33 trest 0.00 tprol 0.00
iters =   21  secs = 6.190161  rsq = 3.93831e-16
level 0 count 21 tpre 0.01 tcoarse 3.36 tpost 2.00 trest 1.47 tprol 1.40
level 1 count 39 tpre 0.00 tcoarse 0.08 tpost 0.30 trest 0.00 tprol 0.00
iters =   21  secs = 6.215119  rsq = 2.92527e-16
level 0 count 21 tpre 0.01 tcoarse 3.38 tpost 2.00 trest 1.47 tprol 1.41
level 1 count 41 tpre 0.00 tcoarse 0.08 tpost 0.32 trest 0.00 tprol 0.00
iters =   21  secs = 6.178874  rsq = 2.63273e-16
level 0 count 21 tpre 0.01 tcoarse 3.35 tpost 2.00 trest 1.47 tprol 1.40
level 1 count 38 tpre 0.00 tcoarse 0.08 tpost 0.30 trest 0.00 tprol 0.00
iters =   21  secs = 6.220146  rsq = 2.60378e-16
level 0 count 21 tpre 0.01 tcoarse 3.39 tpost 2.00 trest 1.48 tprol 1.41
level 1 count 41 tpre 0.00 tcoarse 0.08 tpost 0.32 trest 0.00 tprol 0.00
iters =   21  secs = 6.202764  rsq = 2.13799e-16
level 0 count 21 tpre 0.01 tcoarse 3.37 tpost 2.00 trest 1.48 tprol 1.41
level 1 count 39 tpre 0.00 tcoarse 0.08 tpost 0.30 trest 0.00 tprol 0.00
iters =   21  secs = 6.206180  rsq = 3.79219e-16
level 0 count 21 tpre 0.01 tcoarse 3.38 tpost 2.00 trest 1.47 tprol 1.41
level 1 count 40 tpre 0.00 tcoarse 0.08 tpost 0.31 trest 0.00 tprol 0.00
TIME("smear[cpu]","done") = 8.987 secs
TIME("frw_prop.1832.x16y0z0t0","done") = 84.843 secs
TIME("fwd_prop-write","done") = 7.155 secs
TIME("sm_fwd_prop-write","done") = 6.668 secs
doing sink momentum 0 0 0 0
The sink time is 10
computing (1-g4) projected prop
TIME("c3pt","bwd_source") = 0.400 secs
TIME("smear[cpu]","done") = 1.250 secs
iters =   21  secs = 6.243812  rsq = 3.67501e-16
level 0 count 21 tpre 0.01 tcoarse 3.41 tpost 2.00 trest 1.47 tprol 1.41
level 1 count 42 tpre 0.00 tcoarse 0.08 tpost 0.33 trest 0.00 tprol 0.00
iters =   21  secs = 6.241562  rsq = 3.06259e-16
level 0 count 21 tpre 0.01 tcoarse 3.41 tpost 2.00 trest 1.48 tprol 1.41
level 1 count 42 tpre 0.00 tcoarse 0.08 tpost 0.33 trest 0.00 tprol 0.00
iters =   21  secs = 6.253340  rsq = 4.49873e-16
level 0 count 21 tpre 0.01 tcoarse 3.40 tpost 2.02 trest 1.48 tprol 1.41
level 1 count 41 tpre 0.00 tcoarse 0.08 tpost 0.32 trest 0.00 tprol 0.00
iters =   21  secs = 6.235371  rsq = 3.31244e-16
level 0 count 21 tpre 0.01 tcoarse 3.40 tpost 2.00 trest 1.48 tprol 1.41
level 1 count 42 tpre 0.00 tcoarse 0.08 tpost 0.33 trest 0.00 tprol 0.00
iters =   21  secs = 6.230929  rsq = 4.56198e-16
level 0 count 21 tpre 0.01 tcoarse 3.39 tpost 2.00 trest 1.48 tprol 1.41
level 1 count 41 tpre 0.00 tcoarse 0.08 tpost 0.32 trest 0.00 tprol 0.00
iters =   21  secs = 6.222045  rsq = 3.69734e-16
level 0 count 21 tpre 0.01 tcoarse 3.39 tpost 2.00 trest 1.48 tprol 1.41
level 1 count 41 tpre 0.00 tcoarse 0.08 tpost 0.32 trest 0.00 tprol 0.00
TIME("c3pt","bwd_prop") = 39.754 secs
TIME("seq_prop-write","done") = 7.260 secs
TIME("smear[cpu]","done") = 8.988 secs
seq check: complex(9.47506e-11, -6.89074e-11)
doing sink momentum 0 0 0 0
The sink time is 10
computing (1-g4) projected prop
TIME("c3pt","bwd_source") = 0.449 secs
TIME("smear[cpu]","done") = 1.263 secs
iters =   21  secs = 6.252293  rsq = 3.67501e-16
level 0 count 21 tpre 0.01 tcoarse 3.42 tpost 2.00 trest 1.48 tprol 1.42
level 1 count 42 tpre 0.00 tcoarse 0.08 tpost 0.33 trest 0.00 tprol 0.00
iters =   21  secs = 6.282445  rsq = 3.50972e-16
level 0 count 21 tpre 0.01 tcoarse 3.45 tpost 1.99 trest 1.48 tprol 1.47
level 1 count 41 tpre 0.00 tcoarse 0.08 tpost 0.32 trest 0.00 tprol 0.00
iters =   21  secs = 6.249739  rsq = 4.49873e-16
level 0 count 21 tpre 0.01 tcoarse 3.42 tpost 2.00 trest 1.48 tprol 1.43
level 1 count 41 tpre 0.00 tcoarse 0.08 tpost 0.32 trest 0.00 tprol 0.00
iters =   21  secs = 6.234296  rsq = 3.43495e-16
level 0 count 21 tpre 0.01 tcoarse 3.41 tpost 1.99 trest 1.48 tprol 1.42
level 1 count 41 tpre 0.00 tcoarse 0.08 tpost 0.32 trest 0.00 tprol 0.00
iters =   21  secs = 6.228086  rsq = 4.56198e-16
level 0 count 21 tpre 0.01 tcoarse 3.40 tpost 1.99 trest 1.47 tprol 1.41
level 1 count 41 tpre 0.00 tcoarse 0.08 tpost 0.32 trest 0.00 tprol 0.00
iters =   21  secs = 6.244789  rsq = 3.13685e-16
level 0 count 21 tpre 0.01 tcoarse 3.41 tpost 2.00 trest 1.48 tprol 1.42
level 1 count 41 tpre 0.00 tcoarse 0.08 tpost 0.32 trest 0.00 tprol 0.00
TIME("c3pt","bwd_prop") = 39.884 secs
TIME("seq_prop-write","done") = 6.973 secs
TIME("smear[cpu]","done") = 8.986 secs
seq check: complex(1.89501e-10, -1.37815e-10)
TIME("smear[cpu]","done") = 0.083 secs
TIME("frw_prop_source.1832.x24y0z0t0","done") = 0.116 secs
iters =   21  secs = 6.215572  rsq = 2.77983e-16
level 0 count 21 tpre 0.01 tcoarse 3.38 tpost 2.00 trest 1.47 tprol 1.41
level 1 count 40 tpre 0.00 tcoarse 0.08 tpost 0.32 trest 0.00 tprol 0.00
iters =   21  secs = 6.216865  rsq = 4.57376e-16
level 0 count 21 tpre 0.01 tcoarse 3.38 tpost 2.00 trest 1.47 tprol 1.41
level 1 count 40 tpre 0.00 tcoarse 0.08 tpost 0.32 trest 0.00 tprol 0.00
iters =   21  secs = 6.218816  rsq = 3.65267e-16
level 0 count 21 tpre 0.01 tcoarse 3.39 tpost 2.00 trest 1.47 tprol 1.41
level 1 count 40 tpre 0.00 tcoarse 0.08 tpost 0.32 trest 0.00 tprol 0.00
iters =   21  secs = 6.215966  rsq = 4.10089e-16
level 0 count 21 tpre 0.01 tcoarse 3.38 tpost 2.00 trest 1.47 tprol 1.41
level 1 count 40 tpre 0.00 tcoarse 0.08 tpost 0.32 trest 0.00 tprol 0.00
iters =   21  secs = 6.216141  rsq = 3.68736e-16
level 0 count 21 tpre 0.01 tcoarse 3.38 tpost 2.00 trest 1.47 tprol 1.41
level 1 count 40 tpre 0.00 tcoarse 0.08 tpost 0.32 trest 0.00 tprol 0.00
iters =   21  secs = 6.226147  rsq = 2.95708e-16
level 0 count 21 tpre 0.01 tcoarse 3.40 tpost 2.00 trest 1.47 tprol 1.41
level 1 count 41 tpre 0.00 tcoarse 0.08 tpost 0.32 trest 0.00 tprol 0.00
iters =   21  secs = 6.202874  rsq = 2.92121e-16
level 0 count 21 tpre 0.01 tcoarse 3.37 tpost 2.00 trest 1.47 tprol 1.41
level 1 count 39 tpre 0.00 tcoarse 0.08 tpost 0.31 trest 0.00 tprol 0.00
iters =   21  secs = 6.228875  rsq = 2.98804e-16
level 0 count 21 tpre 0.01 tcoarse 3.37 tpost 2.02 trest 1.47 tprol 1.40
level 1 count 40 tpre 0.00 tcoarse 0.08 tpost 0.32 trest 0.00 tprol 0.00
iters =   21  secs = 6.210748  rsq = 3.50581e-16
level 0 count 21 tpre 0.01 tcoarse 3.38 tpost 2.00 trest 1.47 tprol 1.41
level 1 count 40 tpre 0.00 tcoarse 0.08 tpost 0.32 trest 0.00 tprol 0.00
iters =   21  secs = 6.209871  rsq = 3.1173e-16
level 0 count 21 tpre 0.01 tcoarse 3.38 tpost 2.00 trest 1.47 tprol 1.41
level 1 count 40 tpre 0.00 tcoarse 0.08 tpost 0.32 trest 0.00 tprol 0.00
iters =   21  secs = 6.218066  rsq = 2.48205e-16
level 0 count 21 tpre 0.01 tcoarse 3.39 tpost 2.00 trest 1.47 tprol 1.41
level 1 count 40 tpre 0.00 tcoarse 0.08 tpost 0.32 trest 0.00 tprol 0.00
iters =   21  secs = 6.211848  rsq = 2.26101e-16
level 0 count 21 tpre 0.01 tcoarse 3.38 tpost 2.00 trest 1.47 tprol 1.41
level 1 count 40 tpre 0.00 tcoarse 0.08 tpost 0.32 trest 0.00 tprol 0.00
TIME("smear[cpu]","done") = 8.992 secs
TIME("frw_prop.1832.x24y0z0t0","done") = 84.915 secs
TIME("fwd_prop-write","done") = 7.102 secs
TIME("sm_fwd_prop-write","done") = 6.454 secs
doing sink momentum 0 0 0 0
The sink time is 10
computing (1-g4) projected prop
TIME("c3pt","bwd_source") = 0.393 secs
TIME("smear[cpu]","done") = 1.254 secs
iters =   21  secs = 6.260400  rsq = 3.75307e-16
level 0 count 21 tpre 0.01 tcoarse 3.41 tpost 2.01 trest 1.47 tprol 1.42
level 1 count 42 tpre 0.00 tcoarse 0.08 tpost 0.33 trest 0.00 tprol 0.00
iters =   21  secs = 6.246565  rsq = 2.99177e-16
level 0 count 21 tpre 0.01 tcoarse 3.42 tpost 1.99 trest 1.47 tprol 1.41
level 1 count 42 tpre 0.00 tcoarse 0.09 tpost 0.33 trest 0.00 tprol 0.00
iters =   21  secs = 6.251971  rsq = 3.26962e-16
level 0 count 21 tpre 0.01 tcoarse 3.42 tpost 2.00 trest 1.47 tprol 1.41
level 1 count 42 tpre 0.00 tcoarse 0.08 tpost 0.33 trest 0.00 tprol 0.00
iters =   21  secs = 6.246132  rsq = 3.36111e-16
level 0 count 21 tpre 0.01 tcoarse 3.41 tpost 2.00 trest 1.48 tprol 1.41
level 1 count 42 tpre 0.00 tcoarse 0.08 tpost 0.33 trest 0.00 tprol 0.00
iters =   21  secs = 6.241375  rsq = 3.26353e-16
level 0 count 21 tpre 0.01 tcoarse 3.41 tpost 1.99 trest 1.47 tprol 1.42
level 1 count 42 tpre 0.00 tcoarse 0.08 tpost 0.33 trest 0.00 tprol 0.00
iters =   21  secs = 6.247503  rsq = 3.10934e-16
level 0 count 21 tpre 0.01 tcoarse 3.42 tpost 2.00 trest 1.47 tprol 1.41
level 1 count 42 tpre 0.00 tcoarse 0.08 tpost 0.33 trest 0.00 tprol 0.00
TIME("c3pt","bwd_prop") = 39.829 secs
TIME("seq_prop-write","done") = 6.413 secs
TIME("smear[cpu]","done") = 8.988 secs
seq check: complex(-6.48592e-12, -2.83966e-10)
doing sink momentum 0 0 0 0
The sink time is 10
computing (1-g4) projected prop
TIME("c3pt","bwd_source") = 0.445 secs
TIME("smear[cpu]","done") = 1.256 secs
iters =   21  secs = 6.315934  rsq = 3.75308e-16
level 0 count 21 tpre 0.01 tcoarse 3.49 tpost 2.00 trest 1.47 tprol 1.49
level 1 count 42 tpre 0.00 tcoarse 0.08 tpost 0.33 trest 0.00 tprol 0.00
iters =   21  secs = 6.241906  rsq = 2.82336e-16
level 0 count 21 tpre 0.01 tcoarse 3.41 tpost 2.00 trest 1.48 tprol 1.41
level 1 count 41 tpre 0.00 tcoarse 0.08 tpost 0.33 trest 0.00 tprol 0.00
iters =   21  secs = 6.331285  rsq = 3.26962e-16
level 0 count 21 tpre 0.01 tcoarse 3.50 tpost 2.00 trest 1.48 tprol 1.49
level 1 count 42 tpre 0.00 tcoarse 0.08 tpost 0.33 trest 0.00 tprol 0.00
iters =   21  secs = 6.316531  rsq = 3.69374e-16
level 0 count 21 tpre 0.01 tcoarse 3.48 tpost 2.00 trest 1.48 tprol 1.49
level 1 count 41 tpre 0.00 tcoarse 0.08 tpost 0.33 trest 0.00 tprol 0.00
iters =   21  secs = 6.249577  rsq = 3.26353e-16
level 0 count 21 tpre 0.01 tcoarse 3.41 tpost 2.00 trest 1.48 tprol 1.41
level 1 count 42 tpre 0.00 tcoarse 0.08 tpost 0.33 trest 0.00 tprol 0.00
iters =   21  secs = 6.334002  rsq = 3.09888e-16
level 0 count 21 tpre 0.01 tcoarse 3.50 tpost 2.00 trest 1.48 tprol 1.50
level 1 count 41 tpre 0.00 tcoarse 0.09 tpost 0.33 trest 0.00 tprol 0.00
TIME("c3pt","bwd_prop") = 40.176 secs
TIME("seq_prop-write","done") = 8.039 secs
TIME("smear[cpu]","done") = 8.977 secs
seq check: complex(-1.29718e-11, -5.67933e-10)
TIME("smear[cpu]","done") = 0.083 secs
TIME("frw_prop_source.1832.x0y8z0t0","done") = 0.117 secs
iters =   21  secs = 6.236299  rsq = 4.38328e-16
level 0 count 21 tpre 0.01 tcoarse 3.40 tpost 2.00 trest 1.47 tprol 1.41
level 1 count 41 tpre 0.00 tcoarse 0.08 tpost 0.32 trest 0.00 tprol 0.00
iters =   21  secs = 6.207186  rsq = 3.59087e-16
level 0 count 21 tpre 0.01 tcoarse 3.38 tpost 2.00 trest 1.47 tprol 1.41
level 1 count 39 tpre 0.00 tcoarse 0.08 tpost 0.31 trest 0.00 tprol 0.00
iters =   21  secs = 6.215744  rsq = 3.73637e-16
level 0 count 21 tpre 0.01 tcoarse 3.38 tpost 2.00 trest 1.47 tprol 1.41
level 1 count 40 tpre 0.00 tcoarse 0.08 tpost 0.32 trest 0.00 tprol 0.00
iters =   21  secs = 6.228914  rsq = 2.97502e-16
level 0 count 21 tpre 0.01 tcoarse 3.40 tpost 2.00 trest 1.48 tprol 1.41
level 1 count 40 tpre 0.00 tcoarse 0.08 tpost 0.32 trest 0.00 tprol 0.00
iters =   21  secs = 6.247773  rsq = 3.16916e-16
level 0 count 21 tpre 0.01 tcoarse 3.42 tpost 2.00 trest 1.48 tprol 1.41
level 1 count 41 tpre 0.00 tcoarse 0.08 tpost 0.33 trest 0.00 tprol 0.00
iters =   21  secs = 6.244824  rsq = 3.62192e-16
level 0 count 21 tpre 0.01 tcoarse 3.40 tpost 2.01 trest 1.47 tprol 1.41
level 1 count 41 tpre 0.00 tcoarse 0.08 tpost 0.32 trest 0.00 tprol 0.00
iters =   21  secs = 6.216691  rsq = 3.79007e-16
level 0 count 21 tpre 0.01 tcoarse 3.39 tpost 2.00 trest 1.48 tprol 1.41
level 1 count 40 tpre 0.00 tcoarse 0.08 tpost 0.32 trest 0.00 tprol 0.00
iters =   21  secs = 6.281796  rsq = 2.51077e-16
level 0 count 21 tpre 0.01 tcoarse 3.42 tpost 2.02 trest 1.48 tprol 1.42
level 1 count 40 tpre 0.00 tcoarse 0.08 tpost 0.33 trest 0.00 tprol 0.00
iters =   21  secs = 6.221313  rsq = 2.61617e-16
level 0 count 21 tpre 0.01 tcoarse 3.39 tpost 2.00 trest 1.48 tprol 1.41
level 1 count 40 tpre 0.00 tcoarse 0.08 tpost 0.32 trest 0.00 tprol 0.00
iters =   21  secs = 6.215704  rsq = 2.8218e-16
level 0 count 21 tpre 0.01 tcoarse 3.38 tpost 2.00 trest 1.47 tprol 1.41
level 1 count 40 tpre 0.00 tcoarse 0.08 tpost 0.32 trest 0.00 tprol 0.00
iters =   21  secs = 6.227195  rsq = 2.93167e-16
level 0 count 21 tpre 0.01 tcoarse 3.40 tpost 2.00 trest 1.49 tprol 1.41
level 1 count 40 tpre 0.00 tcoarse 0.08 tpost 0.32 trest 0.00 tprol 0.00
iters =   21  secs = 6.231567  rsq = 2.34231e-16
level 0 count 21 tpre 0.01 tcoarse 3.40 tpost 2.00 trest 1.49 tprol 1.40
level 1 count 40 tpre 0.00 tcoarse 0.08 tpost 0.32 trest 0.00 tprol 0.00
TIME("smear[cpu]","done") = 8.984 secs
TIME("frw_prop.1832.x0y8z0t0","done") = 85.090 secs
TIME("fwd_prop-write","done") = 6.677 secs
TIME("sm_fwd_prop-write","done") = 7.147 secs
doing sink momentum 0 0 0 0
The sink time is 10
computing (1-g4) projected prop
TIME("c3pt","bwd_source") = 0.397 secs
TIME("smear[cpu]","done") = 1.253 secs
iters =   21  secs = 6.255969  rsq = 2.71476e-16
level 0 count 21 tpre 0.01 tcoarse 3.39 tpost 2.02 trest 1.47 tprol 1.41
level 1 count 41 tpre 0.00 tcoarse 0.08 tpost 0.32 trest 0.00 tprol 0.00
iters =   21  secs = 6.234770  rsq = 3.68767e-16
level 0 count 21 tpre 0.01 tcoarse 3.40 tpost 2.00 trest 1.48 tprol 1.42
level 1 count 41 tpre 0.00 tcoarse 0.08 tpost 0.32 trest 0.00 tprol 0.00
iters =   21  secs = 6.263840  rsq = 2.93482e-16
level 0 count 21 tpre 0.01 tcoarse 3.43 tpost 2.00 trest 1.48 tprol 1.42
level 1 count 42 tpre 0.00 tcoarse 0.08 tpost 0.33 trest 0.00 tprol 0.00
iters =   21  secs = 6.224621  rsq = 3.61831e-16
level 0 count 21 tpre 0.01 tcoarse 3.39 tpost 2.00 trest 1.47 tprol 1.41
level 1 count 41 tpre 0.00 tcoarse 0.08 tpost 0.32 trest 0.00 tprol 0.00
iters =   21  secs = 6.246376  rsq = 3.88919e-16
level 0 count 21 tpre 0.01 tcoarse 3.41 tpost 2.00 trest 1.47 tprol 1.42
level 1 count 42 tpre 0.00 tcoarse 0.08 tpost 0.33 trest 0.00 tprol 0.00
iters =   21  secs = 6.270066  rsq = 2.53402e-16
level 0 count 21 tpre 0.01 tcoarse 3.43 tpost 2.01 trest 1.48 tprol 1.42
level 1 count 42 tpre 0.00 tcoarse 0.08 tpost 0.33 trest 0.00 tprol 0.00
TIME("c3pt","bwd_prop") = 39.827 secs
TIME("seq_prop-write","done") = 7.278 secs
TIME("smear[cpu]","done") = 8.987 secs
seq check: complex(3.40145e-10, -1.01637e-10)
doing sink momentum 0 0 0 0
The sink time is 10
computing (1-g4) projected prop
TIME("c3pt","bwd_source") = 0.448 secs
TIME("smear[cpu]","done") = 1.253 secs
iters =   21  secs = 6.239161  rsq = 2.71476e-16
level 0 count 21 tpre 0.01 tcoarse 3.41 tpost 2.00 trest 1.48 tprol 1.42
level 1 count 41 tpre 0.00 tcoarse 0.08 tpost 0.32 trest 0.00 tprol 0.00
iters =   21  secs = 6.239429  rsq = 3.80916e-16
level 0 count 21 tpre 0.01 tcoarse 3.41 tpost 2.00 trest 1.48 tprol 1.42
level 1 count 41 tpre 0.00 tcoarse 0.08 tpost 0.32 trest 0.00 tprol 0.00
iters =   21  secs = 6.240534  rsq = 2.93482e-16
level 0 count 21 tpre 0.01 tcoarse 3.41 tpost 2.00 trest 1.47 tprol 1.41
level 1 count 42 tpre 0.00 tcoarse 0.08 tpost 0.33 trest 0.00 tprol 0.00
iters =   21  secs = 6.239801  rsq = 2.78465e-16
level 0 count 21 tpre 0.01 tcoarse 3.41 tpost 2.00 trest 1.48 tprol 1.42
level 1 count 41 tpre 0.00 tcoarse 0.08 tpost 0.32 trest 0.00 tprol 0.00
iters =   21  secs = 6.274295  rsq = 3.88919e-16
level 0 count 21 tpre 0.01 tcoarse 3.42 tpost 2.02 trest 1.47 tprol 1.43
level 1 count 42 tpre 0.00 tcoarse 0.08 tpost 0.33 trest 0.00 tprol 0.00
iters =   21  secs = 6.231002  rsq = 3.61224e-16
level 0 count 21 tpre 0.01 tcoarse 3.40 tpost 2.00 trest 1.48 tprol 1.41
level 1 count 41 tpre 0.00 tcoarse 0.08 tpost 0.32 trest 0.00 tprol 0.00
TIME("c3pt","bwd_prop") = 39.843 secs
TIME("seq_prop-write","done") = 6.690 secs
TIME("smear[cpu]","done") = 8.974 secs
seq check: complex(6.80289e-10, -2.03275e-10)
TIME("smear[cpu]","done") = 0.083 secs
TIME("frw_prop_source.1832.x0y16z0t0","done") = 0.116 secs
iters =   21  secs = 6.253878  rsq = 3.1401e-16
level 0 count 21 tpre 0.01 tcoarse 3.40 tpost 2.02 trest 1.48 tprol 1.41
level 1 count 41 tpre 0.00 tcoarse 0.08 tpost 0.32 trest 0.00 tprol 0.00
iters =   21  secs = 6.239088  rsq = 1.90447e-16
level 0 count 21 tpre 0.01 tcoarse 3.41 tpost 2.00 trest 1.48 tprol 1.41
level 1 count 41 tpre 0.00 tcoarse 0.08 tpost 0.32 trest 0.00 tprol 0.00
iters =   21  secs = 6.226029  rsq = 3.30647e-16
level 0 count 21 tpre 0.01 tcoarse 3.40 tpost 2.00 trest 1.48 tprol 1.41
level 1 count 40 tpre 0.00 tcoarse 0.08 tpost 0.32 trest 0.00 tprol 0.00
iters =   21  secs = 6.229684  rsq = 2.85519e-16
level 0 count 21 tpre 0.01 tcoarse 3.40 tpost 2.00 trest 1.48 tprol 1.41
level 1 count 41 tpre 0.00 tcoarse 0.08 tpost 0.32 trest 0.00 tprol 0.00
iters =   21  secs = 6.225339  rsq = 2.84698e-16
level 0 count 21 tpre 0.01 tcoarse 3.40 tpost 2.00 trest 1.48 tprol 1.41
level 1 count 40 tpre 0.00 tcoarse 0.08 tpost 0.32 trest 0.00 tprol 0.00
iters =   21  secs = 6.232393  rsq = 2.70065e-16
level 0 count 21 tpre 0.01 tcoarse 3.40 tpost 2.00 trest 1.48 tprol 1.41
level 1 count 41 tpre 0.00 tcoarse 0.08 tpost 0.32 trest 0.00 tprol 0.00
iters =   21  secs = 6.221463  rsq = 2.46029e-16
level 0 count 21 tpre 0.01 tcoarse 3.39 tpost 2.00 trest 1.48 tprol 1.41
level 1 count 40 tpre 0.00 tcoarse 0.08 tpost 0.32 trest 0.00 tprol 0.00
iters =   21  secs = 6.233407  rsq = 2.45354e-16
level 0 count 21 tpre 0.01 tcoarse 3.40 tpost 2.00 trest 1.48 tprol 1.41
level 1 count 41 tpre 0.00 tcoarse 0.08 tpost 0.32 trest 0.00 tprol 0.00
iters =   21  secs = 6.223131  rsq = 2.13279e-16
level 0 count 21 tpre 0.01 tcoarse 3.39 tpost 2.00 trest 1.47 tprol 1.41
level 1 count 41 tpre 0.00 tcoarse 0.08 tpost 0.32 trest 0.00 tprol 0.00
iters =   21  secs = 6.230743  rsq = 2.84105e-16
level 0 count 21 tpre 0.01 tcoarse 3.40 tpost 2.00 trest 1.49 tprol 1.41
level 1 count 40 tpre 0.00 tcoarse 0.08 tpost 0.32 trest 0.00 tprol 0.00
iters =   21  secs = 6.242810  rsq = 2.45674e-16
level 0 count 21 tpre 0.01 tcoarse 3.41 tpost 2.00 trest 1.49 tprol 1.41
level 1 count 40 tpre 0.00 tcoarse 0.08 tpost 0.32 trest 0.00 tprol 0.00
iters =   21  secs = 6.232489  rsq = 3.84858e-16
level 0 count 21 tpre 0.01 tcoarse 3.40 tpost 2.00 trest 1.49 tprol 1.41
level 1 count 40 tpre 0.00 tcoarse 0.08 tpost 0.32 trest 0.00 tprol 0.00
TIME("smear[cpu]","done") = 8.980 secs
TIME("frw_prop.1832.x0y16z0t0","done") = 85.120 secs
TIME("fwd_prop-write","done") = 6.406 secs
TIME("sm_fwd_prop-write","done") = 6.751 secs
doing sink momentum 0 0 0 0
The sink time is 10
computing (1-g4) projected prop
TIME("c3pt","bwd_source") = 0.401 secs
TIME("smear[cpu]","done") = 1.252 secs
iters =   21  secs = 6.234678  rsq = 3.86938e-16
level 0 count 21 tpre 0.01 tcoarse 3.40 tpost 2.00 trest 1.47 tprol 1.41
level 1 count 41 tpre 0.00 tcoarse 0.08 tpost 0.33 trest 0.00 tprol 0.00
iters =   21  secs = 6.246625  rsq = 3.4555e-16
level 0 count 21 tpre 0.01 tcoarse 3.41 tpost 2.00 trest 1.47 tprol 1.42
level 1 count 42 tpre 0.00 tcoarse 0.08 tpost 0.33 trest 0.00 tprol 0.00
iters =   21  secs = 6.238657  rsq = 4.37678e-16
level 0 count 21 tpre 0.01 tcoarse 3.41 tpost 2.00 trest 1.47 tprol 1.41
level 1 count 41 tpre 0.00 tcoarse 0.08 tpost 0.33 trest 0.00 tprol 0.00
iters =   21  secs = 6.242080  rsq = 3.4894e-16
level 0 count 21 tpre 0.01 tcoarse 3.41 tpost 2.00 trest 1.47 tprol 1.41
level 1 count 42 tpre 0.00 tcoarse 0.08 tpost 0.33 trest 0.00 tprol 0.00
iters =   21  secs = 6.260920  rsq = 2.83399e-16
level 0 count 21 tpre 0.01 tcoarse 3.43 tpost 2.00 trest 1.47 tprol 1.43
level 1 count 42 tpre 0.00 tcoarse 0.09 tpost 0.33 trest 0.00 tprol 0.00
iters =   21  secs = 6.254488  rsq = 3.18304e-16
level 0 count 21 tpre 0.01 tcoarse 3.42 tpost 2.00 trest 1.48 tprol 1.42
level 1 count 42 tpre 0.00 tcoarse 0.08 tpost 0.33 trest 0.00 tprol 0.00
TIME("c3pt","bwd_prop") = 39.809 secs
TIME("seq_prop-write","done") = 6.633 secs
TIME("smear[cpu]","done") = 8.975 secs
seq check: complex(4.00717e-10, -1.77705e-11)
doing sink momentum 0 0 0 0
The sink time is 10
computing (1-g4) projected prop
TIME("c3pt","bwd_source") = 0.443 secs
TIME("smear[cpu]","done") = 1.255 secs
iters =   21  secs = 6.242826  rsq = 3.86938e-16
level 0 count 21 tpre 0.01 tcoarse 3.41 tpost 2.00 trest 1.47 tprol 1.42
level 1 count 41 tpre 0.00 tcoarse 0.08 tpost 0.33 trest 0.00 tprol 0.00
iters =   21  secs = 6.243610  rsq = 2.97699e-16
level 0 count 21 tpre 0.01 tcoarse 3.41 tpost 2.00 trest 1.47 tprol 1.42
level 1 count 41 tpre 0.00 tcoarse 0.09 tpost 0.33 trest 0.00 tprol 0.00
iters =   21  secs = 6.242982  rsq = 4.37678e-16
level 0 count 21 tpre 0.01 tcoarse 3.41 tpost 2.00 trest 1.48 tprol 1.42
level 1 count 41 tpre 0.00 tcoarse 0.08 tpost 0.33 trest 0.00 tprol 0.00
iters =   21  secs = 6.238542  rsq = 2.90148e-16
level 0 count 21 tpre 0.01 tcoarse 3.41 tpost 1.99 trest 1.48 tprol 1.42
level 1 count 41 tpre 0.00 tcoarse 0.08 tpost 0.33 trest 0.00 tprol 0.00
iters =   21  secs = 6.260164  rsq = 2.83399e-16
level 0 count 21 tpre 0.01 tcoarse 3.43 tpost 2.00 trest 1.48 tprol 1.42
level 1 count 42 tpre 0.00 tcoarse 0.09 tpost 0.34 trest 0.00 tprol 0.00
iters =   21  secs = 6.239874  rsq = 4.60234e-16
level 0 count 21 tpre 0.01 tcoarse 3.41 tpost 2.00 trest 1.47 tprol 1.42
level 1 count 41 tpre 0.00 tcoarse 0.08 tpost 0.33 trest 0.00 tprol 0.00
TIME("c3pt","bwd_prop") = 39.849 secs
TIME("seq_prop-write","done") = 6.712 secs
TIME("smear[cpu]","done") = 8.986 secs
seq check: complex(8.01435e-10, -3.55411e-11)
TIME("smear[cpu]","done") = 0.083 secs
TIME("frw_prop_source.1832.x0y24z0t0","done") = 0.116 secs
iters =   21  secs = 6.242660  rsq = 2.98887e-16
level 0 count 21 tpre 0.01 tcoarse 3.40 tpost 2.01 trest 1.48 tprol 1.41
level 1 count 41 tpre 0.00 tcoarse 0.08 tpost 0.32 trest 0.00 tprol 0.00
iters =   21  secs = 6.239844  rsq = 3.87578e-16
level 0 count 21 tpre 0.01 tcoarse 3.41 tpost 2.00 trest 1.47 tprol 1.41
level 1 count 42 tpre 0.00 tcoarse 0.08 tpost 0.33 trest 0.00 tprol 0.00
iters =   21  secs = 6.206434  rsq = 3.37191e-16
level 0 count 21 tpre 0.01 tcoarse 3.38 tpost 2.00 trest 1.48 tprol 1.41
level 1 count 39 tpre 0.00 tcoarse 0.08 tpost 0.31 trest 0.00 tprol 0.00
iters =   21  secs = 6.256823  rsq = 3.48687e-16
level 0 count 21 tpre 0.01 tcoarse 3.43 tpost 2.00 trest 1.48 tprol 1.41
level 1 count 42 tpre 0.00 tcoarse 0.08 tpost 0.34 trest 0.00 tprol 0.00
iters =   21  secs = 6.247490  rsq = 2.86844e-16
level 0 count 21 tpre 0.01 tcoarse 3.42 tpost 2.00 trest 1.48 tprol 1.42
level 1 count 42 tpre 0.00 tcoarse 0.08 tpost 0.33 trest 0.00 tprol 0.00
iters =   21  secs = 6.239218  rsq = 4.07593e-16
level 0 count 21 tpre 0.01 tcoarse 3.41 tpost 2.00 trest 1.48 tprol 1.41
level 1 count 41 tpre 0.00 tcoarse 0.08 tpost 0.32 trest 0.00 tprol 0.00
iters =   21  secs = 6.234896  rsq = 2.3291e-16
level 0 count 21 tpre 0.01 tcoarse 3.40 tpost 2.00 trest 1.48 tprol 1.41
level 1 count 41 tpre 0.00 tcoarse 0.08 tpost 0.32 trest 0.00 tprol 0.00
iters =   21  secs = 6.225958  rsq = 2.66553e-16
level 0 count 21 tpre 0.01 tcoarse 3.39 tpost 2.00 trest 1.48 tprol 1.41
level 1 count 40 tpre 0.00 tcoarse 0.08 tpost 0.32 trest 0.00 tprol 0.00
iters =   21  secs = 6.229768  rsq = 2.90758e-16
level 0 count 21 tpre 0.01 tcoarse 3.40 tpost 2.00 trest 1.48 tprol 1.41
level 1 count 40 tpre 0.00 tcoarse 0.08 tpost 0.32 trest 0.00 tprol 0.00
iters =   21  secs = 6.230385  rsq = 2.36393e-16
level 0 count 21 tpre 0.01 tcoarse 3.40 tpost 2.00 trest 1.48 tprol 1.41
level 1 count 41 tpre 0.00 tcoarse 0.08 tpost 0.32 trest 0.00 tprol 0.00
iters =   21  secs = 6.221823  rsq = 2.67465e-16
level 0 count 21 tpre 0.01 tcoarse 3.39 tpost 2.00 trest 1.48 tprol 1.41
level 1 count 40 tpre 0.00 tcoarse 0.08 tpost 0.32 trest 0.00 tprol 0.00
iters =   21  secs = 6.222355  rsq = 3.01422e-16
level 0 count 21 tpre 0.01 tcoarse 3.39 tpost 2.00 trest 1.48 tprol 1.41
level 1 count 40 tpre 0.00 tcoarse 0.08 tpost 0.32 trest 0.00 tprol 0.00
TIME("smear[cpu]","done") = 8.991 secs
TIME("frw_prop.1832.x0y24z0t0","done") = 85.119 secs
TIME("fwd_prop-write","done") = 6.452 secs
TIME("sm_fwd_prop-write","done") = 7.029 secs
doing sink momentum 0 0 0 0
The sink time is 10
computing (1-g4) projected prop
TIME("c3pt","bwd_source") = 0.394 secs
TIME("smear[cpu]","done") = 1.252 secs
iters =   21  secs = 6.242689  rsq = 4.00008e-16
level 0 count 21 tpre 0.01 tcoarse 3.41 tpost 2.00 trest 1.47 tprol 1.41
level 1 count 42 tpre 0.00 tcoarse 0.08 tpost 0.33 trest 0.00 tprol 0.00
iters =   21  secs = 6.269275  rsq = 3.30167e-16
level 0 count 21 tpre 0.01 tcoarse 3.41 tpost 2.02 trest 1.47 tprol 1.41
level 1 count 42 tpre 0.00 tcoarse 0.09 tpost 0.33 trest 0.00 tprol 0.00
iters =   21  secs = 6.232954  rsq = 4.04099e-16
level 0 count 21 tpre 0.01 tcoarse 3.40 tpost 2.00 trest 1.47 tprol 1.40
level 1 count 42 tpre 0.00 tcoarse 0.08 tpost 0.33 trest 0.00 tprol 0.00
iters =   21  secs = 6.238306  rsq = 3.06918e-16
level 0 count 21 tpre 0.01 tcoarse 3.41 tpost 2.00 trest 1.47 tprol 1.41
level 1 count 42 tpre 0.00 tcoarse 0.08 tpost 0.33 trest 0.00 tprol 0.00
iters =   21  secs = 6.266831  rsq = 2.82521e-16
level 0 count 21 tpre 0.01 tcoarse 3.41 tpost 2.02 trest 1.47 tprol 1.41
level 1 count 42 tpre 0.00 tcoarse 0.08 tpost 0.34 trest 0.00 tprol 0.00
iters =   21  secs = 6.237975  rsq = 3.4934e-16
level 0 count 21 tpre 0.01 tcoarse 3.41 tpost 2.00 trest 1.47 tprol 1.41
level 1 count 42 tpre 0.00 tcoarse 0.08 tpost 0.33 trest 0.00 tprol 0.00
TIME("c3pt","bwd_prop") = 39.818 secs
TIME("seq_prop-write","done") = 6.507 secs
TIME("smear[cpu]","done") = 8.992 secs
seq check: complex(-2.50434e-11, -7.43255e-12)
doing sink momentum 0 0 0 0
The sink time is 10
computing (1-g4) projected prop
TIME("c3pt","bwd_source") = 0.441 secs
TIME("smear[cpu]","done") = 1.253 secs
iters =   21  secs = 6.244915  rsq = 4.00008e-16
level 0 count 21 tpre 0.01 tcoarse 3.41 tpost 2.00 trest 1.47 tprol 1.41
level 1 count 42 tpre 0.00 tcoarse 0.08 tpost 0.33 trest 0.00 tprol 0.00
iters =   21  secs = 6.238565  rsq = 3.00717e-16
level 0 count 21 tpre 0.01 tcoarse 3.41 tpost 2.00 trest 1.47 tprol 1.41
level 1 count 42 tpre 0.00 tcoarse 0.08 tpost 0.33 trest 0.00 tprol 0.00
iters =   21  secs = 6.230911  rsq = 4.04099e-16
level 0 count 21 tpre 0.01 tcoarse 3.40 tpost 2.00 trest 1.47 tprol 1.41
level 1 count 42 tpre 0.00 tcoarse 0.08 tpost 0.33 trest 0.00 tprol 0.00
iters =   21  secs = 6.242960  rsq = 2.91729e-16
level 0 count 21 tpre 0.01 tcoarse 3.41 tpost 2.00 trest 1.47 tprol 1.41
level 1 count 42 tpre 0.00 tcoarse 0.08 tpost 0.33 trest 0.00 tprol 0.00
iters =   21  secs = 6.248423  rsq = 2.82521e-16
level 0 count 21 tpre 0.01 tcoarse 3.42 tpost 2.00 trest 1.48 tprol 1.42
level 1 count 42 tpre 0.00 tcoarse 0.08 tpost 0.33 trest 0.00 tprol 0.00
iters =   21  secs = 6.244220  rsq = 2.59319e-16
level 0 count 21 tpre 0.01 tcoarse 3.42 tpost 2.00 trest 1.48 tprol 1.42
level 1 count 42 tpre 0.00 tcoarse 0.08 tpost 0.33 trest 0.00 tprol 0.00
TIME("c3pt","bwd_prop") = 39.828 secs
TIME("seq_prop-write","done") = 6.315 secs
TIME("smear[cpu]","done") = 8.974 secs
seq check: complex(-5.00867e-11, -1.48651e-11)
TIME("smear[cpu]","done") = 0.083 secs
TIME("frw_prop_source.1832.x0y0z8t0","done") = 0.116 secs
iters =   21  secs = 6.220481  rsq = 2.90916e-16
level 0 count 21 tpre 0.01 tcoarse 3.39 tpost 2.00 trest 1.48 tprol 1.41
level 1 count 40 tpre 0.00 tcoarse 0.08 tpost 0.32 trest 0.00 tprol 0.00
iters =   21  secs = 6.236120  rsq = 3.25421e-16
level 0 count 21 tpre 0.01 tcoarse 3.41 tpost 2.00 trest 1.48 tprol 1.42
level 1 count 41 tpre 0.00 tcoarse 0.08 tpost 0.32 trest 0.00 tprol 0.00
iters =   21  secs = 6.221155  rsq = 2.98951e-16
level 0 count 21 tpre 0.01 tcoarse 3.39 tpost 2.00 trest 1.48 tprol 1.41
level 1 count 40 tpre 0.00 tcoarse 0.08 tpost 0.32 trest 0.00 tprol 0.00
iters =   21  secs = 6.225674  rsq = 2.52485e-16
level 0 count 21 tpre 0.01 tcoarse 3.40 tpost 2.00 trest 1.48 tprol 1.42
level 1 count 40 tpre 0.00 tcoarse 0.08 tpost 0.32 trest 0.00 tprol 0.00
iters =   21  secs = 6.220510  rsq = 2.75066e-16
level 0 count 21 tpre 0.01 tcoarse 3.39 tpost 2.00 trest 1.47 tprol 1.41
level 1 count 41 tpre 0.00 tcoarse 0.08 tpost 0.32 trest 0.00 tprol 0.00
iters =   21  secs = 6.230048  rsq = 3.68634e-16
level 0 count 21 tpre 0.01 tcoarse 3.40 tpost 2.00 trest 1.48 tprol 1.41
level 1 count 41 tpre 0.00 tcoarse 0.08 tpost 0.32 trest 0.00 tprol 0.00
iters =   21  secs = 6.237268  rsq = 3.23711e-16
level 0 count 21 tpre 0.01 tcoarse 3.41 tpost 2.00 trest 1.48 tprol 1.42
level 1 count 41 tpre 0.00 tcoarse 0.08 tpost 0.32 trest 0.00 tprol 0.00
iters =   21  secs = 6.221403  rsq = 3.16321e-16
level 0 count 21 tpre 0.01 tcoarse 3.39 tpost 2.00 trest 1.48 tprol 1.41
level 1 count 40 tpre 0.00 tcoarse 0.08 tpost 0.32 trest 0.00 tprol 0.00
iters =   21  secs = 6.229870  rsq = 3.49689e-16
level 0 count 21 tpre 0.01 tcoarse 3.39 tpost 2.00 trest 1.48 tprol 1.41
level 1 count 40 tpre 0.00 tcoarse 0.08 tpost 0.32 trest 0.00 tprol 0.00
iters =   21  secs = 6.227890  rsq = 3.79737e-16
level 0 count 21 tpre 0.01 tcoarse 3.39 tpost 2.00 trest 1.48 tprol 1.41
level 1 count 40 tpre 0.00 tcoarse 0.08 tpost 0.32 trest 0.00 tprol 0.00
iters =   21  secs = 6.228424  rsq = 2.8315e-16
level 0 count 21 tpre 0.01 tcoarse 3.40 tpost 2.00 trest 1.48 tprol 1.41
level 1 count 41 tpre 0.00 tcoarse 0.08 tpost 0.32 trest 0.00 tprol 0.00
iters =   21  secs = 6.224812  rsq = 4.27023e-16
level 0 count 21 tpre 0.01 tcoarse 3.40 tpost 2.00 trest 1.48 tprol 1.41
level 1 count 41 tpre 0.00 tcoarse 0.08 tpost 0.32 trest 0.00 tprol 0.00
TIME("smear[cpu]","done") = 8.985 secs
TIME("frw_prop.1832.x0y0z8t0","done") = 85.029 secs
TIME("fwd_prop-write","done") = 7.166 secs
TIME("sm_fwd_prop-write","done") = 8.095 secs
doing sink momentum 0 0 0 0
The sink time is 10
computing (1-g4) projected prop
TIME("c3pt","bwd_source") = 0.392 secs
TIME("smear[cpu]","done") = 1.256 secs
iters =   21  secs = 6.244859  rsq = 3.46259e-16
level 0 count 21 tpre 0.01 tcoarse 3.42 tpost 1.99 trest 1.47 tprol 1.42
level 1 count 42 tpre 0.00 tcoarse 0.08 tpost 0.33 trest 0.00 tprol 0.00
iters =   21  secs = 6.225484  rsq = 3.66667e-16
level 0 count 21 tpre 0.01 tcoarse 3.40 tpost 2.00 trest 1.47 tprol 1.41
level 1 count 41 tpre 0.00 tcoarse 0.08 tpost 0.33 trest 0.00 tprol 0.00
iters =   21  secs = 6.244874  rsq = 3.34587e-16
level 0 count 21 tpre 0.01 tcoarse 3.41 tpost 2.00 trest 1.47 tprol 1.41
level 1 count 42 tpre 0.00 tcoarse 0.09 tpost 0.33 trest 0.00 tprol 0.00
iters =   21  secs = 6.280258  rsq = 3.21292e-16
level 0 count 21 tpre 0.01 tcoarse 3.44 tpost 2.00 trest 1.47 tprol 1.44
level 1 count 42 tpre 0.00 tcoarse 0.09 tpost 0.33 trest 0.00 tprol 0.00
iters =   21  secs = 6.245135  rsq = 2.90821e-16
level 0 count 21 tpre 0.01 tcoarse 3.41 tpost 2.00 trest 1.47 tprol 1.41
level 1 count 42 tpre 0.00 tcoarse 0.08 tpost 0.33 trest 0.00 tprol 0.00
iters =   21  secs = 6.238823  rsq = 3.51843e-16
level 0 count 21 tpre 0.01 tcoarse 3.40 tpost 2.00 trest 1.47 tprol 1.41
level 1 count 41 tpre 0.00 tcoarse 0.09 tpost 0.32 trest 0.00 tprol 0.00
TIME("c3pt","bwd_prop") = 39.813 secs
TIME("seq_prop-write","done") = 7.598 secs
TIME("smear[cpu]","done") = 8.977 secs
seq check: complex(4.92171e-11, -2.34643e-11)
doing sink momentum 0 0 0 0
The sink time is 10
computing (1-g4) projected prop
TIME("c3pt","bwd_source") = 0.438 secs
TIME("smear[cpu]","done") = 1.253 secs
iters =   21  secs = 6.260647  rsq = 3.46259e-16
level 0 count 21 tpre 0.01 tcoarse 3.43 tpost 2.00 trest 1.49 tprol 1.42
level 1 count 42 tpre 0.00 tcoarse 0.08 tpost 0.33 trest 0.00 tprol 0.00
iters =   21  secs = 6.246213  rsq = 3.50668e-16
level 0 count 21 tpre 0.01 tcoarse 3.41 tpost 2.00 trest 1.48 tprol 1.42
level 1 count 41 tpre 0.00 tcoarse 0.08 tpost 0.33 trest 0.00 tprol 0.00
iters =   21  secs = 6.265760  rsq = 3.34586e-16
level 0 count 21 tpre 0.01 tcoarse 3.43 tpost 2.00 trest 1.48 tprol 1.42
level 1 count 42 tpre 0.00 tcoarse 0.09 tpost 0.33 trest 0.00 tprol 0.00
iters =   21  secs = 6.244259  rsq = 3.46779e-16
level 0 count 21 tpre 0.01 tcoarse 3.41 tpost 2.00 trest 1.48 tprol 1.42
level 1 count 41 tpre 0.00 tcoarse 0.08 tpost 0.33 trest 0.00 tprol 0.00
iters =   21  secs = 6.260670  rsq = 2.90821e-16
level 0 count 21 tpre 0.01 tcoarse 3.42 tpost 2.00 trest 1.48 tprol 1.41
level 1 count 42 tpre 0.00 tcoarse 0.09 tpost 0.33 trest 0.00 tprol 0.00
iters =   21  secs = 6.235780  rsq = 3.34809e-16
level 0 count 21 tpre 0.01 tcoarse 3.40 tpost 2.00 trest 1.48 tprol 1.41
level 1 count 41 tpre 0.00 tcoarse 0.08 tpost 0.33 trest 0.00 tprol 0.00
TIME("c3pt","bwd_prop") = 39.893 secs
TIME("seq_prop-write","done") = 7.475 secs
TIME("smear[cpu]","done") = 8.980 secs
seq check: complex(9.84342e-11, -4.69286e-11)
TIME("smear[cpu]","done") = 0.084 secs
TIME("frw_prop_source.1832.x0y0z16t0","done") = 0.117 secs
iters =   21  secs = 6.224513  rsq = 3.39757e-16
level 0 count 21 tpre 0.01 tcoarse 3.39 tpost 2.00 trest 1.48 tprol 1.41
level 1 count 40 tpre 0.00 tcoarse 0.08 tpost 0.32 trest 0.00 tprol 0.00
iters =   21  secs = 6.227323  rsq = 2.5577e-16
level 0 count 21 tpre 0.01 tcoarse 3.40 tpost 2.00 trest 1.48 tprol 1.41
level 1 count 40 tpre 0.00 tcoarse 0.08 tpost 0.32 trest 0.00 tprol 0.00
iters =   21  secs = 6.244544  rsq = 2.50528e-16
level 0 count 21 tpre 0.01 tcoarse 3.41 tpost 2.00 trest 1.48 tprol 1.41
level 1 count 41 tpre 0.00 tcoarse 0.08 tpost 0.33 trest 0.00 tprol 0.00
iters =   21  secs = 6.230084  rsq = 2.56015e-16
level 0 count 21 tpre 0.01 tcoarse 3.40 tpost 2.00 trest 1.48 tprol 1.41
level 1 count 41 tpre 0.00 tcoarse 0.08 tpost 0.33 trest 0.00 tprol 0.00
iters =   21  secs = 6.236955  rsq = 2.65547e-16
level 0 count 21 tpre 0.01 tcoarse 3.41 tpost 2.00 trest 1.48 tprol 1.41
level 1 count 41 tpre 0.00 tcoarse 0.08 tpost 0.33 trest 0.00 tprol 0.00
iters =   21  secs = 6.210061  rsq = 3.12973e-16
level 0 count 21 tpre 0.01 tcoarse 3.38 tpost 2.00 trest 1.47 tprol 1.41
level 1 count 39 tpre 0.00 tcoarse 0.08 tpost 0.31 trest 0.00 tprol 0.00
iters =   21  secs = 6.223536  rsq = 2.15246e-16
level 0 count 21 tpre 0.01 tcoarse 3.39 tpost 2.00 trest 1.48 tprol 1.41
level 1 count 40 tpre 0.00 tcoarse 0.08 tpost 0.32 trest 0.00 tprol 0.00
iters =   21  secs = 6.236417  rsq = 2.69452e-16
level 0 count 21 tpre 0.01 tcoarse 3.41 tpost 2.00 trest 1.48 tprol 1.41
level 1 count 41 tpre 0.00 tcoarse 0.08 tpost 0.33 trest 0.00 tprol 0.00
iters =   21  secs = 6.231833  rsq = 2.81903e-16
level 0 count 21 tpre 0.01 tcoarse 3.40 tpost 2.00 trest 1.48 tprol 1.41
level 1 count 41 tpre 0.00 tcoarse 0.08 tpost 0.33 trest 0.00 tprol 0.00
iters =   21  secs = 6.227514  rsq = 3.54837e-16
level 0 count 21 tpre 0.01 tcoarse 3.40 tpost 2.00 trest 1.47 tprol 1.41
level 1 count 41 tpre 0.00 tcoarse 0.08 tpost 0.33 trest 0.00 tprol 0.00
iters =   21  secs = 6.217534  rsq = 2.96345e-16
level 0 count 21 tpre 0.01 tcoarse 3.39 tpost 1.99 trest 1.48 tprol 1.41
level 1 count 40 tpre 0.00 tcoarse 0.08 tpost 0.32 trest 0.00 tprol 0.00
iters =   21  secs = 6.230601  rsq = 2.58567e-16
level 0 count 21 tpre 0.01 tcoarse 3.40 tpost 2.00 trest 1.48 tprol 1.41
level 1 count 41 tpre 0.00 tcoarse 0.08 tpost 0.33 trest 0.00 tprol 0.00
TIME("smear[cpu]","done") = 8.995 secs
TIME("frw_prop.1832.x0y0z16t0","done") = 85.061 secs
TIME("fwd_prop-write","done") = 8.008 secs
TIME("sm_fwd_prop-write","done") = 7.171 secs
doing sink momentum 0 0 0 0
The sink time is 10
computing (1-g4) projected prop
TIME("c3pt","bwd_source") = 0.400 secs
TIME("smear[cpu]","done") = 1.254 secs
iters =   21  secs = 6.261824  rsq = 3.32044e-16
level 0 count 21 tpre 0.01 tcoarse 3.42 tpost 2.00 trest 1.48 tprol 1.42
level 1 count 42 tpre 0.00 tcoarse 0.08 tpost 0.33 trest 0.00 tprol 0.00
iters =   21  secs = 6.249571  rsq = 3.40511e-16
level 0 count 21 tpre 0.01 tcoarse 3.42 tpost 1.99 trest 1.48 tprol 1.42
level 1 count 42 tpre 0.00 tcoarse 0.08 tpost 0.33 trest 0.00 tprol 0.00
iters =   21  secs = 6.250950  rsq = 3.27547e-16
level 0 count 21 tpre 0.01 tcoarse 3.42 tpost 1.99 trest 1.48 tprol 1.42
level 1 count 42 tpre 0.00 tcoarse 0.08 tpost 0.33 trest 0.00 tprol 0.00
iters =   21  secs = 6.254551  rsq = 3.47006e-16
level 0 count 21 tpre 0.01 tcoarse 3.42 tpost 2.00 trest 1.48 tprol 1.42
level 1 count 42 tpre 0.00 tcoarse 0.09 tpost 0.33 trest 0.00 tprol 0.00
iters =   21  secs = 6.248998  rsq = 3.85716e-16
level 0 count 21 tpre 0.01 tcoarse 3.42 tpost 2.00 trest 1.48 tprol 1.42
level 1 count 42 tpre 0.00 tcoarse 0.08 tpost 0.33 trest 0.00 tprol 0.00
iters =   21  secs = 6.245435  rsq = 3.57489e-16
level 0 count 21 tpre 0.01 tcoarse 3.42 tpost 1.99 trest 1.47 tprol 1.41
level 1 count 42 tpre 0.00 tcoarse 0.09 tpost 0.33 trest 0.00 tprol 0.00
TIME("c3pt","bwd_prop") = 39.842 secs
TIME("seq_prop-write","done") = 8.029 secs
TIME("smear[cpu]","done") = 8.986 secs
seq check: complex(4.78455e-10, -1.24466e-10)
doing sink momentum 0 0 0 0
The sink time is 10
computing (1-g4) projected prop
TIME("c3pt","bwd_source") = 0.442 secs
TIME("smear[cpu]","done") = 1.258 secs
iters =   21  secs = 6.251497  rsq = 3.32044e-16
level 0 count 21 tpre 0.01 tcoarse 3.42 tpost 2.00 trest 1.48 tprol 1.42
level 1 count 42 tpre 0.00 tcoarse 0.08 tpost 0.33 trest 0.00 tprol 0.00
iters =   21  secs = 6.254097  rsq = 3.16955e-16
level 0 count 21 tpre 0.01 tcoarse 3.42 tpost 2.00 trest 1.48 tprol 1.41
level 1 count 42 tpre 0.00 tcoarse 0.09 tpost 0.33 trest 0.00 tprol 0.00
iters =   21  secs = 6.245444  rsq = 3.27547e-16
level 0 count 21 tpre 0.01 tcoarse 3.41 tpost 2.00 trest 1.47 tprol 1.41
level 1 count 42 tpre 0.00 tcoarse 0.08 tpost 0.33 trest 0.00 tprol 0.00
iters =   21  secs = 6.235151  rsq = 3.55279e-16
level 0 count 21 tpre 0.01 tcoarse 3.40 tpost 2.00 trest 1.47 tprol 1.41
level 1 count 41 tpre 0.00 tcoarse 0.08 tpost 0.33 trest 0.00 tprol 0.00
iters =   21  secs = 6.251358  rsq = 3.85716e-16
level 0 count 21 tpre 0.01 tcoarse 3.42 tpost 2.00 trest 1.48 tprol 1.41
level 1 count 42 tpre 0.00 tcoarse 0.08 tpost 0.33 trest 0.00 tprol 0.00
iters =   21  secs = 6.227782  rsq = 3.72093e-16
level 0 count 21 tpre 0.01 tcoarse 3.40 tpost 2.00 trest 1.48 tprol 1.41
level 1 count 41 tpre 0.00 tcoarse 0.08 tpost 0.33 trest 0.00 tprol 0.00
TIME("c3pt","bwd_prop") = 39.850 secs
TIME("seq_prop-write","done") = 7.268 secs
TIME("smear[cpu]","done") = 8.969 secs
seq check: complex(9.5691e-10, -2.48931e-10)
TIME("smear[cpu]","done") = 0.083 secs
TIME("frw_prop_source.1832.x0y0z24t0","done") = 0.116 secs
iters =   21  secs = 6.240304  rsq = 3.91064e-16
level 0 count 21 tpre 0.01 tcoarse 3.40 tpost 2.01 trest 1.48 tprol 1.42
level 1 count 39 tpre 0.00 tcoarse 0.08 tpost 0.32 trest 0.00 tprol 0.00
iters =   21  secs = 6.234510  rsq = 2.91861e-16
level 0 count 21 tpre 0.01 tcoarse 3.40 tpost 2.00 trest 1.48 tprol 1.41
level 1 count 41 tpre 0.00 tcoarse 0.08 tpost 0.33 trest 0.00 tprol 0.00
iters =   21  secs = 6.233474  rsq = 2.42751e-16
level 0 count 21 tpre 0.01 tcoarse 3.40 tpost 2.00 trest 1.48 tprol 1.42
level 1 count 40 tpre 0.00 tcoarse 0.08 tpost 0.32 trest 0.00 tprol 0.00
iters =   21  secs = 6.226098  rsq = 4.33451e-16
level 0 count 21 tpre 0.01 tcoarse 3.40 tpost 2.00 trest 1.49 tprol 1.41
level 1 count 39 tpre 0.00 tcoarse 0.08 tpost 0.31 trest 0.00 tprol 0.00
iters =   21  secs = 6.232723  rsq = 2.77951e-16
level 0 count 21 tpre 0.01 tcoarse 3.40 tpost 2.00 trest 1.48 tprol 1.41
level 1 count 40 tpre 0.00 tcoarse 0.08 tpost 0.32 trest 0.00 tprol 0.00
iters =   21  secs = 6.242342  rsq = 2.77876e-16
level 0 count 21 tpre 0.01 tcoarse 3.41 tpost 2.00 trest 1.48 tprol 1.41
level 1 count 41 tpre 0.00 tcoarse 0.08 tpost 0.33 trest 0.00 tprol 0.00
iters =   21  secs = 6.226001  rsq = 3.71252e-16
level 0 count 21 tpre 0.01 tcoarse 3.39 tpost 2.00 trest 1.49 tprol 1.41
level 1 count 39 tpre 0.00 tcoarse 0.08 tpost 0.31 trest 0.00 tprol 0.00
iters =   21  secs = 6.232149  rsq = 3.44134e-16
level 0 count 21 tpre 0.01 tcoarse 3.40 tpost 2.00 trest 1.48 tprol 1.41
level 1 count 40 tpre 0.00 tcoarse 0.08 tpost 0.32 trest 0.00 tprol 0.00
iters =   21  secs = 6.236667  rsq = 2.89642e-16
level 0 count 21 tpre 0.01 tcoarse 3.40 tpost 2.00 trest 1.49 tprol 1.41
level 1 count 40 tpre 0.00 tcoarse 0.08 tpost 0.32 trest 0.00 tprol 0.00
iters =   21  secs = 6.240222  rsq = 2.5492e-16
level 0 count 21 tpre 0.01 tcoarse 3.41 tpost 2.00 trest 1.49 tprol 1.41
level 1 count 40 tpre 0.00 tcoarse 0.08 tpost 0.32 trest 0.00 tprol 0.00
iters =   21  secs = 6.241085  rsq = 3.15833e-16
level 0 count 21 tpre 0.01 tcoarse 3.41 tpost 2.00 trest 1.49 tprol 1.41
level 1 count 40 tpre 0.00 tcoarse 0.08 tpost 0.32 trest 0.00 tprol 0.00
iters =   21  secs = 6.272565  rsq = 3.01947e-16
level 0 count 21 tpre 0.01 tcoarse 3.42 tpost 2.02 trest 1.49 tprol 1.41
level 1 count 41 tpre 0.00 tcoarse 0.08 tpost 0.33 trest 0.00 tprol 0.00
TIME("smear[cpu]","done") = 8.978 secs
TIME("frw_prop.1832.x0y0z24t0","done") = 85.196 secs
TIME("fwd_prop-write","done") = 6.718 secs
TIME("sm_fwd_prop-write","done") = 7.216 secs
doing sink momentum 0 0 0 0
The sink time is 10
computing (1-g4) projected prop
TIME("c3pt","bwd_source") = 0.401 secs
TIME("smear[cpu]","done") = 1.254 secs
iters =   21  secs = 6.238249  rsq = 3.35669e-16
level 0 count 21 tpre 0.01 tcoarse 3.41 tpost 1.99 trest 1.48 tprol 1.42
level 1 count 41 tpre 0.00 tcoarse 0.08 tpost 0.33 trest 0.00 tprol 0.00
iters =   21  secs = 6.236003  rsq = 3.9594e-16
level 0 count 21 tpre 0.01 tcoarse 3.41 tpost 2.00 trest 1.48 tprol 1.41
level 1 count 41 tpre 0.00 tcoarse 0.08 tpost 0.33 trest 0.00 tprol 0.00
iters =   21  secs = 6.249341  rsq = 3.50527e-16
level 0 count 21 tpre 0.01 tcoarse 3.42 tpost 2.00 trest 1.48 tprol 1.41
level 1 count 42 tpre 0.00 tcoarse 0.08 tpost 0.33 trest 0.00 tprol 0.00
iters =   21  secs = 6.243842  rsq = 2.8817e-16
level 0 count 21 tpre 0.01 tcoarse 3.42 tpost 1.99 trest 1.48 tprol 1.41
level 1 count 42 tpre 0.00 tcoarse 0.08 tpost 0.33 trest 0.00 tprol 0.00
iters =   21  secs = 6.238425  rsq = 3.98699e-16
level 0 count 21 tpre 0.01 tcoarse 3.41 tpost 2.00 trest 1.47 tprol 1.42
level 1 count 41 tpre 0.00 tcoarse 0.08 tpost 0.33 trest 0.00 tprol 0.00
iters =   21  secs = 6.251730  rsq = 3.74772e-16
level 0 count 21 tpre 0.01 tcoarse 3.42 tpost 2.00 trest 1.48 tprol 1.41
level 1 count 42 tpre 0.00 tcoarse 0.08 tpost 0.33 trest 0.00 tprol 0.00
TIME("c3pt","bwd_prop") = 39.789 secs
TIME("seq_prop-write","done") = 6.992 secs
TIME("smear[cpu]","done") = 8.978 secs
seq check: complex(6.36173e-10, -1.35306e-10)
doing sink momentum 0 0 0 0
The sink time is 10
computing (1-g4) projected prop
TIME("c3pt","bwd_source") = 0.439 secs
TIME("smear[cpu]","done") = 1.252 secs
iters =   21  secs = 6.233589  rsq = 3.35669e-16
level 0 count 21 tpre 0.01 tcoarse 3.40 tpost 2.00 trest 1.47 tprol 1.41
level 1 count 41 tpre 0.00 tcoarse 0.08 tpost 0.33 trest 0.00 tprol 0.00
iters =   21  secs = 6.223818  rsq = 3.60701e-16
level 0 count 21 tpre 0.01 tcoarse 3.39 tpost 2.00 trest 1.47 tprol 1.41
level 1 count 41 tpre 0.00 tcoarse 0.08 tpost 0.33 trest 0.00 tprol 0.00
iters =   21  secs = 6.242105  rsq = 3.50527e-16
level 0 count 21 tpre 0.01 tcoarse 3.41 tpost 2.00 trest 1.47 tprol 1.41
level 1 count 42 tpre 0.00 tcoarse 0.08 tpost 0.33 trest 0.00 tprol 0.00
iters =   21  secs = 6.236523  rsq = 2.92567e-16
level 0 count 21 tpre 0.01 tcoarse 3.41 tpost 2.00 trest 1.47 tprol 1.41
level 1 count 42 tpre 0.00 tcoarse 0.08 tpost 0.33 trest 0.00 tprol 0.00
iters =   21  secs = 6.309254  rsq = 3.98699e-16
level 0 count 21 tpre 0.01 tcoarse 3.48 tpost 2.00 trest 1.47 tprol 1.49
level 1 count 41 tpre 0.00 tcoarse 0.08 tpost 0.33 trest 0.00 tprol 0.00
iters =   21  secs = 6.252985  rsq = 2.76733e-16
level 0 count 21 tpre 0.01 tcoarse 3.42 tpost 2.00 trest 1.48 tprol 1.42
level 1 count 42 tpre 0.00 tcoarse 0.09 tpost 0.33 trest 0.00 tprol 0.00
TIME("c3pt","bwd_prop") = 39.877 secs
0x4c66ae 0x4c66ae
0x4e01dc 0x4c66ae
0x4c66ae 0x4c66ae
0x4e01dc 0x4c66ae
0x4c66ae 0x4c66ae
0x4e01dc 0x4c66ae
0x4c66ae 0x4c66ae
0x4e01dc 0x4c66ae
0x4c66ae 0x4c66ae
0x4e01dc 0x4c66ae
0x4c66ae 0x4c66ae
0x4e01dc 0x4c66ae
0x4c66ae 0x4c66ae
0x4e01dc 0x4c66ae
0x4c66ae 0x4c66ae
0x4e01dc 0x4c66ae
0x4c66ae 0x4c66ae
0x4e01dc 0x4c66ae
0x4c66ae 0x4c66ae
0x4e01dc 0x4c66ae
0x4c66ae 0x4c66ae
0x4e01dc 0x4c66ae
0x4c66ae 0x4c66ae
0x4e01dc 0x4c66ae
0x4c66ae 0x4c66ae
0x4e01dc 0x4c66ae
0x4c66ae 0x4c66ae
0x4e01dc 0x4c66ae
0x4c66ae 0x4c66ae
0x4e01dc 0x4c66ae
0x4c66ae 0x4c66ae
0x4e01dc 0x4c66ae
0x4c66ae 0x4c66ae
0x4e01dc 0x4c66ae
0x4c66ae 0x4c66ae
0x4e01dc 0x4c66ae
0x4c66ae 0x4c66ae
0x4e01dc 0x4c66ae
0x4c66ae 0x4c66ae
0x4e01dc 0x4c66ae
0x4c66ae 0x4c66ae
0x4e01dc 0x4c66ae
0x4c66ae 0x4c66ae
0x4e01dc 0x4c66ae
0x4c66ae 0x4c66ae
0x4e01dc 0x4c66ae
0x4c66ae 0x4c66ae
0x4e01dc 0x4c66ae
0x4c66ae 0x4c66ae
0x4e01dc 0x4c66ae
0x4c66ae 0x4c66ae
0x4e01dc 0x4c66ae
0x4c66ae 0x4c66ae
0x4e01dc 0x4c66ae
0x4c66ae 0x4c66ae
0x4e01dc 0x4c66ae
0x4c66ae 0x4c66ae
0x4e01dc 0x4c66ae
0x4c66ae 0x4c66ae
0x4e01dc 0x4c66ae
0x4c66ae 0x4c66ae
0x4e01dc 0x4c66ae
0x4c66ae 0x4c66ae
0x4e01dc 0x4c66ae
0x4c66ae 0x4c66ae
0x4e01dc 0x4c66ae
0x4c66ae 0x4c66ae
0x4e01dc 0x4c66ae
0x4c66ae 0x4c66ae
0x4e01dc 0x4c66ae
0x4c66ae 0x4c66ae
0x4e01dc 0x4c66ae
0x4c66ae 0x4c66ae
0x4e01dc 0x4c66ae
0x4c66ae 0x4c66ae
0x4e01dc 0x4c66ae
0x4c66ae 0x4c66ae
0x4e01dc 0x4c66ae
0x4c66ae 0x4c66ae
0x4e01dc 0x4c66ae
0x4c66ae 0x4c66ae
0x4e01dc 0x4c66ae
0x4c66ae 0x4c66ae
0x4e01dc 0x4c66ae
0x4c66ae 0x4c66ae
0x4e01dc 0x4c66ae
0x4c66ae 0x4c66ae
0x4e01dc 0x4c66ae
0x4c66ae 0x4c66ae
0x4e01dc 0x4c66ae
0x4c66ae 0x4c66ae
0x4e01dc 0x4c66ae
0x4c66ae 0x4c66ae
0x4e01dc 0x4c66ae
0x4c66ae 0x4c66ae
0x4e01dc 0x4c66ae
0x4c66ae 0x4c66ae
0x4e01dc 0x4c66ae
0x4c66ae 0x4c66ae
0x4e01dc 0x4c66ae
0x4c66ae 0x4c66ae
0x4e01dc 0x4c66ae
0x4c66ae 0x4c66ae
0x4e01dc 0x4c66ae
0x4c66ae 0x4c66ae
0x4e01dc 0x4c66ae
0x4c66ae 0x4c66ae
0x4e01dc 0x4c66ae
0x4c66ae 0x4c66ae
0x4e01dc 0x4c66ae
0x4c66ae 0x4c66ae
0x4e01dc 0x4c66ae
0x4c66ae 0x4c66ae
0x4e01dc 0x4c66ae
0x4c66ae 0x4c66ae
0x4e01dc 0x4c66ae
0x4c66ae 0x4c66ae
0x4e01dc 0x4c66ae
0x4c66ae 0x4c66ae
0x4e01dc 0x4c66ae
0x4c66ae 0x4c66ae
0x4e01dc 0x4c66ae
0x4c66ae 0x4c66ae
0x4e01dc 0x4c66ae
0x4c66ae 0x4c66ae
0x4e01dc 0x4c66ae
0x4c66ae 0x4c66ae
0x4e01dc 0x4c66ae
0x4c66ae 0x4c66ae
0x4e01dc 0x4c66ae
0x4c66ae 0x4c66ae
0x4e01dc 0x4c66ae
0x4c66ae 0x4c66ae
0x4e01dc 0x4c66ae
0x4c66ae 0x4c66ae
0x4e01dc 0x4c66ae
0x4c66ae 0x4c66ae
0x4e01dc 0x4c66ae
0x4c66ae 0x4c66ae
0x4e01dc 0x4c66ae
0x4c66ae 0x4c66ae
0x4e01dc 0x4c66ae
0x4c66ae 0x4c66ae
0x4e01dc 0x4c66ae
0x4c66ae 0x4c66ae
0x4e01dc 0x4c66ae
0x4c66ae 0x4c66ae
0x4e01dc 0x4c66ae
0x4c66ae 0x4c66ae
0x4e01dc 0x4c66ae
0x4c66ae 0x4c66ae
0x4e01dc 0x4c66ae
0x4c66ae 0x4c66ae
0x4e01dc 0x4c66ae
0x4c66ae 0x4c66ae
0x4e01dc 0x4c66ae
0x4c66ae 0x4c66ae
0x4e01dc 0x4c66ae
0x4c66ae 0x4c66ae
0x4e01dc 0x4c66ae
0x4c66ae 0x4c66ae
0x4e01dc 0x4c66ae
0x4c66ae 0x4c66ae
0x4e01dc 0x4c66ae
0x4c66ae 0x4c66ae
0x4e01dc 0x4c66ae
0x4c66ae 0x4c66ae
0x4e01dc 0x4c66ae
0x4c66ae 0x4c66ae
0x4e01dc 0x4c66ae
0x4c66ae 0x4c66ae
0x4e01dc 0x4c66ae
0x4c66ae 0x4c66ae
0x4e01dc 0x4c66ae
0x4c66ae 0x4c66ae
0x4e01dc 0x4c66ae
0x4c66ae 0x4c66ae
0x4e01dc 0x4c66ae
0x4c66ae 0x4c66ae
0x4e01dc 0x4c66ae
0x4c66ae 0x4c66ae
0x4e01dc 0x4c66ae
0x4c66ae 0x4c66ae
0x4e01dc 0x4c66ae
0x4c66ae 0x4c66ae
0x4e01dc 0x4c66ae
0x4c66ae 0x4c66ae
0x4e01dc 0x4c66ae
0x4c66ae 0x4c66ae
0x4e01dc 0x4c66ae
0x4c66ae 0x4c66ae
0x4e01dc 0x4c66ae
0x4c66ae 0x4c66ae
0x4e01dc 0x4c66ae
0x4c66ae 0x4c66ae
0x4e01dc 0x4c66ae
0x4c66ae 0x4c66ae
0x4e01dc 0x4c66ae
0x4c66ae 0x4c66ae
0x4e01dc 0x4c66ae
0x4c66ae 0x4c66ae
0x4e01dc 0x4c66ae
0x4c66ae 0x4c66ae
0x4e01dc 0x4c66ae
0x4c66ae 0x4c66ae
0x4e01dc 0x4c66ae
0x4c66ae 0x4c66ae
0x4e01dc 0x4c66ae
0x4c66ae 0x4c66ae
0x4e01dc 0x4c66ae
0x4c66ae 0x4c66ae
0x4e01dc 0x4c66ae
0x4c66ae 0x4c66ae
0x4e01dc 0x4c66ae
0x4c66ae 0x4c66ae
0x4e01dc 0x4c66ae
0x4c66ae 0x4c66ae
0x4e01dc 0x4c66ae
0x4c66ae 0x4c66ae
0x4e01dc 0x4c66ae
0x4c66ae 0x4c66ae
0x4e01dc 0x4c66ae
0x4c66ae 0x4c66ae
0x4e01dc 0x4c66ae
0x4c66ae 0x4c66ae
0x4e01dc 0x4c66ae
0x4c66ae 0x4c66ae
0x4e01dc 0x4c66ae
0x4c66ae 0x4c66ae
0x4e01dc 0x4c66ae
0x4c66ae 0x4c66ae
0x4e01dc 0x4c66ae
0x4c66ae 0x4c66ae
0x4e01dc 0x4c66ae
TIME("seq_prop-write","done") = 6.486 secs
TIME("smear[cpu]","done") = 8.980 secs
seq check: complex(1.27235e-09, -2.70612e-10)

Success.
0x4c66ae 0x4c66ae
0x4e01dc 0x4c66ae
0x4c66ae 0x4c66ae
0x4e01dc 0x4c66ae
0x4c66ae 0x4c66ae
0x4e01dc 0x4c66ae
0x4c66ae 0x4c66ae
0x4e01dc 0x4c66ae
0x4c66ae 0x4c66ae
0x4e01dc 0x4c66ae
0x4c66ae 0x4c66ae
0x4e01dc 0x4c66ae
0x4c66ae 0x4c66ae
0x4e01dc 0x4c66ae
0x4c66ae 0x4c66ae
0x4e01dc 0x4c66ae
0x4c66ae 0x4c66ae
0x4e01dc 0x4c66ae
0x4c66ae 0x4c66ae
0x4e01dc 0x4c66ae
0x4c66ae 0x4c66ae
0x4e01dc 0x4c66ae
0x4c66ae 0x4c66ae
0x4e01dc 0x4c66ae
0x4c66ae 0x4c66ae
0x4e01dc 0x4c66ae
0x4c66ae 0x4c66ae
0x4e01dc 0x4c66ae
0x4c66ae 0x4c66ae
0x4e01dc 0x4c66ae
0x4c66ae 0x4c66ae
0x4e01dc 0x4c66ae
0x4c66ae 0x4c66ae
0x4e01dc 0x4c66ae
0x4c66ae 0x4c66ae
0x4e01dc 0x4c66ae
0x4c66ae 0x4c66ae
0x4e01dc 0x4c66ae
0x4c66ae 0x4c66ae
0x4e01dc 0x4c66ae
0x4c66ae 0x4c66ae
0x4e01dc 0x4c66ae
0x4c66ae 0x4c66ae
0x4e01dc 0x4c66ae
0x4c66ae 0x4c66ae
0x4e01dc 0x4c66ae
0x4c66ae 0x4c66ae
0x4e01dc 0x4c66ae
0x4c66ae 0x4c66ae
0x4e01dc 0x4c66ae
0x4c66ae 0x4c66ae
0x4e01dc 0x4c66ae
0x4c66ae 0x4c66ae
0x4e01dc 0x4c66ae
0x4c66ae 0x4c66ae
0x4e01dc 0x4c66ae
0x4c66ae 0x4c66ae
0x4e01dc 0x4c66ae
0x4c66ae 0x4c66ae
0x4e01dc 0x4c66ae
0x4c66ae 0x4c66ae
0x4e01dc 0x4c66ae
0x4c66ae 0x4c66ae
0x4e01dc 0x4c66ae
0x4c66ae 0x4c66ae
0x4e01dc 0x4c66ae
0x4c66ae 0x4c66ae
0x4e01dc 0x4c66ae
0x4c66ae 0x4c66ae
0x4e01dc 0x4c66ae
0x4c66ae 0x4c66ae
0x4e01dc 0x4c66ae
0x4c66ae 0x4c66ae
0x4e01dc 0x4c66ae
0x4c66ae 0x4c66ae
0x4e01dc 0x4c66ae
0x4c66ae 0x4c66ae
0x4e01dc 0x4c66ae
0x4c66ae 0x4c66ae
0x4e01dc 0x4c66ae
0x4c66ae 0x4c66ae
0x4e01dc 0x4c66ae
0x4c66ae 0x4c66ae
0x4e01dc 0x4c66ae
0x4c66ae 0x4c66ae
0x4e01dc 0x4c66ae
0x4c66ae 0x4c66ae
0x4e01dc 0x4c66ae
0x4c66ae 0x4c66ae
0x4e01dc 0x4c66ae
0x4c66ae 0x4c66ae
0x4e01dc 0x4c66ae
0x4c66ae 0x4c66ae
0x4e01dc 0x4c66ae
0x4c66ae 0x4c66ae
0x4e01dc 0x4c66ae
0x4c66ae 0x4c66ae
0x4e01dc 0x4c66ae
0x4c66ae 0x4c66ae
0x4e01dc 0x4c66ae
0x4c66ae 0x4c66ae
0x4e01dc 0x4c66ae
0x4c66ae 0x4c66ae
0x4e01dc 0x4c66ae
0x4c66ae 0x4c66ae
0x4e01dc 0x4c66ae
0x4c66ae 0x4c66ae
0x4e01dc 0x4c66ae
0x4c66ae 0x4c66ae
0x4e01dc 0x4c66ae
0x4c66ae 0x4c66ae
0x4e01dc 0x4c66ae
0x4c66ae 0x4c66ae
0x4e01dc 0x4c66ae
0x4c66ae 0x4c66ae
0x4e01dc 0x4c66ae
0x4c66ae 0x4c66ae
0x4e01dc 0x4c66ae
0x4c66ae 0x4c66ae
0x4e01dc 0x4c66ae
0x4c66ae 0x4c66ae
0x4e01dc 0x4c66ae
0x4c66ae 0x4c66ae
0x4e01dc 0x4c66ae
0x4c66ae 0x4c66ae
0x4e01dc 0x4c66ae
0x4c66ae 0x4c66ae
0x4e01dc 0x4c66ae
0x4c66ae 0x4c66ae
0x4e01dc 0x4c66ae
0x4c66ae 0x4c66ae
0x4e01dc 0x4c66ae
0x4c66ae 0x4c66ae
0x4e01dc 0x4c66ae
0x4c66ae 0x4c66ae
0x4e01dc 0x4c66ae
0x4c66ae 0x4c66ae
0x4e01dc 0x4c66ae
0x4c66ae 0x4c66ae
0x4e01dc 0x4c66ae
0x4c66ae 0x4c66ae
0x4e01dc 0x4c66ae
0x4c66ae 0x4c66ae
0x4e01dc 0x4c66ae
0x4c66ae 0x4c66ae
0x4e01dc 0x4c66ae
0x4c66ae 0x4c66ae
0x4e01dc 0x4c66ae
