machine of 192 nodes
network kind: switch
L.network[1] = 4
L.network[2] = 4
L.network[3] = 4
L.network[4] = 3
DML_partition_in times: read 0.33  send 0.00  total 0.37
TIME("gauge_load","done") = 0.475 secs
TIME("gauge_stout_smear","done") = 0.418 secs
TIME("gauge_ape_smear","done") = 6.367 secs
init_level 0
init_level 1
creating MG level 0
creating lattice: 8 8 8 24
ndim = 4
numsites = 64
len = 8 8 8 24
nsquares = 2 2 4 12

creating block
local = 0
creating args
creating null vecs
0x4c66ae 0x4c66ae
0   6   250    0.0039368   0.00442794  0.00889936  0.0391886   0.318727  
1   2   120    0.00482982  0.00624674
2   3   198    0.00370043  0.0045477 
3   2   139    0.004686    0.00509425
4   2   121    0.00532635  0.00640247
5   2   130    0.00482126  0.00645303
6   2   134    0.00509753  0.0065408 
7   2   141    0.00476886  0.00638002
8   2   103    0.0058361   0.0067607 
9   2   128    0.00621405  0.00720527
10  2   117    0.00598698  0.00753594
11  2   142    0.00571991  0.00687073
12  2   112    0.0061233   0.00777904
13  2   126    0.00594229  0.00740063
14  2   136    0.00512265  0.0070932 
15  2   111    0.00551741  0.00704648
16  2   133    0.00668831  0.00752394
17  2   110    0.00608339  0.00766868
18  2   123    0.00596577  0.00789482
19  2   114    0.00613136  0.00765377
20  2   112    0.00623982  0.00769571
21  2   112    0.00660064  0.00752866
22  2   109    0.00634014  0.00804392
23  2   114    0.00599597  0.00761194
setup its = 3135
0    1           1.54984e-05  0.0039368 
1    1           2.33272e-05  0.00482982
2    1           1.36932e-05  0.00370043
3    1           2.19586e-05  0.004686  
4    1           2.837e-05   0.00532635
5    1           2.32446e-05  0.00482126
6    1           2.59848e-05  0.00509753
7    1           2.2742e-05  0.00476886
8    1           3.40601e-05  0.0058361 
9    1           3.86144e-05  0.00621405
10   1           3.58439e-05  0.00598698
11   1           3.27174e-05  0.00571991
12   1           3.74948e-05  0.0061233 
13   1           3.53108e-05  0.00594229
14   1           2.62415e-05  0.00512265
15   1           3.04418e-05  0.00551741
16   1           4.47335e-05  0.00668831
17   1           3.70076e-05  0.00608339
18   1           3.55904e-05  0.00596577
19   1           3.75936e-05  0.00613136
20   1           3.89353e-05  0.00623982
21   1           4.35684e-05  0.00660064
22   1           4.01974e-05  0.00634014
23   1           3.59517e-05  0.00599597
0    1           1.54984e-05  0.0039368 
1    1           2.26587e-05  0.00476011
2    1           1.39989e-05  0.00374151
3    1           2.06816e-05  0.0045477 
4    1           3.20832e-05  0.00566421
5    1           2.62305e-05  0.00512158
6    1           4.25216e-05  0.00652086
7    1           0.000196513  0.0140183 
8    1           9.6055e-05  0.00980077
9    1           0.00010422  0.0102088 
10   1           0.000393775  0.0198438 
11   1           0.000350435  0.0187199 
12   1           8.13765e-05  0.00902089
13   1           6.55461e-05  0.00809605
14   1           0.000208423  0.0144369 
15   1           0.000300503  0.017335  
16   1           0.000143406  0.0119752 
17   1           0.000196421  0.014015  
18   1           0.000258759  0.016086  
19   1           6.79529e-05  0.00824336
20   1           0.00012583  0.0112174 
21   1           0.000709622  0.0266387 
22   1           0.000160508  0.0126692 
23   1           0.000279605  0.0167214 
0    24576       364.531     0.12179   
1    24576       1345.54     0.233988  
2    24576       2164.36     0.296762  
3    24576       2844.72     0.340223  
4    24576       3418.74     0.372973  
5    24576       3973.28     0.402086  
6    24576       4381.67     0.422245  
7    24576       4741.43     0.439237  
8    24576       5182.85     0.459228  
9    24576       5540.93     0.474828  
10   24576       5801.54     0.485865  
11   24576       6124.44     0.499203  
12   24576       6466.38     0.51295   
13   24576       6722.99     0.523029  
14   24576       6962.53     0.532265  
15   24576       7248.1      0.543071  
16   24576       7487.3      0.551959  
17   24576       7695.57     0.559584  
18   24576       7933.62     0.568172  
19   24576       8152.24     0.575947  
20   24576       8326.65     0.582076  
21   24576       8481.51     0.587464  
22   24576       8730.94     0.596039  
23   24576       8933.15     0.602902  
get_nullvecs: 123.15 secs
vcomp 0  ( 590976 590976 )  4.8849e-07 / 2.3639e+06 = 2.06645e-13
vcomp 1  ( 589746 589746 )  5.16867e-07 / 2.35898e+06 = 2.19106e-13
vcomp 0  ( 590976 590976 )  4.9944e-07 / 2.3639e+06 = 2.11278e-13
vcomp 1  ( 589746 589746 )  5.27827e-07 / 2.35898e+06 = 2.23752e-13

creating true coarse operator
 shift  0 :  1  0  0  0
 shift  1 :  0  1  0  0
 shift  2 :  0  0  1  0
 shift  3 :  0  0  0  1
 shift  4 : -1  0  0  0
 shift  5 :  0 -1  0  0
 shift  6 :  0  0 -1  0
 shift  7 :  0  0  0 -1
 shift  8 :  0  0  0  0
16: 0 5 10 15
vcomp 0  ( 0.13339 0.13339 )  0 / 0.533561 = 0
vcomp 1  ( 0.0169026 0.0169026 )  0 / 0.0676106 = 0
vcomp 0  ( 1 1 )  2.25975e-14 / 4 = 5.64939e-15
vcomp 1  ( 0 2.23513e-15 )  2.23513e-15 / 2.23513e-15 = 1
vcomp 0  ( 1.28557 1.28557 )  1.12207e-13 / 5.14227 = 2.18205e-14
vcomp 1  ( 0.163924 0.163924 )  4.40922e-15 / 0.655694 = 6.7245e-15
vcomp 0  ( 0.104146 0.104146 )  9.00914e-16 / 0.416584 = 2.16262e-15
vcomp 1  ( 0.0125522 0.0125522 )  5.96361e-16 / 0.0502087 = 1.18776e-14
QOP_F_mgCloneOp: 125.077 secs
creating MG level 1
creating lattice: 4 4 4 12
ndim = 4
numsites = 4
len = 4 4 4 12
nsquares = 2 2 4 12

creating block
local = 1
creating args
creating null vecs
0x4e01dc 0x4c66ae
0   6   44     0.0134889   0.0170832   0.036947    0.104863    0.402573  
1   2   22     0.0229193   0.0257075 
2   3   34     0.0152729   0.0174932 
3   2   20     0.0203267   0.0227824 
4   2   22     0.0243296   0.0282824 
5   2   20     0.0223127   0.0274346 
6   2   20     0.024195    0.0288119 
7   3   36     0.0192017   0.0225349 
8   2   20     0.0264224   0.0269937 
9   2   20     0.0277233   0.0308641 
10  2   23     0.0267804   0.0302192 
11  2   23     0.0254739   0.031111  
12  2   23     0.0254114   0.0310066 
13  2   30     0.0248374   0.0284081 
14  2   20     0.0247968   0.0300716 
15  3   31     0.0230473   0.0243974 
16  2   21     0.0247149   0.0311527 
17  2   19     0.0271981   0.0310417 
18  2   22     0.0260781   0.0302442 
19  2   24     0.0244607   0.0300675 
20  2   18     0.0281427   0.0315907 
21  2   21     0.0291761   0.0366753 
22  2   23     0.0291284   0.0324421 
23  2   20     0.0270212   0.032429  
setup its = 576
0    1           0.000181949  0.0134889 
1    1           0.000525292  0.0229193 
2    1           0.000233262  0.0152729 
3    1           0.000413176  0.0203267 
4    1           0.000591929  0.0243296 
5    1           0.000497855  0.0223127 
6    1           0.000585399  0.024195  
7    1           0.000368706  0.0192017 
8    1           0.000698142  0.0264224 
9    1           0.000768581  0.0277233 
10   1           0.000717191  0.0267804 
11   1           0.000648918  0.0254739 
12   1           0.000645742  0.0254114 
13   1           0.000616896  0.0248374 
14   1           0.000614879  0.0247968 
15   1           0.000531179  0.0230473 
16   1           0.000610827  0.0247149 
17   1           0.000739739  0.0271981 
18   1           0.000680065  0.0260781 
19   1           0.000598325  0.0244607 
20   1           0.000792014  0.0281427 
21   1           0.000851246  0.0291761 
22   1           0.000848461  0.0291284 
23   1           0.000730148  0.0270212 
0    1           0.000181949  0.0134889 
1    1           0.000537245  0.0231785 
2    1           0.0002857   0.0169027 
3    1           0.000367351  0.0191664 
4    1           0.000586074  0.024209  
5    1           0.000671853  0.0259201 
6    1           0.00105866  0.0325371 
7    1           0.00165322  0.0406598 
8    1           0.00161341  0.0401673 
9    1           0.000810937  0.028477  
10   1           0.000961466  0.0310075 
11   1           0.00179706  0.0423917 
12   1           0.00504665  0.0710398 
13   1           0.00162432  0.0403028 
14   1           0.00268557  0.0518225 
15   1           0.006777    0.0823225 
16   1           0.00174099  0.0417252 
17   1           0.00190085  0.0435987 
18   1           0.00304219  0.0551561 
19   1           0.0020304   0.04506   
20   1           0.00413026  0.0642671 
21   1           0.00654432  0.0808969 
22   1           0.00362362  0.0601965 
23   1           0.00546466  0.0739234 
0    1536        39.2223     0.159798  
1    1536        119.07      0.278424  
2    1536        181.078     0.34335   
3    1536        229.769     0.386768  
4    1536        283.648     0.429729  
5    1536        325.15      0.460094  
6    1536        360.718     0.484605  
7    1536        405.472     0.513789  
8    1536        434.155     0.531651  
9    1536        467.056     0.551428  
10   1536        499.8       0.57043   
11   1536        531.883     0.588454  
12   1536        568.218     0.608222  
13   1536        579.539     0.614251  
14   1536        604.328     0.62725   
15   1536        639.165     0.645076  
16   1536        660.895     0.65595   
17   1536        682.422     0.666547  
18   1536        702.718     0.676387  
19   1536        728.099     0.688493  
20   1536        757.646     0.702324  
21   1536        782.179     0.713604  
22   1536        810.194     0.726271  
23   1536        846.291     0.742274  
get_nullvecs: 1.91481 secs
vcomp 0  ( 36549.4 36549.4 )  4.24848e-09 / 146198 = 2.90598e-14
vcomp 1  ( 37283.8 37283.8 )  4.24678e-09 / 149135 = 2.8476e-14
vcomp 0  ( 36549.4 36549.4 )  4.81425e-09 / 146198 = 3.29298e-14
vcomp 1  ( 37283.8 37283.8 )  4.81361e-09 / 149135 = 3.22769e-14

creating true coarse operator
 shift  0 :  1  0  0  0
 shift  1 :  0  1  0  0
 shift  2 :  0  0  1  0
 shift  3 :  0  0  0  1
 shift  4 : -1  0  0  0
 shift  5 :  0 -1  0  0
 shift  6 :  0  0 -1  0
 shift  7 :  0  0  0 -1
 shift  8 :  0  0  0  0
16: 0 5 10 15
vcomp 0  ( 0.422789 0.422789 )  0 / 1.69116 = 0
vcomp 1  ( 0.0243 0.0243 )  0 / 0.0972002 = 0
vcomp 0  ( 1 0.999998 )  8.02879e-13 / 4 = 2.0072e-13
vcomp 1  ( 0 1.99845e-15 )  1.99845e-15 / 1.99845e-15 = 1
vcomp 0  ( 1.39824 1.39824 )  2.43767e-13 / 5.59295 = 4.35847e-14
vcomp 1  ( 0.0626604 0.0626604 )  1.16094e-14 / 0.250642 = 4.63187e-14
vcomp 0  ( 0.205248 0.205248 )  1.47481e-14 / 0.820992 = 1.79638e-14
vcomp 1  ( 0.0265044 0.0265044 )  2.91321e-15 / 0.106017 = 2.74786e-14
QOP_F_mgCloneOp: 1.22271 secs
TIME("set up mg solver","done") = 251.957 secs
TIME("make_mg_solver","done") = 251.957 secs
momentum smearing with ( 0 0 0 0 )
TIME("make_mom_smear_fct","done") = 0.010 secs
TIME("smear[cpu]","done") = 0.114 secs
TIME("frw_prop_source.2004.x0y0z0t0","done") = 0.149 secs
iters =   21  secs = 6.241501  rsq = 2.13461e-16
level 0 count 21 tpre 0.01 tcoarse 3.39 tpost 1.99 trest 1.49 tprol 1.41
level 1 count 40 tpre 0.00 tcoarse 0.08 tpost 0.31 trest 0.00 tprol 0.00
iters =   21  secs = 6.187044  rsq = 2.35711e-16
level 0 count 21 tpre 0.01 tcoarse 3.35 tpost 1.99 trest 1.47 tprol 1.41
level 1 count 38 tpre 0.00 tcoarse 0.07 tpost 0.29 trest 0.00 tprol 0.00
iters =   21  secs = 6.197574  rsq = 2.63749e-16
level 0 count 21 tpre 0.01 tcoarse 3.37 tpost 1.99 trest 1.48 tprol 1.41
level 1 count 39 tpre 0.00 tcoarse 0.08 tpost 0.30 trest 0.00 tprol 0.00
iters =   21  secs = 6.193601  rsq = 2.29663e-16
level 0 count 21 tpre 0.01 tcoarse 3.36 tpost 1.99 trest 1.48 tprol 1.41
level 1 count 38 tpre 0.00 tcoarse 0.08 tpost 0.29 trest 0.00 tprol 0.00
iters =   21  secs = 6.223155  rsq = 1.90252e-16
level 0 count 21 tpre 0.01 tcoarse 3.38 tpost 2.00 trest 1.47 tprol 1.41
level 1 count 40 tpre 0.00 tcoarse 0.08 tpost 0.31 trest 0.00 tprol 0.00
iters =   21  secs = 6.194446  rsq = 2.19384e-16
level 0 count 21 tpre 0.01 tcoarse 3.36 tpost 1.99 trest 1.47 tprol 1.41
level 1 count 39 tpre 0.00 tcoarse 0.08 tpost 0.30 trest 0.00 tprol 0.00
iters =   21  secs = 6.212355  rsq = 2.60948e-16
level 0 count 21 tpre 0.01 tcoarse 3.38 tpost 1.99 trest 1.48 tprol 1.41
level 1 count 40 tpre 0.00 tcoarse 0.08 tpost 0.31 trest 0.00 tprol 0.00
iters =   21  secs = 6.202892  rsq = 2.73406e-16
level 0 count 21 tpre 0.01 tcoarse 3.37 tpost 1.99 trest 1.47 tprol 1.41
level 1 count 39 tpre 0.00 tcoarse 0.08 tpost 0.30 trest 0.00 tprol 0.00
iters =   21  secs = 6.191502  rsq = 2.55099e-16
level 0 count 21 tpre 0.01 tcoarse 3.36 tpost 1.99 trest 1.47 tprol 1.41
level 1 count 39 tpre 0.00 tcoarse 0.08 tpost 0.30 trest 0.00 tprol 0.00
iters =   21  secs = 6.217930  rsq = 2.51775e-16
level 0 count 21 tpre 0.01 tcoarse 3.38 tpost 1.99 trest 1.47 tprol 1.41
level 1 count 40 tpre 0.00 tcoarse 0.08 tpost 0.31 trest 0.00 tprol 0.00
iters =   21  secs = 6.211899  rsq = 1.8633e-16
level 0 count 21 tpre 0.01 tcoarse 3.38 tpost 1.99 trest 1.47 tprol 1.41
level 1 count 40 tpre 0.00 tcoarse 0.08 tpost 0.31 trest 0.00 tprol 0.00
iters =   21  secs = 6.192724  rsq = 2.96805e-16
level 0 count 21 tpre 0.01 tcoarse 3.36 tpost 1.99 trest 1.47 tprol 1.41
level 1 count 38 tpre 0.00 tcoarse 0.08 tpost 0.29 trest 0.00 tprol 0.00
TIME("smear[cpu]","done") = 8.993 secs
TIME("frw_prop.2004.x0y0z0t0","done") = 84.967 secs
TIME("fwd_prop-write","done") = 9.330 secs
TIME("sm_fwd_prop-write","done") = 8.063 secs
doing sink momentum 0 0 0 0
The sink time is 10
computing (1-g4) projected prop
TIME("c3pt","bwd_source") = 0.396 secs
TIME("smear[cpu]","done") = 1.263 secs
iters =   21  secs = 6.251238  rsq = 2.8698e-16
level 0 count 21 tpre 0.01 tcoarse 3.39 tpost 2.01 trest 1.47 tprol 1.41
level 1 count 41 tpre 0.00 tcoarse 0.08 tpost 0.33 trest 0.00 tprol 0.00
iters =   21  secs = 6.233761  rsq = 3.4582e-16
level 0 count 21 tpre 0.01 tcoarse 3.40 tpost 1.99 trest 1.48 tprol 1.41
level 1 count 40 tpre 0.00 tcoarse 0.08 tpost 0.32 trest 0.00 tprol 0.00
iters =   21  secs = 6.221097  rsq = 3.85259e-16
level 0 count 21 tpre 0.01 tcoarse 3.39 tpost 1.99 trest 1.47 tprol 1.41
level 1 count 40 tpre 0.00 tcoarse 0.08 tpost 0.32 trest 0.00 tprol 0.00
iters =   21  secs = 6.237042  rsq = 2.60112e-16
level 0 count 21 tpre 0.01 tcoarse 3.40 tpost 1.99 trest 1.48 tprol 1.41
level 1 count 41 tpre 0.00 tcoarse 0.08 tpost 0.33 trest 0.00 tprol 0.00
iters =   21  secs = 6.228686  rsq = 3.27346e-16
level 0 count 21 tpre 0.01 tcoarse 3.39 tpost 1.99 trest 1.48 tprol 1.41
level 1 count 40 tpre 0.00 tcoarse 0.08 tpost 0.32 trest 0.00 tprol 0.00
iters =   21  secs = 6.226266  rsq = 3.87396e-16
level 0 count 21 tpre 0.01 tcoarse 3.39 tpost 1.99 trest 1.48 tprol 1.41
level 1 count 40 tpre 0.00 tcoarse 0.08 tpost 0.32 trest 0.00 tprol 0.00
TIME("c3pt","bwd_prop") = 39.744 secs
TIME("seq_prop-write","done") = 8.132 secs
TIME("smear[cpu]","done") = 8.955 secs
seq check: complex(3.46459e-10, -7.19649e-11)
doing sink momentum 0 0 0 0
The sink time is 10
computing (1-g4) projected prop
TIME("c3pt","bwd_source") = 0.448 secs
TIME("smear[cpu]","done") = 1.266 secs
iters =   21  secs = 6.327402  rsq = 2.8698e-16
level 0 count 21 tpre 0.01 tcoarse 3.49 tpost 1.99 trest 1.47 tprol 1.52
level 1 count 41 tpre 0.00 tcoarse 0.08 tpost 0.32 trest 0.00 tprol 0.00
iters =   21  secs = 6.223154  rsq = 3.13593e-16
level 0 count 21 tpre 0.01 tcoarse 3.39 tpost 1.99 trest 1.47 tprol 1.41
level 1 count 41 tpre 0.00 tcoarse 0.08 tpost 0.32 trest 0.00 tprol 0.00
iters =   21  secs = 6.205264  rsq = 3.85259e-16
level 0 count 21 tpre 0.01 tcoarse 3.37 tpost 1.99 trest 1.47 tprol 1.41
level 1 count 40 tpre 0.00 tcoarse 0.08 tpost 0.31 trest 0.00 tprol 0.00
iters =   21  secs = 6.233485  rsq = 3.01993e-16
level 0 count 21 tpre 0.01 tcoarse 3.39 tpost 1.99 trest 1.48 tprol 1.41
level 1 count 41 tpre 0.00 tcoarse 0.08 tpost 0.32 trest 0.00 tprol 0.00
iters =   21  secs = 6.209032  rsq = 3.27346e-16
level 0 count 21 tpre 0.01 tcoarse 3.38 tpost 1.99 trest 1.47 tprol 1.41
level 1 count 40 tpre 0.00 tcoarse 0.08 tpost 0.31 trest 0.00 tprol 0.00
iters =   21  secs = 6.218946  rsq = 3.62942e-16
level 0 count 21 tpre 0.01 tcoarse 3.39 tpost 1.99 trest 1.48 tprol 1.41
level 1 count 41 tpre 0.00 tcoarse 0.08 tpost 0.32 trest 0.00 tprol 0.00
TIME("c3pt","bwd_prop") = 39.814 secs
TIME("seq_prop-write","done") = 7.436 secs
TIME("smear[cpu]","done") = 8.956 secs
seq check: complex(6.92918e-10, -1.4393e-10)
TIME("smear[cpu]","done") = 0.087 secs
TIME("frw_prop_source.2004.x8y0z0t0","done") = 0.120 secs
iters =   21  secs = 6.225014  rsq = 2.78536e-16
level 0 count 21 tpre 0.01 tcoarse 3.39 tpost 1.99 trest 1.48 tprol 1.42
level 1 count 40 tpre 0.00 tcoarse 0.08 tpost 0.31 trest 0.00 tprol 0.00
iters =   21  secs = 6.238225  rsq = 1.95205e-16
level 0 count 21 tpre 0.01 tcoarse 3.38 tpost 2.01 trest 1.48 tprol 1.42
level 1 count 39 tpre 0.00 tcoarse 0.08 tpost 0.31 trest 0.00 tprol 0.00
iters =   21  secs = 6.236333  rsq = 2.81833e-16
level 0 count 21 tpre 0.01 tcoarse 3.40 tpost 1.99 trest 1.48 tprol 1.41
level 1 count 39 tpre 0.00 tcoarse 0.09 tpost 0.32 trest 0.00 tprol 0.00
iters =   20  secs = 5.920443  rsq = 8.78225e-16
level 0 count 20 tpre 0.01 tcoarse 3.23 tpost 1.89 trest 1.41 tprol 1.34
level 1 count 38 tpre 0.00 tcoarse 0.08 tpost 0.30 trest 0.00 tprol 0.00
iters =   21  secs = 6.213904  rsq = 3.15542e-16
level 0 count 21 tpre 0.01 tcoarse 3.38 tpost 1.99 trest 1.48 tprol 1.41
level 1 count 39 tpre 0.00 tcoarse 0.08 tpost 0.31 trest 0.00 tprol 0.00
iters =   21  secs = 6.206055  rsq = 2.47619e-16
level 0 count 21 tpre 0.01 tcoarse 3.37 tpost 1.99 trest 1.47 tprol 1.40
level 1 count 40 tpre 0.00 tcoarse 0.08 tpost 0.31 trest 0.00 tprol 0.00
iters =   21  secs = 6.226261  rsq = 2.7046e-16
level 0 count 21 tpre 0.01 tcoarse 3.39 tpost 1.99 trest 1.47 tprol 1.41
level 1 count 41 tpre 0.00 tcoarse 0.09 tpost 0.32 trest 0.00 tprol 0.00
iters =   21  secs = 6.227482  rsq = 2.54645e-16
level 0 count 21 tpre 0.01 tcoarse 3.39 tpost 1.99 trest 1.47 tprol 1.41
level 1 count 41 tpre 0.00 tcoarse 0.08 tpost 0.32 trest 0.00 tprol 0.00
iters =   21  secs = 6.228391  rsq = 2.24633e-16
level 0 count 21 tpre 0.01 tcoarse 3.39 tpost 1.99 trest 1.47 tprol 1.41
level 1 count 41 tpre 0.00 tcoarse 0.09 tpost 0.32 trest 0.00 tprol 0.00
iters =   21  secs = 6.242224  rsq = 2.29292e-16
level 0 count 21 tpre 0.01 tcoarse 3.41 tpost 1.99 trest 1.47 tprol 1.41
level 1 count 42 tpre 0.00 tcoarse 0.08 tpost 0.33 trest 0.00 tprol 0.00
iters =   21  secs = 6.226852  rsq = 2.41046e-16
level 0 count 21 tpre 0.01 tcoarse 3.39 tpost 1.99 trest 1.47 tprol 1.41
level 1 count 41 tpre 0.00 tcoarse 0.08 tpost 0.32 trest 0.00 tprol 0.00
iters =   21  secs = 6.224426  rsq = 2.15294e-16
level 0 count 21 tpre 0.01 tcoarse 3.39 tpost 1.99 trest 1.47 tprol 1.41
level 1 count 40 tpre 0.00 tcoarse 0.08 tpost 0.31 trest 0.00 tprol 0.00
TIME("smear[cpu]","done") = 8.971 secs
TIME("frw_prop.2004.x8y0z0t0","done") = 84.704 secs
TIME("fwd_prop-write","done") = 7.858 secs
TIME("sm_fwd_prop-write","done") = 12.938 secs
doing sink momentum 0 0 0 0
The sink time is 10
computing (1-g4) projected prop
TIME("c3pt","bwd_source") = 0.394 secs
TIME("smear[cpu]","done") = 1.265 secs
iters =   21  secs = 6.238837  rsq = 3.31472e-16
level 0 count 21 tpre 0.01 tcoarse 3.40 tpost 1.99 trest 1.47 tprol 1.42
level 1 count 41 tpre 0.00 tcoarse 0.08 tpost 0.32 trest 0.00 tprol 0.00
iters =   21  secs = 6.229666  rsq = 3.37048e-16
level 0 count 21 tpre 0.01 tcoarse 3.40 tpost 1.99 trest 1.47 tprol 1.41
level 1 count 41 tpre 0.00 tcoarse 0.08 tpost 0.32 trest 0.00 tprol 0.00
iters =   21  secs = 6.215073  rsq = 4.11055e-16
level 0 count 21 tpre 0.01 tcoarse 3.38 tpost 1.99 trest 1.47 tprol 1.41
level 1 count 40 tpre 0.00 tcoarse 0.08 tpost 0.32 trest 0.00 tprol 0.00
iters =   21  secs = 6.235700  rsq = 3.70102e-16
level 0 count 21 tpre 0.01 tcoarse 3.40 tpost 1.99 trest 1.48 tprol 1.42
level 1 count 41 tpre 0.00 tcoarse 0.08 tpost 0.32 trest 0.00 tprol 0.00
iters =   21  secs = 6.234167  rsq = 3.55518e-16
level 0 count 21 tpre 0.01 tcoarse 3.40 tpost 1.99 trest 1.48 tprol 1.41
level 1 count 41 tpre 0.00 tcoarse 0.08 tpost 0.32 trest 0.00 tprol 0.00
iters =   21  secs = 6.202684  rsq = 4.90169e-16
level 0 count 21 tpre 0.01 tcoarse 3.37 tpost 1.99 trest 1.48 tprol 1.41
level 1 count 38 tpre 0.00 tcoarse 0.08 tpost 0.30 trest 0.00 tprol 0.00
TIME("c3pt","bwd_prop") = 39.701 secs
TIME("seq_prop-write","done") = 8.480 secs
TIME("smear[cpu]","done") = 8.962 secs
seq check: complex(1.94726e-10, -3.35126e-10)
doing sink momentum 0 0 0 0
The sink time is 10
computing (1-g4) projected prop
TIME("c3pt","bwd_source") = 0.444 secs
TIME("smear[cpu]","done") = 1.269 secs
iters =   21  secs = 6.226334  rsq = 3.31472e-16
level 0 count 21 tpre 0.01 tcoarse 3.40 tpost 1.99 trest 1.47 tprol 1.42
level 1 count 41 tpre 0.00 tcoarse 0.08 tpost 0.32 trest 0.00 tprol 0.00
iters =   21  secs = 6.220848  rsq = 3.40672e-16
level 0 count 21 tpre 0.01 tcoarse 3.39 tpost 1.99 trest 1.48 tprol 1.42
level 1 count 40 tpre 0.00 tcoarse 0.08 tpost 0.31 trest 0.00 tprol 0.00
iters =   21  secs = 6.209770  rsq = 4.11055e-16
level 0 count 21 tpre 0.01 tcoarse 3.38 tpost 1.99 trest 1.47 tprol 1.41
level 1 count 40 tpre 0.00 tcoarse 0.08 tpost 0.31 trest 0.00 tprol 0.00
iters =   21  secs = 6.232366  rsq = 2.49512e-16
level 0 count 21 tpre 0.01 tcoarse 3.40 tpost 1.99 trest 1.48 tprol 1.42
level 1 count 41 tpre 0.00 tcoarse 0.08 tpost 0.32 trest 0.00 tprol 0.00
iters =   21  secs = 6.223967  rsq = 3.55518e-16
level 0 count 21 tpre 0.01 tcoarse 3.40 tpost 1.99 trest 1.48 tprol 1.41
level 1 count 41 tpre 0.00 tcoarse 0.08 tpost 0.32 trest 0.00 tprol 0.00
iters =   21  secs = 6.221096  rsq = 3.59653e-16
level 0 count 21 tpre 0.01 tcoarse 3.39 tpost 1.99 trest 1.48 tprol 1.42
level 1 count 40 tpre 0.00 tcoarse 0.08 tpost 0.31 trest 0.00 tprol 0.00
TIME("c3pt","bwd_prop") = 39.735 secs
TIME("seq_prop-write","done") = 8.176 secs
TIME("smear[cpu]","done") = 8.944 secs
seq check: complex(3.89452e-10, -6.70253e-10)
TIME("smear[cpu]","done") = 0.094 secs
TIME("frw_prop_source.2004.x16y0z0t0","done") = 0.128 secs
iters =   21  secs = 6.205480  rsq = 1.9613e-16
level 0 count 21 tpre 0.01 tcoarse 3.37 tpost 1.99 trest 1.47 tprol 1.41
level 1 count 38 tpre 0.00 tcoarse 0.07 tpost 0.30 trest 0.00 tprol 0.00
iters =   21  secs = 6.207800  rsq = 3.85737e-16
level 0 count 21 tpre 0.01 tcoarse 3.37 tpost 1.99 trest 1.48 tprol 1.41
level 1 count 37 tpre 0.00 tcoarse 0.08 tpost 0.30 trest 0.00 tprol 0.00
iters =   21  secs = 6.226921  rsq = 2.21885e-16
level 0 count 21 tpre 0.01 tcoarse 3.39 tpost 1.99 trest 1.48 tprol 1.41
level 1 count 39 tpre 0.00 tcoarse 0.08 tpost 0.31 trest 0.00 tprol 0.00
iters =   21  secs = 6.237789  rsq = 2.40714e-16
level 0 count 21 tpre 0.01 tcoarse 3.40 tpost 1.99 trest 1.48 tprol 1.41
level 1 count 40 tpre 0.00 tcoarse 0.08 tpost 0.32 trest 0.00 tprol 0.00
iters =   21  secs = 6.221036  rsq = 2.16265e-16
level 0 count 21 tpre 0.01 tcoarse 3.39 tpost 1.99 trest 1.48 tprol 1.41
level 1 count 39 tpre 0.00 tcoarse 0.08 tpost 0.31 trest 0.00 tprol 0.00
iters =   21  secs = 6.227697  rsq = 2.04156e-16
level 0 count 21 tpre 0.01 tcoarse 3.39 tpost 1.99 trest 1.48 tprol 1.41
level 1 count 40 tpre 0.00 tcoarse 0.08 tpost 0.32 trest 0.00 tprol 0.00
iters =   21  secs = 6.218485  rsq = 2.2084e-16
level 0 count 21 tpre 0.01 tcoarse 3.38 tpost 1.99 trest 1.47 tprol 1.41
level 1 count 39 tpre 0.00 tcoarse 0.08 tpost 0.31 trest 0.00 tprol 0.00
iters =   20  secs = 5.926130  rsq = 8.64254e-16
level 0 count 20 tpre 0.01 tcoarse 3.23 tpost 1.90 trest 1.41 tprol 1.35
level 1 count 37 tpre 0.00 tcoarse 0.08 tpost 0.30 trest 0.00 tprol 0.00
iters =   21  secs = 6.214441  rsq = 2.72093e-16
level 0 count 21 tpre 0.01 tcoarse 3.38 tpost 1.99 trest 1.47 tprol 1.41
level 1 count 39 tpre 0.00 tcoarse 0.08 tpost 0.31 trest 0.00 tprol 0.00
iters =   21  secs = 6.239542  rsq = 2.01912e-16
level 0 count 21 tpre 0.01 tcoarse 3.40 tpost 1.99 trest 1.48 tprol 1.41
level 1 count 40 tpre 0.00 tcoarse 0.09 tpost 0.32 trest 0.00 tprol 0.00
iters =   21  secs = 6.236129  rsq = 2.00638e-16
level 0 count 21 tpre 0.01 tcoarse 3.40 tpost 1.99 trest 1.48 tprol 1.41
level 1 count 40 tpre 0.00 tcoarse 0.09 tpost 0.32 trest 0.00 tprol 0.00
iters =   21  secs = 6.216858  rsq = 2.269e-16
level 0 count 21 tpre 0.01 tcoarse 3.38 tpost 1.99 trest 1.48 tprol 1.41
level 1 count 39 tpre 0.00 tcoarse 0.08 tpost 0.31 trest 0.00 tprol 0.00
TIME("smear[cpu]","done") = 8.949 secs
TIME("frw_prop.2004.x16y0z0t0","done") = 84.663 secs
TIME("fwd_prop-write","done") = 7.027 secs
TIME("sm_fwd_prop-write","done") = 7.462 secs
doing sink momentum 0 0 0 0
The sink time is 10
computing (1-g4) projected prop
TIME("c3pt","bwd_source") = 0.392 secs
TIME("smear[cpu]","done") = 1.274 secs
iters =   21  secs = 6.220519  rsq = 3.60525e-16
level 0 count 21 tpre 0.01 tcoarse 3.39 tpost 1.99 trest 1.47 tprol 1.41
level 1 count 40 tpre 0.00 tcoarse 0.08 tpost 0.32 trest 0.00 tprol 0.00
iters =   21  secs = 6.230797  rsq = 3.3502e-16
level 0 count 21 tpre 0.01 tcoarse 3.40 tpost 1.99 trest 1.47 tprol 1.41
level 1 count 40 tpre 0.00 tcoarse 0.08 tpost 0.32 trest 0.00 tprol 0.00
iters =   21  secs = 6.229716  rsq = 2.41273e-16
level 0 count 21 tpre 0.01 tcoarse 3.39 tpost 1.99 trest 1.47 tprol 1.41
level 1 count 41 tpre 0.00 tcoarse 0.08 tpost 0.33 trest 0.00 tprol 0.00
iters =   21  secs = 6.257422  rsq = 2.70093e-16
level 0 count 21 tpre 0.01 tcoarse 3.40 tpost 2.01 trest 1.47 tprol 1.41
level 1 count 41 tpre 0.00 tcoarse 0.08 tpost 0.33 trest 0.00 tprol 0.00
iters =   21  secs = 6.218389  rsq = 4.34404e-16
level 0 count 21 tpre 0.01 tcoarse 3.38 tpost 1.99 trest 1.47 tprol 1.41
level 1 count 39 tpre 0.00 tcoarse 0.08 tpost 0.31 trest 0.00 tprol 0.00
iters =   21  secs = 6.238940  rsq = 2.91692e-16
level 0 count 21 tpre 0.01 tcoarse 3.40 tpost 1.99 trest 1.47 tprol 1.41
level 1 count 41 tpre 0.00 tcoarse 0.08 tpost 0.33 trest 0.00 tprol 0.00
TIME("c3pt","bwd_prop") = 39.754 secs
TIME("seq_prop-write","done") = 6.897 secs
TIME("smear[cpu]","done") = 8.949 secs
seq check: complex(5.52672e-10, 1.50198e-10)
doing sink momentum 0 0 0 0
The sink time is 10
computing (1-g4) projected prop
TIME("c3pt","bwd_source") = 0.446 secs
TIME("smear[cpu]","done") = 1.265 secs
iters =   21  secs = 6.227796  rsq = 3.60525e-16
level 0 count 21 tpre 0.01 tcoarse 3.39 tpost 1.99 trest 1.47 tprol 1.41
level 1 count 40 tpre 0.00 tcoarse 0.08 tpost 0.32 trest 0.00 tprol 0.00
iters =   21  secs = 6.239171  rsq = 3.00322e-16
level 0 count 21 tpre 0.01 tcoarse 3.41 tpost 1.99 trest 1.47 tprol 1.42
level 1 count 41 tpre 0.00 tcoarse 0.08 tpost 0.33 trest 0.00 tprol 0.00
iters =   21  secs = 6.240898  rsq = 2.41273e-16
level 0 count 21 tpre 0.01 tcoarse 3.41 tpost 1.99 trest 1.48 tprol 1.41
level 1 count 41 tpre 0.00 tcoarse 0.08 tpost 0.33 trest 0.00 tprol 0.00
iters =   21  secs = 6.205758  rsq = 3.80175e-16
level 0 count 21 tpre 0.01 tcoarse 3.37 tpost 1.99 trest 1.47 tprol 1.41
level 1 count 38 tpre 0.00 tcoarse 0.08 tpost 0.30 trest 0.00 tprol 0.00
iters =   21  secs = 6.224201  rsq = 4.34404e-16
level 0 count 21 tpre 0.01 tcoarse 3.39 tpost 1.99 trest 1.48 tprol 1.41
level 1 count 39 tpre 0.00 tcoarse 0.08 tpost 0.31 trest 0.00 tprol 0.00
iters =   21  secs = 6.231389  rsq = 2.24573e-16
level 0 count 21 tpre 0.01 tcoarse 3.40 tpost 1.99 trest 1.48 tprol 1.41
level 1 count 40 tpre 0.00 tcoarse 0.08 tpost 0.32 trest 0.00 tprol 0.00
TIME("c3pt","bwd_prop") = 39.769 secs
TIME("seq_prop-write","done") = 8.045 secs
TIME("smear[cpu]","done") = 8.949 secs
seq check: complex(1.10534e-09, 3.00395e-10)
TIME("smear[cpu]","done") = 0.087 secs
TIME("frw_prop_source.2004.x24y0z0t0","done") = 0.121 secs
iters =   21  secs = 6.212585  rsq = 2.17175e-16
level 0 count 21 tpre 0.01 tcoarse 3.38 tpost 1.99 trest 1.47 tprol 1.41
level 1 count 40 tpre 0.00 tcoarse 0.08 tpost 0.31 trest 0.00 tprol 0.00
iters =   21  secs = 6.197374  rsq = 3.60091e-16
level 0 count 21 tpre 0.01 tcoarse 3.36 tpost 1.99 trest 1.47 tprol 1.41
level 1 count 38 tpre 0.00 tcoarse 0.08 tpost 0.30 trest 0.00 tprol 0.00
iters =   21  secs = 6.210655  rsq = 2.11192e-16
level 0 count 21 tpre 0.01 tcoarse 3.38 tpost 1.99 trest 1.47 tprol 1.41
level 1 count 39 tpre 0.00 tcoarse 0.08 tpost 0.31 trest 0.00 tprol 0.00
iters =   21  secs = 6.210489  rsq = 1.8417e-16
level 0 count 21 tpre 0.01 tcoarse 3.37 tpost 1.99 trest 1.47 tprol 1.41
level 1 count 39 tpre 0.00 tcoarse 0.08 tpost 0.31 trest 0.00 tprol 0.00
iters =   21  secs = 6.223568  rsq = 2.36383e-16
level 0 count 21 tpre 0.01 tcoarse 3.39 tpost 1.99 trest 1.48 tprol 1.41
level 1 count 40 tpre 0.00 tcoarse 0.08 tpost 0.31 trest 0.00 tprol 0.00
iters =   21  secs = 6.199993  rsq = 3.0819e-16
level 0 count 21 tpre 0.01 tcoarse 3.36 tpost 1.99 trest 1.47 tprol 1.41
level 1 count 38 tpre 0.00 tcoarse 0.08 tpost 0.30 trest 0.00 tprol 0.00
iters =   21  secs = 6.190174  rsq = 2.83503e-16
level 0 count 21 tpre 0.01 tcoarse 3.36 tpost 1.99 trest 1.47 tprol 1.41
level 1 count 37 tpre 0.00 tcoarse 0.08 tpost 0.29 trest 0.00 tprol 0.00
iters =   21  secs = 6.195885  rsq = 1.88983e-16
level 0 count 21 tpre 0.01 tcoarse 3.36 tpost 1.99 trest 1.47 tprol 1.41
level 1 count 38 tpre 0.00 tcoarse 0.08 tpost 0.30 trest 0.00 tprol 0.00
iters =   21  secs = 6.210679  rsq = 1.81645e-16
level 0 count 21 tpre 0.01 tcoarse 3.38 tpost 1.99 trest 1.47 tprol 1.41
level 1 count 39 tpre 0.00 tcoarse 0.08 tpost 0.31 trest 0.00 tprol 0.00
iters =   20  secs = 5.908292  rsq = 8.64368e-16
level 0 count 20 tpre 0.01 tcoarse 3.21 tpost 1.89 trest 1.40 tprol 1.34
level 1 count 37 tpre 0.00 tcoarse 0.08 tpost 0.29 trest 0.00 tprol 0.00
iters =   21  secs = 6.195209  rsq = 2.15678e-16
level 0 count 21 tpre 0.01 tcoarse 3.36 tpost 1.99 trest 1.47 tprol 1.41
level 1 count 38 tpre 0.00 tcoarse 0.08 tpost 0.30 trest 0.00 tprol 0.00
iters =   21  secs = 6.207630  rsq = 2.1788e-16
level 0 count 21 tpre 0.01 tcoarse 3.37 tpost 1.99 trest 1.47 tprol 1.41
level 1 count 39 tpre 0.00 tcoarse 0.09 tpost 0.31 trest 0.00 tprol 0.00
TIME("smear[cpu]","done") = 8.958 secs
TIME("frw_prop.2004.x24y0z0t0","done") = 84.484 secs
TIME("fwd_prop-write","done") = 7.562 secs
TIME("sm_fwd_prop-write","done") = 7.237 secs
doing sink momentum 0 0 0 0
The sink time is 10
computing (1-g4) projected prop
TIME("c3pt","bwd_source") = 0.402 secs
TIME("smear[cpu]","done") = 1.271 secs
iters =   21  secs = 6.235645  rsq = 3.1878e-16
level 0 count 21 tpre 0.01 tcoarse 3.40 tpost 1.99 trest 1.47 tprol 1.41
level 1 count 41 tpre 0.00 tcoarse 0.08 tpost 0.33 trest 0.00 tprol 0.00
iters =   21  secs = 6.225177  rsq = 3.10753e-16
level 0 count 21 tpre 0.01 tcoarse 3.39 tpost 1.99 trest 1.47 tprol 1.41
level 1 count 40 tpre 0.00 tcoarse 0.08 tpost 0.32 trest 0.00 tprol 0.00
iters =   21  secs = 6.227396  rsq = 3.55571e-16
level 0 count 21 tpre 0.01 tcoarse 3.39 tpost 1.99 trest 1.47 tprol 1.41
level 1 count 40 tpre 0.00 tcoarse 0.08 tpost 0.32 trest 0.00 tprol 0.00
iters =   21  secs = 6.239354  rsq = 2.66665e-16
level 0 count 21 tpre 0.01 tcoarse 3.40 tpost 1.99 trest 1.47 tprol 1.41
level 1 count 41 tpre 0.00 tcoarse 0.08 tpost 0.33 trest 0.00 tprol 0.00
iters =   21  secs = 6.253979  rsq = 2.98624e-16
level 0 count 21 tpre 0.01 tcoarse 3.41 tpost 2.00 trest 1.47 tprol 1.42
level 1 count 41 tpre 0.00 tcoarse 0.08 tpost 0.33 trest 0.00 tprol 0.00
iters =   21  secs = 6.233730  rsq = 3.23694e-16
level 0 count 21 tpre 0.01 tcoarse 3.40 tpost 1.99 trest 1.48 tprol 1.41
level 1 count 40 tpre 0.00 tcoarse 0.08 tpost 0.32 trest 0.00 tprol 0.00
TIME("c3pt","bwd_prop") = 39.769 secs
TIME("seq_prop-write","done") = 7.347 secs
TIME("smear[cpu]","done") = 8.964 secs
seq check: complex(3.73e-10, -1.93518e-10)
doing sink momentum 0 0 0 0
The sink time is 10
computing (1-g4) projected prop
TIME("c3pt","bwd_source") = 0.441 secs
TIME("smear[cpu]","done") = 1.259 secs
iters =   21  secs = 6.248243  rsq = 3.1878e-16
level 0 count 21 tpre 0.01 tcoarse 3.41 tpost 1.99 trest 1.48 tprol 1.42
level 1 count 41 tpre 0.00 tcoarse 0.08 tpost 0.33 trest 0.00 tprol 0.00
iters =   21  secs = 6.225907  rsq = 3.1883e-16
level 0 count 21 tpre 0.01 tcoarse 3.39 tpost 1.99 trest 1.48 tprol 1.41
level 1 count 39 tpre 0.00 tcoarse 0.08 tpost 0.31 trest 0.00 tprol 0.00
iters =   21  secs = 6.242215  rsq = 3.55571e-16
level 0 count 21 tpre 0.01 tcoarse 3.41 tpost 1.99 trest 1.47 tprol 1.42
level 1 count 40 tpre 0.00 tcoarse 0.08 tpost 0.32 trest 0.00 tprol 0.00
iters =   21  secs = 6.248625  rsq = 2.70561e-16
level 0 count 21 tpre 0.01 tcoarse 3.40 tpost 2.00 trest 1.48 tprol 1.42
level 1 count 40 tpre 0.00 tcoarse 0.08 tpost 0.32 trest 0.00 tprol 0.00
iters =   21  secs = 6.232098  rsq = 2.98624e-16
level 0 count 21 tpre 0.01 tcoarse 3.40 tpost 1.99 trest 1.47 tprol 1.41
level 1 count 41 tpre 0.00 tcoarse 0.08 tpost 0.33 trest 0.00 tprol 0.00
iters =   21  secs = 6.249641  rsq = 2.21504e-16
level 0 count 21 tpre 0.01 tcoarse 3.41 tpost 2.00 trest 1.48 tprol 1.42
level 1 count 40 tpre 0.00 tcoarse 0.08 tpost 0.32 trest 0.00 tprol 0.00
TIME("c3pt","bwd_prop") = 39.836 secs
TIME("seq_prop-write","done") = 6.757 secs
TIME("smear[cpu]","done") = 8.951 secs
seq check: complex(7.46001e-10, -3.87037e-10)
TIME("smear[cpu]","done") = 0.087 secs
TIME("frw_prop_source.2004.x0y8z0t0","done") = 0.121 secs
iters =   21  secs = 6.198521  rsq = 2.31397e-16
level 0 count 21 tpre 0.01 tcoarse 3.37 tpost 1.99 trest 1.48 tprol 1.41
level 1 count 39 tpre 0.00 tcoarse 0.08 tpost 0.30 trest 0.00 tprol 0.00
iters =   21  secs = 6.190284  rsq = 2.88709e-16
level 0 count 21 tpre 0.01 tcoarse 3.36 tpost 1.99 trest 1.48 tprol 1.41
level 1 count 38 tpre 0.00 tcoarse 0.08 tpost 0.30 trest 0.00 tprol 0.00
iters =   21  secs = 6.203957  rsq = 3.41832e-16
level 0 count 21 tpre 0.01 tcoarse 3.37 tpost 1.99 trest 1.48 tprol 1.41
level 1 count 39 tpre 0.00 tcoarse 0.08 tpost 0.30 trest 0.00 tprol 0.00
iters =   21  secs = 6.229486  rsq = 2.3735e-16
level 0 count 21 tpre 0.01 tcoarse 3.40 tpost 1.99 trest 1.48 tprol 1.41
level 1 count 41 tpre 0.00 tcoarse 0.08 tpost 0.32 trest 0.00 tprol 0.00
iters =   21  secs = 6.205009  rsq = 2.70489e-16
level 0 count 21 tpre 0.01 tcoarse 3.37 tpost 1.99 trest 1.48 tprol 1.41
level 1 count 39 tpre 0.00 tcoarse 0.08 tpost 0.30 trest 0.00 tprol 0.00
iters =   21  secs = 6.201954  rsq = 1.97928e-16
level 0 count 21 tpre 0.01 tcoarse 3.37 tpost 1.99 trest 1.48 tprol 1.41
level 1 count 39 tpre 0.00 tcoarse 0.08 tpost 0.30 trest 0.00 tprol 0.00
iters =   21  secs = 6.198184  rsq = 2.64764e-16
level 0 count 21 tpre 0.01 tcoarse 3.37 tpost 1.99 trest 1.48 tprol 1.41
level 1 count 38 tpre 0.00 tcoarse 0.08 tpost 0.29 trest 0.00 tprol 0.00
iters =   21  secs = 6.208096  rsq = 2.15325e-16
level 0 count 21 tpre 0.01 tcoarse 3.38 tpost 1.99 trest 1.48 tprol 1.41
level 1 count 39 tpre 0.00 tcoarse 0.08 tpost 0.30 trest 0.00 tprol 0.00
iters =   21  secs = 6.196220  rsq = 2.58922e-16
level 0 count 21 tpre 0.01 tcoarse 3.36 tpost 1.99 trest 1.48 tprol 1.41
level 1 count 38 tpre 0.00 tcoarse 0.08 tpost 0.29 trest 0.00 tprol 0.00
iters =   21  secs = 6.220212  rsq = 2.14372e-16
level 0 count 21 tpre 0.01 tcoarse 3.38 tpost 1.99 trest 1.48 tprol 1.42
level 1 count 39 tpre 0.00 tcoarse 0.08 tpost 0.30 trest 0.00 tprol 0.00
iters =   21  secs = 6.192994  rsq = 2.34282e-16
level 0 count 21 tpre 0.01 tcoarse 3.36 tpost 1.99 trest 1.47 tprol 1.41
level 1 count 39 tpre 0.00 tcoarse 0.08 tpost 0.30 trest 0.00 tprol 0.00
iters =   21  secs = 6.199032  rsq = 2.41676e-16
level 0 count 21 tpre 0.01 tcoarse 3.37 tpost 1.99 trest 1.48 tprol 1.41
level 1 count 39 tpre 0.00 tcoarse 0.07 tpost 0.30 trest 0.00 tprol 0.00
TIME("smear[cpu]","done") = 8.951 secs
TIME("frw_prop.2004.x0y8z0t0","done") = 84.750 secs
TIME("fwd_prop-write","done") = 7.237 secs
TIME("sm_fwd_prop-write","done") = 7.150 secs
doing sink momentum 0 0 0 0
The sink time is 10
computing (1-g4) projected prop
TIME("c3pt","bwd_source") = 0.400 secs
TIME("smear[cpu]","done") = 1.264 secs
iters =   21  secs = 6.301054  rsq = 3.42241e-16
level 0 count 21 tpre 0.01 tcoarse 3.47 tpost 1.99 trest 1.47 tprol 1.49
level 1 count 41 tpre 0.00 tcoarse 0.08 tpost 0.32 trest 0.00 tprol 0.00
iters =   21  secs = 6.224208  rsq = 4.2023e-16
level 0 count 21 tpre 0.01 tcoarse 3.39 tpost 1.99 trest 1.48 tprol 1.40
level 1 count 40 tpre 0.00 tcoarse 0.08 tpost 0.32 trest 0.00 tprol 0.00
iters =   21  secs = 6.223116  rsq = 3.43086e-16
level 0 count 21 tpre 0.01 tcoarse 3.39 tpost 1.99 trest 1.47 tprol 1.41
level 1 count 41 tpre 0.00 tcoarse 0.08 tpost 0.32 trest 0.00 tprol 0.00
iters =   21  secs = 6.211674  rsq = 4.33991e-16
level 0 count 21 tpre 0.01 tcoarse 3.38 tpost 1.99 trest 1.47 tprol 1.40
level 1 count 40 tpre 0.00 tcoarse 0.08 tpost 0.31 trest 0.00 tprol 0.00
iters =   21  secs = 6.203328  rsq = 4.48536e-16
level 0 count 21 tpre 0.01 tcoarse 3.37 tpost 1.99 trest 1.47 tprol 1.41
level 1 count 39 tpre 0.00 tcoarse 0.08 tpost 0.31 trest 0.00 tprol 0.00
iters =   21  secs = 6.217145  rsq = 3.48556e-16
level 0 count 21 tpre 0.01 tcoarse 3.38 tpost 1.99 trest 1.47 tprol 1.41
level 1 count 40 tpre 0.00 tcoarse 0.08 tpost 0.32 trest 0.00 tprol 0.00
TIME("c3pt","bwd_prop") = 39.723 secs
TIME("seq_prop-write","done") = 7.465 secs
TIME("smear[cpu]","done") = 8.950 secs
seq check: complex(2.78854e-10, -8.32582e-12)
doing sink momentum 0 0 0 0
The sink time is 10
computing (1-g4) projected prop
TIME("c3pt","bwd_source") = 0.445 secs
TIME("smear[cpu]","done") = 1.258 secs
iters =   21  secs = 6.237559  rsq = 3.42241e-16
level 0 count 21 tpre 0.01 tcoarse 3.40 tpost 1.99 trest 1.48 tprol 1.41
level 1 count 41 tpre 0.00 tcoarse 0.08 tpost 0.32 trest 0.00 tprol 0.00
iters =   21  secs = 6.218269  rsq = 3.35594e-16
level 0 count 21 tpre 0.01 tcoarse 3.38 tpost 1.99 trest 1.47 tprol 1.41
level 1 count 40 tpre 0.00 tcoarse 0.08 tpost 0.32 trest 0.00 tprol 0.00
iters =   21  secs = 6.236751  rsq = 3.43086e-16
level 0 count 21 tpre 0.01 tcoarse 3.40 tpost 1.99 trest 1.48 tprol 1.41
level 1 count 41 tpre 0.00 tcoarse 0.08 tpost 0.32 trest 0.00 tprol 0.00
iters =   21  secs = 6.410071  rsq = 3.10903e-16
level 0 count 21 tpre 0.01 tcoarse 3.54 tpost 2.02 trest 1.48 tprol 1.55
level 1 count 41 tpre 0.00 tcoarse 0.08 tpost 0.32 trest 0.00 tprol 0.00
iters =   21  secs = 6.210565  rsq = 4.48536e-16
level 0 count 21 tpre 0.01 tcoarse 3.38 tpost 1.99 trest 1.47 tprol 1.41
level 1 count 39 tpre 0.00 tcoarse 0.08 tpost 0.31 trest 0.00 tprol 0.00
iters =   21  secs = 6.215683  rsq = 3.67528e-16
level 0 count 21 tpre 0.01 tcoarse 3.38 tpost 1.99 trest 1.47 tprol 1.41
level 1 count 39 tpre 0.00 tcoarse 0.08 tpost 0.31 trest 0.00 tprol 0.00
TIME("c3pt","bwd_prop") = 39.914 secs
TIME("seq_prop-write","done") = 7.185 secs
TIME("smear[cpu]","done") = 8.954 secs
seq check: complex(5.57707e-10, -1.66516e-11)
TIME("smear[cpu]","done") = 0.088 secs
TIME("frw_prop_source.2004.x0y16z0t0","done") = 0.122 secs
iters =   21  secs = 6.212227  rsq = 2.43948e-16
level 0 count 21 tpre 0.01 tcoarse 3.38 tpost 1.99 trest 1.48 tprol 1.41
level 1 count 39 tpre 0.00 tcoarse 0.08 tpost 0.31 trest 0.00 tprol 0.00
iters =   21  secs = 6.222155  rsq = 1.93244e-16
level 0 count 21 tpre 0.01 tcoarse 3.39 tpost 1.99 trest 1.47 tprol 1.41
level 1 count 40 tpre 0.00 tcoarse 0.08 tpost 0.32 trest 0.00 tprol 0.00
iters =   21  secs = 6.219503  rsq = 2.33738e-16
level 0 count 21 tpre 0.01 tcoarse 3.38 tpost 1.99 trest 1.47 tprol 1.41
level 1 count 39 tpre 0.00 tcoarse 0.09 tpost 0.31 trest 0.00 tprol 0.00
iters =   21  secs = 6.225570  rsq = 2.49481e-16
level 0 count 21 tpre 0.01 tcoarse 3.39 tpost 1.99 trest 1.48 tprol 1.41
level 1 count 40 tpre 0.00 tcoarse 0.08 tpost 0.32 trest 0.00 tprol 0.00
iters =   21  secs = 6.230648  rsq = 2.60191e-16
level 0 count 21 tpre 0.01 tcoarse 3.40 tpost 1.99 trest 1.48 tprol 1.41
level 1 count 40 tpre 0.00 tcoarse 0.08 tpost 0.32 trest 0.00 tprol 0.00
iters =   21  secs = 6.229110  rsq = 1.98715e-16
level 0 count 21 tpre 0.01 tcoarse 3.40 tpost 1.99 trest 1.48 tprol 1.41
level 1 count 40 tpre 0.00 tcoarse 0.09 tpost 0.31 trest 0.00 tprol 0.00
iters =   21  secs = 6.220532  rsq = 2.14258e-16
level 0 count 21 tpre 0.01 tcoarse 3.39 tpost 1.99 trest 1.48 tprol 1.41
level 1 count 39 tpre 0.00 tcoarse 0.09 tpost 0.31 trest 0.00 tprol 0.00
iters =   21  secs = 6.221078  rsq = 2.30229e-16
level 0 count 21 tpre 0.01 tcoarse 3.39 tpost 1.99 trest 1.48 tprol 1.41
level 1 count 39 tpre 0.00 tcoarse 0.08 tpost 0.31 trest 0.00 tprol 0.00
iters =   21  secs = 6.217061  rsq = 2.40147e-16
level 0 count 21 tpre 0.01 tcoarse 3.38 tpost 1.99 trest 1.48 tprol 1.42
level 1 count 38 tpre 0.00 tcoarse 0.08 tpost 0.30 trest 0.00 tprol 0.00
iters =   21  secs = 6.218738  rsq = 2.3856e-16
level 0 count 21 tpre 0.01 tcoarse 3.38 tpost 1.99 trest 1.48 tprol 1.41
level 1 count 39 tpre 0.00 tcoarse 0.08 tpost 0.31 trest 0.00 tprol 0.00
iters =   20  secs = 5.931917  rsq = 8.74258e-16
level 0 count 20 tpre 0.01 tcoarse 3.24 tpost 1.89 trest 1.41 tprol 1.35
level 1 count 38 tpre 0.00 tcoarse 0.08 tpost 0.30 trest 0.00 tprol 0.00
iters =   21  secs = 6.236946  rsq = 2.32913e-16
level 0 count 21 tpre 0.01 tcoarse 3.38 tpost 2.01 trest 1.48 tprol 1.41
level 1 count 39 tpre 0.00 tcoarse 0.08 tpost 0.31 trest 0.00 tprol 0.00
TIME("smear[cpu]","done") = 8.972 secs
TIME("frw_prop.2004.x0y16z0t0","done") = 84.690 secs
TIME("fwd_prop-write","done") = 7.784 secs
TIME("sm_fwd_prop-write","done") = 6.876 secs
doing sink momentum 0 0 0 0
The sink time is 10
computing (1-g4) projected prop
TIME("c3pt","bwd_source") = 0.397 secs
TIME("smear[cpu]","done") = 1.256 secs
iters =   21  secs = 6.239420  rsq = 3.03523e-16
level 0 count 21 tpre 0.01 tcoarse 3.40 tpost 1.99 trest 1.48 tprol 1.41
level 1 count 40 tpre 0.00 tcoarse 0.08 tpost 0.32 trest 0.00 tprol 0.00
iters =   21  secs = 6.220713  rsq = 3.37986e-16
level 0 count 21 tpre 0.01 tcoarse 3.39 tpost 1.99 trest 1.47 tprol 1.41
level 1 count 40 tpre 0.00 tcoarse 0.08 tpost 0.32 trest 0.00 tprol 0.00
iters =   21  secs = 6.208918  rsq = 3.69926e-16
level 0 count 21 tpre 0.01 tcoarse 3.38 tpost 1.99 trest 1.47 tprol 1.41
level 1 count 39 tpre 0.00 tcoarse 0.08 tpost 0.31 trest 0.00 tprol 0.00
iters =   21  secs = 6.221908  rsq = 3.14778e-16
level 0 count 21 tpre 0.01 tcoarse 3.39 tpost 1.99 trest 1.47 tprol 1.41
level 1 count 40 tpre 0.00 tcoarse 0.08 tpost 0.32 trest 0.00 tprol 0.00
iters =   21  secs = 6.226507  rsq = 4.13949e-16
level 0 count 21 tpre 0.01 tcoarse 3.38 tpost 2.00 trest 1.48 tprol 1.41
level 1 count 39 tpre 0.00 tcoarse 0.08 tpost 0.31 trest 0.00 tprol 0.00
iters =   21  secs = 6.214511  rsq = 3.24773e-16
level 0 count 21 tpre 0.01 tcoarse 3.38 tpost 1.99 trest 1.47 tprol 1.41
level 1 count 40 tpre 0.00 tcoarse 0.08 tpost 0.32 trest 0.00 tprol 0.00
TIME("c3pt","bwd_prop") = 39.665 secs
TIME("seq_prop-write","done") = 8.711 secs
TIME("smear[cpu]","done") = 8.952 secs
seq check: complex(5.43521e-10, -1.43707e-10)
doing sink momentum 0 0 0 0
The sink time is 10
computing (1-g4) projected prop
TIME("c3pt","bwd_source") = 0.438 secs
TIME("smear[cpu]","done") = 1.257 secs
iters =   21  secs = 6.213494  rsq = 3.03523e-16
level 0 count 21 tpre 0.01 tcoarse 3.38 tpost 1.99 trest 1.47 tprol 1.41
level 1 count 40 tpre 0.00 tcoarse 0.08 tpost 0.32 trest 0.00 tprol 0.00
iters =   21  secs = 6.215700  rsq = 3.17688e-16
level 0 count 21 tpre 0.01 tcoarse 3.38 tpost 1.99 trest 1.47 tprol 1.41
level 1 count 40 tpre 0.00 tcoarse 0.08 tpost 0.32 trest 0.00 tprol 0.00
iters =   21  secs = 6.252468  rsq = 3.69926e-16
level 0 count 21 tpre 0.01 tcoarse 3.42 tpost 1.99 trest 1.47 tprol 1.46
level 1 count 39 tpre 0.00 tcoarse 0.08 tpost 0.31 trest 0.00 tprol 0.00
iters =   21  secs = 6.217121  rsq = 2.76441e-16
level 0 count 21 tpre 0.01 tcoarse 3.38 tpost 1.99 trest 1.47 tprol 1.41
level 1 count 40 tpre 0.00 tcoarse 0.08 tpost 0.32 trest 0.00 tprol 0.00
iters =   21  secs = 6.207885  rsq = 4.13949e-16
level 0 count 21 tpre 0.01 tcoarse 3.37 tpost 1.99 trest 1.47 tprol 1.41
level 1 count 39 tpre 0.00 tcoarse 0.08 tpost 0.31 trest 0.00 tprol 0.00
iters =   21  secs = 6.216036  rsq = 3.29911e-16
level 0 count 21 tpre 0.01 tcoarse 3.38 tpost 1.99 trest 1.48 tprol 1.42
level 1 count 39 tpre 0.00 tcoarse 0.08 tpost 0.31 trest 0.00 tprol 0.00
TIME("c3pt","bwd_prop") = 39.706 secs
TIME("seq_prop-write","done") = 8.225 secs
TIME("smear[cpu]","done") = 8.965 secs
seq check: complex(1.08704e-09, -2.87413e-10)
TIME("smear[cpu]","done") = 0.087 secs
TIME("frw_prop_source.2004.x0y24z0t0","done") = 0.120 secs
iters =   21  secs = 6.217148  rsq = 2.20297e-16
level 0 count 21 tpre 0.01 tcoarse 3.39 tpost 1.99 trest 1.47 tprol 1.41
level 1 count 39 tpre 0.00 tcoarse 0.08 tpost 0.31 trest 0.00 tprol 0.00
iters =   21  secs = 6.211196  rsq = 2.4427e-16
level 0 count 21 tpre 0.01 tcoarse 3.38 tpost 1.99 trest 1.47 tprol 1.41
level 1 count 39 tpre 0.00 tcoarse 0.08 tpost 0.31 trest 0.00 tprol 0.00
iters =   21  secs = 6.208243  rsq = 2.72991e-16
level 0 count 21 tpre 0.01 tcoarse 3.37 tpost 1.99 trest 1.48 tprol 1.41
level 1 count 38 tpre 0.00 tcoarse 0.08 tpost 0.30 trest 0.00 tprol 0.00
iters =   21  secs = 6.215624  rsq = 2.13245e-16
level 0 count 21 tpre 0.01 tcoarse 3.38 tpost 1.99 trest 1.47 tprol 1.42
level 1 count 39 tpre 0.00 tcoarse 0.08 tpost 0.31 trest 0.00 tprol 0.00
iters =   21  secs = 6.227580  rsq = 2.3794e-16
level 0 count 21 tpre 0.01 tcoarse 3.39 tpost 1.99 trest 1.47 tprol 1.41
level 1 count 40 tpre 0.00 tcoarse 0.08 tpost 0.32 trest 0.00 tprol 0.00
iters =   21  secs = 6.237802  rsq = 1.97427e-16
level 0 count 21 tpre 0.01 tcoarse 3.39 tpost 2.01 trest 1.47 tprol 1.41
level 1 count 39 tpre 0.00 tcoarse 0.08 tpost 0.31 trest 0.00 tprol 0.00
iters =   21  secs = 6.228248  rsq = 2.55607e-16
level 0 count 21 tpre 0.01 tcoarse 3.40 tpost 1.99 trest 1.47 tprol 1.41
level 1 count 40 tpre 0.00 tcoarse 0.08 tpost 0.32 trest 0.00 tprol 0.00
iters =   21  secs = 6.216867  rsq = 3.35614e-16
level 0 count 21 tpre 0.01 tcoarse 3.38 tpost 1.99 trest 1.48 tprol 1.41
level 1 count 38 tpre 0.00 tcoarse 0.09 tpost 0.31 trest 0.00 tprol 0.00
iters =   21  secs = 6.235790  rsq = 2.64945e-16
level 0 count 21 tpre 0.01 tcoarse 3.40 tpost 1.99 trest 1.48 tprol 1.41
level 1 count 40 tpre 0.00 tcoarse 0.08 tpost 0.32 trest 0.00 tprol 0.00
iters =   21  secs = 6.204818  rsq = 3.16923e-16
level 0 count 21 tpre 0.01 tcoarse 3.37 tpost 1.99 trest 1.47 tprol 1.40
level 1 count 39 tpre 0.00 tcoarse 0.08 tpost 0.31 trest 0.00 tprol 0.00
iters =   21  secs = 6.223260  rsq = 2.00398e-16
level 0 count 21 tpre 0.01 tcoarse 3.39 tpost 1.99 trest 1.47 tprol 1.41
level 1 count 40 tpre 0.00 tcoarse 0.08 tpost 0.32 trest 0.00 tprol 0.00
iters =   21  secs = 6.234472  rsq = 2.91006e-16
level 0 count 21 tpre 0.01 tcoarse 3.40 tpost 1.99 trest 1.47 tprol 1.42
level 1 count 40 tpre 0.00 tcoarse 0.08 tpost 0.32 trest 0.00 tprol 0.00
TIME("smear[cpu]","done") = 8.960 secs
TIME("frw_prop.2004.x0y24z0t0","done") = 84.980 secs
TIME("fwd_prop-write","done") = 6.465 secs
TIME("sm_fwd_prop-write","done") = 7.278 secs
doing sink momentum 0 0 0 0
The sink time is 10
computing (1-g4) projected prop
TIME("c3pt","bwd_source") = 0.399 secs
TIME("smear[cpu]","done") = 1.254 secs
iters =   21  secs = 6.243053  rsq = 2.77067e-16
level 0 count 21 tpre 0.01 tcoarse 3.41 tpost 1.99 trest 1.48 tprol 1.41
level 1 count 41 tpre 0.00 tcoarse 0.08 tpost 0.33 trest 0.00 tprol 0.00
iters =   21  secs = 6.232740  rsq = 3.69309e-16
level 0 count 21 tpre 0.01 tcoarse 3.40 tpost 1.99 trest 1.48 tprol 1.41
level 1 count 40 tpre 0.00 tcoarse 0.08 tpost 0.32 trest 0.00 tprol 0.00
iters =   21  secs = 6.247525  rsq = 2.77712e-16
level 0 count 21 tpre 0.01 tcoarse 3.41 tpost 1.99 trest 1.48 tprol 1.41
level 1 count 41 tpre 0.00 tcoarse 0.08 tpost 0.33 trest 0.00 tprol 0.00
iters =   21  secs = 6.241485  rsq = 2.44902e-16
level 0 count 21 tpre 0.01 tcoarse 3.40 tpost 1.99 trest 1.48 tprol 1.41
level 1 count 40 tpre 0.00 tcoarse 0.08 tpost 0.32 trest 0.00 tprol 0.00
iters =   21  secs = 6.240904  rsq = 2.83573e-16
level 0 count 21 tpre 0.01 tcoarse 3.40 tpost 1.99 trest 1.48 tprol 1.42
level 1 count 40 tpre 0.00 tcoarse 0.08 tpost 0.32 trest 0.00 tprol 0.00
iters =   21  secs = 6.234553  rsq = 3.2097e-16
level 0 count 21 tpre 0.01 tcoarse 3.40 tpost 1.99 trest 1.47 tprol 1.41
level 1 count 39 tpre 0.00 tcoarse 0.08 tpost 0.32 trest 0.00 tprol 0.00
TIME("c3pt","bwd_prop") = 39.773 secs
TIME("seq_prop-write","done") = 7.441 secs
TIME("smear[cpu]","done") = 8.965 secs
seq check: complex(6.62031e-10, 1.57016e-10)
doing sink momentum 0 0 0 0
The sink time is 10
computing (1-g4) projected prop
TIME("c3pt","bwd_source") = 0.443 secs
TIME("smear[cpu]","done") = 1.257 secs
iters =   21  secs = 6.248411  rsq = 2.77067e-16
level 0 count 21 tpre 0.01 tcoarse 3.41 tpost 1.99 trest 1.47 tprol 1.41
level 1 count 41 tpre 0.00 tcoarse 0.08 tpost 0.33 trest 0.00 tprol 0.00
iters =   21  secs = 6.231486  rsq = 2.83683e-16
level 0 count 21 tpre 0.01 tcoarse 3.40 tpost 1.99 trest 1.47 tprol 1.41
level 1 count 40 tpre 0.00 tcoarse 0.08 tpost 0.32 trest 0.00 tprol 0.00
iters =   21  secs = 6.243464  rsq = 2.77712e-16
level 0 count 21 tpre 0.01 tcoarse 3.41 tpost 1.99 trest 1.47 tprol 1.41
level 1 count 41 tpre 0.00 tcoarse 0.08 tpost 0.33 trest 0.00 tprol 0.00
iters =   21  secs = 6.257571  rsq = 3.08772e-16
level 0 count 21 tpre 0.01 tcoarse 3.42 tpost 1.99 trest 1.48 tprol 1.42
level 1 count 40 tpre 0.00 tcoarse 0.08 tpost 0.33 trest 0.00 tprol 0.00
iters =   21  secs = 6.237451  rsq = 2.83573e-16
level 0 count 21 tpre 0.01 tcoarse 3.40 tpost 1.99 trest 1.48 tprol 1.42
level 1 count 40 tpre 0.00 tcoarse 0.08 tpost 0.32 trest 0.00 tprol 0.00
iters =   21  secs = 6.242550  rsq = 2.20915e-16
level 0 count 21 tpre 0.01 tcoarse 3.41 tpost 1.99 trest 1.48 tprol 1.41
level 1 count 41 tpre 0.00 tcoarse 0.08 tpost 0.33 trest 0.00 tprol 0.00
TIME("c3pt","bwd_prop") = 39.841 secs
TIME("seq_prop-write","done") = 7.259 secs
TIME("smear[cpu]","done") = 8.944 secs
seq check: complex(1.32406e-09, 3.14033e-10)
TIME("smear[cpu]","done") = 0.087 secs
TIME("frw_prop_source.2004.x0y0z8t0","done") = 0.120 secs
iters =   21  secs = 6.217162  rsq = 2.81557e-16
level 0 count 21 tpre 0.01 tcoarse 3.39 tpost 1.99 trest 1.48 tprol 1.41
level 1 count 39 tpre 0.00 tcoarse 0.08 tpost 0.31 trest 0.00 tprol 0.00
iters =   20  secs = 5.922022  rsq = 9.93392e-16
level 0 count 20 tpre 0.01 tcoarse 3.23 tpost 1.89 trest 1.41 tprol 1.35
level 1 count 38 tpre 0.00 tcoarse 0.08 tpost 0.30 trest 0.00 tprol 0.00
iters =   21  secs = 6.215354  rsq = 2.96327e-16
level 0 count 21 tpre 0.01 tcoarse 3.38 tpost 1.99 trest 1.48 tprol 1.41
level 1 count 39 tpre 0.00 tcoarse 0.08 tpost 0.31 trest 0.00 tprol 0.00
iters =   21  secs = 6.222964  rsq = 2.49011e-16
level 0 count 21 tpre 0.01 tcoarse 3.39 tpost 1.99 trest 1.48 tprol 1.42
level 1 count 39 tpre 0.00 tcoarse 0.08 tpost 0.31 trest 0.00 tprol 0.00
iters =   21  secs = 6.225568  rsq = 2.62117e-16
level 0 count 21 tpre 0.01 tcoarse 3.39 tpost 1.99 trest 1.48 tprol 1.41
level 1 count 40 tpre 0.00 tcoarse 0.08 tpost 0.32 trest 0.00 tprol 0.00
iters =   21  secs = 6.212692  rsq = 1.93714e-16
level 0 count 21 tpre 0.01 tcoarse 3.38 tpost 1.99 trest 1.48 tprol 1.41
level 1 count 39 tpre 0.00 tcoarse 0.07 tpost 0.31 trest 0.00 tprol 0.00
iters =   21  secs = 6.210045  rsq = 2.42794e-16
level 0 count 21 tpre 0.01 tcoarse 3.38 tpost 1.99 trest 1.48 tprol 1.41
level 1 count 38 tpre 0.00 tcoarse 0.08 tpost 0.30 trest 0.00 tprol 0.00
iters =   21  secs = 6.209828  rsq = 2.2599e-16
level 0 count 21 tpre 0.01 tcoarse 3.38 tpost 1.99 trest 1.48 tprol 1.41
level 1 count 38 tpre 0.00 tcoarse 0.08 tpost 0.30 trest 0.00 tprol 0.00
iters =   21  secs = 6.198062  rsq = 2.94287e-16
level 0 count 21 tpre 0.01 tcoarse 3.37 tpost 1.99 trest 1.48 tprol 1.41
level 1 count 37 tpre 0.00 tcoarse 0.08 tpost 0.29 trest 0.00 tprol 0.00
iters =   21  secs = 6.216861  rsq = 2.85924e-16
level 0 count 21 tpre 0.01 tcoarse 3.38 tpost 1.99 trest 1.48 tprol 1.41
level 1 count 38 tpre 0.00 tcoarse 0.08 tpost 0.30 trest 0.00 tprol 0.00
iters =   21  secs = 6.206062  rsq = 2.98942e-16
level 0 count 21 tpre 0.01 tcoarse 3.37 tpost 1.99 trest 1.48 tprol 1.41
level 1 count 38 tpre 0.00 tcoarse 0.08 tpost 0.30 trest 0.00 tprol 0.00
iters =   21  secs = 6.215791  rsq = 1.93771e-16
level 0 count 21 tpre 0.01 tcoarse 3.38 tpost 1.99 trest 1.48 tprol 1.41
level 1 count 39 tpre 0.00 tcoarse 0.08 tpost 0.31 trest 0.00 tprol 0.00
TIME("smear[cpu]","done") = 8.972 secs
TIME("frw_prop.2004.x0y0z8t0","done") = 84.569 secs
TIME("fwd_prop-write","done") = 6.946 secs
TIME("sm_fwd_prop-write","done") = 7.400 secs
doing sink momentum 0 0 0 0
The sink time is 10
computing (1-g4) projected prop
TIME("c3pt","bwd_source") = 0.400 secs
TIME("smear[cpu]","done") = 1.261 secs
iters =   21  secs = 6.207472  rsq = 3.39043e-16
level 0 count 21 tpre 0.01 tcoarse 3.37 tpost 1.99 trest 1.47 tprol 1.41
level 1 count 39 tpre 0.00 tcoarse 0.08 tpost 0.31 trest 0.00 tprol 0.00
iters =   21  secs = 6.225758  rsq = 2.9164e-16
level 0 count 21 tpre 0.01 tcoarse 3.39 tpost 1.99 trest 1.47 tprol 1.41
level 1 count 41 tpre 0.00 tcoarse 0.08 tpost 0.32 trest 0.00 tprol 0.00
iters =   21  secs = 6.229290  rsq = 3.91585e-16
level 0 count 21 tpre 0.01 tcoarse 3.39 tpost 2.00 trest 1.47 tprol 1.41
level 1 count 40 tpre 0.00 tcoarse 0.08 tpost 0.32 trest 0.00 tprol 0.00
iters =   21  secs = 6.323081  rsq = 3.79471e-16
level 0 count 21 tpre 0.01 tcoarse 3.48 tpost 2.00 trest 1.47 tprol 1.49
level 1 count 41 tpre 0.00 tcoarse 0.08 tpost 0.32 trest 0.00 tprol 0.00
iters =   21  secs = 6.228863  rsq = 3.97872e-16
level 0 count 21 tpre 0.01 tcoarse 3.40 tpost 1.99 trest 1.47 tprol 1.41
level 1 count 41 tpre 0.00 tcoarse 0.08 tpost 0.32 trest 0.00 tprol 0.00
iters =   21  secs = 6.219388  rsq = 4.26144e-16
level 0 count 21 tpre 0.01 tcoarse 3.39 tpost 1.99 trest 1.47 tprol 1.41
level 1 count 40 tpre 0.00 tcoarse 0.08 tpost 0.32 trest 0.00 tprol 0.00
TIME("c3pt","bwd_prop") = 39.771 secs
TIME("seq_prop-write","done") = 6.655 secs
TIME("smear[cpu]","done") = 8.957 secs
seq check: complex(3.61614e-10, 1.12254e-10)
doing sink momentum 0 0 0 0
The sink time is 10
computing (1-g4) projected prop
TIME("c3pt","bwd_source") = 0.446 secs
TIME("smear[cpu]","done") = 1.253 secs
iters =   21  secs = 6.331811  rsq = 3.39043e-16
level 0 count 21 tpre 0.01 tcoarse 3.49 tpost 1.99 trest 1.47 tprol 1.53
level 1 count 39 tpre 0.00 tcoarse 0.08 tpost 0.31 trest 0.00 tprol 0.00
iters =   21  secs = 6.224839  rsq = 3.53657e-16
level 0 count 21 tpre 0.01 tcoarse 3.39 tpost 1.99 trest 1.47 tprol 1.41
level 1 count 40 tpre 0.00 tcoarse 0.08 tpost 0.32 trest 0.00 tprol 0.00
iters =   21  secs = 6.223168  rsq = 3.91585e-16
level 0 count 21 tpre 0.01 tcoarse 3.39 tpost 1.99 trest 1.47 tprol 1.41
level 1 count 40 tpre 0.00 tcoarse 0.08 tpost 0.32 trest 0.00 tprol 0.00
iters =   21  secs = 6.233973  rsq = 3.06564e-16
level 0 count 21 tpre 0.01 tcoarse 3.40 tpost 1.99 trest 1.48 tprol 1.41
level 1 count 41 tpre 0.00 tcoarse 0.08 tpost 0.32 trest 0.00 tprol 0.00
iters =   21  secs = 6.229077  rsq = 3.97872e-16
level 0 count 21 tpre 0.01 tcoarse 3.40 tpost 1.99 trest 1.47 tprol 1.41
level 1 count 41 tpre 0.00 tcoarse 0.08 tpost 0.32 trest 0.00 tprol 0.00
iters =   21  secs = 6.220725  rsq = 3.46772e-16
level 0 count 21 tpre 0.01 tcoarse 3.39 tpost 1.99 trest 1.47 tprol 1.41
level 1 count 40 tpre 0.00 tcoarse 0.08 tpost 0.32 trest 0.00 tprol 0.00
TIME("c3pt","bwd_prop") = 39.839 secs
TIME("seq_prop-write","done") = 7.314 secs
TIME("smear[cpu]","done") = 8.963 secs
seq check: complex(7.23228e-10, 2.24509e-10)
TIME("smear[cpu]","done") = 0.087 secs
TIME("frw_prop_source.2004.x0y0z16t0","done") = 0.120 secs
iters =   21  secs = 6.220086  rsq = 2.78873e-16
level 0 count 21 tpre 0.01 tcoarse 3.39 tpost 1.99 trest 1.48 tprol 1.41
level 1 count 39 tpre 0.00 tcoarse 0.08 tpost 0.31 trest 0.00 tprol 0.00
iters =   21  secs = 6.266737  rsq = 2.39529e-16
level 0 count 21 tpre 0.01 tcoarse 3.43 tpost 1.99 trest 1.48 tprol 1.42
level 1 count 41 tpre 0.00 tcoarse 0.09 tpost 0.33 trest 0.00 tprol 0.00
iters =   21  secs = 6.207429  rsq = 2.46026e-16
level 0 count 21 tpre 0.01 tcoarse 3.37 tpost 1.99 trest 1.48 tprol 1.41
level 1 count 38 tpre 0.00 tcoarse 0.08 tpost 0.30 trest 0.00 tprol 0.00
iters =   21  secs = 6.218538  rsq = 3.02678e-16
level 0 count 21 tpre 0.01 tcoarse 3.38 tpost 1.99 trest 1.48 tprol 1.41
level 1 count 39 tpre 0.00 tcoarse 0.08 tpost 0.31 trest 0.00 tprol 0.00
iters =   20  secs = 5.918118  rsq = 9.07242e-16
level 0 count 20 tpre 0.01 tcoarse 3.22 tpost 1.90 trest 1.40 tprol 1.34
level 1 count 37 tpre 0.00 tcoarse 0.08 tpost 0.29 trest 0.00 tprol 0.00
iters =   21  secs = 6.211265  rsq = 3.41572e-16
level 0 count 21 tpre 0.01 tcoarse 3.38 tpost 1.99 trest 1.47 tprol 1.41
level 1 count 39 tpre 0.00 tcoarse 0.08 tpost 0.31 trest 0.00 tprol 0.00
iters =   21  secs = 6.209577  rsq = 1.95747e-16
level 0 count 21 tpre 0.01 tcoarse 3.38 tpost 1.99 trest 1.47 tprol 1.41
level 1 count 39 tpre 0.00 tcoarse 0.08 tpost 0.31 trest 0.00 tprol 0.00
iters =   21  secs = 6.210415  rsq = 2.91538e-16
level 0 count 21 tpre 0.01 tcoarse 3.37 tpost 1.99 trest 1.48 tprol 1.41
level 1 count 38 tpre 0.00 tcoarse 0.08 tpost 0.30 trest 0.00 tprol 0.00
iters =   21  secs = 6.211646  rsq = 3.03592e-16
level 0 count 21 tpre 0.01 tcoarse 3.38 tpost 1.99 trest 1.47 tprol 1.41
level 1 count 39 tpre 0.00 tcoarse 0.08 tpost 0.31 trest 0.00 tprol 0.00
iters =   21  secs = 6.216611  rsq = 2.91469e-16
level 0 count 21 tpre 0.01 tcoarse 3.38 tpost 1.99 trest 1.48 tprol 1.41
level 1 count 39 tpre 0.00 tcoarse 0.08 tpost 0.31 trest 0.00 tprol 0.00
iters =   21  secs = 6.214311  rsq = 2.61356e-16
level 0 count 21 tpre 0.01 tcoarse 3.38 tpost 1.99 trest 1.48 tprol 1.41
level 1 count 38 tpre 0.00 tcoarse 0.09 tpost 0.30 trest 0.00 tprol 0.00
iters =   21  secs = 6.211517  rsq = 2.637e-16
level 0 count 21 tpre 0.01 tcoarse 3.38 tpost 1.99 trest 1.48 tprol 1.41
level 1 count 38 tpre 0.00 tcoarse 0.08 tpost 0.30 trest 0.00 tprol 0.00
TIME("smear[cpu]","done") = 8.960 secs
TIME("frw_prop.2004.x0y0z16t0","done") = 84.618 secs
TIME("fwd_prop-write","done") = 6.822 secs
TIME("sm_fwd_prop-write","done") = 7.029 secs
doing sink momentum 0 0 0 0
The sink time is 10
computing (1-g4) projected prop
TIME("c3pt","bwd_source") = 0.401 secs
TIME("smear[cpu]","done") = 1.255 secs
iters =   21  secs = 6.225663  rsq = 2.96444e-16
level 0 count 21 tpre 0.01 tcoarse 3.39 tpost 1.99 trest 1.47 tprol 1.41
level 1 count 41 tpre 0.00 tcoarse 0.08 tpost 0.32 trest 0.00 tprol 0.00
iters =   21  secs = 6.250429  rsq = 4.25149e-16
level 0 count 21 tpre 0.01 tcoarse 3.40 tpost 2.01 trest 1.48 tprol 1.41
level 1 count 41 tpre 0.00 tcoarse 0.08 tpost 0.32 trest 0.00 tprol 0.00
iters =   21  secs = 6.226483  rsq = 3.36864e-16
level 0 count 21 tpre 0.01 tcoarse 3.39 tpost 1.99 trest 1.47 tprol 1.41
level 1 count 41 tpre 0.00 tcoarse 0.08 tpost 0.32 trest 0.00 tprol 0.00
iters =   21  secs = 6.236864  rsq = 3.07295e-16
level 0 count 21 tpre 0.01 tcoarse 3.40 tpost 1.99 trest 1.47 tprol 1.42
level 1 count 41 tpre 0.00 tcoarse 0.08 tpost 0.32 trest 0.00 tprol 0.00
iters =   21  secs = 6.226884  rsq = 3.6267e-16
level 0 count 21 tpre 0.01 tcoarse 3.39 tpost 1.99 trest 1.47 tprol 1.41
level 1 count 41 tpre 0.00 tcoarse 0.08 tpost 0.32 trest 0.00 tprol 0.00
iters =   21  secs = 6.208644  rsq = 4.32141e-16
level 0 count 21 tpre 0.01 tcoarse 3.37 tpost 1.99 trest 1.47 tprol 1.41
level 1 count 39 tpre 0.00 tcoarse 0.08 tpost 0.31 trest 0.00 tprol 0.00
TIME("c3pt","bwd_prop") = 39.707 secs
TIME("seq_prop-write","done") = 7.008 secs
TIME("smear[cpu]","done") = 8.943 secs
seq check: complex(3.35943e-10, -6.59566e-11)
doing sink momentum 0 0 0 0
The sink time is 10
computing (1-g4) projected prop
TIME("c3pt","bwd_source") = 0.445 secs
TIME("smear[cpu]","done") = 1.263 secs
iters =   21  secs = 6.228787  rsq = 2.96444e-16
level 0 count 21 tpre 0.01 tcoarse 3.39 tpost 1.99 trest 1.47 tprol 1.41
level 1 count 41 tpre 0.00 tcoarse 0.08 tpost 0.32 trest 0.00 tprol 0.00
iters =   21  secs = 6.249361  rsq = 3.12714e-16
level 0 count 21 tpre 0.01 tcoarse 3.39 tpost 2.01 trest 1.48 tprol 1.41
level 1 count 40 tpre 0.00 tcoarse 0.08 tpost 0.32 trest 0.00 tprol 0.00
iters =   21  secs = 6.231067  rsq = 3.36864e-16
level 0 count 21 tpre 0.01 tcoarse 3.40 tpost 1.99 trest 1.48 tprol 1.41
level 1 count 41 tpre 0.00 tcoarse 0.08 tpost 0.32 trest 0.00 tprol 0.00
iters =   21  secs = 6.215415  rsq = 2.69894e-16
level 0 count 21 tpre 0.01 tcoarse 3.38 tpost 1.99 trest 1.47 tprol 1.41
level 1 count 40 tpre 0.00 tcoarse 0.08 tpost 0.31 trest 0.00 tprol 0.00
iters =   21  secs = 6.220145  rsq = 3.6267e-16
level 0 count 21 tpre 0.01 tcoarse 3.39 tpost 1.99 trest 1.47 tprol 1.41
level 1 count 41 tpre 0.00 tcoarse 0.08 tpost 0.32 trest 0.00 tprol 0.00
iters =   21  secs = 6.222534  rsq = 3.04772e-16
level 0 count 21 tpre 0.01 tcoarse 3.39 tpost 1.99 trest 1.48 tprol 1.41
level 1 count 39 tpre 0.00 tcoarse 0.08 tpost 0.31 trest 0.00 tprol 0.00
TIME("c3pt","bwd_prop") = 39.755 secs
TIME("seq_prop-write","done") = 7.635 secs
TIME("smear[cpu]","done") = 8.963 secs
seq check: complex(6.71886e-10, -1.31913e-10)
TIME("smear[cpu]","done") = 0.086 secs
TIME("frw_prop_source.2004.x0y0z24t0","done") = 0.120 secs
iters =   21  secs = 6.210987  rsq = 2.11368e-16
level 0 count 21 tpre 0.01 tcoarse 3.38 tpost 1.99 trest 1.47 tprol 1.41
level 1 count 40 tpre 0.00 tcoarse 0.08 tpost 0.31 trest 0.00 tprol 0.00
iters =   21  secs = 6.197446  rsq = 3.05158e-16
level 0 count 21 tpre 0.01 tcoarse 3.36 tpost 1.99 trest 1.47 tprol 1.41
level 1 count 38 tpre 0.00 tcoarse 0.08 tpost 0.30 trest 0.00 tprol 0.00
iters =   20  secs = 5.913146  rsq = 9.2145e-16
level 0 count 20 tpre 0.01 tcoarse 3.22 tpost 1.89 trest 1.40 tprol 1.35
level 1 count 38 tpre 0.00 tcoarse 0.08 tpost 0.29 trest 0.00 tprol 0.00
iters =   20  secs = 5.945882  rsq = 9.74695e-16
level 0 count 20 tpre 0.01 tcoarse 3.23 tpost 1.91 trest 1.41 tprol 1.35
level 1 count 37 tpre 0.00 tcoarse 0.08 tpost 0.30 trest 0.00 tprol 0.00
iters =   21  secs = 6.230147  rsq = 2.01782e-16
level 0 count 21 tpre 0.01 tcoarse 3.37 tpost 2.01 trest 1.48 tprol 1.41
level 1 count 39 tpre 0.00 tcoarse 0.08 tpost 0.30 trest 0.00 tprol 0.00
iters =   21  secs = 6.197859  rsq = 1.92322e-16
level 0 count 21 tpre 0.01 tcoarse 3.36 tpost 1.99 trest 1.47 tprol 1.41
level 1 count 38 tpre 0.00 tcoarse 0.08 tpost 0.30 trest 0.00 tprol 0.00
iters =   21  secs = 6.229993  rsq = 2.19405e-16
level 0 count 21 tpre 0.01 tcoarse 3.39 tpost 1.99 trest 1.48 tprol 1.41
level 1 count 40 tpre 0.00 tcoarse 0.09 tpost 0.31 trest 0.00 tprol 0.00
iters =   21  secs = 6.223500  rsq = 1.96288e-16
level 0 count 21 tpre 0.01 tcoarse 3.39 tpost 1.99 trest 1.47 tprol 1.41
level 1 count 41 tpre 0.00 tcoarse 0.09 tpost 0.32 trest 0.00 tprol 0.00
iters =   21  secs = 6.213000  rsq = 2.9607e-16
level 0 count 21 tpre 0.01 tcoarse 3.38 tpost 1.99 trest 1.47 tprol 1.41
level 1 count 39 tpre 0.00 tcoarse 0.09 tpost 0.30 trest 0.00 tprol 0.00
iters =   21  secs = 6.206992  rsq = 2.23341e-16
level 0 count 21 tpre 0.01 tcoarse 3.37 tpost 1.99 trest 1.47 tprol 1.41
level 1 count 39 tpre 0.00 tcoarse 0.08 tpost 0.30 trest 0.00 tprol 0.00
iters =   21  secs = 6.202589  rsq = 3.16559e-16
level 0 count 21 tpre 0.01 tcoarse 3.37 tpost 1.99 trest 1.47 tprol 1.41
level 1 count 39 tpre 0.00 tcoarse 0.08 tpost 0.30 trest 0.00 tprol 0.00
iters =   21  secs = 6.209582  rsq = 2.62453e-16
level 0 count 21 tpre 0.01 tcoarse 3.38 tpost 1.99 trest 1.48 tprol 1.41
level 1 count 40 tpre 0.00 tcoarse 0.08 tpost 0.31 trest 0.00 tprol 0.00
TIME("smear[cpu]","done") = 8.966 secs
TIME("frw_prop.2004.x0y0z24t0","done") = 84.290 secs
TIME("fwd_prop-write","done") = 7.525 secs
TIME("sm_fwd_prop-write","done") = 7.251 secs
doing sink momentum 0 0 0 0
The sink time is 10
computing (1-g4) projected prop
TIME("c3pt","bwd_source") = 0.398 secs
TIME("smear[cpu]","done") = 1.263 secs
iters =   21  secs = 6.244839  rsq = 2.80691e-16
level 0 count 21 tpre 0.01 tcoarse 3.41 tpost 1.99 trest 1.48 tprol 1.41
level 1 count 41 tpre 0.00 tcoarse 0.08 tpost 0.33 trest 0.00 tprol 0.00
iters =   21  secs = 6.227813  rsq = 3.57992e-16
level 0 count 21 tpre 0.01 tcoarse 3.39 tpost 1.99 trest 1.47 tprol 1.41
level 1 count 40 tpre 0.00 tcoarse 0.08 tpost 0.32 trest 0.00 tprol 0.00
iters =   21  secs = 6.229687  rsq = 3.05975e-16
level 0 count 21 tpre 0.01 tcoarse 3.38 tpost 2.00 trest 1.48 tprol 1.41
level 1 count 39 tpre 0.00 tcoarse 0.08 tpost 0.31 trest 0.00 tprol 0.00
iters =   21  secs = 6.228541  rsq = 4.24388e-16
level 0 count 21 tpre 0.01 tcoarse 3.39 tpost 1.99 trest 1.47 tprol 1.42
level 1 count 39 tpre 0.00 tcoarse 0.08 tpost 0.31 trest 0.00 tprol 0.00
iters =   21  secs = 6.243666  rsq = 2.63917e-16
level 0 count 21 tpre 0.01 tcoarse 3.40 tpost 1.99 trest 1.47 tprol 1.41
level 1 count 41 tpre 0.00 tcoarse 0.08 tpost 0.33 trest 0.00 tprol 0.00
iters =   21  secs = 6.212045  rsq = 4.13171e-16
level 0 count 21 tpre 0.01 tcoarse 3.38 tpost 1.99 trest 1.47 tprol 1.41
level 1 count 39 tpre 0.00 tcoarse 0.08 tpost 0.31 trest 0.00 tprol 0.00
TIME("c3pt","bwd_prop") = 39.732 secs
TIME("seq_prop-write","done") = 7.171 secs
TIME("smear[cpu]","done") = 8.945 secs
seq check: complex(2.74239e-10, 8.21298e-11)
doing sink momentum 0 0 0 0
The sink time is 10
computing (1-g4) projected prop
TIME("c3pt","bwd_source") = 0.439 secs
TIME("smear[cpu]","done") = 1.258 secs
iters =   21  secs = 6.232814  rsq = 2.80691e-16
level 0 count 21 tpre 0.01 tcoarse 3.39 tpost 2.00 trest 1.47 tprol 1.41
level 1 count 41 tpre 0.00 tcoarse 0.08 tpost 0.32 trest 0.00 tprol 0.00
iters =   21  secs = 6.214707  rsq = 2.22675e-16
level 0 count 21 tpre 0.01 tcoarse 3.38 tpost 1.99 trest 1.48 tprol 1.41
level 1 count 40 tpre 0.00 tcoarse 0.08 tpost 0.31 trest 0.00 tprol 0.00
iters =   21  secs = 6.202060  rsq = 3.05975e-16
level 0 count 21 tpre 0.01 tcoarse 3.37 tpost 1.99 trest 1.47 tprol 1.41
level 1 count 39 tpre 0.00 tcoarse 0.07 tpost 0.30 trest 0.00 tprol 0.00
iters =   21  secs = 6.218125  rsq = 3.15562e-16
level 0 count 21 tpre 0.01 tcoarse 3.38 tpost 1.99 trest 1.48 tprol 1.41
level 1 count 40 tpre 0.00 tcoarse 0.08 tpost 0.31 trest 0.00 tprol 0.00
iters =   21  secs = 6.226625  rsq = 2.63917e-16
level 0 count 21 tpre 0.01 tcoarse 3.39 tpost 1.99 trest 1.47 tprol 1.41
level 1 count 41 tpre 0.00 tcoarse 0.08 tpost 0.32 trest 0.00 tprol 0.00
iters =   21  secs = 6.218449  rsq = 2.5043e-16
level 0 count 21 tpre 0.01 tcoarse 3.38 tpost 1.99 trest 1.47 tprol 1.41
level 1 count 40 tpre 0.00 tcoarse 0.08 tpost 0.31 trest 0.00 tprol 0.00
TIME("c3pt","bwd_prop") = 39.694 secs
0x4c66ae 0x4c66ae
0x4e01dc 0x4c66ae
0x4c66ae 0x4c66ae
0x4e01dc 0x4c66ae
0x4c66ae 0x4c66ae
0x4e01dc 0x4c66ae
0x4c66ae 0x4c66ae
0x4e01dc 0x4c66ae
0x4c66ae 0x4c66ae
0x4e01dc 0x4c66ae
0x4c66ae 0x4c66ae
0x4e01dc 0x4c66ae
0x4c66ae 0x4c66ae
0x4e01dc 0x4c66ae
0x4c66ae 0x4c66ae
0x4e01dc 0x4c66ae
0x4c66ae 0x4c66ae
0x4e01dc 0x4c66ae
0x4c66ae 0x4c66ae
0x4e01dc 0x4c66ae
0x4c66ae 0x4c66ae
0x4e01dc 0x4c66ae
0x4c66ae 0x4c66ae
0x4e01dc 0x4c66ae
0x4c66ae 0x4c66ae
0x4e01dc 0x4c66ae
0x4c66ae 0x4c66ae
0x4e01dc 0x4c66ae
0x4c66ae 0x4c66ae
0x4e01dc 0x4c66ae
0x4c66ae 0x4c66ae
0x4e01dc 0x4c66ae
0x4c66ae 0x4c66ae
0x4e01dc 0x4c66ae
0x4c66ae 0x4c66ae
0x4e01dc 0x4c66ae
0x4c66ae 0x4c66ae
0x4e01dc 0x4c66ae
0x4c66ae 0x4c66ae
0x4e01dc 0x4c66ae
0x4c66ae 0x4c66ae
0x4e01dc 0x4c66ae
0x4c66ae 0x4c66ae
0x4e01dc 0x4c66ae
0x4c66ae 0x4c66ae
0x4e01dc 0x4c66ae
0x4c66ae 0x4c66ae
0x4e01dc 0x4c66ae
0x4c66ae 0x4c66ae
0x4e01dc 0x4c66ae
0x4c66ae 0x4c66ae
0x4e01dc 0x4c66ae
0x4c66ae 0x4c66ae
0x4e01dc 0x4c66ae
0x4c66ae 0x4c66ae
0x4e01dc 0x4c66ae
0x4c66ae 0x4c66ae
0x4e01dc 0x4c66ae
0x4c66ae 0x4c66ae
0x4e01dc 0x4c66ae
0x4c66ae 0x4c66ae
0x4e01dc 0x4c66ae
0x4c66ae 0x4c66ae
0x4e01dc 0x4c66ae
0x4c66ae 0x4c66ae
0x4e01dc 0x4c66ae
0x4c66ae 0x4c66ae
0x4e01dc 0x4c66ae
0x4c66ae 0x4c66ae
0x4e01dc 0x4c66ae
0x4c66ae 0x4c66ae
0x4e01dc 0x4c66ae
0x4c66ae 0x4c66ae
0x4e01dc 0x4c66ae
0x4c66ae 0x4c66ae
0x4e01dc 0x4c66ae
0x4c66ae 0x4c66ae
0x4e01dc 0x4c66ae
0x4c66ae 0x4c66ae
0x4e01dc 0x4c66ae
0x4c66ae 0x4c66ae
0x4e01dc 0x4c66ae
0x4c66ae 0x4c66ae
0x4e01dc 0x4c66ae
0x4c66ae 0x4c66ae
0x4e01dc 0x4c66ae
0x4c66ae 0x4c66ae
0x4e01dc 0x4c66ae
0x4c66ae 0x4c66ae
0x4e01dc 0x4c66ae
0x4c66ae 0x4c66ae
0x4e01dc 0x4c66ae
0x4c66ae 0x4c66ae
0x4e01dc 0x4c66ae
0x4c66ae 0x4c66ae
0x4e01dc 0x4c66ae
0x4c66ae 0x4c66ae
0x4e01dc 0x4c66ae
0x4c66ae 0x4c66ae
0x4e01dc 0x4c66ae
0x4c66ae 0x4c66ae
0x4e01dc 0x4c66ae
0x4c66ae 0x4c66ae
0x4e01dc 0x4c66ae
0x4c66ae 0x4c66ae
0x4e01dc 0x4c66ae
0x4c66ae 0x4c66ae
0x4e01dc 0x4c66ae
0x4c66ae 0x4c66ae
0x4e01dc 0x4c66ae
0x4c66ae 0x4c66ae
0x4e01dc 0x4c66ae
0x4c66ae 0x4c66ae
0x4e01dc 0x4c66ae
0x4c66ae 0x4c66ae
0x4e01dc 0x4c66ae
0x4c66ae 0x4c66ae
0x4e01dc 0x4c66ae
0x4c66ae 0x4c66ae
0x4e01dc 0x4c66ae
0x4c66ae 0x4c66ae
0x4e01dc 0x4c66ae
0x4c66ae 0x4c66ae
0x4e01dc 0x4c66ae
0x4c66ae 0x4c66ae
0x4e01dc 0x4c66ae
0x4c66ae 0x4c66ae
0x4e01dc 0x4c66ae
0x4c66ae 0x4c66ae
0x4e01dc 0x4c66ae
0x4c66ae 0x4c66ae
0x4e01dc 0x4c66ae
0x4c66ae 0x4c66ae
0x4e01dc 0x4c66ae
0x4c66ae 0x4c66ae
0x4e01dc 0x4c66ae
0x4c66ae 0x4c66ae
0x4e01dc 0x4c66ae
0x4c66ae 0x4c66ae
0x4e01dc 0x4c66ae
0x4c66ae 0x4c66ae
0x4e01dc 0x4c66ae
0x4c66ae 0x4c66ae
0x4e01dc 0x4c66ae
0x4c66ae 0x4c66ae
0x4e01dc 0x4c66ae
0x4c66ae 0x4c66ae
0x4e01dc 0x4c66ae
0x4c66ae 0x4c66ae
0x4e01dc 0x4c66ae
0x4c66ae 0x4c66ae
0x4e01dc 0x4c66ae
0x4c66ae 0x4c66ae
0x4e01dc 0x4c66ae
0x4c66ae 0x4c66ae
0x4e01dc 0x4c66ae
0x4c66ae 0x4c66ae
0x4e01dc 0x4c66ae
0x4c66ae 0x4c66ae
0x4e01dc 0x4c66ae
0x4c66ae 0x4c66ae
0x4e01dc 0x4c66ae
0x4c66ae 0x4c66ae
0x4e01dc 0x4c66ae
0x4c66ae 0x4c66ae
0x4e01dc 0x4c66ae
0x4c66ae 0x4c66ae
0x4e01dc 0x4c66ae
0x4c66ae 0x4c66ae
0x4e01dc 0x4c66ae
0x4c66ae 0x4c66ae
0x4e01dc 0x4c66ae
0x4c66ae 0x4c66ae
0x4e01dc 0x4c66ae
0x4c66ae 0x4c66ae
0x4e01dc 0x4c66ae
0x4c66ae 0x4c66ae
0x4e01dc 0x4c66ae
0x4c66ae 0x4c66ae
0x4e01dc 0x4c66ae
0x4c66ae 0x4c66ae
0x4e01dc 0x4c66ae
0x4c66ae 0x4c66ae
0x4e01dc 0x4c66ae
0x4c66ae 0x4c66ae
0x4e01dc 0x4c66ae
TIME("seq_prop-write","done") = 7.970 secs
TIME("smear[cpu]","done") = 8.961 secs
seq check: complex(5.48477e-10, 1.6426e-10)

Success.
0x4c66ae 0x4c66ae
0x4e01dc 0x4c66ae
0x4c66ae 0x4c66ae
0x4e01dc 0x4c66ae
0x4c66ae 0x4c66ae
0x4e01dc 0x4c66ae
0x4c66ae 0x4c66ae
0x4e01dc 0x4c66ae
0x4c66ae 0x4c66ae
0x4e01dc 0x4c66ae
0x4c66ae 0x4c66ae
0x4e01dc 0x4c66ae
0x4c66ae 0x4c66ae
0x4e01dc 0x4c66ae
0x4c66ae 0x4c66ae
0x4e01dc 0x4c66ae
0x4c66ae 0x4c66ae
0x4e01dc 0x4c66ae
0x4c66ae 0x4c66ae
0x4e01dc 0x4c66ae
0x4c66ae 0x4c66ae
0x4e01dc 0x4c66ae
0x4c66ae 0x4c66ae
0x4e01dc 0x4c66ae
0x4c66ae 0x4c66ae
0x4e01dc 0x4c66ae
0x4c66ae 0x4c66ae
0x4e01dc 0x4c66ae
0x4c66ae 0x4c66ae
0x4e01dc 0x4c66ae
0x4c66ae 0x4c66ae
0x4e01dc 0x4c66ae
0x4c66ae 0x4c66ae
0x4e01dc 0x4c66ae
0x4c66ae 0x4c66ae
0x4e01dc 0x4c66ae
0x4c66ae 0x4c66ae
0x4e01dc 0x4c66ae
0x4c66ae 0x4c66ae
0x4e01dc 0x4c66ae
0x4c66ae 0x4c66ae
0x4e01dc 0x4c66ae
0x4c66ae 0x4c66ae
0x4e01dc 0x4c66ae
0x4c66ae 0x4c66ae
0x4e01dc 0x4c66ae
0x4c66ae 0x4c66ae
0x4e01dc 0x4c66ae
0x4c66ae 0x4c66ae
0x4e01dc 0x4c66ae
0x4c66ae 0x4c66ae
0x4e01dc 0x4c66ae
0x4c66ae 0x4c66ae
0x4e01dc 0x4c66ae
0x4c66ae 0x4c66ae
0x4e01dc 0x4c66ae
0x4c66ae 0x4c66ae
0x4e01dc 0x4c66ae
0x4c66ae 0x4c66ae
0x4e01dc 0x4c66ae
0x4c66ae 0x4c66ae
0x4e01dc 0x4c66ae
0x4c66ae 0x4c66ae
0x4e01dc 0x4c66ae
0x4c66ae 0x4c66ae
0x4e01dc 0x4c66ae
0x4c66ae 0x4c66ae
0x4e01dc 0x4c66ae
0x4c66ae 0x4c66ae
0x4e01dc 0x4c66ae
0x4c66ae 0x4c66ae
0x4e01dc 0x4c66ae
0x4c66ae 0x4c66ae
0x4e01dc 0x4c66ae
0x4c66ae 0x4c66ae
0x4e01dc 0x4c66ae
0x4c66ae 0x4c66ae
0x4e01dc 0x4c66ae
0x4c66ae 0x4c66ae
0x4e01dc 0x4c66ae
0x4c66ae 0x4c66ae
0x4e01dc 0x4c66ae
0x4c66ae 0x4c66ae
0x4e01dc 0x4c66ae
0x4c66ae 0x4c66ae
0x4e01dc 0x4c66ae
0x4c66ae 0x4c66ae
0x4e01dc 0x4c66ae
0x4c66ae 0x4c66ae
0x4e01dc 0x4c66ae
0x4c66ae 0x4c66ae
0x4e01dc 0x4c66ae
0x4c66ae 0x4c66ae
0x4e01dc 0x4c66ae
0x4c66ae 0x4c66ae
0x4e01dc 0x4c66ae
0x4c66ae 0x4c66ae
0x4e01dc 0x4c66ae
0x4c66ae 0x4c66ae
0x4e01dc 0x4c66ae
0x4c66ae 0x4c66ae
0x4e01dc 0x4c66ae
0x4c66ae 0x4c66ae
0x4e01dc 0x4c66ae
0x4c66ae 0x4c66ae
0x4e01dc 0x4c66ae
0x4c66ae 0x4c66ae
0x4e01dc 0x4c66ae
0x4c66ae 0x4c66ae
0x4e01dc 0x4c66ae
0x4c66ae 0x4c66ae
0x4e01dc 0x4c66ae
0x4c66ae 0x4c66ae
0x4e01dc 0x4c66ae
0x4c66ae 0x4c66ae
0x4e01dc 0x4c66ae
0x4c66ae 0x4c66ae
0x4e01dc 0x4c66ae
0x4c66ae 0x4c66ae
0x4e01dc 0x4c66ae
0x4c66ae 0x4c66ae
0x4e01dc 0x4c66ae
0x4c66ae 0x4c66ae
0x4e01dc 0x4c66ae
0x4c66ae 0x4c66ae
0x4e01dc 0x4c66ae
0x4c66ae 0x4c66ae
0x4e01dc 0x4c66ae
0x4c66ae 0x4c66ae
0x4e01dc 0x4c66ae
0x4c66ae 0x4c66ae
0x4e01dc 0x4c66ae
0x4c66ae 0x4c66ae
0x4e01dc 0x4c66ae
0x4c66ae 0x4c66ae
0x4e01dc 0x4c66ae
0x4c66ae 0x4c66ae
0x4e01dc 0x4c66ae
0x4c66ae 0x4c66ae
0x4e01dc 0x4c66ae
0x4c66ae 0x4c66ae
0x4e01dc 0x4c66ae
0x4c66ae 0x4c66ae
0x4e01dc 0x4c66ae
0x4c66ae 0x4c66ae
0x4e01dc 0x4c66ae
0x4c66ae 0x4c66ae
0x4e01dc 0x4c66ae
0x4c66ae 0x4c66ae
0x4e01dc 0x4c66ae
0x4c66ae 0x4c66ae
0x4e01dc 0x4c66ae
0x4c66ae 0x4c66ae
0x4e01dc 0x4c66ae
0x4c66ae 0x4c66ae
0x4e01dc 0x4c66ae
0x4c66ae 0x4c66ae
0x4e01dc 0x4c66ae
0x4c66ae 0x4c66ae
0x4e01dc 0x4c66ae
0x4c66ae 0x4c66ae
0x4e01dc 0x4c66ae
0x4c66ae 0x4c66ae
0x4e01dc 0x4c66ae
0x4c66ae 0x4c66ae
0x4e01dc 0x4c66ae
0x4c66ae 0x4c66ae
0x4e01dc 0x4c66ae
0x4c66ae 0x4c66ae
0x4e01dc 0x4c66ae
0x4c66ae 0x4c66ae
0x4e01dc 0x4c66ae
0x4c66ae 0x4c66ae
0x4e01dc 0x4c66ae
0x4c66ae 0x4c66ae
0x4e01dc 0x4c66ae
0x4c66ae 0x4c66ae
0x4e01dc 0x4c66ae
0x4c66ae 0x4c66ae
0x4e01dc 0x4c66ae
0x4c66ae 0x4c66ae
0x4e01dc 0x4c66ae
0x4c66ae 0x4c66ae
0x4e01dc 0x4c66ae
0x4c66ae 0x4c66ae
0x4e01dc 0x4c66ae
0x4c66ae 0x4c66ae
0x4e01dc 0x4c66ae
0x4c66ae 0x4c66ae
0x4e01dc 0x4c66ae
0x4c66ae 0x4c66ae
0x4e01dc 0x4c66ae
0x4c66ae 0x4c66ae
0x4e01dc 0x4c66ae
0x4c66ae 0x4c66ae
0x4e01dc 0x4c66ae
