machine of 192 nodes
network kind: switch
L.network[1] = 4
L.network[2] = 4
L.network[3] = 4
L.network[4] = 3
DML_partition_in times: read 0.37  send 0.00  total 0.41
TIME("gauge_load","done") = 0.505 secs
TIME("gauge_stout_smear","done") = 0.398 secs
TIME("gauge_ape_smear","done") = 6.366 secs
init_level 0
init_level 1
creating MG level 0
creating lattice: 8 8 8 24
ndim = 4
numsites = 64
len = 8 8 8 24
nsquares = 2 2 4 12

creating block
local = 0
creating args
creating null vecs
0x4c66ae 0x4c66ae
0   6   291    0.00264177  0.00340534  0.00839987  0.0418558   0.319967  
1   3   194    0.00292865  0.00345543
2   2   152    0.00472556  0.00554836
3   2   120    0.00507376  0.0060817 
4   2   112    0.00501671  0.00616002
5   2   108    0.00506007  0.00624957
6   2   118    0.00541327  0.00633546
7   2   120    0.00555425  0.00635967
8   2   117    0.00552116  0.0067765 
9   3   218    0.00419327  0.00500381
10  2   131    0.00552677  0.00646096
11  2   161    0.00477266  0.00656271
12  2   143    0.00521215  0.0064793 
13  2   126    0.0053216   0.00620502
14  2   123    0.00536243  0.00700182
15  2   131    0.00525159  0.00705903
16  2   125    0.0052839   0.00636485
17  2   112    0.00554566  0.0068449 
18  2   118    0.00594509  0.00691493
19  2   145    0.00545368  0.0069466 
20  2   129    0.00557164  0.0065422 
21  2   111    0.00619231  0.00705535
22  2   118    0.00581499  0.00705865
23  2   134    0.00569854  0.00732897
setup its = 3357
0    1           6.97893e-06  0.00264177
1    1           8.57696e-06  0.00292865
2    1           2.23309e-05  0.00472556
3    1           2.57431e-05  0.00507376
4    1           2.51674e-05  0.00501671
5    1           2.56043e-05  0.00506007
6    1           2.93035e-05  0.00541327
7    1           3.08497e-05  0.00555425
8    1           3.04832e-05  0.00552116
9    1           1.75835e-05  0.00419327
10   1           3.05452e-05  0.00552677
11   1           2.27783e-05  0.00477266
12   1           2.71665e-05  0.00521215
13   1           2.83194e-05  0.0053216 
14   1           2.87557e-05  0.00536243
15   1           2.75792e-05  0.00525159
16   1           2.79196e-05  0.0052839 
17   1           3.07544e-05  0.00554566
18   1           3.53441e-05  0.00594509
19   1           2.97426e-05  0.00545368
20   1           3.10432e-05  0.00557164
21   1           3.83446e-05  0.00619231
22   1           3.38141e-05  0.00581499
23   1           3.24733e-05  0.00569854
0    1           6.97893e-06  0.00264177
1    1           1.0042e-05  0.00316891
2    1           2.24158e-05  0.00473453
3    1           2.36615e-05  0.00486431
4    1           2.27749e-05  0.00477231
5    1           2.42827e-05  0.00492775
6    1           2.92217e-05  0.00540571
7    1           3.45441e-05  0.00587743
8    1           5.66036e-05  0.00752354
9    1           8.08338e-05  0.00899076
10   1           5.32311e-05  0.00729596
11   1           5.25841e-05  0.00725149
12   1           8.77702e-05  0.00936858
13   1           0.000202772  0.0142398 
14   1           0.000220784  0.0148588 
15   1           6.81661e-05  0.00825628
16   1           0.000207975  0.0144213 
17   1           0.000268042  0.016372  
18   1           0.000143866  0.0119944 
19   1           0.00021275  0.014586  
20   1           0.000236525  0.0153794 
21   1           9.00747e-05  0.00949077
22   1           0.000126085  0.0112288 
23   1           0.000237734  0.0154186 
0    24576       386.126     0.125346  
1    24576       1357.23     0.235002  
2    24576       2152.17     0.295925  
3    24576       2821.55     0.338835  
4    24576       3450.82     0.374719  
5    24576       3950.96     0.400955  
6    24576       4403.27     0.423284  
7    24576       4819.8      0.442852  
8    24576       5193.69     0.459708  
9    24576       5537.87     0.474696  
10   24576       5874.37     0.488906  
11   24576       6196.39     0.502127  
12   24576       6464.13     0.512861  
13   24576       6688.51     0.521686  
14   24576       6965.45     0.532377  
15   24576       7250.96     0.543178  
16   24576       7471.45     0.551375  
17   24576       7684.74     0.559189  
18   24576       7918.55     0.567632  
19   24576       8127.3      0.575066  
20   24576       8340.45     0.582558  
21   24576       8525.76     0.588994  
22   24576       8697.76     0.594906  
23   24576       8890.73     0.601469  
get_nullvecs: 131.472 secs
vcomp 0  ( 590507 590507 )  5.97136e-07 / 2.36203e+06 = 2.52806e-13
vcomp 1  ( 590130 590130 )  5.88068e-07 / 2.36052e+06 = 2.49126e-13
vcomp 0  ( 590507 590507 )  6.08151e-07 / 2.36203e+06 = 2.5747e-13
vcomp 1  ( 590130 590130 )  5.9906e-07 / 2.36052e+06 = 2.53783e-13

creating true coarse operator
 shift  0 :  1  0  0  0
 shift  1 :  0  1  0  0
 shift  2 :  0  0  1  0
 shift  3 :  0  0  0  1
 shift  4 : -1  0  0  0
 shift  5 :  0 -1  0  0
 shift  6 :  0  0 -1  0
 shift  7 :  0  0  0 -1
 shift  8 :  0  0  0  0
16: 0 5 10 15
vcomp 0  ( 0.116555 0.116555 )  0 / 0.46622 = 0
vcomp 1  ( 0.0150556 0.0150556 )  0 / 0.0602223 = 0
vcomp 0  ( 1 0.999999 )  9.20749e-14 / 4 = 2.30187e-14
vcomp 1  ( 0 1.87819e-15 )  1.87819e-15 / 1.87819e-15 = 1
vcomp 0  ( 1.29353 1.29353 )  3.02654e-13 / 5.17411 = 5.84939e-14
vcomp 1  ( 0.131301 0.131301 )  1.20215e-14 / 0.525204 = 2.28892e-14
vcomp 0  ( 0.0781032 0.0781032 )  1.30157e-15 / 0.312413 = 4.1662e-15
vcomp 1  ( 0.010639 0.010639 )  1.17547e-15 / 0.0425562 = 2.76217e-14
QOP_F_mgCloneOp: 125.459 secs
creating MG level 1
creating lattice: 4 4 4 12
ndim = 4
numsites = 4
len = 4 4 4 12
nsquares = 2 2 4 12

creating block
local = 1
creating args
creating null vecs
0x4e01dc 0x4c66ae
0   6   35     0.0182397   0.0220144   0.0403452   0.113483    0.398673  
1   3   32     0.0145476   0.0169087 
2   4   49     0.0109327   0.0137685   0.0194333 
3   2   21     0.0201691   0.0236775 
4   2   23     0.0223187   0.0255295 
5   2   20     0.0239148   0.0287626 
6   3   27     0.0208987   0.0239899 
7   3   33     0.0192226   0.0200483 
8   3   28     0.0196307   0.0204694 
9   2   21     0.0242371   0.0296265 
10  2   19     0.0248535   0.0274156 
11  2   21     0.0234252   0.027825  
12  2   18     0.0246871   0.0280285 
13  3   32     0.0201956   0.0220191 
14  2   21     0.0228972   0.0286858 
15  3   31     0.021346    0.0212503 
16  2   19     0.0229794   0.0294743 
17  2   21     0.0255342   0.0324751 
18  2   17     0.0265132   0.029676  
19  2   23     0.0248963   0.0294965 
20  2   18     0.025315    0.0276385 
21  2   24     0.0236628   0.0288074 
22  2   19     0.0263281   0.0297056 
23  2   22     0.0253006   0.0285575 
setup its = 594
0    1           0.000332688  0.0182397 
1    1           0.000211632  0.0145476 
2    1           0.000119524  0.0109327 
3    1           0.000406793  0.0201691 
4    1           0.000498123  0.0223187 
5    1           0.000571916  0.0239148 
6    1           0.000436754  0.0208987 
7    1           0.000369509  0.0192226 
8    1           0.000385366  0.0196308 
9    1           0.000587437  0.0242371 
10   1           0.000617696  0.0248535 
11   1           0.000548738  0.0234252 
12   1           0.000609451  0.0246871 
13   1           0.000407863  0.0201956 
14   1           0.000524281  0.0228972 
15   1           0.000455651  0.021346  
16   1           0.000528055  0.0229794 
17   1           0.000651998  0.0255342 
18   1           0.000702951  0.0265132 
19   1           0.000619823  0.0248963 
20   1           0.000640849  0.025315  
21   1           0.000559929  0.0236628 
22   1           0.00069317  0.0263281 
23   1           0.000640121  0.0253006 
0    1           0.000332688  0.0182397 
1    1           0.000216275  0.0147063 
2    1           0.000128601  0.0113403 
3    1           0.000433562  0.0208221 
4    1           0.000471831  0.0217217 
5    1           0.000504593  0.0224632 
6    1           0.000420272  0.0205005 
7    1           0.000388513  0.0197107 
8    1           0.000419995  0.0204938 
9    1           0.000565152  0.0237729 
10   1           0.000587314  0.0242346 
11   1           0.000714377  0.0267278 
12   1           0.0011081   0.0332881 
13   1           0.000879704  0.0296598 
14   1           0.000584635  0.0241792 
15   1           0.000945304  0.0307458 
16   1           0.00145218  0.0381075 
17   1           0.00144917  0.0380679 
18   1           0.00154103  0.0392559 
19   1           0.00157528  0.0396898 
20   1           0.00121288  0.0348265 
21   1           0.0029704   0.0545013 
22   1           0.00254859  0.0504836 
23   1           0.00376892  0.0613915 
0    1536        36.8836     0.15496   
1    1536        123.449     0.283497  
2    1536        196.271     0.357464  
3    1536        238.172     0.393776  
4    1536        286.74      0.432064  
5    1536        327.673     0.461875  
6    1536        368.208     0.489611  
7    1536        406.586     0.514494  
8    1536        438.721     0.53444   
9    1536        467.293     0.551568  
10   1536        496.881     0.568762  
11   1536        531.219     0.588087  
12   1536        548.216     0.597421  
13   1536        578.19      0.613535  
14   1536        604.245     0.627207  
15   1536        630.914     0.640899  
16   1536        645.285     0.648157  
17   1536        672.2       0.661536  
18   1536        693.388     0.671881  
19   1536        715.376     0.682451  
20   1536        744.783     0.696336  
21   1536        762.293     0.704475  
22   1536        786.95      0.715777  
23   1536        813.269     0.727648  
get_nullvecs: 2.05648 secs
vcomp 0  ( 36687.5 36687.5 )  5.24684e-09 / 146750 = 3.57536e-14
vcomp 1  ( 36951.7 36951.7 )  5.29171e-09 / 147807 = 3.58016e-14
vcomp 0  ( 36687.5 36687.5 )  5.80881e-09 / 146750 = 3.9583e-14
vcomp 1  ( 36951.7 36951.7 )  5.87807e-09 / 147807 = 3.97687e-14

creating true coarse operator
 shift  0 :  1  0  0  0
 shift  1 :  0  1  0  0
 shift  2 :  0  0  1  0
 shift  3 :  0  0  0  1
 shift  4 : -1  0  0  0
 shift  5 :  0 -1  0  0
 shift  6 :  0  0 -1  0
 shift  7 :  0  0  0 -1
 shift  8 :  0  0  0  0
16: 0 5 10 15
vcomp 0  ( 0.447085 0.447085 )  0 / 1.78834 = 0
vcomp 1  ( 0.0185482 0.0185482 )  0 / 0.0741929 = 0
vcomp 0  ( 1 1 )  7.00234e-13 / 4 = 1.75058e-13
vcomp 1  ( 0 9.96036e-16 )  9.96036e-16 / 9.96036e-16 = 1
vcomp 0  ( 1.25372 1.25372 )  7.23286e-13 / 5.01487 = 1.44228e-13
vcomp 1  ( 0.0547852 0.0547852 )  6.71585e-15 / 0.219141 = 3.06463e-14
vcomp 0  ( 0.290223 0.290223 )  1.77641e-14 / 1.16089 = 1.53021e-14
vcomp 1  ( 0.016216 0.016216 )  3.86742e-15 / 0.0648641 = 5.96234e-14
QOP_F_mgCloneOp: 1.22983 secs
TIME("set up mg solver","done") = 260.807 secs
TIME("make_mg_solver","done") = 260.807 secs
momentum smearing with ( 0 0 0 0 )
TIME("make_mom_smear_fct","done") = 0.010 secs
TIME("smear[cpu]","done") = 0.111 secs
TIME("frw_prop_source.2008.x0y0z0t0","done") = 0.146 secs
iters =   21  secs = 6.183340  rsq = 3.75222e-16
level 0 count 21 tpre 0.01 tcoarse 3.37 tpost 1.99 trest 1.48 tprol 1.41
level 1 count 35 tpre 0.00 tcoarse 0.09 tpost 0.28 trest 0.00 tprol 0.00
iters =   21  secs = 6.132253  rsq = 3.93131e-16
level 0 count 21 tpre 0.01 tcoarse 3.33 tpost 1.99 trest 1.47 tprol 1.41
level 1 count 33 tpre 0.00 tcoarse 0.09 tpost 0.27 trest 0.00 tprol 0.00
iters =   21  secs = 6.154609  rsq = 3.42889e-16
level 0 count 21 tpre 0.01 tcoarse 3.35 tpost 1.99 trest 1.47 tprol 1.41
level 1 count 35 tpre 0.00 tcoarse 0.09 tpost 0.28 trest 0.00 tprol 0.00
iters =   21  secs = 6.148803  rsq = 5.24636e-16
level 0 count 21 tpre 0.01 tcoarse 3.35 tpost 1.99 trest 1.47 tprol 1.41
level 1 count 34 tpre 0.00 tcoarse 0.09 tpost 0.28 trest 0.00 tprol 0.00
iters =   21  secs = 6.124204  rsq = 3.89036e-16
level 0 count 21 tpre 0.01 tcoarse 3.32 tpost 1.99 trest 1.47 tprol 1.41
level 1 count 33 tpre 0.00 tcoarse 0.08 tpost 0.27 trest 0.00 tprol 0.00
iters =   21  secs = 6.137229  rsq = 4.79199e-16
level 0 count 21 tpre 0.01 tcoarse 3.33 tpost 1.99 trest 1.47 tprol 1.41
level 1 count 34 tpre 0.00 tcoarse 0.09 tpost 0.28 trest 0.00 tprol 0.00
iters =   21  secs = 6.148425  rsq = 3.51382e-16
level 0 count 21 tpre 0.01 tcoarse 3.35 tpost 1.99 trest 1.47 tprol 1.41
level 1 count 35 tpre 0.00 tcoarse 0.09 tpost 0.28 trest 0.00 tprol 0.00
iters =   21  secs = 6.146541  rsq = 5.29084e-16
level 0 count 21 tpre 0.01 tcoarse 3.35 tpost 1.99 trest 1.47 tprol 1.41
level 1 count 35 tpre 0.00 tcoarse 0.08 tpost 0.28 trest 0.00 tprol 0.00
iters =   21  secs = 6.148116  rsq = 5.20351e-16
level 0 count 21 tpre 0.01 tcoarse 3.35 tpost 1.99 trest 1.47 tprol 1.41
level 1 count 35 tpre 0.00 tcoarse 0.09 tpost 0.28 trest 0.00 tprol 0.00
iters =   21  secs = 6.142202  rsq = 4.2553e-16
level 0 count 21 tpre 0.01 tcoarse 3.34 tpost 1.99 trest 1.47 tprol 1.41
level 1 count 33 tpre 0.00 tcoarse 0.08 tpost 0.27 trest 0.00 tprol 0.00
iters =   21  secs = 6.145279  rsq = 5.1642e-16
level 0 count 21 tpre 0.01 tcoarse 3.34 tpost 1.99 trest 1.47 tprol 1.41
level 1 count 34 tpre 0.00 tcoarse 0.08 tpost 0.28 trest 0.00 tprol 0.00
iters =   21  secs = 6.141381  rsq = 5.01362e-16
level 0 count 21 tpre 0.01 tcoarse 3.34 tpost 1.99 trest 1.47 tprol 1.41
level 1 count 34 tpre 0.00 tcoarse 0.08 tpost 0.28 trest 0.00 tprol 0.00
TIME("smear[cpu]","done") = 9.010 secs
TIME("frw_prop.2008.x0y0z0t0","done") = 84.258 secs
TIME("fwd_prop-write","done") = 7.956 secs
TIME("sm_fwd_prop-write","done") = 6.504 secs
doing sink momentum 0 0 0 0
The sink time is 10
computing (1-g4) projected prop
TIME("c3pt","bwd_source") = 0.402 secs
TIME("smear[cpu]","done") = 1.250 secs
iters =   21  secs = 6.159558  rsq = 5.95253e-16
level 0 count 21 tpre 0.01 tcoarse 3.35 tpost 1.99 trest 1.47 tprol 1.41
level 1 count 36 tpre 0.00 tcoarse 0.09 tpost 0.29 trest 0.00 tprol 0.00
iters =   21  secs = 6.167574  rsq = 5.24076e-16
level 0 count 21 tpre 0.01 tcoarse 3.37 tpost 1.99 trest 1.47 tprol 1.41
level 1 count 36 tpre 0.00 tcoarse 0.10 tpost 0.29 trest 0.00 tprol 0.00
iters =   21  secs = 6.191212  rsq = 5.04786e-16
level 0 count 21 tpre 0.01 tcoarse 3.37 tpost 2.01 trest 1.46 tprol 1.42
level 1 count 35 tpre 0.00 tcoarse 0.09 tpost 0.29 trest 0.00 tprol 0.00
iters =   21  secs = 6.177846  rsq = 5.07202e-16
level 0 count 21 tpre 0.01 tcoarse 3.38 tpost 1.99 trest 1.47 tprol 1.41
level 1 count 37 tpre 0.00 tcoarse 0.10 tpost 0.30 trest 0.00 tprol 0.00
iters =   21  secs = 6.162697  rsq = 5.16745e-16
level 0 count 21 tpre 0.01 tcoarse 3.36 tpost 1.99 trest 1.47 tprol 1.41
level 1 count 36 tpre 0.00 tcoarse 0.09 tpost 0.29 trest 0.00 tprol 0.00
iters =   21  secs = 6.240448  rsq = 4.4073e-16
level 0 count 21 tpre 0.01 tcoarse 3.44 tpost 1.99 trest 1.47 tprol 1.48
level 1 count 37 tpre 0.00 tcoarse 0.09 tpost 0.30 trest 0.00 tprol 0.00
TIME("c3pt","bwd_prop") = 39.431 secs
TIME("seq_prop-write","done") = 6.947 secs
TIME("smear[cpu]","done") = 8.976 secs
seq check: complex(3.40988e-10, 8.56679e-11)
doing sink momentum 0 0 0 0
The sink time is 10
computing (1-g4) projected prop
TIME("c3pt","bwd_source") = 0.439 secs
TIME("smear[cpu]","done") = 1.256 secs
iters =   21  secs = 6.148569  rsq = 5.95254e-16
level 0 count 21 tpre 0.01 tcoarse 3.35 tpost 1.99 trest 1.46 tprol 1.41
level 1 count 36 tpre 0.00 tcoarse 0.09 tpost 0.29 trest 0.00 tprol 0.00
iters =   21  secs = 6.123351  rsq = 5.82395e-16
level 0 count 21 tpre 0.01 tcoarse 3.32 tpost 1.99 trest 1.47 tprol 1.40
level 1 count 34 tpre 0.00 tcoarse 0.08 tpost 0.27 trest 0.00 tprol 0.00
iters =   21  secs = 6.142630  rsq = 5.04786e-16
level 0 count 21 tpre 0.01 tcoarse 3.34 tpost 1.99 trest 1.47 tprol 1.40
level 1 count 35 tpre 0.00 tcoarse 0.09 tpost 0.28 trest 0.00 tprol 0.00
iters =   21  secs = 6.112933  rsq = 7.7355e-16
level 0 count 21 tpre 0.01 tcoarse 3.31 tpost 1.99 trest 1.46 tprol 1.40
level 1 count 33 tpre 0.00 tcoarse 0.09 tpost 0.26 trest 0.00 tprol 0.00
iters =   21  secs = 6.151901  rsq = 5.16745e-16
level 0 count 21 tpre 0.01 tcoarse 3.35 tpost 1.99 trest 1.47 tprol 1.40
level 1 count 36 tpre 0.00 tcoarse 0.09 tpost 0.29 trest 0.00 tprol 0.00
iters =   21  secs = 6.126562  rsq = 6.04753e-16
level 0 count 21 tpre 0.01 tcoarse 3.33 tpost 1.99 trest 1.47 tprol 1.40
level 1 count 34 tpre 0.00 tcoarse 0.08 tpost 0.27 trest 0.00 tprol 0.00
TIME("c3pt","bwd_prop") = 39.190 secs
TIME("seq_prop-write","done") = 7.448 secs
TIME("smear[cpu]","done") = 8.952 secs
seq check: complex(6.81975e-10, 1.71336e-10)
TIME("smear[cpu]","done") = 0.083 secs
TIME("frw_prop_source.2008.x8y0z0t0","done") = 0.115 secs
iters =   21  secs = 6.133082  rsq = 4.12927e-16
level 0 count 21 tpre 0.01 tcoarse 3.33 tpost 1.99 trest 1.47 tprol 1.41
level 1 count 35 tpre 0.00 tcoarse 0.09 tpost 0.27 trest 0.00 tprol 0.00
iters =   21  secs = 6.142716  rsq = 5.52168e-16
level 0 count 21 tpre 0.01 tcoarse 3.34 tpost 1.99 trest 1.47 tprol 1.41
level 1 count 35 tpre 0.00 tcoarse 0.09 tpost 0.27 trest 0.00 tprol 0.00
iters =   21  secs = 6.138363  rsq = 5.21837e-16
level 0 count 21 tpre 0.01 tcoarse 3.33 tpost 1.99 trest 1.47 tprol 1.41
level 1 count 35 tpre 0.00 tcoarse 0.08 tpost 0.27 trest 0.00 tprol 0.00
iters =   21  secs = 6.135413  rsq = 5.63282e-16
level 0 count 21 tpre 0.01 tcoarse 3.34 tpost 1.99 trest 1.47 tprol 1.41
level 1 count 35 tpre 0.00 tcoarse 0.08 tpost 0.27 trest 0.00 tprol 0.00
iters =   21  secs = 6.156561  rsq = 5.11473e-16
level 0 count 21 tpre 0.01 tcoarse 3.34 tpost 2.01 trest 1.47 tprol 1.41
level 1 count 35 tpre 0.00 tcoarse 0.09 tpost 0.28 trest 0.00 tprol 0.00
iters =   21  secs = 6.121168  rsq = 3.52941e-16
level 0 count 21 tpre 0.01 tcoarse 3.32 tpost 1.99 trest 1.47 tprol 1.40
level 1 count 34 tpre 0.00 tcoarse 0.09 tpost 0.27 trest 0.00 tprol 0.00
iters =   21  secs = 6.141234  rsq = 5.39162e-16
level 0 count 21 tpre 0.01 tcoarse 3.34 tpost 1.99 trest 1.47 tprol 1.41
level 1 count 36 tpre 0.00 tcoarse 0.08 tpost 0.28 trest 0.00 tprol 0.00
iters =   21  secs = 6.125627  rsq = 4.45143e-16
level 0 count 21 tpre 0.01 tcoarse 3.33 tpost 1.99 trest 1.47 tprol 1.40
level 1 count 35 tpre 0.00 tcoarse 0.08 tpost 0.27 trest 0.00 tprol 0.00
iters =   21  secs = 6.118654  rsq = 4.45997e-16
level 0 count 21 tpre 0.01 tcoarse 3.32 tpost 1.99 trest 1.47 tprol 1.40
level 1 count 34 tpre 0.00 tcoarse 0.08 tpost 0.27 trest 0.00 tprol 0.00
iters =   21  secs = 6.125981  rsq = 3.56776e-16
level 0 count 21 tpre 0.01 tcoarse 3.33 tpost 1.99 trest 1.47 tprol 1.41
level 1 count 35 tpre 0.00 tcoarse 0.08 tpost 0.27 trest 0.00 tprol 0.00
iters =   21  secs = 6.145274  rsq = 4.56346e-16
level 0 count 21 tpre 0.01 tcoarse 3.34 tpost 1.99 trest 1.47 tprol 1.40
level 1 count 36 tpre 0.00 tcoarse 0.09 tpost 0.28 trest 0.00 tprol 0.00
iters =   21  secs = 6.141224  rsq = 4.47009e-16
level 0 count 21 tpre 0.01 tcoarse 3.34 tpost 1.99 trest 1.47 tprol 1.41
level 1 count 36 tpre 0.00 tcoarse 0.08 tpost 0.28 trest 0.00 tprol 0.00
TIME("smear[cpu]","done") = 8.981 secs
TIME("frw_prop.2008.x8y0z0t0","done") = 83.934 secs
TIME("fwd_prop-write","done") = 7.142 secs
TIME("sm_fwd_prop-write","done") = 6.255 secs
doing sink momentum 0 0 0 0
The sink time is 10
computing (1-g4) projected prop
TIME("c3pt","bwd_source") = 0.394 secs
TIME("smear[cpu]","done") = 1.251 secs
iters =   21  secs = 6.196346  rsq = 4.67295e-16
level 0 count 21 tpre 0.01 tcoarse 3.39 tpost 1.99 trest 1.47 tprol 1.42
level 1 count 37 tpre 0.00 tcoarse 0.10 tpost 0.30 trest 0.00 tprol 0.00
iters =   21  secs = 6.142689  rsq = 6.86706e-16
level 0 count 21 tpre 0.01 tcoarse 3.34 tpost 1.99 trest 1.47 tprol 1.41
level 1 count 33 tpre 0.00 tcoarse 0.09 tpost 0.27 trest 0.00 tprol 0.00
iters =   21  secs = 6.173562  rsq = 5.71744e-16
level 0 count 21 tpre 0.01 tcoarse 3.37 tpost 1.99 trest 1.47 tprol 1.42
level 1 count 36 tpre 0.00 tcoarse 0.09 tpost 0.29 trest 0.00 tprol 0.00
iters =   21  secs = 6.148108  rsq = 6.47429e-16
level 0 count 21 tpre 0.01 tcoarse 3.35 tpost 1.99 trest 1.47 tprol 1.41
level 1 count 34 tpre 0.00 tcoarse 0.09 tpost 0.28 trest 0.00 tprol 0.00
iters =   21  secs = 6.158034  rsq = 5.61082e-16
level 0 count 21 tpre 0.01 tcoarse 3.35 tpost 1.99 trest 1.47 tprol 1.41
level 1 count 35 tpre 0.00 tcoarse 0.09 tpost 0.28 trest 0.00 tprol 0.00
iters =   21  secs = 6.165543  rsq = 4.99226e-16
level 0 count 21 tpre 0.01 tcoarse 3.36 tpost 1.99 trest 1.47 tprol 1.41
level 1 count 36 tpre 0.00 tcoarse 0.09 tpost 0.29 trest 0.00 tprol 0.00
TIME("c3pt","bwd_prop") = 39.316 secs
TIME("seq_prop-write","done") = 7.201 secs
TIME("smear[cpu]","done") = 8.971 secs
seq check: complex(1.9238e-10, 2.02201e-10)
doing sink momentum 0 0 0 0
The sink time is 10
computing (1-g4) projected prop
TIME("c3pt","bwd_source") = 0.444 secs
TIME("smear[cpu]","done") = 1.250 secs
iters =   21  secs = 6.169470  rsq = 4.67295e-16
level 0 count 21 tpre 0.01 tcoarse 3.37 tpost 1.99 trest 1.47 tprol 1.41
level 1 count 37 tpre 0.00 tcoarse 0.10 tpost 0.29 trest 0.00 tprol 0.00
iters =   21  secs = 6.132560  rsq = 5.05869e-16
level 0 count 21 tpre 0.01 tcoarse 3.33 tpost 1.99 trest 1.47 tprol 1.40
level 1 count 34 tpre 0.00 tcoarse 0.09 tpost 0.27 trest 0.00 tprol 0.00
iters =   21  secs = 6.153499  rsq = 5.71744e-16
level 0 count 21 tpre 0.01 tcoarse 3.35 tpost 1.99 trest 1.47 tprol 1.41
level 1 count 36 tpre 0.00 tcoarse 0.09 tpost 0.29 trest 0.00 tprol 0.00
iters =   21  secs = 6.130542  rsq = 4.5501e-16
level 0 count 21 tpre 0.01 tcoarse 3.33 tpost 1.99 trest 1.47 tprol 1.40
level 1 count 34 tpre 0.00 tcoarse 0.09 tpost 0.27 trest 0.00 tprol 0.00
iters =   21  secs = 6.147996  rsq = 5.61082e-16
level 0 count 21 tpre 0.01 tcoarse 3.35 tpost 1.99 trest 1.47 tprol 1.40
level 1 count 35 tpre 0.00 tcoarse 0.09 tpost 0.28 trest 0.00 tprol 0.00
iters =   21  secs = 6.149388  rsq = 4.74475e-16
level 0 count 21 tpre 0.01 tcoarse 3.35 tpost 1.99 trest 1.47 tprol 1.41
level 1 count 35 tpre 0.00 tcoarse 0.09 tpost 0.28 trest 0.00 tprol 0.00
TIME("c3pt","bwd_prop") = 39.263 secs
TIME("seq_prop-write","done") = 6.316 secs
TIME("smear[cpu]","done") = 8.954 secs
seq check: complex(3.84761e-10, 4.04401e-10)
TIME("smear[cpu]","done") = 0.083 secs
TIME("frw_prop_source.2008.x16y0z0t0","done") = 0.116 secs
iters =   21  secs = 6.145726  rsq = 5.40499e-16
level 0 count 21 tpre 0.01 tcoarse 3.34 tpost 1.99 trest 1.47 tprol 1.41
level 1 count 35 tpre 0.00 tcoarse 0.08 tpost 0.28 trest 0.00 tprol 0.00
iters =   21  secs = 6.150524  rsq = 3.55573e-16
level 0 count 21 tpre 0.01 tcoarse 3.34 tpost 2.00 trest 1.47 tprol 1.41
level 1 count 35 tpre 0.00 tcoarse 0.08 tpost 0.28 trest 0.00 tprol 0.00
iters =   21  secs = 6.149745  rsq = 4.21586e-16
level 0 count 21 tpre 0.01 tcoarse 3.35 tpost 1.99 trest 1.47 tprol 1.41
level 1 count 35 tpre 0.00 tcoarse 0.09 tpost 0.28 trest 0.00 tprol 0.00
iters =   21  secs = 6.149415  rsq = 4.94143e-16
level 0 count 21 tpre 0.01 tcoarse 3.35 tpost 1.99 trest 1.47 tprol 1.41
level 1 count 35 tpre 0.00 tcoarse 0.09 tpost 0.28 trest 0.00 tprol 0.00
iters =   21  secs = 6.155522  rsq = 4.97801e-16
level 0 count 21 tpre 0.01 tcoarse 3.35 tpost 1.99 trest 1.47 tprol 1.41
level 1 count 35 tpre 0.00 tcoarse 0.09 tpost 0.28 trest 0.00 tprol 0.00
iters =   21  secs = 6.146654  rsq = 4.19975e-16
level 0 count 21 tpre 0.01 tcoarse 3.35 tpost 1.99 trest 1.47 tprol 1.41
level 1 count 35 tpre 0.00 tcoarse 0.09 tpost 0.28 trest 0.00 tprol 0.00
iters =   21  secs = 6.103730  rsq = 4.90848e-16
level 0 count 21 tpre 0.01 tcoarse 3.30 tpost 1.99 trest 1.47 tprol 1.41
level 1 count 33 tpre 0.00 tcoarse 0.07 tpost 0.26 trest 0.00 tprol 0.00
iters =   21  secs = 6.134939  rsq = 4.33714e-16
level 0 count 21 tpre 0.01 tcoarse 3.33 tpost 1.99 trest 1.47 tprol 1.41
level 1 count 34 tpre 0.00 tcoarse 0.08 tpost 0.27 trest 0.00 tprol 0.00
iters =   21  secs = 6.098392  rsq = 5.89696e-16
level 0 count 21 tpre 0.01 tcoarse 3.30 tpost 1.99 trest 1.47 tprol 1.41
level 1 count 32 tpre 0.00 tcoarse 0.07 tpost 0.26 trest 0.00 tprol 0.00
iters =   21  secs = 6.142089  rsq = 3.88043e-16
level 0 count 21 tpre 0.01 tcoarse 3.34 tpost 1.99 trest 1.47 tprol 1.41
level 1 count 35 tpre 0.00 tcoarse 0.08 tpost 0.28 trest 0.00 tprol 0.00
iters =   21  secs = 6.103606  rsq = 5.71037e-16
level 0 count 21 tpre 0.01 tcoarse 3.30 tpost 1.99 trest 1.47 tprol 1.40
level 1 count 33 tpre 0.00 tcoarse 0.07 tpost 0.26 trest 0.00 tprol 0.00
iters =   21  secs = 6.129875  rsq = 6.02612e-16
level 0 count 21 tpre 0.01 tcoarse 3.33 tpost 1.99 trest 1.47 tprol 1.41
level 1 count 34 tpre 0.00 tcoarse 0.08 tpost 0.27 trest 0.00 tprol 0.00
TIME("smear[cpu]","done") = 8.966 secs
TIME("frw_prop.2008.x16y0z0t0","done") = 83.910 secs
TIME("fwd_prop-write","done") = 7.091 secs
TIME("sm_fwd_prop-write","done") = 6.822 secs
doing sink momentum 0 0 0 0
The sink time is 10
computing (1-g4) projected prop
TIME("c3pt","bwd_source") = 0.396 secs
TIME("smear[cpu]","done") = 1.257 secs
iters =   21  secs = 6.168159  rsq = 4.92747e-16
level 0 count 21 tpre 0.01 tcoarse 3.36 tpost 1.99 trest 1.47 tprol 1.41
level 1 count 35 tpre 0.00 tcoarse 0.09 tpost 0.28 trest 0.00 tprol 0.00
iters =   21  secs = 6.148709  rsq = 4.83885e-16
level 0 count 21 tpre 0.01 tcoarse 3.35 tpost 1.99 trest 1.46 tprol 1.41
level 1 count 35 tpre 0.00 tcoarse 0.09 tpost 0.28 trest 0.00 tprol 0.00
iters =   21  secs = 6.151229  rsq = 4.49541e-16
level 0 count 21 tpre 0.01 tcoarse 3.35 tpost 1.99 trest 1.47 tprol 1.41
level 1 count 35 tpre 0.00 tcoarse 0.08 tpost 0.28 trest 0.00 tprol 0.00
iters =   21  secs = 6.172489  rsq = 4.44469e-16
level 0 count 21 tpre 0.01 tcoarse 3.37 tpost 1.99 trest 1.47 tprol 1.41
level 1 count 36 tpre 0.00 tcoarse 0.09 tpost 0.29 trest 0.00 tprol 0.00
iters =   21  secs = 6.157799  rsq = 6.30118e-16
level 0 count 21 tpre 0.01 tcoarse 3.36 tpost 1.99 trest 1.47 tprol 1.41
level 1 count 35 tpre 0.00 tcoarse 0.10 tpost 0.28 trest 0.00 tprol 0.00
iters =   21  secs = 6.199823  rsq = 4.40824e-16
level 0 count 21 tpre 0.01 tcoarse 3.39 tpost 1.99 trest 1.47 tprol 1.42
level 1 count 36 tpre 0.00 tcoarse 0.10 tpost 0.30 trest 0.00 tprol 0.00
TIME("c3pt","bwd_prop") = 39.338 secs
TIME("seq_prop-write","done") = 7.209 secs
TIME("smear[cpu]","done") = 8.983 secs
seq check: complex(2.45633e-10, -1.62831e-10)
doing sink momentum 0 0 0 0
The sink time is 10
computing (1-g4) projected prop
TIME("c3pt","bwd_source") = 0.440 secs
TIME("smear[cpu]","done") = 1.251 secs
iters =   21  secs = 6.164606  rsq = 4.92747e-16
level 0 count 21 tpre 0.01 tcoarse 3.36 tpost 1.99 trest 1.47 tprol 1.42
level 1 count 35 tpre 0.00 tcoarse 0.09 tpost 0.28 trest 0.00 tprol 0.00
iters =   21  secs = 6.150158  rsq = 6.21902e-16
level 0 count 21 tpre 0.01 tcoarse 3.35 tpost 1.99 trest 1.47 tprol 1.42
level 1 count 33 tpre 0.00 tcoarse 0.09 tpost 0.27 trest 0.00 tprol 0.00
iters =   21  secs = 6.160909  rsq = 4.49541e-16
level 0 count 21 tpre 0.01 tcoarse 3.36 tpost 1.99 trest 1.47 tprol 1.42
level 1 count 35 tpre 0.00 tcoarse 0.08 tpost 0.28 trest 0.00 tprol 0.00
iters =   21  secs = 6.184899  rsq = 4.27365e-16
level 0 count 21 tpre 0.01 tcoarse 3.38 tpost 1.99 trest 1.48 tprol 1.42
level 1 count 36 tpre 0.00 tcoarse 0.10 tpost 0.29 trest 0.00 tprol 0.00
iters =   21  secs = 6.178631  rsq = 6.30118e-16
level 0 count 21 tpre 0.01 tcoarse 3.37 tpost 1.99 trest 1.47 tprol 1.42
level 1 count 35 tpre 0.00 tcoarse 0.10 tpost 0.28 trest 0.00 tprol 0.00
iters =   21  secs = 6.173614  rsq = 4.39144e-16
level 0 count 21 tpre 0.01 tcoarse 3.37 tpost 1.99 trest 1.48 tprol 1.42
level 1 count 35 tpre 0.00 tcoarse 0.09 tpost 0.28 trest 0.00 tprol 0.00
TIME("c3pt","bwd_prop") = 39.393 secs
TIME("seq_prop-write","done") = 7.389 secs
TIME("smear[cpu]","done") = 8.969 secs
seq check: complex(4.91266e-10, -3.25662e-10)
TIME("smear[cpu]","done") = 0.083 secs
TIME("frw_prop_source.2008.x24y0z0t0","done") = 0.116 secs
iters =   21  secs = 6.156178  rsq = 4.96958e-16
level 0 count 21 tpre 0.01 tcoarse 3.35 tpost 1.99 trest 1.47 tprol 1.41
level 1 count 35 tpre 0.00 tcoarse 0.09 tpost 0.28 trest 0.00 tprol 0.00
iters =   21  secs = 6.154380  rsq = 4.71166e-16
level 0 count 21 tpre 0.01 tcoarse 3.35 tpost 1.99 trest 1.47 tprol 1.41
level 1 count 35 tpre 0.00 tcoarse 0.09 tpost 0.28 trest 0.00 tprol 0.00
iters =   21  secs = 6.143516  rsq = 4.26458e-16
level 0 count 21 tpre 0.01 tcoarse 3.34 tpost 1.99 trest 1.47 tprol 1.41
level 1 count 34 tpre 0.00 tcoarse 0.09 tpost 0.28 trest 0.00 tprol 0.00
iters =   21  secs = 6.151619  rsq = 4.29146e-16
level 0 count 21 tpre 0.01 tcoarse 3.35 tpost 1.99 trest 1.47 tprol 1.41
level 1 count 35 tpre 0.00 tcoarse 0.09 tpost 0.28 trest 0.00 tprol 0.00
iters =   21  secs = 6.154002  rsq = 4.5305e-16
level 0 count 21 tpre 0.01 tcoarse 3.35 tpost 1.99 trest 1.47 tprol 1.41
level 1 count 35 tpre 0.00 tcoarse 0.09 tpost 0.28 trest 0.00 tprol 0.00
iters =   21  secs = 6.170481  rsq = 4.98007e-16
level 0 count 21 tpre 0.01 tcoarse 3.37 tpost 1.99 trest 1.47 tprol 1.41
level 1 count 36 tpre 0.00 tcoarse 0.09 tpost 0.29 trest 0.00 tprol 0.00
iters =   21  secs = 6.140061  rsq = 3.91182e-16
level 0 count 21 tpre 0.01 tcoarse 3.34 tpost 1.99 trest 1.47 tprol 1.41
level 1 count 35 tpre 0.00 tcoarse 0.08 tpost 0.28 trest 0.00 tprol 0.00
iters =   21  secs = 6.174744  rsq = 4.25205e-16
level 0 count 21 tpre 0.01 tcoarse 3.35 tpost 2.01 trest 1.47 tprol 1.41
level 1 count 35 tpre 0.00 tcoarse 0.09 tpost 0.28 trest 0.00 tprol 0.00
iters =   21  secs = 6.146120  rsq = 3.92904e-16
level 0 count 21 tpre 0.01 tcoarse 3.34 tpost 1.99 trest 1.47 tprol 1.40
level 1 count 35 tpre 0.00 tcoarse 0.08 tpost 0.28 trest 0.00 tprol 0.00
iters =   21  secs = 6.130942  rsq = 6.27978e-16
level 0 count 21 tpre 0.01 tcoarse 3.33 tpost 1.99 trest 1.47 tprol 1.41
level 1 count 33 tpre 0.00 tcoarse 0.09 tpost 0.27 trest 0.00 tprol 0.00
iters =   21  secs = 6.120280  rsq = 6.34789e-16
level 0 count 21 tpre 0.01 tcoarse 3.32 tpost 1.99 trest 1.47 tprol 1.40
level 1 count 33 tpre 0.00 tcoarse 0.08 tpost 0.27 trest 0.00 tprol 0.00
iters =   21  secs = 6.134934  rsq = 4.10269e-16
level 0 count 21 tpre 0.01 tcoarse 3.33 tpost 1.99 trest 1.47 tprol 1.41
level 1 count 34 tpre 0.00 tcoarse 0.09 tpost 0.28 trest 0.00 tprol 0.00
TIME("smear[cpu]","done") = 8.969 secs
TIME("frw_prop.2008.x24y0z0t0","done") = 84.091 secs
TIME("fwd_prop-write","done") = 6.342 secs
TIME("sm_fwd_prop-write","done") = 7.720 secs
doing sink momentum 0 0 0 0
The sink time is 10
computing (1-g4) projected prop
TIME("c3pt","bwd_source") = 0.394 secs
TIME("smear[cpu]","done") = 1.247 secs
iters =   21  secs = 6.201357  rsq = 4.0946e-16
level 0 count 21 tpre 0.01 tcoarse 3.37 tpost 2.01 trest 1.47 tprol 1.41
level 1 count 37 tpre 0.00 tcoarse 0.09 tpost 0.30 trest 0.00 tprol 0.00
iters =   21  secs = 6.170678  rsq = 4.64615e-16
level 0 count 21 tpre 0.01 tcoarse 3.36 tpost 1.99 trest 1.47 tprol 1.42
level 1 count 35 tpre 0.00 tcoarse 0.09 tpost 0.28 trest 0.00 tprol 0.00
iters =   21  secs = 6.177003  rsq = 5.30031e-16
level 0 count 21 tpre 0.01 tcoarse 3.37 tpost 1.99 trest 1.47 tprol 1.41
level 1 count 36 tpre 0.00 tcoarse 0.10 tpost 0.29 trest 0.00 tprol 0.00
iters =   21  secs = 6.166177  rsq = 5.29272e-16
level 0 count 21 tpre 0.01 tcoarse 3.36 tpost 1.99 trest 1.47 tprol 1.41
level 1 count 35 tpre 0.00 tcoarse 0.09 tpost 0.28 trest 0.00 tprol 0.00
iters =   21  secs = 6.173794  rsq = 4.93826e-16
level 0 count 21 tpre 0.01 tcoarse 3.37 tpost 1.99 trest 1.47 tprol 1.41
level 1 count 36 tpre 0.00 tcoarse 0.10 tpost 0.29 trest 0.00 tprol 0.00
iters =   21  secs = 6.172075  rsq = 5.12791e-16
level 0 count 21 tpre 0.01 tcoarse 3.37 tpost 1.99 trest 1.47 tprol 1.41
level 1 count 36 tpre 0.00 tcoarse 0.10 tpost 0.29 trest 0.00 tprol 0.00
TIME("c3pt","bwd_prop") = 39.391 secs
TIME("seq_prop-write","done") = 6.902 secs
TIME("smear[cpu]","done") = 8.966 secs
seq check: complex(6.61402e-10, -1.0238e-10)
doing sink momentum 0 0 0 0
The sink time is 10
computing (1-g4) projected prop
TIME("c3pt","bwd_source") = 0.449 secs
TIME("smear[cpu]","done") = 1.250 secs
iters =   21  secs = 6.187263  rsq = 4.0946e-16
level 0 count 21 tpre 0.01 tcoarse 3.38 tpost 1.99 trest 1.47 tprol 1.42
level 1 count 37 tpre 0.00 tcoarse 0.09 tpost 0.30 trest 0.00 tprol 0.00
iters =   21  secs = 6.149758  rsq = 5.51554e-16
level 0 count 21 tpre 0.01 tcoarse 3.35 tpost 1.99 trest 1.47 tprol 1.41
level 1 count 34 tpre 0.00 tcoarse 0.09 tpost 0.28 trest 0.00 tprol 0.00
iters =   21  secs = 6.173858  rsq = 5.30031e-16
level 0 count 21 tpre 0.01 tcoarse 3.37 tpost 1.99 trest 1.47 tprol 1.41
level 1 count 36 tpre 0.00 tcoarse 0.10 tpost 0.29 trest 0.00 tprol 0.00
iters =   21  secs = 6.146932  rsq = 5.66754e-16
level 0 count 21 tpre 0.01 tcoarse 3.34 tpost 1.99 trest 1.47 tprol 1.41
level 1 count 34 tpre 0.00 tcoarse 0.09 tpost 0.28 trest 0.00 tprol 0.00
iters =   21  secs = 6.172160  rsq = 4.93827e-16
level 0 count 21 tpre 0.01 tcoarse 3.37 tpost 1.99 trest 1.47 tprol 1.41
level 1 count 36 tpre 0.00 tcoarse 0.10 tpost 0.29 trest 0.00 tprol 0.00
iters =   21  secs = 6.172923  rsq = 4.63901e-16
level 0 count 21 tpre 0.01 tcoarse 3.37 tpost 1.99 trest 1.47 tprol 1.41
level 1 count 36 tpre 0.00 tcoarse 0.09 tpost 0.29 trest 0.00 tprol 0.00
TIME("c3pt","bwd_prop") = 39.383 secs
TIME("seq_prop-write","done") = 7.003 secs
TIME("smear[cpu]","done") = 8.953 secs
seq check: complex(1.3228e-09, -2.04759e-10)
TIME("smear[cpu]","done") = 0.083 secs
TIME("frw_prop_source.2008.x0y8z0t0","done") = 0.117 secs
iters =   21  secs = 6.132627  rsq = 5.74936e-16
level 0 count 21 tpre 0.01 tcoarse 3.33 tpost 1.99 trest 1.48 tprol 1.41
level 1 count 33 tpre 0.00 tcoarse 0.08 tpost 0.26 trest 0.00 tprol 0.00
iters =   21  secs = 6.180287  rsq = 5.78739e-16
level 0 count 21 tpre 0.01 tcoarse 3.37 tpost 1.99 trest 1.48 tprol 1.42
level 1 count 36 tpre 0.00 tcoarse 0.09 tpost 0.29 trest 0.00 tprol 0.00
iters =   21  secs = 6.164162  rsq = 4.20194e-16
level 0 count 21 tpre 0.01 tcoarse 3.36 tpost 1.99 trest 1.48 tprol 1.41
level 1 count 35 tpre 0.00 tcoarse 0.09 tpost 0.28 trest 0.00 tprol 0.00
iters =   21  secs = 6.165651  rsq = 5.54185e-16
level 0 count 21 tpre 0.01 tcoarse 3.36 tpost 1.99 trest 1.48 tprol 1.41
level 1 count 36 tpre 0.00 tcoarse 0.09 tpost 0.29 trest 0.00 tprol 0.00
iters =   21  secs = 6.146163  rsq = 3.76472e-16
level 0 count 21 tpre 0.01 tcoarse 3.34 tpost 1.99 trest 1.47 tprol 1.42
level 1 count 34 tpre 0.00 tcoarse 0.08 tpost 0.27 trest 0.00 tprol 0.00
iters =   21  secs = 6.138599  rsq = 5.79605e-16
level 0 count 21 tpre 0.01 tcoarse 3.34 tpost 1.99 trest 1.47 tprol 1.42
level 1 count 34 tpre 0.00 tcoarse 0.08 tpost 0.27 trest 0.00 tprol 0.00
iters =   21  secs = 6.119266  rsq = 5.70075e-16
level 0 count 21 tpre 0.01 tcoarse 3.32 tpost 1.99 trest 1.47 tprol 1.41
level 1 count 33 tpre 0.00 tcoarse 0.08 tpost 0.26 trest 0.00 tprol 0.00
iters =   21  secs = 6.134659  rsq = 5.62007e-16
level 0 count 21 tpre 0.01 tcoarse 3.33 tpost 1.99 trest 1.47 tprol 1.41
level 1 count 34 tpre 0.00 tcoarse 0.08 tpost 0.27 trest 0.00 tprol 0.00
iters =   21  secs = 6.132440  rsq = 3.97058e-16
level 0 count 21 tpre 0.01 tcoarse 3.33 tpost 1.99 trest 1.47 tprol 1.41
level 1 count 34 tpre 0.00 tcoarse 0.08 tpost 0.27 trest 0.00 tprol 0.00
iters =   21  secs = 6.149364  rsq = 3.94621e-16
level 0 count 21 tpre 0.01 tcoarse 3.35 tpost 1.99 trest 1.47 tprol 1.41
level 1 count 35 tpre 0.00 tcoarse 0.09 tpost 0.28 trest 0.00 tprol 0.00
iters =   21  secs = 6.141929  rsq = 4.58321e-16
level 0 count 21 tpre 0.01 tcoarse 3.34 tpost 1.99 trest 1.47 tprol 1.41
level 1 count 34 tpre 0.00 tcoarse 0.09 tpost 0.27 trest 0.00 tprol 0.00
iters =   21  secs = 6.157114  rsq = 3.11988e-16
level 0 count 21 tpre 0.01 tcoarse 3.36 tpost 1.99 trest 1.47 tprol 1.41
level 1 count 35 tpre 0.00 tcoarse 0.09 tpost 0.28 trest 0.00 tprol 0.00
TIME("smear[cpu]","done") = 8.975 secs
TIME("frw_prop.2008.x0y8z0t0","done") = 84.073 secs
TIME("fwd_prop-write","done") = 6.542 secs
TIME("sm_fwd_prop-write","done") = 6.305 secs
doing sink momentum 0 0 0 0
The sink time is 10
computing (1-g4) projected prop
TIME("c3pt","bwd_source") = 0.394 secs
TIME("smear[cpu]","done") = 1.250 secs
iters =   21  secs = 6.191119  rsq = 5.5811e-16
level 0 count 21 tpre 0.01 tcoarse 3.36 tpost 2.02 trest 1.47 tprol 1.41
level 1 count 35 tpre 0.00 tcoarse 0.09 tpost 0.28 trest 0.00 tprol 0.00
iters =   21  secs = 6.152343  rsq = 5.74409e-16
level 0 count 21 tpre 0.01 tcoarse 3.35 tpost 1.99 trest 1.47 tprol 1.41
level 1 count 35 tpre 0.00 tcoarse 0.09 tpost 0.28 trest 0.00 tprol 0.00
iters =   21  secs = 6.162783  rsq = 5.66579e-16
level 0 count 21 tpre 0.01 tcoarse 3.36 tpost 1.99 trest 1.47 tprol 1.41
level 1 count 36 tpre 0.00 tcoarse 0.09 tpost 0.29 trest 0.00 tprol 0.00
iters =   21  secs = 6.159473  rsq = 4.96052e-16
level 0 count 21 tpre 0.01 tcoarse 3.35 tpost 1.99 trest 1.47 tprol 1.41
level 1 count 36 tpre 0.00 tcoarse 0.09 tpost 0.29 trest 0.00 tprol 0.00
iters =   21  secs = 6.166810  rsq = 5.22491e-16
level 0 count 21 tpre 0.01 tcoarse 3.36 tpost 1.99 trest 1.47 tprol 1.41
level 1 count 36 tpre 0.00 tcoarse 0.09 tpost 0.29 trest 0.00 tprol 0.00
iters =   21  secs = 6.159251  rsq = 5.29419e-16
level 0 count 21 tpre 0.01 tcoarse 3.36 tpost 1.99 trest 1.47 tprol 1.41
level 1 count 36 tpre 0.00 tcoarse 0.09 tpost 0.29 trest 0.00 tprol 0.00
TIME("c3pt","bwd_prop") = 39.318 secs
TIME("seq_prop-write","done") = 7.161 secs
TIME("smear[cpu]","done") = 8.967 secs
seq check: complex(7.15542e-11, 1.80342e-10)
doing sink momentum 0 0 0 0
The sink time is 10
computing (1-g4) projected prop
TIME("c3pt","bwd_source") = 0.441 secs
TIME("smear[cpu]","done") = 1.250 secs
iters =   21  secs = 6.158337  rsq = 5.58109e-16
level 0 count 21 tpre 0.01 tcoarse 3.36 tpost 1.99 trest 1.47 tprol 1.41
level 1 count 35 tpre 0.00 tcoarse 0.09 tpost 0.28 trest 0.00 tprol 0.00
iters =   21  secs = 6.149572  rsq = 5.45293e-16
level 0 count 21 tpre 0.01 tcoarse 3.35 tpost 1.99 trest 1.47 tprol 1.41
level 1 count 35 tpre 0.00 tcoarse 0.09 tpost 0.28 trest 0.00 tprol 0.00
iters =   21  secs = 6.171781  rsq = 5.66579e-16
level 0 count 21 tpre 0.01 tcoarse 3.37 tpost 1.99 trest 1.47 tprol 1.41
level 1 count 36 tpre 0.00 tcoarse 0.09 tpost 0.29 trest 0.00 tprol 0.00
iters =   21  secs = 6.139940  rsq = 5.79339e-16
level 0 count 21 tpre 0.01 tcoarse 3.34 tpost 1.99 trest 1.47 tprol 1.41
level 1 count 33 tpre 0.00 tcoarse 0.09 tpost 0.27 trest 0.00 tprol 0.00
iters =   21  secs = 6.174298  rsq = 5.22491e-16
level 0 count 21 tpre 0.01 tcoarse 3.37 tpost 1.99 trest 1.47 tprol 1.41
level 1 count 36 tpre 0.00 tcoarse 0.10 tpost 0.29 trest 0.00 tprol 0.00
iters =   21  secs = 6.159949  rsq = 4.38064e-16
level 0 count 21 tpre 0.01 tcoarse 3.36 tpost 1.99 trest 1.47 tprol 1.41
level 1 count 35 tpre 0.00 tcoarse 0.09 tpost 0.28 trest 0.00 tprol 0.00
TIME("c3pt","bwd_prop") = 39.328 secs
TIME("seq_prop-write","done") = 7.146 secs
TIME("smear[cpu]","done") = 8.944 secs
seq check: complex(1.43108e-10, 3.60684e-10)
TIME("smear[cpu]","done") = 0.083 secs
TIME("frw_prop_source.2008.x0y16z0t0","done") = 0.116 secs
iters =   21  secs = 6.153370  rsq = 5.20926e-16
level 0 count 21 tpre 0.01 tcoarse 3.35 tpost 1.99 trest 1.47 tprol 1.41
level 1 count 34 tpre 0.00 tcoarse 0.09 tpost 0.28 trest 0.00 tprol 0.00
iters =   21  secs = 6.189824  rsq = 4.86643e-16
level 0 count 21 tpre 0.01 tcoarse 3.39 tpost 1.99 trest 1.47 tprol 1.42
level 1 count 36 tpre 0.00 tcoarse 0.10 tpost 0.29 trest 0.00 tprol 0.00
iters =   21  secs = 6.159065  rsq = 5.24279e-16
level 0 count 21 tpre 0.01 tcoarse 3.35 tpost 1.99 trest 1.47 tprol 1.41
level 1 count 34 tpre 0.00 tcoarse 0.09 tpost 0.28 trest 0.00 tprol 0.00
iters =   21  secs = 6.183011  rsq = 5.38817e-16
level 0 count 21 tpre 0.01 tcoarse 3.37 tpost 2.00 trest 1.47 tprol 1.42
level 1 count 35 tpre 0.00 tcoarse 0.09 tpost 0.29 trest 0.00 tprol 0.00
iters =   21  secs = 6.197907  rsq = 2.9481e-16
level 0 count 21 tpre 0.01 tcoarse 3.39 tpost 1.99 trest 1.47 tprol 1.42
level 1 count 37 tpre 0.00 tcoarse 0.09 tpost 0.30 trest 0.00 tprol 0.00
iters =   21  secs = 6.159207  rsq = 3.62064e-16
level 0 count 21 tpre 0.01 tcoarse 3.35 tpost 1.99 trest 1.47 tprol 1.41
level 1 count 35 tpre 0.00 tcoarse 0.09 tpost 0.29 trest 0.00 tprol 0.00
iters =   21  secs = 6.147865  rsq = 6.22511e-16
level 0 count 21 tpre 0.01 tcoarse 3.35 tpost 1.99 trest 1.47 tprol 1.41
level 1 count 34 tpre 0.00 tcoarse 0.08 tpost 0.28 trest 0.00 tprol 0.00
iters =   21  secs = 6.139507  rsq = 5.06364e-16
level 0 count 21 tpre 0.01 tcoarse 3.34 tpost 1.99 trest 1.47 tprol 1.41
level 1 count 33 tpre 0.00 tcoarse 0.08 tpost 0.27 trest 0.00 tprol 0.00
iters =   21  secs = 6.150128  rsq = 5.79245e-16
level 0 count 21 tpre 0.01 tcoarse 3.35 tpost 1.99 trest 1.47 tprol 1.41
level 1 count 34 tpre 0.00 tcoarse 0.09 tpost 0.28 trest 0.00 tprol 0.00
iters =   21  secs = 6.152779  rsq = 5.34774e-16
level 0 count 21 tpre 0.01 tcoarse 3.35 tpost 1.99 trest 1.47 tprol 1.41
level 1 count 34 tpre 0.00 tcoarse 0.09 tpost 0.28 trest 0.00 tprol 0.00
iters =   21  secs = 6.172985  rsq = 4.319e-16
level 0 count 21 tpre 0.01 tcoarse 3.37 tpost 1.99 trest 1.47 tprol 1.42
level 1 count 35 tpre 0.00 tcoarse 0.09 tpost 0.29 trest 0.00 tprol 0.00
iters =   21  secs = 6.158959  rsq = 4.01662e-16
level 0 count 21 tpre 0.01 tcoarse 3.36 tpost 1.99 trest 1.47 tprol 1.41
level 1 count 35 tpre 0.00 tcoarse 0.09 tpost 0.29 trest 0.00 tprol 0.00
TIME("smear[cpu]","done") = 8.969 secs
TIME("frw_prop.2008.x0y16z0t0","done") = 84.265 secs
TIME("fwd_prop-write","done") = 7.036 secs
TIME("sm_fwd_prop-write","done") = 7.110 secs
doing sink momentum 0 0 0 0
The sink time is 10
computing (1-g4) projected prop
TIME("c3pt","bwd_source") = 0.393 secs
TIME("smear[cpu]","done") = 1.254 secs
iters =   21  secs = 6.141343  rsq = 5.68655e-16
level 0 count 21 tpre 0.01 tcoarse 3.34 tpost 1.99 trest 1.47 tprol 1.41
level 1 count 35 tpre 0.00 tcoarse 0.09 tpost 0.28 trest 0.00 tprol 0.00
iters =   21  secs = 6.143327  rsq = 6.47618e-16
level 0 count 21 tpre 0.01 tcoarse 3.34 tpost 1.99 trest 1.47 tprol 1.41
level 1 count 35 tpre 0.00 tcoarse 0.09 tpost 0.28 trest 0.00 tprol 0.00
iters =   21  secs = 6.155924  rsq = 5.72777e-16
level 0 count 21 tpre 0.01 tcoarse 3.35 tpost 2.00 trest 1.47 tprol 1.41
level 1 count 35 tpre 0.00 tcoarse 0.09 tpost 0.28 trest 0.00 tprol 0.00
iters =   21  secs = 6.163253  rsq = 5.88987e-16
level 0 count 21 tpre 0.01 tcoarse 3.36 tpost 1.99 trest 1.47 tprol 1.41
level 1 count 35 tpre 0.00 tcoarse 0.09 tpost 0.29 trest 0.00 tprol 0.00
iters =   21  secs = 6.118556  rsq = 8.8738e-16
level 0 count 21 tpre 0.01 tcoarse 3.32 tpost 1.99 trest 1.47 tprol 1.40
level 1 count 33 tpre 0.00 tcoarse 0.09 tpost 0.27 trest 0.00 tprol 0.00
iters =   21  secs = 6.136061  rsq = 5.23649e-16
level 0 count 21 tpre 0.01 tcoarse 3.33 tpost 1.99 trest 1.47 tprol 1.40
level 1 count 35 tpre 0.00 tcoarse 0.08 tpost 0.28 trest 0.00 tprol 0.00
TIME("c3pt","bwd_prop") = 39.191 secs
TIME("seq_prop-write","done") = 7.181 secs
TIME("smear[cpu]","done") = 8.949 secs
seq check: complex(2.00455e-10, -1.87374e-10)
doing sink momentum 0 0 0 0
The sink time is 10
computing (1-g4) projected prop
TIME("c3pt","bwd_source") = 0.443 secs
TIME("smear[cpu]","done") = 1.257 secs
iters =   21  secs = 6.157317  rsq = 5.68655e-16
level 0 count 21 tpre 0.01 tcoarse 3.34 tpost 2.01 trest 1.46 tprol 1.41
level 1 count 35 tpre 0.00 tcoarse 0.09 tpost 0.28 trest 0.00 tprol 0.00
iters =   21  secs = 6.132480  rsq = 7.21703e-16
level 0 count 21 tpre 0.01 tcoarse 3.33 tpost 1.99 trest 1.47 tprol 1.41
level 1 count 34 tpre 0.00 tcoarse 0.08 tpost 0.27 trest 0.00 tprol 0.00
iters =   21  secs = 6.146259  rsq = 5.72776e-16
level 0 count 21 tpre 0.01 tcoarse 3.34 tpost 1.99 trest 1.47 tprol 1.41
level 1 count 35 tpre 0.00 tcoarse 0.09 tpost 0.28 trest 0.00 tprol 0.00
iters =   21  secs = 6.150095  rsq = 4.15463e-16
level 0 count 21 tpre 0.01 tcoarse 3.35 tpost 1.99 trest 1.47 tprol 1.41
level 1 count 35 tpre 0.00 tcoarse 0.09 tpost 0.28 trest 0.00 tprol 0.00
iters =   21  secs = 6.131073  rsq = 8.87381e-16
level 0 count 21 tpre 0.01 tcoarse 3.33 tpost 1.99 trest 1.47 tprol 1.41
level 1 count 33 tpre 0.00 tcoarse 0.09 tpost 0.26 trest 0.00 tprol 0.00
iters =   21  secs = 6.144561  rsq = 4.83373e-16
level 0 count 21 tpre 0.01 tcoarse 3.34 tpost 1.99 trest 1.47 tprol 1.41
level 1 count 35 tpre 0.00 tcoarse 0.08 tpost 0.28 trest 0.00 tprol 0.00
TIME("c3pt","bwd_prop") = 39.243 secs
TIME("seq_prop-write","done") = 7.117 secs
TIME("smear[cpu]","done") = 8.970 secs
seq check: complex(4.0091e-10, -3.74747e-10)
TIME("smear[cpu]","done") = 0.083 secs
TIME("frw_prop_source.2008.x0y24z0t0","done") = 0.117 secs
iters =   21  secs = 6.158275  rsq = 5.8058e-16
level 0 count 21 tpre 0.01 tcoarse 3.35 tpost 1.99 trest 1.47 tprol 1.41
level 1 count 35 tpre 0.00 tcoarse 0.09 tpost 0.28 trest 0.00 tprol 0.00
iters =   21  secs = 6.113725  rsq = 7.28698e-16
level 0 count 21 tpre 0.01 tcoarse 3.31 tpost 1.99 trest 1.47 tprol 1.41
level 1 count 32 tpre 0.00 tcoarse 0.08 tpost 0.26 trest 0.00 tprol 0.00
iters =   21  secs = 6.137942  rsq = 5.22249e-16
level 0 count 21 tpre 0.01 tcoarse 3.33 tpost 1.99 trest 1.47 tprol 1.41
level 1 count 34 tpre 0.00 tcoarse 0.08 tpost 0.28 trest 0.00 tprol 0.00
iters =   21  secs = 6.149304  rsq = 4.71601e-16
level 0 count 21 tpre 0.01 tcoarse 3.35 tpost 1.99 trest 1.47 tprol 1.41
level 1 count 35 tpre 0.00 tcoarse 0.09 tpost 0.28 trest 0.00 tprol 0.00
iters =   21  secs = 6.126281  rsq = 6.77596e-16
level 0 count 21 tpre 0.01 tcoarse 3.32 tpost 1.99 trest 1.47 tprol 1.40
level 1 count 33 tpre 0.00 tcoarse 0.09 tpost 0.27 trest 0.00 tprol 0.00
iters =   21  secs = 6.166141  rsq = 4.53314e-16
level 0 count 21 tpre 0.01 tcoarse 3.35 tpost 2.01 trest 1.47 tprol 1.41
level 1 count 35 tpre 0.00 tcoarse 0.08 tpost 0.28 trest 0.00 tprol 0.00
iters =   21  secs = 6.180106  rsq = 4.53513e-16
level 0 count 21 tpre 0.01 tcoarse 3.38 tpost 1.99 trest 1.47 tprol 1.41
level 1 count 38 tpre 0.00 tcoarse 0.09 tpost 0.30 trest 0.00 tprol 0.00
iters =   21  secs = 6.145289  rsq = 4.35359e-16
level 0 count 21 tpre 0.01 tcoarse 3.34 tpost 1.99 trest 1.47 tprol 1.41
level 1 count 35 tpre 0.00 tcoarse 0.09 tpost 0.28 trest 0.00 tprol 0.00
iters =   21  secs = 6.152100  rsq = 6.03073e-16
level 0 count 21 tpre 0.01 tcoarse 3.35 tpost 1.99 trest 1.48 tprol 1.41
level 1 count 35 tpre 0.00 tcoarse 0.08 tpost 0.28 trest 0.00 tprol 0.00
iters =   21  secs = 6.125275  rsq = 5.73113e-16
level 0 count 21 tpre 0.01 tcoarse 3.32 tpost 1.99 trest 1.47 tprol 1.40
level 1 count 33 tpre 0.00 tcoarse 0.09 tpost 0.27 trest 0.00 tprol 0.00
iters =   21  secs = 6.150176  rsq = 5.21912e-16
level 0 count 21 tpre 0.01 tcoarse 3.35 tpost 1.99 trest 1.47 tprol 1.41
level 1 count 35 tpre 0.00 tcoarse 0.09 tpost 0.28 trest 0.00 tprol 0.00
iters =   21  secs = 6.151040  rsq = 5.72881e-16
level 0 count 21 tpre 0.01 tcoarse 3.35 tpost 1.99 trest 1.47 tprol 1.41
level 1 count 35 tpre 0.00 tcoarse 0.09 tpost 0.28 trest 0.00 tprol 0.00
TIME("smear[cpu]","done") = 8.975 secs
TIME("frw_prop.2008.x0y24z0t0","done") = 84.082 secs
TIME("fwd_prop-write","done") = 6.694 secs
TIME("sm_fwd_prop-write","done") = 6.850 secs
doing sink momentum 0 0 0 0
The sink time is 10
computing (1-g4) projected prop
TIME("c3pt","bwd_source") = 0.398 secs
TIME("smear[cpu]","done") = 1.251 secs
iters =   21  secs = 6.183166  rsq = 4.3298e-16
level 0 count 21 tpre 0.01 tcoarse 3.38 tpost 1.99 trest 1.48 tprol 1.42
level 1 count 37 tpre 0.00 tcoarse 0.09 tpost 0.30 trest 0.00 tprol 0.00
iters =   21  secs = 6.139312  rsq = 5.35159e-16
level 0 count 21 tpre 0.01 tcoarse 3.34 tpost 1.99 trest 1.47 tprol 1.41
level 1 count 34 tpre 0.00 tcoarse 0.09 tpost 0.27 trest 0.00 tprol 0.00
iters =   21  secs = 6.130371  rsq = 6.61501e-16
level 0 count 21 tpre 0.01 tcoarse 3.33 tpost 1.99 trest 1.47 tprol 1.41
level 1 count 33 tpre 0.00 tcoarse 0.09 tpost 0.26 trest 0.00 tprol 0.00
iters =   21  secs = 6.150662  rsq = 6.05435e-16
level 0 count 21 tpre 0.01 tcoarse 3.35 tpost 1.99 trest 1.47 tprol 1.41
level 1 count 35 tpre 0.00 tcoarse 0.09 tpost 0.28 trest 0.00 tprol 0.00
iters =   21  secs = 6.141329  rsq = 5.48434e-16
level 0 count 21 tpre 0.01 tcoarse 3.34 tpost 1.99 trest 1.47 tprol 1.41
level 1 count 34 tpre 0.00 tcoarse 0.09 tpost 0.27 trest 0.00 tprol 0.00
iters =   21  secs = 6.189519  rsq = 4.01235e-16
level 0 count 21 tpre 0.01 tcoarse 3.38 tpost 2.00 trest 1.47 tprol 1.41
level 1 count 37 tpre 0.00 tcoarse 0.09 tpost 0.29 trest 0.00 tprol 0.00
TIME("c3pt","bwd_prop") = 39.263 secs
TIME("seq_prop-write","done") = 7.756 secs
TIME("smear[cpu]","done") = 8.971 secs
seq check: complex(5.05253e-11, -3.11192e-11)
doing sink momentum 0 0 0 0
The sink time is 10
computing (1-g4) projected prop
TIME("c3pt","bwd_source") = 0.446 secs
TIME("smear[cpu]","done") = 1.251 secs
iters =   21  secs = 6.166820  rsq = 4.32981e-16
level 0 count 21 tpre 0.01 tcoarse 3.36 tpost 1.99 trest 1.47 tprol 1.40
level 1 count 37 tpre 0.00 tcoarse 0.09 tpost 0.30 trest 0.00 tprol 0.00
iters =   21  secs = 6.187458  rsq = 4.05672e-16
level 0 count 21 tpre 0.01 tcoarse 3.38 tpost 1.99 trest 1.47 tprol 1.41
level 1 count 37 tpre 0.00 tcoarse 0.10 tpost 0.30 trest 0.00 tprol 0.00
iters =   21  secs = 6.136011  rsq = 6.61502e-16
level 0 count 21 tpre 0.01 tcoarse 3.33 tpost 1.99 trest 1.47 tprol 1.41
level 1 count 33 tpre 0.00 tcoarse 0.09 tpost 0.27 trest 0.00 tprol 0.00
iters =   21  secs = 6.150351  rsq = 4.03549e-16
level 0 count 21 tpre 0.01 tcoarse 3.35 tpost 1.99 trest 1.47 tprol 1.41
level 1 count 35 tpre 0.00 tcoarse 0.09 tpost 0.28 trest 0.00 tprol 0.00
iters =   21  secs = 6.144711  rsq = 5.48435e-16
level 0 count 21 tpre 0.01 tcoarse 3.34 tpost 1.99 trest 1.47 tprol 1.41
level 1 count 34 tpre 0.00 tcoarse 0.09 tpost 0.28 trest 0.00 tprol 0.00
iters =   21  secs = 6.127645  rsq = 7.43317e-16
level 0 count 21 tpre 0.01 tcoarse 3.32 tpost 1.99 trest 1.46 tprol 1.41
level 1 count 33 tpre 0.00 tcoarse 0.09 tpost 0.27 trest 0.00 tprol 0.00
TIME("c3pt","bwd_prop") = 39.289 secs
TIME("seq_prop-write","done") = 6.865 secs
TIME("smear[cpu]","done") = 8.954 secs
seq check: complex(1.01051e-10, -6.22384e-11)
TIME("smear[cpu]","done") = 0.083 secs
TIME("frw_prop_source.2008.x0y0z8t0","done") = 0.116 secs
iters =   21  secs = 6.142415  rsq = 5.87545e-16
level 0 count 21 tpre 0.01 tcoarse 3.34 tpost 1.99 trest 1.48 tprol 1.41
level 1 count 33 tpre 0.00 tcoarse 0.09 tpost 0.27 trest 0.00 tprol 0.00
iters =   21  secs = 6.193278  rsq = 4.54097e-16
level 0 count 21 tpre 0.01 tcoarse 3.38 tpost 2.00 trest 1.48 tprol 1.42
level 1 count 35 tpre 0.00 tcoarse 0.09 tpost 0.28 trest 0.00 tprol 0.00
iters =   21  secs = 6.153118  rsq = 4.77213e-16
level 0 count 21 tpre 0.01 tcoarse 3.35 tpost 1.99 trest 1.47 tprol 1.41
level 1 count 34 tpre 0.00 tcoarse 0.09 tpost 0.28 trest 0.00 tprol 0.00
iters =   21  secs = 6.149082  rsq = 4.70333e-16
level 0 count 21 tpre 0.01 tcoarse 3.35 tpost 1.99 trest 1.47 tprol 1.41
level 1 count 34 tpre 0.00 tcoarse 0.09 tpost 0.28 trest 0.00 tprol 0.00
iters =   21  secs = 6.135646  rsq = 7.0722e-16
level 0 count 21 tpre 0.01 tcoarse 3.33 tpost 1.99 trest 1.47 tprol 1.41
level 1 count 33 tpre 0.00 tcoarse 0.09 tpost 0.27 trest 0.00 tprol 0.00
iters =   21  secs = 6.140497  rsq = 6.18959e-16
level 0 count 21 tpre 0.01 tcoarse 3.34 tpost 1.99 trest 1.47 tprol 1.41
level 1 count 34 tpre 0.00 tcoarse 0.09 tpost 0.28 trest 0.00 tprol 0.00
iters =   21  secs = 6.149089  rsq = 5.48583e-16
level 0 count 21 tpre 0.01 tcoarse 3.33 tpost 2.01 trest 1.47 tprol 1.41
level 1 count 33 tpre 0.00 tcoarse 0.08 tpost 0.27 trest 0.00 tprol 0.00
iters =   21  secs = 6.133287  rsq = 4.79211e-16
level 0 count 21 tpre 0.01 tcoarse 3.33 tpost 1.99 trest 1.47 tprol 1.41
level 1 count 34 tpre 0.00 tcoarse 0.08 tpost 0.27 trest 0.00 tprol 0.00
iters =   21  secs = 6.141953  rsq = 3.51275e-16
level 0 count 21 tpre 0.01 tcoarse 3.34 tpost 1.99 trest 1.47 tprol 1.41
level 1 count 35 tpre 0.00 tcoarse 0.08 tpost 0.28 trest 0.00 tprol 0.00
iters =   21  secs = 6.155167  rsq = 3.75927e-16
level 0 count 21 tpre 0.01 tcoarse 3.35 tpost 1.99 trest 1.47 tprol 1.41
level 1 count 35 tpre 0.00 tcoarse 0.09 tpost 0.28 trest 0.00 tprol 0.00
iters =   21  secs = 6.132305  rsq = 5.24704e-16
level 0 count 21 tpre 0.01 tcoarse 3.33 tpost 1.99 trest 1.47 tprol 1.41
level 1 count 33 tpre 0.00 tcoarse 0.09 tpost 0.27 trest 0.00 tprol 0.00
iters =   21  secs = 6.136015  rsq = 4.49262e-16
level 0 count 21 tpre 0.01 tcoarse 3.34 tpost 1.99 trest 1.47 tprol 1.41
level 1 count 34 tpre 0.00 tcoarse 0.08 tpost 0.28 trest 0.00 tprol 0.00
TIME("smear[cpu]","done") = 8.978 secs
TIME("frw_prop.2008.x0y0z8t0","done") = 84.063 secs
TIME("fwd_prop-write","done") = 5.928 secs
TIME("sm_fwd_prop-write","done") = 6.189 secs
doing sink momentum 0 0 0 0
The sink time is 10
computing (1-g4) projected prop
TIME("c3pt","bwd_source") = 0.395 secs
TIME("smear[cpu]","done") = 1.253 secs
iters =   21  secs = 6.139534  rsq = 6.54336e-16
level 0 count 21 tpre 0.01 tcoarse 3.34 tpost 1.99 trest 1.47 tprol 1.41
level 1 count 34 tpre 0.00 tcoarse 0.08 tpost 0.27 trest 0.00 tprol 0.00
iters =   21  secs = 6.164029  rsq = 5.04451e-16
level 0 count 21 tpre 0.01 tcoarse 3.36 tpost 1.99 trest 1.47 tprol 1.41
level 1 count 36 tpre 0.00 tcoarse 0.09 tpost 0.29 trest 0.00 tprol 0.00
iters =   21  secs = 6.163517  rsq = 5.22612e-16
level 0 count 21 tpre 0.01 tcoarse 3.35 tpost 2.00 trest 1.47 tprol 1.41
level 1 count 35 tpre 0.00 tcoarse 0.09 tpost 0.28 trest 0.00 tprol 0.00
iters =   21  secs = 6.186144  rsq = 4.86748e-16
level 0 count 21 tpre 0.01 tcoarse 3.39 tpost 1.99 trest 1.46 tprol 1.44
level 1 count 36 tpre 0.00 tcoarse 0.09 tpost 0.29 trest 0.00 tprol 0.00
iters =   21  secs = 6.161400  rsq = 5.00466e-16
level 0 count 21 tpre 0.01 tcoarse 3.36 tpost 1.99 trest 1.47 tprol 1.41
level 1 count 35 tpre 0.00 tcoarse 0.09 tpost 0.28 trest 0.00 tprol 0.00
iters =   21  secs = 6.174181  rsq = 4.19048e-16
level 0 count 21 tpre 0.01 tcoarse 3.37 tpost 1.99 trest 1.47 tprol 1.41
level 1 count 36 tpre 0.00 tcoarse 0.09 tpost 0.30 trest 0.00 tprol 0.00
TIME("c3pt","bwd_prop") = 39.319 secs
TIME("seq_prop-write","done") = 6.870 secs
TIME("smear[cpu]","done") = 8.974 secs
seq check: complex(1.02831e-09, -6.66538e-10)
doing sink momentum 0 0 0 0
The sink time is 10
computing (1-g4) projected prop
TIME("c3pt","bwd_source") = 0.439 secs
TIME("smear[cpu]","done") = 1.250 secs
iters =   21  secs = 6.278883  rsq = 6.54335e-16
level 0 count 21 tpre 0.01 tcoarse 3.47 tpost 1.99 trest 1.47 tprol 1.55
level 1 count 34 tpre 0.00 tcoarse 0.08 tpost 0.27 trest 0.00 tprol 0.00
iters =   21  secs = 6.117523  rsq = 5.73002e-16
level 0 count 21 tpre 0.01 tcoarse 3.32 tpost 1.99 trest 1.47 tprol 1.41
level 1 count 33 tpre 0.00 tcoarse 0.09 tpost 0.26 trest 0.00 tprol 0.00
iters =   21  secs = 6.291351  rsq = 5.22612e-16
level 0 count 21 tpre 0.01 tcoarse 3.49 tpost 1.99 trest 1.47 tprol 1.56
level 1 count 35 tpre 0.00 tcoarse 0.09 tpost 0.28 trest 0.00 tprol 0.00
iters =   21  secs = 6.305498  rsq = 3.54791e-16
level 0 count 21 tpre 0.01 tcoarse 3.50 tpost 1.99 trest 1.47 tprol 1.56
level 1 count 36 tpre 0.00 tcoarse 0.09 tpost 0.28 trest 0.00 tprol 0.00
iters =   21  secs = 6.155306  rsq = 5.00466e-16
level 0 count 21 tpre 0.01 tcoarse 3.34 tpost 2.00 trest 1.47 tprol 1.41
level 1 count 35 tpre 0.00 tcoarse 0.09 tpost 0.28 trest 0.00 tprol 0.00
iters =   21  secs = 6.147829  rsq = 4.19597e-16
level 0 count 21 tpre 0.01 tcoarse 3.33 tpost 2.01 trest 1.47 tprol 1.41
level 1 count 35 tpre 0.00 tcoarse 0.08 tpost 0.27 trest 0.00 tprol 0.00
TIME("c3pt","bwd_prop") = 39.671 secs
TIME("seq_prop-write","done") = 7.023 secs
TIME("smear[cpu]","done") = 8.976 secs
seq check: complex(2.05662e-09, -1.33308e-09)
TIME("smear[cpu]","done") = 0.084 secs
TIME("frw_prop_source.2008.x0y0z16t0","done") = 0.117 secs
iters =   21  secs = 6.165638  rsq = 5.53252e-16
level 0 count 21 tpre 0.01 tcoarse 3.34 tpost 2.01 trest 1.47 tprol 1.41
level 1 count 34 tpre 0.00 tcoarse 0.09 tpost 0.27 trest 0.00 tprol 0.00
iters =   21  secs = 6.153442  rsq = 4.68109e-16
level 0 count 21 tpre 0.01 tcoarse 3.35 tpost 1.99 trest 1.47 tprol 1.41
level 1 count 35 tpre 0.00 tcoarse 0.09 tpost 0.28 trest 0.00 tprol 0.00
iters =   21  secs = 6.144756  rsq = 5.24334e-16
level 0 count 21 tpre 0.01 tcoarse 3.34 tpost 1.99 trest 1.47 tprol 1.41
level 1 count 34 tpre 0.00 tcoarse 0.09 tpost 0.27 trest 0.00 tprol 0.00
iters =   21  secs = 6.180125  rsq = 4.06562e-16
level 0 count 21 tpre 0.01 tcoarse 3.38 tpost 1.99 trest 1.48 tprol 1.42
level 1 count 37 tpre 0.00 tcoarse 0.09 tpost 0.29 trest 0.00 tprol 0.00
iters =   21  secs = 6.152687  rsq = 4.49483e-16
level 0 count 21 tpre 0.01 tcoarse 3.33 tpost 2.01 trest 1.47 tprol 1.41
level 1 count 33 tpre 0.00 tcoarse 0.08 tpost 0.26 trest 0.00 tprol 0.00
iters =   21  secs = 6.152514  rsq = 4.25586e-16
level 0 count 21 tpre 0.01 tcoarse 3.35 tpost 1.99 trest 1.47 tprol 1.41
level 1 count 34 tpre 0.00 tcoarse 0.09 tpost 0.27 trest 0.00 tprol 0.00
iters =   21  secs = 6.245796  rsq = 5.32013e-16
level 0 count 21 tpre 0.01 tcoarse 3.40 tpost 2.03 trest 1.49 tprol 1.44
level 1 count 33 tpre 0.00 tcoarse 0.08 tpost 0.28 trest 0.00 tprol 0.00
iters =   21  secs = 6.149338  rsq = 4.67493e-16
level 0 count 21 tpre 0.01 tcoarse 3.34 tpost 1.99 trest 1.47 tprol 1.41
level 1 count 34 tpre 0.00 tcoarse 0.08 tpost 0.28 trest 0.00 tprol 0.00
iters =   21  secs = 6.143408  rsq = 3.93556e-16
level 0 count 21 tpre 0.01 tcoarse 3.34 tpost 1.99 trest 1.47 tprol 1.41
level 1 count 34 tpre 0.00 tcoarse 0.09 tpost 0.28 trest 0.00 tprol 0.00
iters =   21  secs = 6.147867  rsq = 4.10135e-16
level 0 count 21 tpre 0.01 tcoarse 3.35 tpost 1.99 trest 1.47 tprol 1.41
level 1 count 34 tpre 0.00 tcoarse 0.08 tpost 0.28 trest 0.00 tprol 0.00
iters =   21  secs = 6.127950  rsq = 4.66861e-16
level 0 count 21 tpre 0.01 tcoarse 3.33 tpost 1.99 trest 1.47 tprol 1.41
level 1 count 33 tpre 0.00 tcoarse 0.08 tpost 0.27 trest 0.00 tprol 0.00
iters =   21  secs = 6.126856  rsq = 7.59742e-16
level 0 count 21 tpre 0.01 tcoarse 3.33 tpost 1.99 trest 1.48 tprol 1.41
level 1 count 32 tpre 0.00 tcoarse 0.08 tpost 0.26 trest 0.00 tprol 0.00
TIME("smear[cpu]","done") = 8.981 secs
TIME("frw_prop.2008.x0y0z16t0","done") = 84.200 secs
TIME("fwd_prop-write","done") = 6.544 secs
TIME("sm_fwd_prop-write","done") = 6.936 secs
doing sink momentum 0 0 0 0
The sink time is 10
computing (1-g4) projected prop
TIME("c3pt","bwd_source") = 0.393 secs
TIME("smear[cpu]","done") = 1.253 secs
iters =   21  secs = 6.154057  rsq = 5.46251e-16
level 0 count 21 tpre 0.01 tcoarse 3.35 tpost 1.99 trest 1.47 tprol 1.41
level 1 count 35 tpre 0.00 tcoarse 0.09 tpost 0.28 trest 0.00 tprol 0.00
iters =   21  secs = 6.159819  rsq = 5.90243e-16
level 0 count 21 tpre 0.01 tcoarse 3.35 tpost 1.99 trest 1.47 tprol 1.41
level 1 count 35 tpre 0.00 tcoarse 0.09 tpost 0.28 trest 0.00 tprol 0.00
iters =   21  secs = 6.172806  rsq = 5.15589e-16
level 0 count 21 tpre 0.01 tcoarse 3.37 tpost 1.99 trest 1.47 tprol 1.42
level 1 count 35 tpre 0.00 tcoarse 0.09 tpost 0.29 trest 0.00 tprol 0.00
iters =   21  secs = 6.199387  rsq = 3.61265e-16
level 0 count 21 tpre 0.01 tcoarse 3.40 tpost 1.99 trest 1.48 tprol 1.41
level 1 count 37 tpre 0.00 tcoarse 0.10 tpost 0.30 trest 0.00 tprol 0.00
iters =   21  secs = 6.189121  rsq = 4.54555e-16
level 0 count 21 tpre 0.01 tcoarse 3.38 tpost 1.99 trest 1.48 tprol 1.42
level 1 count 36 tpre 0.00 tcoarse 0.09 tpost 0.29 trest 0.00 tprol 0.00
iters =   21  secs = 6.178800  rsq = 4.89562e-16
level 0 count 21 tpre 0.01 tcoarse 3.38 tpost 1.99 trest 1.47 tprol 1.42
level 1 count 36 tpre 0.00 tcoarse 0.09 tpost 0.29 trest 0.00 tprol 0.00
TIME("c3pt","bwd_prop") = 39.387 secs
TIME("seq_prop-write","done") = 7.509 secs
TIME("smear[cpu]","done") = 8.978 secs
seq check: complex(-8.00962e-11, -1.84689e-10)
doing sink momentum 0 0 0 0
The sink time is 10
computing (1-g4) projected prop
TIME("c3pt","bwd_source") = 0.444 secs
TIME("smear[cpu]","done") = 1.250 secs
iters =   21  secs = 6.159627  rsq = 5.46251e-16
level 0 count 21 tpre 0.01 tcoarse 3.36 tpost 1.99 trest 1.47 tprol 1.41
level 1 count 35 tpre 0.00 tcoarse 0.10 tpost 0.28 trest 0.00 tprol 0.00
iters =   21  secs = 6.131847  rsq = 6.09283e-16
level 0 count 21 tpre 0.01 tcoarse 3.33 tpost 1.99 trest 1.47 tprol 1.41
level 1 count 33 tpre 0.00 tcoarse 0.09 tpost 0.27 trest 0.00 tprol 0.00
iters =   21  secs = 6.161618  rsq = 5.15588e-16
level 0 count 21 tpre 0.01 tcoarse 3.36 tpost 1.99 trest 1.47 tprol 1.41
level 1 count 35 tpre 0.00 tcoarse 0.09 tpost 0.28 trest 0.00 tprol 0.00
iters =   21  secs = 6.158852  rsq = 4.35023e-16
level 0 count 21 tpre 0.01 tcoarse 3.36 tpost 1.99 trest 1.47 tprol 1.41
level 1 count 35 tpre 0.00 tcoarse 0.09 tpost 0.28 trest 0.00 tprol 0.00
iters =   21  secs = 6.171535  rsq = 4.54555e-16
level 0 count 21 tpre 0.01 tcoarse 3.37 tpost 1.99 trest 1.47 tprol 1.41
level 1 count 36 tpre 0.00 tcoarse 0.09 tpost 0.29 trest 0.00 tprol 0.00
iters =   21  secs = 6.155967  rsq = 4.54949e-16
level 0 count 21 tpre 0.01 tcoarse 3.35 tpost 1.99 trest 1.47 tprol 1.41
level 1 count 35 tpre 0.00 tcoarse 0.09 tpost 0.28 trest 0.00 tprol 0.00
TIME("c3pt","bwd_prop") = 39.319 secs
TIME("seq_prop-write","done") = 7.870 secs
TIME("smear[cpu]","done") = 8.964 secs
seq check: complex(-1.60192e-10, -3.69379e-10)
TIME("smear[cpu]","done") = 0.083 secs
TIME("frw_prop_source.2008.x0y0z24t0","done") = 0.116 secs
iters =   21  secs = 6.170390  rsq = 6.03966e-16
level 0 count 21 tpre 0.01 tcoarse 3.35 tpost 2.01 trest 1.47 tprol 1.40
level 1 count 35 tpre 0.00 tcoarse 0.09 tpost 0.28 trest 0.00 tprol 0.00
iters =   21  secs = 6.146125  rsq = 4.74102e-16
level 0 count 21 tpre 0.01 tcoarse 3.35 tpost 1.99 trest 1.47 tprol 1.41
level 1 count 35 tpre 0.00 tcoarse 0.09 tpost 0.28 trest 0.00 tprol 0.00
iters =   21  secs = 6.170132  rsq = 5.34948e-16
level 0 count 21 tpre 0.01 tcoarse 3.37 tpost 1.99 trest 1.47 tprol 1.41
level 1 count 36 tpre 0.00 tcoarse 0.09 tpost 0.29 trest 0.00 tprol 0.00
iters =   21  secs = 6.163503  rsq = 3.74897e-16
level 0 count 21 tpre 0.01 tcoarse 3.36 tpost 1.99 trest 1.47 tprol 1.40
level 1 count 36 tpre 0.00 tcoarse 0.09 tpost 0.29 trest 0.00 tprol 0.00
iters =   21  secs = 6.160261  rsq = 4.49195e-16
level 0 count 21 tpre 0.01 tcoarse 3.34 tpost 2.01 trest 1.47 tprol 1.40
level 1 count 35 tpre 0.00 tcoarse 0.09 tpost 0.28 trest 0.00 tprol 0.00
iters =   21  secs = 6.139761  rsq = 5.36841e-16
level 0 count 21 tpre 0.01 tcoarse 3.34 tpost 1.99 trest 1.47 tprol 1.41
level 1 count 35 tpre 0.00 tcoarse 0.08 tpost 0.28 trest 0.00 tprol 0.00
iters =   21  secs = 6.155996  rsq = 3.76178e-16
level 0 count 21 tpre 0.01 tcoarse 3.35 tpost 1.99 trest 1.47 tprol 1.41
level 1 count 36 tpre 0.00 tcoarse 0.09 tpost 0.29 trest 0.00 tprol 0.00
iters =   21  secs = 6.123057  rsq = 5.84326e-16
level 0 count 21 tpre 0.01 tcoarse 3.32 tpost 1.99 trest 1.47 tprol 1.40
level 1 count 33 tpre 0.00 tcoarse 0.08 tpost 0.27 trest 0.00 tprol 0.00
iters =   21  secs = 6.161725  rsq = 4.22542e-16
level 0 count 21 tpre 0.01 tcoarse 3.35 tpost 2.00 trest 1.47 tprol 1.41
level 1 count 34 tpre 0.00 tcoarse 0.09 tpost 0.27 trest 0.00 tprol 0.00
iters =   21  secs = 6.125481  rsq = 4.4282e-16
level 0 count 21 tpre 0.01 tcoarse 3.32 tpost 1.99 trest 1.47 tprol 1.41
level 1 count 33 tpre 0.00 tcoarse 0.08 tpost 0.27 trest 0.00 tprol 0.00
iters =   21  secs = 6.159285  rsq = 4.18547e-16
level 0 count 21 tpre 0.01 tcoarse 3.36 tpost 1.99 trest 1.47 tprol 1.41
level 1 count 36 tpre 0.00 tcoarse 0.09 tpost 0.29 trest 0.00 tprol 0.00
iters =   21  secs = 6.138267  rsq = 4.92963e-16
level 0 count 21 tpre 0.01 tcoarse 3.34 tpost 1.99 trest 1.47 tprol 1.41
level 1 count 34 tpre 0.00 tcoarse 0.08 tpost 0.27 trest 0.00 tprol 0.00
TIME("smear[cpu]","done") = 8.978 secs
TIME("frw_prop.2008.x0y0z24t0","done") = 84.126 secs
TIME("fwd_prop-write","done") = 7.211 secs
TIME("sm_fwd_prop-write","done") = 6.177 secs
doing sink momentum 0 0 0 0
The sink time is 10
computing (1-g4) projected prop
TIME("c3pt","bwd_source") = 0.395 secs
TIME("smear[cpu]","done") = 1.254 secs
iters =   21  secs = 6.163019  rsq = 5.30573e-16
level 0 count 21 tpre 0.01 tcoarse 3.36 tpost 1.99 trest 1.47 tprol 1.41
level 1 count 36 tpre 0.00 tcoarse 0.09 tpost 0.29 trest 0.00 tprol 0.00
iters =   21  secs = 6.180168  rsq = 4.87993e-16
level 0 count 21 tpre 0.01 tcoarse 3.37 tpost 1.99 trest 1.47 tprol 1.41
level 1 count 35 tpre 0.00 tcoarse 0.09 tpost 0.29 trest 0.00 tprol 0.00
iters =   21  secs = 6.133043  rsq = 5.67731e-16
level 0 count 21 tpre 0.01 tcoarse 3.33 tpost 1.99 trest 1.47 tprol 1.40
level 1 count 33 tpre 0.00 tcoarse 0.09 tpost 0.27 trest 0.00 tprol 0.00
iters =   21  secs = 6.205943  rsq = 3.9357e-16
level 0 count 21 tpre 0.01 tcoarse 3.40 tpost 1.99 trest 1.48 tprol 1.41
level 1 count 38 tpre 0.00 tcoarse 0.10 tpost 0.31 trest 0.00 tprol 0.00
iters =   21  secs = 6.165536  rsq = 4.25492e-16
level 0 count 21 tpre 0.01 tcoarse 3.36 tpost 1.99 trest 1.47 tprol 1.41
level 1 count 35 tpre 0.00 tcoarse 0.10 tpost 0.28 trest 0.00 tprol 0.00
iters =   21  secs = 6.166337  rsq = 3.77552e-16
level 0 count 21 tpre 0.01 tcoarse 3.36 tpost 1.99 trest 1.47 tprol 1.41
level 1 count 36 tpre 0.00 tcoarse 0.09 tpost 0.29 trest 0.00 tprol 0.00
TIME("c3pt","bwd_prop") = 39.344 secs
TIME("seq_prop-write","done") = 9.019 secs
TIME("smear[cpu]","done") = 8.961 secs
seq check: complex(4.77054e-10, -2.16268e-10)
doing sink momentum 0 0 0 0
The sink time is 10
computing (1-g4) projected prop
TIME("c3pt","bwd_source") = 0.441 secs
TIME("smear[cpu]","done") = 1.252 secs
iters =   21  secs = 6.163351  rsq = 5.30573e-16
level 0 count 21 tpre 0.01 tcoarse 3.36 tpost 1.99 trest 1.47 tprol 1.41
level 1 count 36 tpre 0.00 tcoarse 0.09 tpost 0.29 trest 0.00 tprol 0.00
iters =   21  secs = 6.145642  rsq = 5.85801e-16
level 0 count 21 tpre 0.01 tcoarse 3.34 tpost 1.99 trest 1.47 tprol 1.41
level 1 count 34 tpre 0.00 tcoarse 0.09 tpost 0.27 trest 0.00 tprol 0.00
iters =   21  secs = 6.135878  rsq = 5.67732e-16
level 0 count 21 tpre 0.01 tcoarse 3.33 tpost 1.99 trest 1.47 tprol 1.41
level 1 count 33 tpre 0.00 tcoarse 0.09 tpost 0.27 trest 0.00 tprol 0.00
iters =   21  secs = 6.161400  rsq = 4.59947e-16
level 0 count 21 tpre 0.01 tcoarse 3.36 tpost 1.99 trest 1.47 tprol 1.41
level 1 count 35 tpre 0.00 tcoarse 0.09 tpost 0.28 trest 0.00 tprol 0.00
iters =   21  secs = 6.158351  rsq = 4.25491e-16
level 0 count 21 tpre 0.01 tcoarse 3.36 tpost 1.99 trest 1.47 tprol 1.41
level 1 count 35 tpre 0.00 tcoarse 0.10 tpost 0.28 trest 0.00 tprol 0.00
iters =   21  secs = 6.169971  rsq = 3.77271e-16
level 0 count 21 tpre 0.01 tcoarse 3.37 tpost 1.99 trest 1.47 tprol 1.41
level 1 count 37 tpre 0.00 tcoarse 0.09 tpost 0.30 trest 0.00 tprol 0.00
TIME("c3pt","bwd_prop") = 39.311 secs
0x4c66ae 0x4c66ae
0x4e01dc 0x4c66ae
0x4c66ae 0x4c66ae
0x4e01dc 0x4c66ae
0x4c66ae 0x4c66ae
0x4e01dc 0x4c66ae
0x4c66ae 0x4c66ae
0x4e01dc 0x4c66ae
0x4c66ae 0x4c66ae
0x4e01dc 0x4c66ae
0x4c66ae 0x4c66ae
0x4e01dc 0x4c66ae
0x4c66ae 0x4c66ae
0x4e01dc 0x4c66ae
0x4c66ae 0x4c66ae
0x4e01dc 0x4c66ae
0x4c66ae 0x4c66ae
0x4e01dc 0x4c66ae
0x4c66ae 0x4c66ae
0x4e01dc 0x4c66ae
0x4c66ae 0x4c66ae
0x4e01dc 0x4c66ae
0x4c66ae 0x4c66ae
0x4e01dc 0x4c66ae
0x4c66ae 0x4c66ae
0x4e01dc 0x4c66ae
0x4c66ae 0x4c66ae
0x4e01dc 0x4c66ae
0x4c66ae 0x4c66ae
0x4e01dc 0x4c66ae
0x4c66ae 0x4c66ae
0x4e01dc 0x4c66ae
0x4c66ae 0x4c66ae
0x4e01dc 0x4c66ae
0x4c66ae 0x4c66ae
0x4e01dc 0x4c66ae
0x4c66ae 0x4c66ae
0x4e01dc 0x4c66ae
0x4c66ae 0x4c66ae
0x4e01dc 0x4c66ae
0x4c66ae 0x4c66ae
0x4e01dc 0x4c66ae
0x4c66ae 0x4c66ae
0x4e01dc 0x4c66ae
0x4c66ae 0x4c66ae
0x4e01dc 0x4c66ae
0x4c66ae 0x4c66ae
0x4e01dc 0x4c66ae
0x4c66ae 0x4c66ae
0x4e01dc 0x4c66ae
0x4c66ae 0x4c66ae
0x4e01dc 0x4c66ae
0x4c66ae 0x4c66ae
0x4e01dc 0x4c66ae
0x4c66ae 0x4c66ae
0x4e01dc 0x4c66ae
0x4c66ae 0x4c66ae
0x4e01dc 0x4c66ae
0x4c66ae 0x4c66ae
0x4e01dc 0x4c66ae
0x4c66ae 0x4c66ae
0x4e01dc 0x4c66ae
0x4c66ae 0x4c66ae
0x4e01dc 0x4c66ae
0x4c66ae 0x4c66ae
0x4e01dc 0x4c66ae
0x4c66ae 0x4c66ae
0x4e01dc 0x4c66ae
0x4c66ae 0x4c66ae
0x4e01dc 0x4c66ae
0x4c66ae 0x4c66ae
0x4e01dc 0x4c66ae
0x4c66ae 0x4c66ae
0x4e01dc 0x4c66ae
0x4c66ae 0x4c66ae
0x4e01dc 0x4c66ae
0x4c66ae 0x4c66ae
0x4e01dc 0x4c66ae
0x4c66ae 0x4c66ae
0x4e01dc 0x4c66ae
0x4c66ae 0x4c66ae
0x4e01dc 0x4c66ae
0x4c66ae 0x4c66ae
0x4e01dc 0x4c66ae
0x4c66ae 0x4c66ae
0x4e01dc 0x4c66ae
0x4c66ae 0x4c66ae
0x4e01dc 0x4c66ae
0x4c66ae 0x4c66ae
0x4e01dc 0x4c66ae
0x4c66ae 0x4c66ae
0x4e01dc 0x4c66ae
0x4c66ae 0x4c66ae
0x4e01dc 0x4c66ae
0x4c66ae 0x4c66ae
0x4e01dc 0x4c66ae
0x4c66ae 0x4c66ae
0x4e01dc 0x4c66ae
0x4c66ae 0x4c66ae
0x4e01dc 0x4c66ae
0x4c66ae 0x4c66ae
0x4e01dc 0x4c66ae
0x4c66ae 0x4c66ae
0x4e01dc 0x4c66ae
0x4c66ae 0x4c66ae
0x4e01dc 0x4c66ae
0x4c66ae 0x4c66ae
0x4e01dc 0x4c66ae
0x4c66ae 0x4c66ae
0x4e01dc 0x4c66ae
0x4c66ae 0x4c66ae
0x4e01dc 0x4c66ae
0x4c66ae 0x4c66ae
0x4e01dc 0x4c66ae
0x4c66ae 0x4c66ae
0x4e01dc 0x4c66ae
0x4c66ae 0x4c66ae
0x4e01dc 0x4c66ae
0x4c66ae 0x4c66ae
0x4e01dc 0x4c66ae
0x4c66ae 0x4c66ae
0x4e01dc 0x4c66ae
0x4c66ae 0x4c66ae
0x4e01dc 0x4c66ae
0x4c66ae 0x4c66ae
0x4e01dc 0x4c66ae
0x4c66ae 0x4c66ae
0x4e01dc 0x4c66ae
0x4c66ae 0x4c66ae
0x4e01dc 0x4c66ae
0x4c66ae 0x4c66ae
0x4e01dc 0x4c66ae
0x4c66ae 0x4c66ae
0x4e01dc 0x4c66ae
0x4c66ae 0x4c66ae
0x4e01dc 0x4c66ae
0x4c66ae 0x4c66ae
0x4e01dc 0x4c66ae
0x4c66ae 0x4c66ae
0x4e01dc 0x4c66ae
0x4c66ae 0x4c66ae
0x4e01dc 0x4c66ae
0x4c66ae 0x4c66ae
0x4e01dc 0x4c66ae
0x4c66ae 0x4c66ae
0x4e01dc 0x4c66ae
0x4c66ae 0x4c66ae
0x4e01dc 0x4c66ae
0x4c66ae 0x4c66ae
0x4e01dc 0x4c66ae
0x4c66ae 0x4c66ae
0x4e01dc 0x4c66ae
0x4c66ae 0x4c66ae
0x4e01dc 0x4c66ae
0x4c66ae 0x4c66ae
0x4e01dc 0x4c66ae
0x4c66ae 0x4c66ae
0x4e01dc 0x4c66ae
0x4c66ae 0x4c66ae
0x4e01dc 0x4c66ae
0x4c66ae 0x4c66ae
0x4e01dc 0x4c66ae
0x4c66ae 0x4c66ae
0x4e01dc 0x4c66ae
0x4c66ae 0x4c66ae
0x4e01dc 0x4c66ae
0x4c66ae 0x4c66ae
0x4e01dc 0x4c66ae
0x4c66ae 0x4c66ae
0x4e01dc 0x4c66ae
0x4c66ae 0x4c66ae
0x4e01dc 0x4c66ae
0x4c66ae 0x4c66ae
0x4e01dc 0x4c66ae
0x4c66ae 0x4c66ae
0x4e01dc 0x4c66ae
0x4c66ae 0x4c66ae
0x4e01dc 0x4c66ae
0x4c66ae 0x4c66ae
0x4e01dc 0x4c66ae
0x4c66ae 0x4c66ae
0x4e01dc 0x4c66ae
0x4c66ae 0x4c66ae
0x4e01dc 0x4c66ae
0x4c66ae 0x4c66ae
0x4e01dc 0x4c66ae
0x4c66ae 0x4c66ae
0x4e01dc 0x4c66ae
0x4c66ae 0x4c66ae
0x4e01dc 0x4c66ae
0x4c66ae 0x4c66ae
0x4e01dc 0x4c66ae
0x4c66ae 0x4c66ae
0x4e01dc 0x4c66ae
0x4c66ae 0x4c66ae
0x4e01dc 0x4c66ae
0x4c66ae 0x4c66ae
0x4e01dc 0x4c66ae
0x4c66ae 0x4c66ae
0x4e01dc 0x4c66ae
0x4c66ae 0x4c66ae
0x4e01dc 0x4c66ae
0x4c66ae 0x4c66ae
0x4e01dc 0x4c66ae
0x4c66ae 0x4c66ae
0x4e01dc 0x4c66ae
0x4c66ae 0x4c66ae
0x4e01dc 0x4c66ae
TIME("seq_prop-write","done") = 8.476 secs
TIME("smear[cpu]","done") = 8.966 secs
seq check: complex(9.54107e-10, -4.32536e-10)

Success.
0x4c66ae 0x4c66ae
0x4e01dc 0x4c66ae
0x4c66ae 0x4c66ae
0x4e01dc 0x4c66ae
0x4c66ae 0x4c66ae
0x4e01dc 0x4c66ae
0x4c66ae 0x4c66ae
0x4e01dc 0x4c66ae
0x4c66ae 0x4c66ae
0x4e01dc 0x4c66ae
0x4c66ae 0x4c66ae
0x4e01dc 0x4c66ae
0x4c66ae 0x4c66ae
0x4e01dc 0x4c66ae
0x4c66ae 0x4c66ae
0x4e01dc 0x4c66ae
0x4c66ae 0x4c66ae
0x4e01dc 0x4c66ae
0x4c66ae 0x4c66ae
0x4e01dc 0x4c66ae
0x4c66ae 0x4c66ae
0x4e01dc 0x4c66ae
0x4c66ae 0x4c66ae
0x4e01dc 0x4c66ae
0x4c66ae 0x4c66ae
0x4e01dc 0x4c66ae
0x4c66ae 0x4c66ae
0x4e01dc 0x4c66ae
0x4c66ae 0x4c66ae
0x4e01dc 0x4c66ae
0x4c66ae 0x4c66ae
0x4e01dc 0x4c66ae
0x4c66ae 0x4c66ae
0x4e01dc 0x4c66ae
0x4c66ae 0x4c66ae
0x4e01dc 0x4c66ae
0x4c66ae 0x4c66ae
0x4e01dc 0x4c66ae
0x4c66ae 0x4c66ae
0x4e01dc 0x4c66ae
0x4c66ae 0x4c66ae
0x4e01dc 0x4c66ae
0x4c66ae 0x4c66ae
0x4e01dc 0x4c66ae
0x4c66ae 0x4c66ae
0x4e01dc 0x4c66ae
0x4c66ae 0x4c66ae
0x4e01dc 0x4c66ae
0x4c66ae 0x4c66ae
0x4e01dc 0x4c66ae
0x4c66ae 0x4c66ae
0x4e01dc 0x4c66ae
0x4c66ae 0x4c66ae
0x4e01dc 0x4c66ae
0x4c66ae 0x4c66ae
0x4e01dc 0x4c66ae
0x4c66ae 0x4c66ae
0x4e01dc 0x4c66ae
0x4c66ae 0x4c66ae
0x4e01dc 0x4c66ae
0x4c66ae 0x4c66ae
0x4e01dc 0x4c66ae
0x4c66ae 0x4c66ae
0x4e01dc 0x4c66ae
0x4c66ae 0x4c66ae
0x4e01dc 0x4c66ae
0x4c66ae 0x4c66ae
0x4e01dc 0x4c66ae
0x4c66ae 0x4c66ae
0x4e01dc 0x4c66ae
0x4c66ae 0x4c66ae
0x4e01dc 0x4c66ae
0x4c66ae 0x4c66ae
0x4e01dc 0x4c66ae
0x4c66ae 0x4c66ae
0x4e01dc 0x4c66ae
0x4c66ae 0x4c66ae
0x4e01dc 0x4c66ae
0x4c66ae 0x4c66ae
0x4e01dc 0x4c66ae
0x4c66ae 0x4c66ae
0x4e01dc 0x4c66ae
0x4c66ae 0x4c66ae
0x4e01dc 0x4c66ae
0x4c66ae 0x4c66ae
0x4e01dc 0x4c66ae
0x4c66ae 0x4c66ae
0x4e01dc 0x4c66ae
0x4c66ae 0x4c66ae
0x4e01dc 0x4c66ae
0x4c66ae 0x4c66ae
0x4e01dc 0x4c66ae
0x4c66ae 0x4c66ae
0x4e01dc 0x4c66ae
0x4c66ae 0x4c66ae
0x4e01dc 0x4c66ae
0x4c66ae 0x4c66ae
0x4e01dc 0x4c66ae
0x4c66ae 0x4c66ae
0x4e01dc 0x4c66ae
0x4c66ae 0x4c66ae
0x4e01dc 0x4c66ae
0x4c66ae 0x4c66ae
0x4e01dc 0x4c66ae
0x4c66ae 0x4c66ae
0x4e01dc 0x4c66ae
0x4c66ae 0x4c66ae
0x4e01dc 0x4c66ae
0x4c66ae 0x4c66ae
0x4e01dc 0x4c66ae
0x4c66ae 0x4c66ae
0x4e01dc 0x4c66ae
0x4c66ae 0x4c66ae
0x4e01dc 0x4c66ae
0x4c66ae 0x4c66ae
0x4e01dc 0x4c66ae
0x4c66ae 0x4c66ae
0x4e01dc 0x4c66ae
0x4c66ae 0x4c66ae
0x4e01dc 0x4c66ae
0x4c66ae 0x4c66ae
0x4e01dc 0x4c66ae
0x4c66ae 0x4c66ae
0x4e01dc 0x4c66ae
0x4c66ae 0x4c66ae
0x4e01dc 0x4c66ae
0x4c66ae 0x4c66ae
0x4e01dc 0x4c66ae
0x4c66ae 0x4c66ae
0x4e01dc 0x4c66ae
0x4c66ae 0x4c66ae
0x4e01dc 0x4c66ae
0x4c66ae 0x4c66ae
0x4e01dc 0x4c66ae
0x4c66ae 0x4c66ae
0x4e01dc 0x4c66ae
0x4c66ae 0x4c66ae
0x4e01dc 0x4c66ae
0x4c66ae 0x4c66ae
0x4e01dc 0x4c66ae
0x4c66ae 0x4c66ae
0x4e01dc 0x4c66ae
0x4c66ae 0x4c66ae
0x4e01dc 0x4c66ae
0x4c66ae 0x4c66ae
0x4e01dc 0x4c66ae
0x4c66ae 0x4c66ae
0x4e01dc 0x4c66ae
0x4c66ae 0x4c66ae
0x4e01dc 0x4c66ae
0x4c66ae 0x4c66ae
0x4e01dc 0x4c66ae
0x4c66ae 0x4c66ae
0x4e01dc 0x4c66ae
0x4c66ae 0x4c66ae
0x4e01dc 0x4c66ae
0x4c66ae 0x4c66ae
0x4e01dc 0x4c66ae
0x4c66ae 0x4c66ae
0x4e01dc 0x4c66ae
0x4c66ae 0x4c66ae
0x4e01dc 0x4c66ae
0x4c66ae 0x4c66ae
0x4e01dc 0x4c66ae
0x4c66ae 0x4c66ae
0x4e01dc 0x4c66ae
0x4c66ae 0x4c66ae
0x4e01dc 0x4c66ae
0x4c66ae 0x4c66ae
0x4e01dc 0x4c66ae
0x4c66ae 0x4c66ae
0x4e01dc 0x4c66ae
0x4c66ae 0x4c66ae
0x4e01dc 0x4c66ae
