machine of 192 nodes
network kind: switch
L.network[1] = 4
L.network[2] = 4
L.network[3] = 4
L.network[4] = 3
DML_partition_in times: read 0.36  send 0.00  total 0.39
TIME("gauge_load","done") = 0.491 secs
TIME("gauge_stout_smear","done") = 0.399 secs
TIME("gauge_ape_smear","done") = 6.363 secs
init_level 0
init_level 1
creating MG level 0
creating lattice: 8 8 8 24
ndim = 4
numsites = 64
len = 8 8 8 24
nsquares = 2 2 4 12

creating block
local = 0
creating args
creating null vecs
0x4c66ae 0x4c66ae
0   6   217    0.0048223   0.00619058  0.0104042   0.0427492   0.319019  
1   2   116    0.00538118  0.00738917
2   3   179    0.00417054  0.00508281
3   2   118    0.0046676   0.0058584 
4   2   131    0.00466513  0.00659086
5   2   123    0.00546189  0.00696254
6   2   124    0.00574185  0.00745141
7   2   135    0.00562887  0.00744872
8   2   129    0.00533279  0.00693089
9   2   110    0.00588402  0.00674994
10  2   132    0.00582495  0.00751438
11  2   125    0.00578388  0.00758782
12  2   156    0.00574179  0.00764301
13  2   129    0.00609476  0.00798229
14  2   104    0.00672552  0.00808837
15  2   102    0.00668772  0.00824632
16  2   132    0.00655151  0.00858633
17  2   122    0.00615729  0.00737883
18  2   136    0.00567536  0.00722822
19  2   114    0.00623529  0.0076195 
20  2   140    0.00606998  0.00808193
21  2   120    0.00616864  0.0073715 
22  2   107    0.00658512  0.00751091
23  2   130    0.00619967  0.00832629
setup its = 3131
0    1           2.32546e-05  0.0048223 
1    1           2.89571e-05  0.00538118
2    1           1.73934e-05  0.00417054
3    1           2.17865e-05  0.0046676 
4    1           2.17635e-05  0.00466513
5    1           2.98323e-05  0.00546189
6    1           3.29689e-05  0.00574185
7    1           3.16842e-05  0.00562887
8    1           2.84386e-05  0.00533279
9    1           3.46217e-05  0.00588402
10   1           3.393e-05   0.00582495
11   1           3.34533e-05  0.00578388
12   1           3.29681e-05  0.00574179
13   1           3.71461e-05  0.00609476
14   1           4.52326e-05  0.00672552
15   1           4.47255e-05  0.00668772
16   1           4.29223e-05  0.00655151
17   1           3.79122e-05  0.00615729
18   1           3.22097e-05  0.00567536
19   1           3.88789e-05  0.00623529
20   1           3.68446e-05  0.00606998
21   1           3.80521e-05  0.00616864
22   1           4.33638e-05  0.00658512
23   1           3.84359e-05  0.00619967
0    1           2.32546e-05  0.0048223 
1    1           2.70351e-05  0.00519953
2    1           1.72981e-05  0.0041591 
3    1           2.19333e-05  0.0046833 
4    1           2.37811e-05  0.00487659
5    1           3.07704e-05  0.00554711
6    1           4.04131e-05  0.00635713
7    1           5.61833e-05  0.00749555
8    1           7.83219e-05  0.00884997
9    1           4.77653e-05  0.00691124
10   1           4.08356e-05  0.00639027
11   1           7.68627e-05  0.00876714
12   1           0.000279712  0.0167246 
13   1           0.000171305  0.0130884 
14   1           6.45838e-05  0.00803641
15   1           0.000181141  0.0134589 
16   1           0.000313834  0.0177153 
17   1           0.000129692  0.0113883 
18   1           7.45902e-05  0.00863656
19   1           0.000125849  0.0112182 
20   1           0.000145705  0.0120708 
21   1           0.000119224  0.010919  
22   1           0.000143927  0.0119969 
23   1           0.000243735  0.015612  
0    24576       352.681     0.119794  
1    24576       1335.03     0.233072  
2    24576       2156.16     0.2962    
3    24576       2834.73     0.339625  
4    24576       3437.09     0.373973  
5    24576       3954.31     0.401125  
6    24576       4378.18     0.422076  
7    24576       4822.59     0.44298   
8    24576       5203.54     0.460144  
9    24576       5547.47     0.475107  
10   24576       5869.97     0.488723  
11   24576       6160.52     0.500672  
12   24576       6430.18     0.511512  
13   24576       6735.34     0.523509  
14   24576       6996.79     0.533573  
15   24576       7248.44     0.543083  
16   24576       7462.68     0.551051  
17   24576       7721.19     0.560514  
18   24576       7940.79     0.568429  
19   24576       8145.32     0.575703  
20   24576       8363.35     0.583357  
21   24576       8571.34     0.590566  
22   24576       8773.36     0.597485  
23   24576       8956.62     0.603693  
get_nullvecs: 123.074 secs
vcomp 0  ( 589755 589755 )  3.82494e-07 / 2.35902e+06 = 1.62141e-13
vcomp 1  ( 589279 589279 )  3.6586e-07 / 2.35712e+06 = 1.55215e-13
vcomp 0  ( 589755 589755 )  3.9344e-07 / 2.35902e+06 = 1.66781e-13
vcomp 1  ( 589279 589279 )  3.76723e-07 / 2.35712e+06 = 1.59824e-13

creating true coarse operator
 shift  0 :  1  0  0  0
 shift  1 :  0  1  0  0
 shift  2 :  0  0  1  0
 shift  3 :  0  0  0  1
 shift  4 : -1  0  0  0
 shift  5 :  0 -1  0  0
 shift  6 :  0  0 -1  0
 shift  7 :  0  0  0 -1
 shift  8 :  0  0  0  0
16: 0 5 10 15
vcomp 0  ( 0.14313 0.14313 )  0 / 0.572519 = 0
vcomp 1  ( 0.0161786 0.0161786 )  0 / 0.0647145 = 0
vcomp 0  ( 1 1 )  1.05473e-14 / 4 = 2.63683e-15
vcomp 1  ( 0 4.01713e-15 )  4.01713e-15 / 4.01713e-15 = 1
vcomp 0  ( 1.23435 1.23435 )  5.93218e-15 / 4.93741 = 1.20147e-15
vcomp 1  ( 0.120098 0.120098 )  6.91883e-15 / 0.480391 = 1.44025e-14
vcomp 0  ( 0.111488 0.111488 )  7.48306e-16 / 0.445954 = 1.67799e-15
vcomp 1  ( 0.0134799 0.0134799 )  5.81426e-16 / 0.0539197 = 1.07832e-14
QOP_F_mgCloneOp: 127.242 secs
creating MG level 1
creating lattice: 4 4 4 12
ndim = 4
numsites = 4
len = 4 4 4 12
nsquares = 2 2 4 12

creating block
local = 1
creating args
creating null vecs
0x4e01dc 0x4c66ae
0   6   35     0.0208918   0.0254396   0.0398634   0.0994353   0.403325  
1   3   35     0.0159473   0.0201791 
2   3   31     0.0178583   0.0201736 
3   3   31     0.0194098   0.0248832 
4   3   34     0.0202852   0.0222443 
5   3   31     0.0217116   0.0241071 
6   3   39     0.0206695   0.0207249 
7   2   21     0.0227137   0.0266232 
8   2   19     0.026533    0.030902  
9   3   40     0.0208965   0.021971  
10  2   23     0.0216795   0.0262947 
11  3   33     0.0204679   0.0209841 
12  3   39     0.0216481   0.0224285 
13  2   21     0.0251987   0.0306996 
14  3   35     0.0211696   0.0270768 
15  2   21     0.0263835   0.0311237 
16  3   27     0.0248964   0.0283881 
17  2   21     0.0266157   0.0333956 
18  3   28     0.0242228   0.0257006 
19  2   19     0.0286531   0.0361    
20  2   20     0.0265649   0.0338262 
21  3   33     0.0262051   0.0267046 
22  2   20     0.0284308   0.0330529 
23  2   22     0.027903    0.0339522 
setup its = 678
0    1           0.000436465  0.0208918 
1    1           0.000254315  0.0159473 
2    1           0.000318919  0.0178583 
3    1           0.000376741  0.0194098 
4    1           0.000411491  0.0202852 
5    1           0.000471393  0.0217116 
6    1           0.000427227  0.0206695 
7    1           0.000515913  0.0227137 
8    1           0.000704001  0.026533  
9    1           0.000436665  0.0208965 
10   1           0.00047     0.0216795 
11   1           0.000418935  0.0204679 
12   1           0.000468638  0.0216481 
13   1           0.000634974  0.0251987 
14   1           0.00044815  0.0211696 
15   1           0.000696088  0.0263835 
16   1           0.000619832  0.0248964 
17   1           0.000708396  0.0266157 
18   1           0.000586743  0.0242228 
19   1           0.000820999  0.0286531 
20   1           0.000705693  0.0265649 
21   1           0.000686707  0.0262051 
22   1           0.000808311  0.0284308 
23   1           0.000778575  0.027903  
0    1           0.000436465  0.0208918 
1    1           0.000256506  0.0160158 
2    1           0.000354926  0.0188395 
3    1           0.000395494  0.019887  
4    1           0.000458843  0.0214206 
5    1           0.000498282  0.0223222 
6    1           0.000486171  0.0220493 
7    1           0.000577003  0.0240209 
8    1           0.00085675  0.0292703 
9    1           0.000691755  0.0263012 
10   1           0.000760563  0.0275783 
11   1           0.000698139  0.0264223 
12   1           0.000631053  0.0251208 
13   1           0.000888967  0.0298155 
14   1           0.000845213  0.0290725 
15   1           0.000973871  0.0312069 
16   1           0.000952855  0.0308683 
17   1           0.000893693  0.0298947 
18   1           0.000773653  0.0278146 
19   1           0.00125604  0.0354407 
20   1           0.00184188  0.0429171 
21   1           0.00131211  0.0362231 
22   1           0.00201005  0.0448336 
23   1           0.00205909  0.0453772 
0    1536        33.1471     0.146902  
1    1536        113.472     0.2718    
2    1536        181.344     0.343602  
3    1536        240.071     0.395343  
4    1536        287.943     0.43297   
5    1536        326.263     0.460881  
6    1536        363.944     0.486768  
7    1536        402.643     0.511994  
8    1536        441.257     0.535982  
9    1536        471.112     0.553817  
10   1536        500.158     0.570634  
11   1536        528.957     0.586833  
12   1536        560.665     0.604166  
13   1536        581.442     0.615259  
14   1536        613.87      0.632183  
15   1536        633.537     0.64223   
16   1536        665.438     0.658201  
17   1536        684.493     0.667558  
18   1536        707.578     0.678721  
19   1536        722.032     0.685619  
20   1536        743.562     0.695766  
21   1536        765.54      0.705973  
22   1536        790.2       0.717254  
23   1536        810.494     0.726406  
get_nullvecs: 2.2796 secs
vcomp 0  ( 36744.6 36744.6 )  4.05957e-09 / 146978 = 2.76202e-14
vcomp 1  ( 36906.3 36906.3 )  4.10605e-09 / 147625 = 2.7814e-14
vcomp 0  ( 36744.6 36744.6 )  4.62329e-09 / 146978 = 3.14556e-14
vcomp 1  ( 36906.3 36906.3 )  4.66911e-09 / 147625 = 3.16282e-14

creating true coarse operator
 shift  0 :  1  0  0  0
 shift  1 :  0  1  0  0
 shift  2 :  0  0  1  0
 shift  3 :  0  0  0  1
 shift  4 : -1  0  0  0
 shift  5 :  0 -1  0  0
 shift  6 :  0  0 -1  0
 shift  7 :  0  0  0 -1
 shift  8 :  0  0  0  0
16: 0 5 10 15
vcomp 0  ( 0.361135 0.361135 )  0 / 1.44454 = 0
vcomp 1  ( 0.0259306 0.0259306 )  0 / 0.103722 = 0
vcomp 0  ( 1 0.999999 )  1.31461e-13 / 4 = 3.28653e-14
vcomp 1  ( 0 2.48168e-15 )  2.48168e-15 / 2.48168e-15 = 1
vcomp 0  ( 1.50859 1.50859 )  9.48464e-14 / 6.03436 = 1.57177e-14
vcomp 1  ( 0.0747863 0.0747863 )  3.52754e-15 / 0.299145 = 1.1792e-14
vcomp 0  ( 0.180012 0.180012 )  9.1196e-15 / 0.720049 = 1.26653e-14
vcomp 1  ( 0.0382687 0.0382687 )  1.8976e-15 / 0.153075 = 1.23966e-14
QOP_F_mgCloneOp: 1.22289 secs
TIME("set up mg solver","done") = 254.414 secs
TIME("make_mg_solver","done") = 254.414 secs
momentum smearing with ( 0 0 0 0 )
TIME("make_mom_smear_fct","done") = 0.010 secs
TIME("smear[cpu]","done") = 0.111 secs
TIME("frw_prop_source.1912.x0y0z0t0","done") = 0.146 secs
iters =   21  secs = 6.172162  rsq = 2.79833e-16
level 0 count 21 tpre 0.01 tcoarse 3.37 tpost 1.99 trest 1.49 tprol 1.41
level 1 count 37 tpre 0.00 tcoarse 0.08 tpost 0.29 trest 0.00 tprol 0.00
iters =   21  secs = 6.132641  rsq = 5.11678e-16
level 0 count 21 tpre 0.01 tcoarse 3.35 tpost 1.99 trest 1.48 tprol 1.41
level 1 count 36 tpre 0.00 tcoarse 0.08 tpost 0.29 trest 0.00 tprol 0.00
iters =   21  secs = 6.128133  rsq = 3.68156e-16
level 0 count 21 tpre 0.01 tcoarse 3.35 tpost 1.99 trest 1.48 tprol 1.41
level 1 count 36 tpre 0.00 tcoarse 0.07 tpost 0.28 trest 0.00 tprol 0.00
iters =   21  secs = 6.131198  rsq = 3.90076e-16
level 0 count 21 tpre 0.01 tcoarse 3.35 tpost 1.99 trest 1.48 tprol 1.41
level 1 count 36 tpre 0.00 tcoarse 0.07 tpost 0.29 trest 0.00 tprol 0.00
iters =   21  secs = 6.126641  rsq = 3.21547e-16
level 0 count 21 tpre 0.01 tcoarse 3.35 tpost 1.99 trest 1.47 tprol 1.41
level 1 count 36 tpre 0.00 tcoarse 0.08 tpost 0.29 trest 0.00 tprol 0.00
iters =   21  secs = 6.110183  rsq = 4.8204e-16
level 0 count 21 tpre 0.01 tcoarse 3.33 tpost 1.99 trest 1.47 tprol 1.41
level 1 count 35 tpre 0.00 tcoarse 0.07 tpost 0.28 trest 0.00 tprol 0.00
iters =   21  secs = 6.136922  rsq = 3.9782e-16
level 0 count 21 tpre 0.01 tcoarse 3.35 tpost 1.99 trest 1.47 tprol 1.41
level 1 count 37 tpre 0.00 tcoarse 0.08 tpost 0.29 trest 0.00 tprol 0.00
iters =   21  secs = 6.099488  rsq = 4.81257e-16
level 0 count 21 tpre 0.01 tcoarse 3.32 tpost 1.99 trest 1.47 tprol 1.40
level 1 count 35 tpre 0.00 tcoarse 0.07 tpost 0.28 trest 0.00 tprol 0.00
iters =   21  secs = 6.120774  rsq = 4.62953e-16
level 0 count 21 tpre 0.01 tcoarse 3.34 tpost 1.99 trest 1.47 tprol 1.41
level 1 count 37 tpre 0.00 tcoarse 0.07 tpost 0.29 trest 0.00 tprol 0.00
iters =   21  secs = 6.126454  rsq = 5.40071e-16
level 0 count 21 tpre 0.01 tcoarse 3.35 tpost 1.99 trest 1.47 tprol 1.41
level 1 count 36 tpre 0.00 tcoarse 0.07 tpost 0.28 trest 0.00 tprol 0.00
iters =   21  secs = 6.103978  rsq = 4.33172e-16
level 0 count 21 tpre 0.01 tcoarse 3.33 tpost 1.99 trest 1.47 tprol 1.40
level 1 count 35 tpre 0.00 tcoarse 0.07 tpost 0.28 trest 0.00 tprol 0.00
iters =   21  secs = 6.112044  rsq = 4.41292e-16
level 0 count 21 tpre 0.01 tcoarse 3.33 tpost 1.99 trest 1.47 tprol 1.40
level 1 count 36 tpre 0.00 tcoarse 0.07 tpost 0.29 trest 0.00 tprol 0.00
TIME("smear[cpu]","done") = 9.020 secs
TIME("frw_prop.1912.x0y0z0t0","done") = 84.018 secs
TIME("fwd_prop-write","done") = 7.129 secs
TIME("sm_fwd_prop-write","done") = 7.278 secs
doing sink momentum 0 0 0 0
The sink time is 10
computing (1-g4) projected prop
TIME("c3pt","bwd_source") = 0.395 secs
TIME("smear[cpu]","done") = 1.253 secs
iters =   21  secs = 6.138358  rsq = 5.82319e-16
level 0 count 21 tpre 0.01 tcoarse 3.36 tpost 1.99 trest 1.47 tprol 1.41
level 1 count 36 tpre 0.00 tcoarse 0.08 tpost 0.29 trest 0.00 tprol 0.00
iters =   21  secs = 6.141679  rsq = 3.41862e-16
level 0 count 21 tpre 0.01 tcoarse 3.36 tpost 1.99 trest 1.47 tprol 1.41
level 1 count 37 tpre 0.00 tcoarse 0.08 tpost 0.30 trest 0.00 tprol 0.00
iters =   21  secs = 6.154319  rsq = 4.14412e-16
level 0 count 21 tpre 0.01 tcoarse 3.37 tpost 1.99 trest 1.47 tprol 1.41
level 1 count 38 tpre 0.00 tcoarse 0.08 tpost 0.31 trest 0.00 tprol 0.00
iters =   21  secs = 6.162212  rsq = 4.62376e-16
level 0 count 21 tpre 0.01 tcoarse 3.38 tpost 1.99 trest 1.47 tprol 1.41
level 1 count 38 tpre 0.00 tcoarse 0.08 tpost 0.31 trest 0.00 tprol 0.00
iters =   21  secs = 6.144608  rsq = 4.20743e-16
level 0 count 21 tpre 0.01 tcoarse 3.36 tpost 1.99 trest 1.48 tprol 1.41
level 1 count 37 tpre 0.00 tcoarse 0.07 tpost 0.30 trest 0.00 tprol 0.00
iters =   21  secs = 6.164336  rsq = 4.48264e-16
level 0 count 21 tpre 0.01 tcoarse 3.38 tpost 1.99 trest 1.48 tprol 1.41
level 1 count 38 tpre 0.00 tcoarse 0.08 tpost 0.31 trest 0.00 tprol 0.00
TIME("c3pt","bwd_prop") = 39.240 secs
TIME("seq_prop-write","done") = 6.096 secs
TIME("smear[cpu]","done") = 8.996 secs
seq check: complex(2.99696e-10, 2.16713e-10)
doing sink momentum 0 0 0 0
The sink time is 10
computing (1-g4) projected prop
TIME("c3pt","bwd_source") = 0.447 secs
TIME("smear[cpu]","done") = 1.251 secs
iters =   21  secs = 6.136312  rsq = 5.82319e-16
level 0 count 21 tpre 0.01 tcoarse 3.35 tpost 1.99 trest 1.48 tprol 1.41
level 1 count 36 tpre 0.00 tcoarse 0.08 tpost 0.29 trest 0.00 tprol 0.00
iters =   21  secs = 6.143800  rsq = 4.39904e-16
level 0 count 21 tpre 0.01 tcoarse 3.36 tpost 1.99 trest 1.47 tprol 1.41
level 1 count 38 tpre 0.00 tcoarse 0.08 tpost 0.30 trest 0.00 tprol 0.00
iters =   21  secs = 6.151005  rsq = 4.14411e-16
level 0 count 21 tpre 0.01 tcoarse 3.37 tpost 1.99 trest 1.47 tprol 1.41
level 1 count 38 tpre 0.00 tcoarse 0.08 tpost 0.30 trest 0.00 tprol 0.00
iters =   21  secs = 6.158796  rsq = 3.06822e-16
level 0 count 21 tpre 0.01 tcoarse 3.38 tpost 1.99 trest 1.48 tprol 1.41
level 1 count 39 tpre 0.00 tcoarse 0.08 tpost 0.31 trest 0.00 tprol 0.00
iters =   21  secs = 6.133776  rsq = 4.20743e-16
level 0 count 21 tpre 0.01 tcoarse 3.35 tpost 1.99 trest 1.47 tprol 1.41
level 1 count 37 tpre 0.00 tcoarse 0.07 tpost 0.29 trest 0.00 tprol 0.00
iters =   21  secs = 6.155983  rsq = 3.82064e-16
level 0 count 21 tpre 0.01 tcoarse 3.38 tpost 1.99 trest 1.47 tprol 1.41
level 1 count 39 tpre 0.00 tcoarse 0.08 tpost 0.31 trest 0.00 tprol 0.00
TIME("c3pt","bwd_prop") = 39.262 secs
TIME("seq_prop-write","done") = 6.589 secs
TIME("smear[cpu]","done") = 8.985 secs
seq check: complex(5.99393e-10, 4.33426e-10)
TIME("smear[cpu]","done") = 0.083 secs
TIME("frw_prop_source.1912.x8y0z0t0","done") = 0.116 secs
iters =   21  secs = 6.172264  rsq = 3.6839e-16
level 0 count 21 tpre 0.01 tcoarse 3.39 tpost 1.99 trest 1.47 tprol 1.44
level 1 count 37 tpre 0.00 tcoarse 0.08 tpost 0.30 trest 0.00 tprol 0.00
iters =   21  secs = 6.187605  rsq = 4.38122e-16
level 0 count 21 tpre 0.01 tcoarse 3.40 tpost 2.00 trest 1.47 tprol 1.45
level 1 count 36 tpre 0.00 tcoarse 0.07 tpost 0.30 trest 0.00 tprol 0.00
iters =   21  secs = 6.178567  rsq = 3.99783e-16
level 0 count 21 tpre 0.01 tcoarse 3.39 tpost 1.99 trest 1.47 tprol 1.44
level 1 count 38 tpre 0.00 tcoarse 0.08 tpost 0.30 trest 0.00 tprol 0.00
iters =   21  secs = 6.167356  rsq = 4.72887e-16
level 0 count 21 tpre 0.01 tcoarse 3.39 tpost 1.99 trest 1.47 tprol 1.44
level 1 count 37 tpre 0.00 tcoarse 0.08 tpost 0.29 trest 0.00 tprol 0.00
iters =   21  secs = 6.175929  rsq = 3.47045e-16
level 0 count 21 tpre 0.01 tcoarse 3.40 tpost 1.99 trest 1.48 tprol 1.45
level 1 count 37 tpre 0.00 tcoarse 0.08 tpost 0.30 trest 0.00 tprol 0.00
iters =   21  secs = 6.164327  rsq = 5.45241e-16
level 0 count 21 tpre 0.01 tcoarse 3.38 tpost 1.99 trest 1.47 tprol 1.45
level 1 count 36 tpre 0.00 tcoarse 0.08 tpost 0.29 trest 0.00 tprol 0.00
iters =   21  secs = 6.172712  rsq = 3.14666e-16
level 0 count 21 tpre 0.01 tcoarse 3.39 tpost 1.99 trest 1.48 tprol 1.45
level 1 count 37 tpre 0.00 tcoarse 0.07 tpost 0.29 trest 0.00 tprol 0.00
iters =   21  secs = 6.166597  rsq = 3.00323e-16
level 0 count 21 tpre 0.01 tcoarse 3.39 tpost 1.99 trest 1.47 tprol 1.45
level 1 count 36 tpre 0.00 tcoarse 0.08 tpost 0.29 trest 0.00 tprol 0.00
iters =   21  secs = 6.157852  rsq = 3.5949e-16
level 0 count 21 tpre 0.01 tcoarse 3.38 tpost 1.99 trest 1.47 tprol 1.45
level 1 count 36 tpre 0.00 tcoarse 0.07 tpost 0.29 trest 0.00 tprol 0.00
iters =   21  secs = 6.174120  rsq = 3.7119e-16
level 0 count 21 tpre 0.01 tcoarse 3.39 tpost 1.99 trest 1.47 tprol 1.45
level 1 count 37 tpre 0.00 tcoarse 0.08 tpost 0.29 trest 0.00 tprol 0.00
iters =   21  secs = 6.173791  rsq = 3.4092e-16
level 0 count 21 tpre 0.01 tcoarse 3.39 tpost 1.99 trest 1.47 tprol 1.45
level 1 count 37 tpre 0.00 tcoarse 0.07 tpost 0.30 trest 0.00 tprol 0.00
iters =   21  secs = 6.127201  rsq = 4.29262e-16
level 0 count 21 tpre 0.01 tcoarse 3.35 tpost 1.99 trest 1.47 tprol 1.41
level 1 count 36 tpre 0.00 tcoarse 0.08 tpost 0.29 trest 0.00 tprol 0.00
TIME("smear[cpu]","done") = 9.005 secs
TIME("frw_prop.1912.x8y0z0t0","done") = 84.331 secs
TIME("fwd_prop-write","done") = 9.358 secs
TIME("sm_fwd_prop-write","done") = 8.705 secs
doing sink momentum 0 0 0 0
The sink time is 10
computing (1-g4) projected prop
TIME("c3pt","bwd_source") = 0.402 secs
TIME("smear[cpu]","done") = 1.247 secs
iters =   21  secs = 6.171404  rsq = 3.63108e-16
level 0 count 21 tpre 0.01 tcoarse 3.38 tpost 2.00 trest 1.47 tprol 1.42
level 1 count 39 tpre 0.00 tcoarse 0.08 tpost 0.31 trest 0.00 tprol 0.00
iters =   21  secs = 6.170289  rsq = 3.87869e-16
level 0 count 21 tpre 0.01 tcoarse 3.37 tpost 2.01 trest 1.47 tprol 1.41
level 1 count 38 tpre 0.00 tcoarse 0.08 tpost 0.30 trest 0.00 tprol 0.00
iters =   21  secs = 6.152314  rsq = 3.8606e-16
level 0 count 21 tpre 0.01 tcoarse 3.37 tpost 1.99 trest 1.47 tprol 1.42
level 1 count 38 tpre 0.00 tcoarse 0.08 tpost 0.30 trest 0.00 tprol 0.00
iters =   21  secs = 6.168206  rsq = 3.52639e-16
level 0 count 21 tpre 0.01 tcoarse 3.39 tpost 1.99 trest 1.47 tprol 1.42
level 1 count 39 tpre 0.00 tcoarse 0.08 tpost 0.31 trest 0.00 tprol 0.00
iters =   21  secs = 6.198643  rsq = 3.81571e-16
level 0 count 21 tpre 0.01 tcoarse 3.39 tpost 2.01 trest 1.48 tprol 1.42
level 1 count 38 tpre 0.00 tcoarse 0.08 tpost 0.31 trest 0.00 tprol 0.00
iters =   21  secs = 6.144524  rsq = 4.7448e-16
level 0 count 21 tpre 0.01 tcoarse 3.36 tpost 1.99 trest 1.47 tprol 1.42
level 1 count 36 tpre 0.00 tcoarse 0.08 tpost 0.29 trest 0.00 tprol 0.00
TIME("c3pt","bwd_prop") = 39.331 secs
TIME("seq_prop-write","done") = 9.347 secs
TIME("smear[cpu]","done") = 8.996 secs
seq check: complex(6.28792e-11, 2.19025e-10)
doing sink momentum 0 0 0 0
The sink time is 10
computing (1-g4) projected prop
TIME("c3pt","bwd_source") = 0.442 secs
TIME("smear[cpu]","done") = 1.243 secs
iters =   21  secs = 6.171104  rsq = 3.63108e-16
level 0 count 21 tpre 0.01 tcoarse 3.39 tpost 1.99 trest 1.47 tprol 1.41
level 1 count 39 tpre 0.00 tcoarse 0.08 tpost 0.31 trest 0.00 tprol 0.00
iters =   21  secs = 6.127252  rsq = 6.1713e-16
level 0 count 21 tpre 0.01 tcoarse 3.35 tpost 1.99 trest 1.48 tprol 1.41
level 1 count 35 tpre 0.00 tcoarse 0.08 tpost 0.28 trest 0.00 tprol 0.00
iters =   21  secs = 6.151079  rsq = 3.8606e-16
level 0 count 21 tpre 0.01 tcoarse 3.37 tpost 1.99 trest 1.48 tprol 1.41
level 1 count 38 tpre 0.00 tcoarse 0.08 tpost 0.31 trest 0.00 tprol 0.00
iters =   21  secs = 6.144169  rsq = 5.15857e-16
level 0 count 21 tpre 0.01 tcoarse 3.36 tpost 1.99 trest 1.48 tprol 1.41
level 1 count 36 tpre 0.00 tcoarse 0.08 tpost 0.29 trest 0.00 tprol 0.00
iters =   21  secs = 6.156847  rsq = 3.8157e-16
level 0 count 21 tpre 0.01 tcoarse 3.38 tpost 1.99 trest 1.48 tprol 1.41
level 1 count 38 tpre 0.00 tcoarse 0.08 tpost 0.30 trest 0.00 tprol 0.00
iters =   21  secs = 6.147905  rsq = 4.28468e-16
level 0 count 21 tpre 0.01 tcoarse 3.37 tpost 1.99 trest 1.48 tprol 1.41
level 1 count 37 tpre 0.00 tcoarse 0.08 tpost 0.30 trest 0.00 tprol 0.00
TIME("c3pt","bwd_prop") = 39.270 secs
TIME("seq_prop-write","done") = 9.976 secs
TIME("smear[cpu]","done") = 8.984 secs
seq check: complex(1.25758e-10, 4.38049e-10)
TIME("smear[cpu]","done") = 0.083 secs
TIME("frw_prop_source.1912.x16y0z0t0","done") = 0.115 secs
iters =   21  secs = 6.128223  rsq = 3.42313e-16
level 0 count 21 tpre 0.01 tcoarse 3.35 tpost 1.99 trest 1.48 tprol 1.41
level 1 count 37 tpre 0.00 tcoarse 0.06 tpost 0.29 trest 0.00 tprol 0.00
iters =   21  secs = 6.119213  rsq = 5.40412e-16
level 0 count 21 tpre 0.01 tcoarse 3.34 tpost 1.99 trest 1.48 tprol 1.41
level 1 count 36 tpre 0.00 tcoarse 0.07 tpost 0.28 trest 0.00 tprol 0.00
iters =   21  secs = 6.125887  rsq = 4.09316e-16
level 0 count 21 tpre 0.01 tcoarse 3.35 tpost 1.99 trest 1.48 tprol 1.41
level 1 count 37 tpre 0.00 tcoarse 0.07 tpost 0.29 trest 0.00 tprol 0.00
iters =   21  secs = 6.154854  rsq = 3.67308e-16
level 0 count 21 tpre 0.01 tcoarse 3.37 tpost 1.99 trest 1.48 tprol 1.42
level 1 count 38 tpre 0.00 tcoarse 0.07 tpost 0.30 trest 0.00 tprol 0.00
iters =   21  secs = 6.123653  rsq = 3.27249e-16
level 0 count 21 tpre 0.01 tcoarse 3.34 tpost 1.99 trest 1.47 tprol 1.41
level 1 count 37 tpre 0.00 tcoarse 0.07 tpost 0.29 trest 0.00 tprol 0.00
iters =   21  secs = 6.119761  rsq = 5.10231e-16
level 0 count 21 tpre 0.01 tcoarse 3.33 tpost 2.00 trest 1.48 tprol 1.41
level 1 count 35 tpre 0.00 tcoarse 0.07 tpost 0.27 trest 0.00 tprol 0.00
iters =   21  secs = 6.148463  rsq = 2.80453e-16
level 0 count 21 tpre 0.01 tcoarse 3.36 tpost 2.00 trest 1.48 tprol 1.42
level 1 count 37 tpre 0.00 tcoarse 0.07 tpost 0.29 trest 0.00 tprol 0.00
iters =   21  secs = 6.145375  rsq = 2.94952e-16
level 0 count 21 tpre 0.01 tcoarse 3.36 tpost 1.99 trest 1.47 tprol 1.42
level 1 count 37 tpre 0.00 tcoarse 0.08 tpost 0.29 trest 0.00 tprol 0.00
iters =   21  secs = 6.154971  rsq = 3.11323e-16
level 0 count 21 tpre 0.01 tcoarse 3.37 tpost 1.99 trest 1.48 tprol 1.42
level 1 count 38 tpre 0.00 tcoarse 0.07 tpost 0.30 trest 0.00 tprol 0.00
iters =   21  secs = 6.138938  rsq = 3.74732e-16
level 0 count 21 tpre 0.01 tcoarse 3.36 tpost 1.99 trest 1.47 tprol 1.42
level 1 count 37 tpre 0.00 tcoarse 0.07 tpost 0.29 trest 0.00 tprol 0.00
iters =   21  secs = 6.168012  rsq = 3.24922e-16
level 0 count 21 tpre 0.01 tcoarse 3.37 tpost 2.00 trest 1.47 tprol 1.42
level 1 count 37 tpre 0.00 tcoarse 0.07 tpost 0.30 trest 0.00 tprol 0.00
iters =   21  secs = 6.140758  rsq = 3.56923e-16
level 0 count 21 tpre 0.01 tcoarse 3.36 tpost 1.99 trest 1.48 tprol 1.41
level 1 count 36 tpre 0.00 tcoarse 0.07 tpost 0.30 trest 0.00 tprol 0.00
TIME("smear[cpu]","done") = 8.984 secs
TIME("frw_prop.1912.x16y0z0t0","done") = 83.978 secs
TIME("fwd_prop-write","done") = 8.309 secs
TIME("sm_fwd_prop-write","done") = 7.334 secs
doing sink momentum 0 0 0 0
The sink time is 10
computing (1-g4) projected prop
TIME("c3pt","bwd_source") = 0.392 secs
TIME("smear[cpu]","done") = 1.250 secs
iters =   21  secs = 6.159154  rsq = 3.56912e-16
level 0 count 21 tpre 0.01 tcoarse 3.37 tpost 1.99 trest 1.47 tprol 1.42
level 1 count 39 tpre 0.00 tcoarse 0.07 tpost 0.30 trest 0.00 tprol 0.00
iters =   21  secs = 6.141976  rsq = 4.39221e-16
level 0 count 21 tpre 0.01 tcoarse 3.36 tpost 1.99 trest 1.47 tprol 1.41
level 1 count 39 tpre 0.00 tcoarse 0.08 tpost 0.30 trest 0.00 tprol 0.00
iters =   21  secs = 6.147704  rsq = 4.48767e-16
level 0 count 21 tpre 0.01 tcoarse 3.37 tpost 1.99 trest 1.47 tprol 1.41
level 1 count 38 tpre 0.00 tcoarse 0.08 tpost 0.30 trest 0.00 tprol 0.00
iters =   21  secs = 6.182792  rsq = 3.99777e-16
level 0 count 21 tpre 0.01 tcoarse 3.38 tpost 2.01 trest 1.47 tprol 1.41
level 1 count 39 tpre 0.00 tcoarse 0.08 tpost 0.31 trest 0.00 tprol 0.00
iters =   21  secs = 6.130739  rsq = 4.77918e-16
level 0 count 21 tpre 0.01 tcoarse 3.35 tpost 1.99 trest 1.47 tprol 1.41
level 1 count 36 tpre 0.00 tcoarse 0.08 tpost 0.29 trest 0.00 tprol 0.00
iters =   21  secs = 6.140084  rsq = 4.2459e-16
level 0 count 21 tpre 0.01 tcoarse 3.36 tpost 1.99 trest 1.47 tprol 1.41
level 1 count 38 tpre 0.00 tcoarse 0.08 tpost 0.30 trest 0.00 tprol 0.00
TIME("c3pt","bwd_prop") = 39.236 secs
TIME("seq_prop-write","done") = 8.042 secs
TIME("smear[cpu]","done") = 8.977 secs
seq check: complex(3.95025e-10, -9.07226e-11)
doing sink momentum 0 0 0 0
The sink time is 10
computing (1-g4) projected prop
TIME("c3pt","bwd_source") = 0.446 secs
TIME("smear[cpu]","done") = 1.249 secs
iters =   21  secs = 6.150685  rsq = 3.56913e-16
level 0 count 21 tpre 0.01 tcoarse 3.37 tpost 1.99 trest 1.47 tprol 1.41
level 1 count 39 tpre 0.00 tcoarse 0.07 tpost 0.31 trest 0.00 tprol 0.00
iters =   21  secs = 6.155619  rsq = 3.34114e-16
level 0 count 21 tpre 0.01 tcoarse 3.37 tpost 1.99 trest 1.47 tprol 1.41
level 1 count 39 tpre 0.00 tcoarse 0.08 tpost 0.31 trest 0.00 tprol 0.00
iters =   21  secs = 6.146886  rsq = 4.48767e-16
level 0 count 21 tpre 0.01 tcoarse 3.36 tpost 1.99 trest 1.47 tprol 1.41
level 1 count 38 tpre 0.00 tcoarse 0.08 tpost 0.30 trest 0.00 tprol 0.00
iters =   21  secs = 6.131657  rsq = 3.42447e-16
level 0 count 21 tpre 0.01 tcoarse 3.35 tpost 1.99 trest 1.47 tprol 1.40
level 1 count 38 tpre 0.00 tcoarse 0.07 tpost 0.30 trest 0.00 tprol 0.00
iters =   21  secs = 6.125683  rsq = 4.77917e-16
level 0 count 21 tpre 0.01 tcoarse 3.34 tpost 1.99 trest 1.47 tprol 1.40
level 1 count 36 tpre 0.00 tcoarse 0.08 tpost 0.29 trest 0.00 tprol 0.00
iters =   21  secs = 6.138629  rsq = 4.19341e-16
level 0 count 21 tpre 0.01 tcoarse 3.36 tpost 1.99 trest 1.47 tprol 1.41
level 1 count 37 tpre 0.00 tcoarse 0.08 tpost 0.29 trest 0.00 tprol 0.00
TIME("c3pt","bwd_prop") = 39.229 secs
TIME("seq_prop-write","done") = 7.193 secs
TIME("smear[cpu]","done") = 8.985 secs
seq check: complex(7.9005e-10, -1.81445e-10)
TIME("smear[cpu]","done") = 0.083 secs
TIME("frw_prop_source.1912.x24y0z0t0","done") = 0.115 secs
iters =   21  secs = 6.130321  rsq = 3.48226e-16
level 0 count 21 tpre 0.01 tcoarse 3.35 tpost 1.99 trest 1.47 tprol 1.41
level 1 count 37 tpre 0.00 tcoarse 0.07 tpost 0.29 trest 0.00 tprol 0.00
iters =   21  secs = 6.112846  rsq = 4.80806e-16
level 0 count 21 tpre 0.01 tcoarse 3.33 tpost 1.99 trest 1.47 tprol 1.41
level 1 count 35 tpre 0.00 tcoarse 0.07 tpost 0.28 trest 0.00 tprol 0.00
iters =   21  secs = 6.127603  rsq = 3.23833e-16
level 0 count 21 tpre 0.01 tcoarse 3.34 tpost 1.99 trest 1.48 tprol 1.41
level 1 count 36 tpre 0.00 tcoarse 0.07 tpost 0.29 trest 0.00 tprol 0.00
iters =   21  secs = 6.128841  rsq = 4.17737e-16
level 0 count 21 tpre 0.01 tcoarse 3.35 tpost 1.99 trest 1.48 tprol 1.41
level 1 count 36 tpre 0.00 tcoarse 0.07 tpost 0.29 trest 0.00 tprol 0.00
iters =   21  secs = 6.116143  rsq = 4.95056e-16
level 0 count 21 tpre 0.01 tcoarse 3.34 tpost 1.99 trest 1.48 tprol 1.41
level 1 count 35 tpre 0.00 tcoarse 0.07 tpost 0.28 trest 0.00 tprol 0.00
iters =   21  secs = 6.144437  rsq = 4.3664e-16
level 0 count 21 tpre 0.01 tcoarse 3.36 tpost 1.99 trest 1.48 tprol 1.41
level 1 count 37 tpre 0.00 tcoarse 0.07 tpost 0.30 trest 0.00 tprol 0.00
iters =   21  secs = 6.130484  rsq = 3.89465e-16
level 0 count 21 tpre 0.01 tcoarse 3.35 tpost 1.99 trest 1.48 tprol 1.41
level 1 count 36 tpre 0.00 tcoarse 0.07 tpost 0.29 trest 0.00 tprol 0.00
iters =   21  secs = 6.152796  rsq = 4.02267e-16
level 0 count 21 tpre 0.01 tcoarse 3.37 tpost 1.99 trest 1.48 tprol 1.41
level 1 count 38 tpre 0.00 tcoarse 0.08 tpost 0.30 trest 0.00 tprol 0.00
iters =   21  secs = 6.158729  rsq = 3.8631e-16
level 0 count 21 tpre 0.01 tcoarse 3.37 tpost 1.99 trest 1.48 tprol 1.42
level 1 count 37 tpre 0.00 tcoarse 0.07 tpost 0.29 trest 0.00 tprol 0.00
iters =   21  secs = 6.129291  rsq = 4.39672e-16
level 0 count 21 tpre 0.01 tcoarse 3.34 tpost 1.99 trest 1.48 tprol 1.41
level 1 count 36 tpre 0.00 tcoarse 0.07 tpost 0.29 trest 0.00 tprol 0.00
iters =   21  secs = 6.125173  rsq = 4.7071e-16
level 0 count 21 tpre 0.01 tcoarse 3.35 tpost 1.99 trest 1.48 tprol 1.41
level 1 count 36 tpre 0.00 tcoarse 0.07 tpost 0.29 trest 0.00 tprol 0.00
iters =   21  secs = 6.133566  rsq = 3.21113e-16
level 0 count 21 tpre 0.01 tcoarse 3.35 tpost 1.99 trest 1.47 tprol 1.41
level 1 count 37 tpre 0.00 tcoarse 0.08 tpost 0.29 trest 0.00 tprol 0.00
TIME("smear[cpu]","done") = 8.984 secs
TIME("frw_prop.1912.x24y0z0t0","done") = 83.910 secs
TIME("fwd_prop-write","done") = 6.602 secs
TIME("sm_fwd_prop-write","done") = 7.725 secs
doing sink momentum 0 0 0 0
The sink time is 10
computing (1-g4) projected prop
TIME("c3pt","bwd_source") = 0.399 secs
TIME("smear[cpu]","done") = 1.251 secs
iters =   21  secs = 6.164281  rsq = 5.34941e-16
level 0 count 21 tpre 0.01 tcoarse 3.38 tpost 1.99 trest 1.48 tprol 1.41
level 1 count 38 tpre 0.00 tcoarse 0.08 tpost 0.30 trest 0.00 tprol 0.00
iters =   21  secs = 6.151743  rsq = 6.13833e-16
level 0 count 21 tpre 0.01 tcoarse 3.36 tpost 2.00 trest 1.47 tprol 1.41
level 1 count 37 tpre 0.00 tcoarse 0.08 tpost 0.30 trest 0.00 tprol 0.00
iters =   21  secs = 6.146595  rsq = 5.60277e-16
level 0 count 21 tpre 0.01 tcoarse 3.36 tpost 1.99 trest 1.48 tprol 1.41
level 1 count 37 tpre 0.00 tcoarse 0.08 tpost 0.30 trest 0.00 tprol 0.00
iters =   21  secs = 6.158115  rsq = 4.10898e-16
level 0 count 21 tpre 0.01 tcoarse 3.37 tpost 1.99 trest 1.47 tprol 1.41
level 1 count 38 tpre 0.00 tcoarse 0.08 tpost 0.30 trest 0.00 tprol 0.00
iters =   21  secs = 6.153076  rsq = 5.52491e-16
level 0 count 21 tpre 0.01 tcoarse 3.36 tpost 2.00 trest 1.47 tprol 1.41
level 1 count 37 tpre 0.00 tcoarse 0.07 tpost 0.30 trest 0.00 tprol 0.00
iters =   21  secs = 6.147136  rsq = 5.09091e-16
level 0 count 21 tpre 0.01 tcoarse 3.37 tpost 1.99 trest 1.48 tprol 1.41
level 1 count 37 tpre 0.00 tcoarse 0.07 tpost 0.30 trest 0.00 tprol 0.00
TIME("c3pt","bwd_prop") = 39.252 secs
TIME("seq_prop-write","done") = 7.698 secs
TIME("smear[cpu]","done") = 8.984 secs
seq check: complex(1.84554e-10, -2.34216e-10)
doing sink momentum 0 0 0 0
The sink time is 10
computing (1-g4) projected prop
TIME("c3pt","bwd_source") = 0.442 secs
TIME("smear[cpu]","done") = 1.255 secs
iters =   21  secs = 6.162427  rsq = 5.34941e-16
level 0 count 21 tpre 0.01 tcoarse 3.38 tpost 1.99 trest 1.48 tprol 1.42
level 1 count 38 tpre 0.00 tcoarse 0.08 tpost 0.30 trest 0.00 tprol 0.00
iters =   21  secs = 6.162059  rsq = 3.56244e-16
level 0 count 21 tpre 0.01 tcoarse 3.38 tpost 1.99 trest 1.48 tprol 1.42
level 1 count 38 tpre 0.00 tcoarse 0.08 tpost 0.30 trest 0.00 tprol 0.00
iters =   21  secs = 6.145214  rsq = 5.60276e-16
level 0 count 21 tpre 0.01 tcoarse 3.36 tpost 1.99 trest 1.47 tprol 1.41
level 1 count 37 tpre 0.00 tcoarse 0.08 tpost 0.29 trest 0.00 tprol 0.00
iters =   21  secs = 6.133040  rsq = 5.47271e-16
level 0 count 21 tpre 0.01 tcoarse 3.35 tpost 1.99 trest 1.48 tprol 1.41
level 1 count 36 tpre 0.00 tcoarse 0.08 tpost 0.29 trest 0.00 tprol 0.00
iters =   21  secs = 6.136710  rsq = 5.52491e-16
level 0 count 21 tpre 0.01 tcoarse 3.36 tpost 1.99 trest 1.47 tprol 1.41
level 1 count 37 tpre 0.00 tcoarse 0.07 tpost 0.29 trest 0.00 tprol 0.00
iters =   21  secs = 6.163138  rsq = 4.49318e-16
level 0 count 21 tpre 0.01 tcoarse 3.38 tpost 1.99 trest 1.48 tprol 1.42
level 1 count 38 tpre 0.00 tcoarse 0.08 tpost 0.30 trest 0.00 tprol 0.00
TIME("c3pt","bwd_prop") = 39.286 secs
TIME("seq_prop-write","done") = 6.689 secs
TIME("smear[cpu]","done") = 8.973 secs
seq check: complex(3.69108e-10, -4.68432e-10)
TIME("smear[cpu]","done") = 0.083 secs
TIME("frw_prop_source.1912.x0y8z0t0","done") = 0.116 secs
iters =   21  secs = 6.173022  rsq = 3.00431e-16
level 0 count 21 tpre 0.01 tcoarse 3.37 tpost 2.01 trest 1.48 tprol 1.41
level 1 count 37 tpre 0.00 tcoarse 0.08 tpost 0.30 trest 0.00 tprol 0.00
iters =   21  secs = 6.155787  rsq = 3.79077e-16
level 0 count 21 tpre 0.01 tcoarse 3.37 tpost 1.99 trest 1.48 tprol 1.41
level 1 count 38 tpre 0.00 tcoarse 0.07 tpost 0.31 trest 0.00 tprol 0.00
iters =   21  secs = 6.141258  rsq = 4.51934e-16
level 0 count 21 tpre 0.01 tcoarse 3.36 tpost 1.99 trest 1.48 tprol 1.41
level 1 count 36 tpre 0.00 tcoarse 0.07 tpost 0.29 trest 0.00 tprol 0.00
iters =   21  secs = 6.148702  rsq = 6.31547e-16
level 0 count 21 tpre 0.01 tcoarse 3.37 tpost 1.99 trest 1.48 tprol 1.41
level 1 count 35 tpre 0.00 tcoarse 0.08 tpost 0.29 trest 0.00 tprol 0.00
iters =   21  secs = 6.141742  rsq = 3.78621e-16
level 0 count 21 tpre 0.01 tcoarse 3.36 tpost 1.99 trest 1.48 tprol 1.41
level 1 count 36 tpre 0.00 tcoarse 0.07 tpost 0.29 trest 0.00 tprol 0.00
iters =   21  secs = 6.150574  rsq = 3.64626e-16
level 0 count 21 tpre 0.01 tcoarse 3.36 tpost 2.00 trest 1.48 tprol 1.41
level 1 count 36 tpre 0.00 tcoarse 0.08 tpost 0.29 trest 0.00 tprol 0.00
iters =   21  secs = 6.153021  rsq = 3.68961e-16
level 0 count 21 tpre 0.01 tcoarse 3.35 tpost 2.01 trest 1.47 tprol 1.41
level 1 count 36 tpre 0.00 tcoarse 0.08 tpost 0.29 trest 0.00 tprol 0.00
iters =   21  secs = 6.129083  rsq = 4.47614e-16
level 0 count 21 tpre 0.01 tcoarse 3.35 tpost 1.99 trest 1.48 tprol 1.41
level 1 count 35 tpre 0.00 tcoarse 0.08 tpost 0.28 trest 0.00 tprol 0.00
iters =   21  secs = 6.112321  rsq = 4.49906e-16
level 0 count 21 tpre 0.01 tcoarse 3.33 tpost 1.99 trest 1.48 tprol 1.41
level 1 count 34 tpre 0.00 tcoarse 0.07 tpost 0.28 trest 0.00 tprol 0.00
iters =   21  secs = 6.142160  rsq = 3.52146e-16
level 0 count 21 tpre 0.01 tcoarse 3.36 tpost 1.99 trest 1.48 tprol 1.41
level 1 count 36 tpre 0.00 tcoarse 0.08 tpost 0.29 trest 0.00 tprol 0.00
iters =   21  secs = 6.129041  rsq = 4.14186e-16
level 0 count 21 tpre 0.01 tcoarse 3.35 tpost 1.99 trest 1.48 tprol 1.41
level 1 count 36 tpre 0.00 tcoarse 0.07 tpost 0.29 trest 0.00 tprol 0.00
iters =   21  secs = 6.135681  rsq = 4.47356e-16
level 0 count 21 tpre 0.01 tcoarse 3.35 tpost 1.99 trest 1.47 tprol 1.40
level 1 count 36 tpre 0.00 tcoarse 0.08 tpost 0.29 trest 0.00 tprol 0.00
TIME("smear[cpu]","done") = 8.968 secs
TIME("frw_prop.1912.x0y8z0t0","done") = 84.017 secs
TIME("fwd_prop-write","done") = 7.597 secs
TIME("sm_fwd_prop-write","done") = 6.881 secs
doing sink momentum 0 0 0 0
The sink time is 10
computing (1-g4) projected prop
TIME("c3pt","bwd_source") = 0.398 secs
TIME("smear[cpu]","done") = 1.249 secs
iters =   21  secs = 6.118632  rsq = 4.71194e-16
level 0 count 21 tpre 0.01 tcoarse 3.34 tpost 1.99 trest 1.47 tprol 1.41
level 1 count 36 tpre 0.00 tcoarse 0.08 tpost 0.28 trest 0.00 tprol 0.00
iters =   21  secs = 6.146884  rsq = 3.49801e-16
level 0 count 21 tpre 0.01 tcoarse 3.37 tpost 1.99 trest 1.47 tprol 1.40
level 1 count 40 tpre 0.00 tcoarse 0.08 tpost 0.31 trest 0.00 tprol 0.00
iters =   21  secs = 6.137331  rsq = 4.77109e-16
level 0 count 21 tpre 0.01 tcoarse 3.35 tpost 1.99 trest 1.47 tprol 1.40
level 1 count 38 tpre 0.00 tcoarse 0.08 tpost 0.30 trest 0.00 tprol 0.00
iters =   21  secs = 6.156635  rsq = 4.65531e-16
level 0 count 21 tpre 0.01 tcoarse 3.38 tpost 1.99 trest 1.48 tprol 1.41
level 1 count 38 tpre 0.00 tcoarse 0.08 tpost 0.31 trest 0.00 tprol 0.00
iters =   21  secs = 6.126302  rsq = 5.25352e-16
level 0 count 21 tpre 0.01 tcoarse 3.35 tpost 1.99 trest 1.47 tprol 1.41
level 1 count 37 tpre 0.00 tcoarse 0.08 tpost 0.29 trest 0.00 tprol 0.00
iters =   21  secs = 6.128258  rsq = 5.95822e-16
level 0 count 21 tpre 0.01 tcoarse 3.34 tpost 1.99 trest 1.48 tprol 1.41
level 1 count 36 tpre 0.00 tcoarse 0.08 tpost 0.28 trest 0.00 tprol 0.00
TIME("c3pt","bwd_prop") = 39.140 secs
TIME("seq_prop-write","done") = 6.647 secs
TIME("smear[cpu]","done") = 8.973 secs
seq check: complex(2.31698e-10, 8.58952e-11)
doing sink momentum 0 0 0 0
The sink time is 10
computing (1-g4) projected prop
TIME("c3pt","bwd_source") = 0.448 secs
TIME("smear[cpu]","done") = 1.256 secs
iters =   21  secs = 6.141979  rsq = 4.71194e-16
level 0 count 21 tpre 0.01 tcoarse 3.36 tpost 1.99 trest 1.48 tprol 1.41
level 1 count 36 tpre 0.00 tcoarse 0.08 tpost 0.29 trest 0.00 tprol 0.00
iters =   21  secs = 6.170074  rsq = 3.59749e-16
level 0 count 21 tpre 0.01 tcoarse 3.39 tpost 1.99 trest 1.48 tprol 1.41
level 1 count 38 tpre 0.00 tcoarse 0.08 tpost 0.31 trest 0.00 tprol 0.00
iters =   21  secs = 6.169768  rsq = 4.77109e-16
level 0 count 21 tpre 0.01 tcoarse 3.39 tpost 1.99 trest 1.48 tprol 1.42
level 1 count 38 tpre 0.00 tcoarse 0.08 tpost 0.31 trest 0.00 tprol 0.00
iters =   21  secs = 6.173469  rsq = 2.93787e-16
level 0 count 21 tpre 0.01 tcoarse 3.39 tpost 1.99 trest 1.47 tprol 1.41
level 1 count 39 tpre 0.00 tcoarse 0.08 tpost 0.32 trest 0.00 tprol 0.00
iters =   21  secs = 6.147983  rsq = 5.25352e-16
level 0 count 21 tpre 0.01 tcoarse 3.36 tpost 1.99 trest 1.47 tprol 1.41
level 1 count 37 tpre 0.00 tcoarse 0.08 tpost 0.30 trest 0.00 tprol 0.00
iters =   21  secs = 6.174853  rsq = 3.85073e-16
level 0 count 21 tpre 0.01 tcoarse 3.37 tpost 2.01 trest 1.48 tprol 1.41
level 1 count 37 tpre 0.00 tcoarse 0.08 tpost 0.30 trest 0.00 tprol 0.00
TIME("c3pt","bwd_prop") = 39.361 secs
TIME("seq_prop-write","done") = 6.601 secs
TIME("smear[cpu]","done") = 8.992 secs
seq check: complex(4.63397e-10, 1.7179e-10)
TIME("smear[cpu]","done") = 0.083 secs
TIME("frw_prop_source.1912.x0y16z0t0","done") = 0.117 secs
iters =   21  secs = 6.117030  rsq = 4.21705e-16
level 0 count 21 tpre 0.01 tcoarse 3.34 tpost 1.99 trest 1.47 tprol 1.40
level 1 count 36 tpre 0.00 tcoarse 0.07 tpost 0.29 trest 0.00 tprol 0.00
iters =   21  secs = 6.111634  rsq = 5.24741e-16
level 0 count 21 tpre 0.01 tcoarse 3.33 tpost 1.99 trest 1.47 tprol 1.41
level 1 count 35 tpre 0.00 tcoarse 0.07 tpost 0.28 trest 0.00 tprol 0.00
iters =   21  secs = 6.137278  rsq = 4.10086e-16
level 0 count 21 tpre 0.01 tcoarse 3.35 tpost 1.99 trest 1.47 tprol 1.41
level 1 count 37 tpre 0.00 tcoarse 0.08 tpost 0.29 trest 0.00 tprol 0.00
iters =   21  secs = 6.146037  rsq = 3.3326e-16
level 0 count 21 tpre 0.01 tcoarse 3.36 tpost 1.99 trest 1.48 tprol 1.41
level 1 count 37 tpre 0.00 tcoarse 0.08 tpost 0.29 trest 0.00 tprol 0.00
iters =   21  secs = 6.117637  rsq = 4.32904e-16
level 0 count 21 tpre 0.01 tcoarse 3.33 tpost 1.99 trest 1.47 tprol 1.40
level 1 count 36 tpre 0.00 tcoarse 0.07 tpost 0.29 trest 0.00 tprol 0.00
iters =   21  secs = 6.124694  rsq = 3.69879e-16
level 0 count 21 tpre 0.01 tcoarse 3.34 tpost 1.99 trest 1.47 tprol 1.41
level 1 count 36 tpre 0.00 tcoarse 0.08 tpost 0.29 trest 0.00 tprol 0.00
iters =   21  secs = 6.137386  rsq = 3.99912e-16
level 0 count 21 tpre 0.01 tcoarse 3.35 tpost 1.99 trest 1.47 tprol 1.41
level 1 count 37 tpre 0.00 tcoarse 0.08 tpost 0.29 trest 0.00 tprol 0.00
iters =   21  secs = 6.123722  rsq = 3.7572e-16
level 0 count 21 tpre 0.01 tcoarse 3.34 tpost 1.99 trest 1.47 tprol 1.41
level 1 count 36 tpre 0.00 tcoarse 0.07 tpost 0.29 trest 0.00 tprol 0.00
iters =   21  secs = 6.121638  rsq = 4.64315e-16
level 0 count 21 tpre 0.01 tcoarse 3.34 tpost 1.99 trest 1.47 tprol 1.41
level 1 count 36 tpre 0.00 tcoarse 0.07 tpost 0.29 trest 0.00 tprol 0.00
iters =   21  secs = 6.122902  rsq = 3.83435e-16
level 0 count 21 tpre 0.01 tcoarse 3.34 tpost 1.99 trest 1.47 tprol 1.41
level 1 count 37 tpre 0.00 tcoarse 0.07 tpost 0.29 trest 0.00 tprol 0.00
iters =   21  secs = 6.134041  rsq = 4.70349e-16
level 0 count 21 tpre 0.01 tcoarse 3.35 tpost 1.99 trest 1.47 tprol 1.41
level 1 count 37 tpre 0.00 tcoarse 0.07 tpost 0.29 trest 0.00 tprol 0.00
iters =   21  secs = 6.146918  rsq = 3.38273e-16
level 0 count 21 tpre 0.01 tcoarse 3.34 tpost 2.01 trest 1.47 tprol 1.40
level 1 count 37 tpre 0.00 tcoarse 0.07 tpost 0.29 trest 0.00 tprol 0.00
TIME("smear[cpu]","done") = 8.986 secs
TIME("frw_prop.1912.x0y16z0t0","done") = 83.853 secs
TIME("fwd_prop-write","done") = 6.453 secs
TIME("sm_fwd_prop-write","done") = 7.036 secs
doing sink momentum 0 0 0 0
The sink time is 10
computing (1-g4) projected prop
TIME("c3pt","bwd_source") = 0.397 secs
TIME("smear[cpu]","done") = 1.251 secs
iters =   21  secs = 6.159554  rsq = 4.0671e-16
level 0 count 21 tpre 0.01 tcoarse 3.38 tpost 1.99 trest 1.47 tprol 1.41
level 1 count 38 tpre 0.00 tcoarse 0.08 tpost 0.31 trest 0.00 tprol 0.00
iters =   21  secs = 6.154903  rsq = 3.62783e-16
level 0 count 21 tpre 0.01 tcoarse 3.37 tpost 1.99 trest 1.47 tprol 1.41
level 1 count 38 tpre 0.00 tcoarse 0.08 tpost 0.31 trest 0.00 tprol 0.00
iters =   21  secs = 6.181734  rsq = 2.78368e-16
level 0 count 21 tpre 0.01 tcoarse 3.40 tpost 1.99 trest 1.48 tprol 1.41
level 1 count 40 tpre 0.00 tcoarse 0.08 tpost 0.32 trest 0.00 tprol 0.00
iters =   21  secs = 6.179321  rsq = 4.40962e-16
level 0 count 21 tpre 0.01 tcoarse 3.39 tpost 1.99 trest 1.47 tprol 1.41
level 1 count 40 tpre 0.00 tcoarse 0.07 tpost 0.33 trest 0.00 tprol 0.00
iters =   21  secs = 6.140901  rsq = 4.61032e-16
level 0 count 21 tpre 0.01 tcoarse 3.36 tpost 1.99 trest 1.47 tprol 1.41
level 1 count 37 tpre 0.00 tcoarse 0.07 tpost 0.30 trest 0.00 tprol 0.00
iters =   21  secs = 6.169662  rsq = 3.41387e-16
level 0 count 21 tpre 0.01 tcoarse 3.39 tpost 1.99 trest 1.47 tprol 1.41
level 1 count 39 tpre 0.00 tcoarse 0.08 tpost 0.32 trest 0.00 tprol 0.00
TIME("c3pt","bwd_prop") = 39.318 secs
TIME("seq_prop-write","done") = 7.573 secs
TIME("smear[cpu]","done") = 8.981 secs
seq check: complex(2.79993e-11, 1.2216e-10)
doing sink momentum 0 0 0 0
The sink time is 10
computing (1-g4) projected prop
TIME("c3pt","bwd_source") = 0.440 secs
TIME("smear[cpu]","done") = 1.252 secs
iters =   21  secs = 6.153061  rsq = 4.0671e-16
level 0 count 21 tpre 0.01 tcoarse 3.37 tpost 1.99 trest 1.47 tprol 1.41
level 1 count 38 tpre 0.00 tcoarse 0.08 tpost 0.30 trest 0.00 tprol 0.00
iters =   21  secs = 6.144715  rsq = 3.99964e-16
level 0 count 21 tpre 0.01 tcoarse 3.36 tpost 1.99 trest 1.47 tprol 1.41
level 1 count 38 tpre 0.00 tcoarse 0.08 tpost 0.30 trest 0.00 tprol 0.00
iters =   21  secs = 6.172238  rsq = 2.78368e-16
level 0 count 21 tpre 0.01 tcoarse 3.39 tpost 1.99 trest 1.47 tprol 1.41
level 1 count 40 tpre 0.00 tcoarse 0.08 tpost 0.32 trest 0.00 tprol 0.00
iters =   21  secs = 6.144672  rsq = 3.9295e-16
level 0 count 21 tpre 0.01 tcoarse 3.36 tpost 1.99 trest 1.47 tprol 1.41
level 1 count 37 tpre 0.00 tcoarse 0.08 tpost 0.30 trest 0.00 tprol 0.00
iters =   21  secs = 6.135208  rsq = 4.61032e-16
level 0 count 21 tpre 0.01 tcoarse 3.35 tpost 1.99 trest 1.47 tprol 1.41
level 1 count 37 tpre 0.00 tcoarse 0.07 tpost 0.30 trest 0.00 tprol 0.00
iters =   21  secs = 6.188845  rsq = 3.71689e-16
level 0 count 21 tpre 0.01 tcoarse 3.38 tpost 2.02 trest 1.47 tprol 1.42
level 1 count 38 tpre 0.00 tcoarse 0.08 tpost 0.30 trest 0.00 tprol 0.00
TIME("c3pt","bwd_prop") = 39.321 secs
TIME("seq_prop-write","done") = 6.923 secs
TIME("smear[cpu]","done") = 8.983 secs
seq check: complex(5.59986e-11, 2.4432e-10)
TIME("smear[cpu]","done") = 0.083 secs
TIME("frw_prop_source.1912.x0y24z0t0","done") = 0.116 secs
iters =   21  secs = 6.146137  rsq = 3.27629e-16
level 0 count 21 tpre 0.01 tcoarse 3.36 tpost 1.99 trest 1.47 tprol 1.42
level 1 count 38 tpre 0.00 tcoarse 0.07 tpost 0.30 trest 0.00 tprol 0.00
iters =   21  secs = 6.134202  rsq = 3.81177e-16
level 0 count 21 tpre 0.01 tcoarse 3.35 tpost 1.99 trest 1.47 tprol 1.42
level 1 count 36 tpre 0.00 tcoarse 0.07 tpost 0.29 trest 0.00 tprol 0.00
iters =   21  secs = 6.139677  rsq = 4.20858e-16
level 0 count 21 tpre 0.01 tcoarse 3.36 tpost 1.99 trest 1.48 tprol 1.42
level 1 count 36 tpre 0.00 tcoarse 0.08 tpost 0.29 trest 0.00 tprol 0.00
iters =   21  secs = 6.123792  rsq = 4.74415e-16
level 0 count 21 tpre 0.01 tcoarse 3.34 tpost 1.99 trest 1.48 tprol 1.42
level 1 count 35 tpre 0.00 tcoarse 0.07 tpost 0.28 trest 0.00 tprol 0.00
iters =   21  secs = 6.125271  rsq = 3.58363e-16
level 0 count 21 tpre 0.01 tcoarse 3.34 tpost 1.99 trest 1.47 tprol 1.41
level 1 count 36 tpre 0.00 tcoarse 0.07 tpost 0.29 trest 0.00 tprol 0.00
iters =   21  secs = 6.157535  rsq = 3.00951e-16
level 0 count 21 tpre 0.01 tcoarse 3.38 tpost 1.99 trest 1.48 tprol 1.41
level 1 count 39 tpre 0.00 tcoarse 0.07 tpost 0.31 trest 0.00 tprol 0.00
iters =   21  secs = 6.144605  rsq = 3.52451e-16
level 0 count 21 tpre 0.01 tcoarse 3.36 tpost 1.99 trest 1.48 tprol 1.41
level 1 count 38 tpre 0.00 tcoarse 0.07 tpost 0.30 trest 0.00 tprol 0.00
iters =   21  secs = 6.123766  rsq = 5.84067e-16
level 0 count 21 tpre 0.01 tcoarse 3.34 tpost 1.99 trest 1.47 tprol 1.41
level 1 count 36 tpre 0.00 tcoarse 0.08 tpost 0.29 trest 0.00 tprol 0.00
iters =   21  secs = 6.132490  rsq = 4.56346e-16
level 0 count 21 tpre 0.01 tcoarse 3.35 tpost 1.99 trest 1.47 tprol 1.41
level 1 count 37 tpre 0.00 tcoarse 0.07 tpost 0.29 trest 0.00 tprol 0.00
iters =   21  secs = 6.121402  rsq = 5.3779e-16
level 0 count 21 tpre 0.01 tcoarse 3.34 tpost 1.99 trest 1.47 tprol 1.40
level 1 count 37 tpre 0.00 tcoarse 0.07 tpost 0.29 trest 0.00 tprol 0.00
iters =   21  secs = 6.138745  rsq = 4.25294e-16
level 0 count 21 tpre 0.01 tcoarse 3.36 tpost 1.99 trest 1.47 tprol 1.41
level 1 count 38 tpre 0.00 tcoarse 0.07 tpost 0.30 trest 0.00 tprol 0.00
iters =   21  secs = 6.116155  rsq = 4.15078e-16
level 0 count 21 tpre 0.01 tcoarse 3.34 tpost 1.99 trest 1.48 tprol 1.41
level 1 count 35 tpre 0.00 tcoarse 0.07 tpost 0.28 trest 0.00 tprol 0.00
TIME("smear[cpu]","done") = 8.977 secs
TIME("frw_prop.1912.x0y24z0t0","done") = 83.906 secs
TIME("fwd_prop-write","done") = 6.860 secs
TIME("sm_fwd_prop-write","done") = 6.990 secs
doing sink momentum 0 0 0 0
The sink time is 10
computing (1-g4) projected prop
TIME("c3pt","bwd_source") = 0.398 secs
TIME("smear[cpu]","done") = 1.251 secs
iters =   21  secs = 6.144967  rsq = 3.09439e-16
level 0 count 21 tpre 0.01 tcoarse 3.36 tpost 1.99 trest 1.47 tprol 1.41
level 1 count 38 tpre 0.00 tcoarse 0.07 tpost 0.31 trest 0.00 tprol 0.00
iters =   21  secs = 6.136136  rsq = 3.59432e-16
level 0 count 21 tpre 0.01 tcoarse 3.35 tpost 1.99 trest 1.47 tprol 1.41
level 1 count 36 tpre 0.00 tcoarse 0.08 tpost 0.29 trest 0.00 tprol 0.00
iters =   21  secs = 6.175813  rsq = 3.213e-16
level 0 count 21 tpre 0.01 tcoarse 3.39 tpost 1.99 trest 1.47 tprol 1.42
level 1 count 39 tpre 0.00 tcoarse 0.08 tpost 0.31 trest 0.00 tprol 0.00
iters =   21  secs = 6.175908  rsq = 2.99641e-16
level 0 count 21 tpre 0.01 tcoarse 3.39 tpost 1.99 trest 1.47 tprol 1.41
level 1 count 39 tpre 0.00 tcoarse 0.09 tpost 0.31 trest 0.00 tprol 0.00
iters =   21  secs = 6.171449  rsq = 2.51751e-16
level 0 count 21 tpre 0.01 tcoarse 3.39 tpost 1.99 trest 1.47 tprol 1.41
level 1 count 39 tpre 0.00 tcoarse 0.08 tpost 0.31 trest 0.00 tprol 0.00
iters =   21  secs = 6.149837  rsq = 4.09546e-16
level 0 count 21 tpre 0.01 tcoarse 3.37 tpost 1.99 trest 1.47 tprol 1.41
level 1 count 37 tpre 0.00 tcoarse 0.08 tpost 0.30 trest 0.00 tprol 0.00
TIME("c3pt","bwd_prop") = 39.287 secs
TIME("seq_prop-write","done") = 7.863 secs
TIME("smear[cpu]","done") = 8.984 secs
seq check: complex(2.26952e-10, -2.99528e-10)
doing sink momentum 0 0 0 0
The sink time is 10
computing (1-g4) projected prop
TIME("c3pt","bwd_source") = 0.440 secs
TIME("smear[cpu]","done") = 1.250 secs
iters =   21  secs = 6.142946  rsq = 3.09439e-16
level 0 count 21 tpre 0.01 tcoarse 3.36 tpost 1.99 trest 1.48 tprol 1.42
level 1 count 38 tpre 0.00 tcoarse 0.07 tpost 0.30 trest 0.00 tprol 0.00
iters =   21  secs = 6.122664  rsq = 5.39262e-16
level 0 count 21 tpre 0.01 tcoarse 3.34 tpost 1.99 trest 1.47 tprol 1.41
level 1 count 36 tpre 0.00 tcoarse 0.08 tpost 0.28 trest 0.00 tprol 0.00
iters =   21  secs = 6.158667  rsq = 3.213e-16
level 0 count 21 tpre 0.01 tcoarse 3.38 tpost 1.99 trest 1.48 tprol 1.42
level 1 count 39 tpre 0.00 tcoarse 0.08 tpost 0.30 trest 0.00 tprol 0.00
iters =   21  secs = 6.132314  rsq = 4.74858e-16
level 0 count 21 tpre 0.01 tcoarse 3.35 tpost 1.99 trest 1.47 tprol 1.41
level 1 count 37 tpre 0.00 tcoarse 0.08 tpost 0.29 trest 0.00 tprol 0.00
iters =   21  secs = 6.159761  rsq = 2.51751e-16
level 0 count 21 tpre 0.01 tcoarse 3.38 tpost 1.99 trest 1.48 tprol 1.41
level 1 count 39 tpre 0.00 tcoarse 0.08 tpost 0.30 trest 0.00 tprol 0.00
iters =   21  secs = 6.292619  rsq = 2.84394e-16
level 0 count 21 tpre 0.01 tcoarse 3.51 tpost 1.99 trest 1.48 tprol 1.55
level 1 count 39 tpre 0.00 tcoarse 0.07 tpost 0.30 trest 0.00 tprol 0.00
TIME("c3pt","bwd_prop") = 39.388 secs
TIME("seq_prop-write","done") = 8.170 secs
TIME("smear[cpu]","done") = 8.974 secs
seq check: complex(4.53904e-10, -5.99057e-10)
TIME("smear[cpu]","done") = 0.083 secs
TIME("frw_prop_source.1912.x0y0z8t0","done") = 0.117 secs
iters =   21  secs = 6.127132  rsq = 3.47807e-16
level 0 count 21 tpre 0.01 tcoarse 3.34 tpost 1.99 trest 1.47 tprol 1.41
level 1 count 36 tpre 0.00 tcoarse 0.07 tpost 0.29 trest 0.00 tprol 0.00
iters =   21  secs = 6.130007  rsq = 4.14013e-16
level 0 count 21 tpre 0.01 tcoarse 3.35 tpost 1.99 trest 1.47 tprol 1.41
level 1 count 36 tpre 0.00 tcoarse 0.07 tpost 0.29 trest 0.00 tprol 0.00
iters =   21  secs = 6.121924  rsq = 4.53788e-16
level 0 count 21 tpre 0.01 tcoarse 3.34 tpost 1.99 trest 1.48 tprol 1.41
level 1 count 34 tpre 0.00 tcoarse 0.07 tpost 0.28 trest 0.00 tprol 0.00
iters =   21  secs = 6.155747  rsq = 3.6799e-16
level 0 count 21 tpre 0.01 tcoarse 3.37 tpost 1.99 trest 1.47 tprol 1.41
level 1 count 38 tpre 0.00 tcoarse 0.08 tpost 0.30 trest 0.00 tprol 0.00
iters =   21  secs = 6.146159  rsq = 4.10221e-16
level 0 count 21 tpre 0.01 tcoarse 3.36 tpost 1.99 trest 1.47 tprol 1.41
level 1 count 37 tpre 0.00 tcoarse 0.07 tpost 0.30 trest 0.00 tprol 0.00
iters =   21  secs = 6.141483  rsq = 3.46263e-16
level 0 count 21 tpre 0.01 tcoarse 3.36 tpost 1.99 trest 1.47 tprol 1.41
level 1 count 37 tpre 0.00 tcoarse 0.08 tpost 0.30 trest 0.00 tprol 0.00
iters =   21  secs = 6.148307  rsq = 3.64845e-16
level 0 count 21 tpre 0.01 tcoarse 3.37 tpost 1.99 trest 1.47 tprol 1.41
level 1 count 37 tpre 0.00 tcoarse 0.07 tpost 0.30 trest 0.00 tprol 0.00
iters =   21  secs = 6.146996  rsq = 5.32011e-16
level 0 count 21 tpre 0.01 tcoarse 3.36 tpost 1.99 trest 1.47 tprol 1.41
level 1 count 37 tpre 0.00 tcoarse 0.08 tpost 0.30 trest 0.00 tprol 0.00
iters =   21  secs = 6.114630  rsq = 5.22097e-16
level 0 count 21 tpre 0.01 tcoarse 3.33 tpost 1.99 trest 1.47 tprol 1.41
level 1 count 35 tpre 0.00 tcoarse 0.07 tpost 0.28 trest 0.00 tprol 0.00
iters =   21  secs = 6.149300  rsq = 3.96657e-16
level 0 count 21 tpre 0.01 tcoarse 3.36 tpost 1.99 trest 1.48 tprol 1.41
level 1 count 37 tpre 0.00 tcoarse 0.08 tpost 0.30 trest 0.00 tprol 0.00
iters =   21  secs = 6.146225  rsq = 3.35992e-16
level 0 count 21 tpre 0.01 tcoarse 3.36 tpost 1.99 trest 1.47 tprol 1.41
level 1 count 37 tpre 0.00 tcoarse 0.08 tpost 0.30 trest 0.00 tprol 0.00
iters =   21  secs = 6.143905  rsq = 3.75718e-16
level 0 count 21 tpre 0.01 tcoarse 3.36 tpost 1.99 trest 1.47 tprol 1.41
level 1 count 37 tpre 0.00 tcoarse 0.07 tpost 0.30 trest 0.00 tprol 0.00
TIME("smear[cpu]","done") = 8.987 secs
TIME("frw_prop.1912.x0y0z8t0","done") = 83.982 secs
TIME("fwd_prop-write","done") = 8.615 secs
TIME("sm_fwd_prop-write","done") = 8.762 secs
doing sink momentum 0 0 0 0
The sink time is 10
computing (1-g4) projected prop
TIME("c3pt","bwd_source") = 0.398 secs
TIME("smear[cpu]","done") = 1.252 secs
iters =   21  secs = 6.177332  rsq = 3.38771e-16
level 0 count 21 tpre 0.01 tcoarse 3.39 tpost 1.99 trest 1.48 tprol 1.41
level 1 count 40 tpre 0.00 tcoarse 0.08 tpost 0.32 trest 0.00 tprol 0.00
iters =   21  secs = 6.149384  rsq = 5.08808e-16
level 0 count 21 tpre 0.01 tcoarse 3.37 tpost 1.99 trest 1.47 tprol 1.40
level 1 count 38 tpre 0.00 tcoarse 0.08 tpost 0.31 trest 0.00 tprol 0.00
iters =   21  secs = 6.164953  rsq = 4.40501e-16
level 0 count 21 tpre 0.01 tcoarse 3.38 tpost 1.99 trest 1.48 tprol 1.41
level 1 count 38 tpre 0.00 tcoarse 0.08 tpost 0.31 trest 0.00 tprol 0.00
iters =   21  secs = 6.161375  rsq = 4.55366e-16
level 0 count 21 tpre 0.01 tcoarse 3.38 tpost 1.99 trest 1.48 tprol 1.41
level 1 count 38 tpre 0.00 tcoarse 0.08 tpost 0.31 trest 0.00 tprol 0.00
iters =   21  secs = 6.165100  rsq = 3.66741e-16
level 0 count 21 tpre 0.01 tcoarse 3.38 tpost 1.99 trest 1.47 tprol 1.40
level 1 count 39 tpre 0.00 tcoarse 0.08 tpost 0.32 trest 0.00 tprol 0.00
iters =   21  secs = 6.137966  rsq = 4.95735e-16
level 0 count 21 tpre 0.01 tcoarse 3.35 tpost 1.99 trest 1.47 tprol 1.41
level 1 count 36 tpre 0.00 tcoarse 0.08 tpost 0.29 trest 0.00 tprol 0.00
TIME("c3pt","bwd_prop") = 39.289 secs
TIME("seq_prop-write","done") = 7.760 secs
TIME("smear[cpu]","done") = 8.984 secs
seq check: complex(2.12606e-10, 9.1639e-11)
doing sink momentum 0 0 0 0
The sink time is 10
computing (1-g4) projected prop
TIME("c3pt","bwd_source") = 0.448 secs
TIME("smear[cpu]","done") = 1.252 secs
iters =   21  secs = 6.173238  rsq = 3.38771e-16
level 0 count 21 tpre 0.01 tcoarse 3.39 tpost 1.99 trest 1.47 tprol 1.42
level 1 count 40 tpre 0.00 tcoarse 0.08 tpost 0.32 trest 0.00 tprol 0.00
iters =   21  secs = 6.164183  rsq = 2.61372e-16
level 0 count 21 tpre 0.01 tcoarse 3.38 tpost 1.99 trest 1.47 tprol 1.41
level 1 count 39 tpre 0.00 tcoarse 0.08 tpost 0.31 trest 0.00 tprol 0.00
iters =   21  secs = 6.174574  rsq = 4.40501e-16
level 0 count 21 tpre 0.01 tcoarse 3.38 tpost 2.00 trest 1.48 tprol 1.42
level 1 count 38 tpre 0.00 tcoarse 0.08 tpost 0.30 trest 0.00 tprol 0.00
iters =   21  secs = 6.159392  rsq = 3.18542e-16
level 0 count 21 tpre 0.01 tcoarse 3.38 tpost 1.99 trest 1.47 tprol 1.41
level 1 count 38 tpre 0.00 tcoarse 0.08 tpost 0.30 trest 0.00 tprol 0.00
iters =   21  secs = 6.262257  rsq = 3.66741e-16
level 0 count 21 tpre 0.01 tcoarse 3.48 tpost 1.99 trest 1.47 tprol 1.51
level 1 count 39 tpre 0.00 tcoarse 0.08 tpost 0.31 trest 0.00 tprol 0.00
iters =   21  secs = 6.159712  rsq = 3.88605e-16
level 0 count 21 tpre 0.01 tcoarse 3.38 tpost 1.99 trest 1.47 tprol 1.41
level 1 count 38 tpre 0.00 tcoarse 0.08 tpost 0.30 trest 0.00 tprol 0.00
TIME("c3pt","bwd_prop") = 39.472 secs
TIME("seq_prop-write","done") = 8.094 secs
TIME("smear[cpu]","done") = 9.001 secs
seq check: complex(4.25213e-10, 1.83278e-10)
TIME("smear[cpu]","done") = 0.083 secs
TIME("frw_prop_source.1912.x0y0z16t0","done") = 0.117 secs
iters =   21  secs = 6.157048  rsq = 3.74229e-16
level 0 count 21 tpre 0.01 tcoarse 3.37 tpost 1.99 trest 1.48 tprol 1.42
level 1 count 37 tpre 0.00 tcoarse 0.07 tpost 0.30 trest 0.00 tprol 0.00
iters =   21  secs = 6.129741  rsq = 4.16467e-16
level 0 count 21 tpre 0.01 tcoarse 3.35 tpost 1.99 trest 1.48 tprol 1.41
level 1 count 35 tpre 0.00 tcoarse 0.07 tpost 0.28 trest 0.00 tprol 0.00
iters =   21  secs = 6.162870  rsq = 2.695e-16
level 0 count 21 tpre 0.01 tcoarse 3.38 tpost 1.99 trest 1.48 tprol 1.41
level 1 count 38 tpre 0.00 tcoarse 0.08 tpost 0.31 trest 0.00 tprol 0.00
iters =   21  secs = 6.135556  rsq = 2.97452e-16
level 0 count 21 tpre 0.01 tcoarse 3.35 tpost 1.99 trest 1.48 tprol 1.41
level 1 count 36 tpre 0.00 tcoarse 0.07 tpost 0.29 trest 0.00 tprol 0.00
iters =   21  secs = 6.162121  rsq = 2.74709e-16
level 0 count 21 tpre 0.01 tcoarse 3.38 tpost 1.99 trest 1.48 tprol 1.41
level 1 count 38 tpre 0.00 tcoarse 0.08 tpost 0.31 trest 0.00 tprol 0.00
iters =   21  secs = 6.122377  rsq = 4.21787e-16
level 0 count 21 tpre 0.01 tcoarse 3.34 tpost 1.99 trest 1.48 tprol 1.41
level 1 count 35 tpre 0.00 tcoarse 0.07 tpost 0.28 trest 0.00 tprol 0.00
iters =   21  secs = 6.163341  rsq = 4.58575e-16
level 0 count 21 tpre 0.01 tcoarse 3.38 tpost 1.99 trest 1.48 tprol 1.41
level 1 count 38 tpre 0.00 tcoarse 0.07 tpost 0.31 trest 0.00 tprol 0.00
iters =   21  secs = 6.176185  rsq = 2.3862e-16
level 0 count 21 tpre 0.01 tcoarse 3.39 tpost 1.99 trest 1.48 tprol 1.42
level 1 count 39 tpre 0.00 tcoarse 0.08 tpost 0.31 trest 0.00 tprol 0.00
iters =   21  secs = 6.153195  rsq = 4.49274e-16
level 0 count 21 tpre 0.01 tcoarse 3.37 tpost 1.99 trest 1.48 tprol 1.41
level 1 count 38 tpre 0.00 tcoarse 0.07 tpost 0.30 trest 0.00 tprol 0.00
iters =   21  secs = 6.129913  rsq = 4.34262e-16
level 0 count 21 tpre 0.01 tcoarse 3.35 tpost 1.99 trest 1.48 tprol 1.41
level 1 count 36 tpre 0.00 tcoarse 0.07 tpost 0.29 trest 0.00 tprol 0.00
iters =   21  secs = 6.160517  rsq = 4.7472e-16
level 0 count 21 tpre 0.01 tcoarse 3.38 tpost 1.99 trest 1.48 tprol 1.41
level 1 count 38 tpre 0.00 tcoarse 0.07 tpost 0.31 trest 0.00 tprol 0.00
iters =   21  secs = 6.132430  rsq = 4.81582e-16
level 0 count 21 tpre 0.01 tcoarse 3.35 tpost 1.99 trest 1.48 tprol 1.41
level 1 count 36 tpre 0.00 tcoarse 0.07 tpost 0.29 trest 0.00 tprol 0.00
TIME("smear[cpu]","done") = 9.004 secs
TIME("frw_prop.1912.x0y0z16t0","done") = 84.112 secs
TIME("fwd_prop-write","done") = 6.571 secs
TIME("sm_fwd_prop-write","done") = 10.650 secs
doing sink momentum 0 0 0 0
The sink time is 10
computing (1-g4) projected prop
TIME("c3pt","bwd_source") = 0.400 secs
TIME("smear[cpu]","done") = 1.254 secs
iters =   21  secs = 6.185327  rsq = 3.48511e-16
level 0 count 21 tpre 0.01 tcoarse 3.40 tpost 1.99 trest 1.47 tprol 1.42
level 1 count 40 tpre 0.00 tcoarse 0.08 tpost 0.32 trest 0.00 tprol 0.00
iters =   21  secs = 6.175423  rsq = 3.40351e-16
level 0 count 21 tpre 0.01 tcoarse 3.39 tpost 1.99 trest 1.47 tprol 1.41
level 1 count 40 tpre 0.00 tcoarse 0.08 tpost 0.32 trest 0.00 tprol 0.00
iters =   21  secs = 6.160040  rsq = 4.82258e-16
level 0 count 21 tpre 0.01 tcoarse 3.38 tpost 1.99 trest 1.47 tprol 1.41
level 1 count 38 tpre 0.00 tcoarse 0.08 tpost 0.31 trest 0.00 tprol 0.00
iters =   21  secs = 6.186018  rsq = 3.2067e-16
level 0 count 21 tpre 0.01 tcoarse 3.40 tpost 1.99 trest 1.48 tprol 1.42
level 1 count 40 tpre 0.00 tcoarse 0.08 tpost 0.32 trest 0.00 tprol 0.00
iters =   21  secs = 6.174474  rsq = 3.22815e-16
level 0 count 21 tpre 0.01 tcoarse 3.39 tpost 1.99 trest 1.47 tprol 1.42
level 1 count 39 tpre 0.00 tcoarse 0.08 tpost 0.31 trest 0.00 tprol 0.00
iters =   21  secs = 6.186017  rsq = 3.96676e-16
level 0 count 21 tpre 0.01 tcoarse 3.39 tpost 2.00 trest 1.48 tprol 1.41
level 1 count 39 tpre 0.00 tcoarse 0.08 tpost 0.31 trest 0.00 tprol 0.00
TIME("c3pt","bwd_prop") = 39.401 secs
TIME("seq_prop-write","done") = 7.776 secs
TIME("smear[cpu]","done") = 8.984 secs
seq check: complex(2.02106e-10, -2.27903e-10)
doing sink momentum 0 0 0 0
The sink time is 10
computing (1-g4) projected prop
TIME("c3pt","bwd_source") = 0.442 secs
TIME("smear[cpu]","done") = 1.252 secs
iters =   21  secs = 6.169724  rsq = 3.48511e-16
level 0 count 21 tpre 0.01 tcoarse 3.39 tpost 1.99 trest 1.47 tprol 1.41
level 1 count 40 tpre 0.00 tcoarse 0.08 tpost 0.32 trest 0.00 tprol 0.00
iters =   21  secs = 6.150601  rsq = 3.94281e-16
level 0 count 21 tpre 0.01 tcoarse 3.37 tpost 1.99 trest 1.48 tprol 1.41
level 1 count 38 tpre 0.00 tcoarse 0.08 tpost 0.30 trest 0.00 tprol 0.00
iters =   21  secs = 6.146524  rsq = 4.82258e-16
level 0 count 21 tpre 0.01 tcoarse 3.37 tpost 1.99 trest 1.47 tprol 1.41
level 1 count 38 tpre 0.00 tcoarse 0.08 tpost 0.30 trest 0.00 tprol 0.00
iters =   21  secs = 6.118595  rsq = 5.25778e-16
level 0 count 21 tpre 0.01 tcoarse 3.34 tpost 1.99 trest 1.47 tprol 1.40
level 1 count 36 tpre 0.00 tcoarse 0.07 tpost 0.29 trest 0.00 tprol 0.00
iters =   21  secs = 6.168977  rsq = 3.22815e-16
level 0 count 21 tpre 0.01 tcoarse 3.39 tpost 1.99 trest 1.48 tprol 1.42
level 1 count 39 tpre 0.00 tcoarse 0.08 tpost 0.31 trest 0.00 tprol 0.00
iters =   21  secs = 6.146872  rsq = 4.54909e-16
level 0 count 21 tpre 0.01 tcoarse 3.37 tpost 1.99 trest 1.48 tprol 1.41
level 1 count 37 tpre 0.00 tcoarse 0.08 tpost 0.29 trest 0.00 tprol 0.00
TIME("c3pt","bwd_prop") = 39.283 secs
TIME("seq_prop-write","done") = 7.052 secs
TIME("smear[cpu]","done") = 8.993 secs
seq check: complex(4.04211e-10, -4.55806e-10)
TIME("smear[cpu]","done") = 0.083 secs
TIME("frw_prop_source.1912.x0y0z24t0","done") = 0.117 secs
iters =   21  secs = 6.126522  rsq = 4.03167e-16
level 0 count 21 tpre 0.01 tcoarse 3.34 tpost 1.99 trest 1.47 tprol 1.41
level 1 count 36 tpre 0.00 tcoarse 0.08 tpost 0.29 trest 0.00 tprol 0.00
iters =   21  secs = 6.151347  rsq = 3.49731e-16
level 0 count 21 tpre 0.01 tcoarse 3.37 tpost 1.99 trest 1.47 tprol 1.41
level 1 count 38 tpre 0.00 tcoarse 0.08 tpost 0.30 trest 0.00 tprol 0.00
iters =   21  secs = 6.139462  rsq = 3.46715e-16
level 0 count 21 tpre 0.01 tcoarse 3.36 tpost 1.99 trest 1.47 tprol 1.41
level 1 count 37 tpre 0.00 tcoarse 0.08 tpost 0.30 trest 0.00 tprol 0.00
iters =   21  secs = 6.140657  rsq = 2.98712e-16
level 0 count 21 tpre 0.01 tcoarse 3.36 tpost 1.99 trest 1.47 tprol 1.41
level 1 count 36 tpre 0.00 tcoarse 0.08 tpost 0.29 trest 0.00 tprol 0.00
iters =   21  secs = 6.118033  rsq = 5.29544e-16
level 0 count 21 tpre 0.01 tcoarse 3.33 tpost 1.99 trest 1.47 tprol 1.41
level 1 count 35 tpre 0.00 tcoarse 0.08 tpost 0.28 trest 0.00 tprol 0.00
iters =   21  secs = 6.140920  rsq = 3.42743e-16
level 0 count 21 tpre 0.01 tcoarse 3.36 tpost 1.99 trest 1.47 tprol 1.41
level 1 count 37 tpre 0.00 tcoarse 0.08 tpost 0.30 trest 0.00 tprol 0.00
iters =   21  secs = 6.138341  rsq = 4.00077e-16
level 0 count 21 tpre 0.01 tcoarse 3.36 tpost 1.99 trest 1.47 tprol 1.41
level 1 count 37 tpre 0.00 tcoarse 0.08 tpost 0.30 trest 0.00 tprol 0.00
iters =   21  secs = 6.115739  rsq = 5.72585e-16
level 0 count 21 tpre 0.01 tcoarse 3.33 tpost 1.99 trest 1.47 tprol 1.41
level 1 count 35 tpre 0.00 tcoarse 0.07 tpost 0.28 trest 0.00 tprol 0.00
iters =   21  secs = 6.159972  rsq = 3.85166e-16
level 0 count 21 tpre 0.01 tcoarse 3.38 tpost 1.99 trest 1.47 tprol 1.41
level 1 count 39 tpre 0.00 tcoarse 0.07 tpost 0.31 trest 0.00 tprol 0.00
iters =   21  secs = 6.113927  rsq = 5.72825e-16
level 0 count 21 tpre 0.01 tcoarse 3.33 tpost 1.99 trest 1.47 tprol 1.41
level 1 count 35 tpre 0.00 tcoarse 0.07 tpost 0.28 trest 0.00 tprol 0.00
iters =   21  secs = 6.137481  rsq = 4.27519e-16
level 0 count 21 tpre 0.01 tcoarse 3.36 tpost 1.99 trest 1.47 tprol 1.41
level 1 count 37 tpre 0.00 tcoarse 0.08 tpost 0.30 trest 0.00 tprol 0.00
iters =   21  secs = 6.116873  rsq = 6.11275e-16
level 0 count 21 tpre 0.01 tcoarse 3.34 tpost 1.99 trest 1.48 tprol 1.41
level 1 count 35 tpre 0.00 tcoarse 0.07 tpost 0.28 trest 0.00 tprol 0.00
TIME("smear[cpu]","done") = 9.000 secs
TIME("frw_prop.1912.x0y0z24t0","done") = 83.922 secs
TIME("fwd_prop-write","done") = 7.386 secs
TIME("sm_fwd_prop-write","done") = 7.374 secs
doing sink momentum 0 0 0 0
The sink time is 10
computing (1-g4) projected prop
TIME("c3pt","bwd_source") = 0.398 secs
TIME("smear[cpu]","done") = 1.255 secs
iters =   21  secs = 6.177019  rsq = 3.10768e-16
level 0 count 21 tpre 0.01 tcoarse 3.39 tpost 1.99 trest 1.47 tprol 1.41
level 1 count 39 tpre 0.00 tcoarse 0.08 tpost 0.32 trest 0.00 tprol 0.00
iters =   21  secs = 6.171883  rsq = 4.24213e-16
level 0 count 21 tpre 0.01 tcoarse 3.38 tpost 1.99 trest 1.48 tprol 1.41
level 1 count 37 tpre 0.00 tcoarse 0.08 tpost 0.31 trest 0.00 tprol 0.00
iters =   21  secs = 6.174527  rsq = 3.68457e-16
level 0 count 21 tpre 0.01 tcoarse 3.39 tpost 1.99 trest 1.47 tprol 1.41
level 1 count 39 tpre 0.00 tcoarse 0.08 tpost 0.32 trest 0.00 tprol 0.00
iters =   21  secs = 6.163762  rsq = 4.189e-16
level 0 count 21 tpre 0.01 tcoarse 3.38 tpost 1.99 trest 1.47 tprol 1.41
level 1 count 38 tpre 0.00 tcoarse 0.08 tpost 0.31 trest 0.00 tprol 0.00
iters =   21  secs = 6.174464  rsq = 3.61463e-16
level 0 count 21 tpre 0.01 tcoarse 3.39 tpost 1.99 trest 1.47 tprol 1.41
level 1 count 39 tpre 0.00 tcoarse 0.08 tpost 0.32 trest 0.00 tprol 0.00
iters =   21  secs = 6.178207  rsq = 4.01565e-16
level 0 count 21 tpre 0.01 tcoarse 3.38 tpost 2.00 trest 1.47 tprol 1.41
level 1 count 38 tpre 0.00 tcoarse 0.08 tpost 0.31 trest 0.00 tprol 0.00
TIME("c3pt","bwd_prop") = 39.374 secs
TIME("seq_prop-write","done") = 7.007 secs
TIME("smear[cpu]","done") = 8.982 secs
seq check: complex(5.67577e-10, -2.35505e-12)
doing sink momentum 0 0 0 0
The sink time is 10
computing (1-g4) projected prop
TIME("c3pt","bwd_source") = 0.441 secs
TIME("smear[cpu]","done") = 1.254 secs
iters =   21  secs = 6.153938  rsq = 3.10768e-16
level 0 count 21 tpre 0.01 tcoarse 3.37 tpost 1.99 trest 1.47 tprol 1.41
level 1 count 39 tpre 0.00 tcoarse 0.07 tpost 0.31 trest 0.00 tprol 0.00
iters =   21  secs = 6.145114  rsq = 3.51842e-16
level 0 count 21 tpre 0.01 tcoarse 3.36 tpost 1.99 trest 1.47 tprol 1.41
level 1 count 38 tpre 0.00 tcoarse 0.08 tpost 0.30 trest 0.00 tprol 0.00
iters =   21  secs = 6.159724  rsq = 3.68457e-16
level 0 count 21 tpre 0.01 tcoarse 3.38 tpost 1.99 trest 1.48 tprol 1.41
level 1 count 39 tpre 0.00 tcoarse 0.08 tpost 0.31 trest 0.00 tprol 0.00
iters =   21  secs = 6.163575  rsq = 4.29158e-16
level 0 count 21 tpre 0.01 tcoarse 3.38 tpost 1.99 trest 1.48 tprol 1.41
level 1 count 39 tpre 0.00 tcoarse 0.08 tpost 0.31 trest 0.00 tprol 0.00
iters =   21  secs = 6.158006  rsq = 3.61463e-16
level 0 count 21 tpre 0.01 tcoarse 3.38 tpost 1.99 trest 1.47 tprol 1.41
level 1 count 39 tpre 0.00 tcoarse 0.08 tpost 0.31 trest 0.00 tprol 0.00
iters =   21  secs = 6.156863  rsq = 4.04882e-16
level 0 count 21 tpre 0.01 tcoarse 3.38 tpost 1.99 trest 1.47 tprol 1.41
level 1 count 38 tpre 0.00 tcoarse 0.08 tpost 0.30 trest 0.00 tprol 0.00
TIME("c3pt","bwd_prop") = 39.319 secs
0x4c66ae 0x4c66ae
0x4e01dc 0x4c66ae
0x4c66ae 0x4c66ae
0x4e01dc 0x4c66ae
0x4c66ae 0x4c66ae
0x4e01dc 0x4c66ae
0x4c66ae 0x4c66ae
0x4e01dc 0x4c66ae
0x4c66ae 0x4c66ae
0x4e01dc 0x4c66ae
0x4c66ae 0x4c66ae
0x4e01dc 0x4c66ae
0x4c66ae 0x4c66ae
0x4e01dc 0x4c66ae
0x4c66ae 0x4c66ae
0x4e01dc 0x4c66ae
0x4c66ae 0x4c66ae
0x4e01dc 0x4c66ae
0x4c66ae 0x4c66ae
0x4e01dc 0x4c66ae
0x4c66ae 0x4c66ae
0x4e01dc 0x4c66ae
0x4c66ae 0x4c66ae
0x4e01dc 0x4c66ae
0x4c66ae 0x4c66ae
0x4e01dc 0x4c66ae
0x4c66ae 0x4c66ae
0x4e01dc 0x4c66ae
0x4c66ae 0x4c66ae
0x4e01dc 0x4c66ae
0x4c66ae 0x4c66ae
0x4e01dc 0x4c66ae
0x4c66ae 0x4c66ae
0x4e01dc 0x4c66ae
0x4c66ae 0x4c66ae
0x4e01dc 0x4c66ae
0x4c66ae 0x4c66ae
0x4e01dc 0x4c66ae
0x4c66ae 0x4c66ae
0x4e01dc 0x4c66ae
0x4c66ae 0x4c66ae
0x4e01dc 0x4c66ae
0x4c66ae 0x4c66ae
0x4e01dc 0x4c66ae
0x4c66ae 0x4c66ae
0x4e01dc 0x4c66ae
0x4c66ae 0x4c66ae
0x4e01dc 0x4c66ae
0x4c66ae 0x4c66ae
0x4e01dc 0x4c66ae
0x4c66ae 0x4c66ae
0x4e01dc 0x4c66ae
0x4c66ae 0x4c66ae
0x4e01dc 0x4c66ae
0x4c66ae 0x4c66ae
0x4e01dc 0x4c66ae
0x4c66ae 0x4c66ae
0x4e01dc 0x4c66ae
0x4c66ae 0x4c66ae
0x4e01dc 0x4c66ae
0x4c66ae 0x4c66ae
0x4e01dc 0x4c66ae
0x4c66ae 0x4c66ae
0x4e01dc 0x4c66ae
0x4c66ae 0x4c66ae
0x4e01dc 0x4c66ae
0x4c66ae 0x4c66ae
0x4e01dc 0x4c66ae
0x4c66ae 0x4c66ae
0x4e01dc 0x4c66ae
0x4c66ae 0x4c66ae
0x4e01dc 0x4c66ae
0x4c66ae 0x4c66ae
0x4e01dc 0x4c66ae
0x4c66ae 0x4c66ae
0x4e01dc 0x4c66ae
0x4c66ae 0x4c66ae
0x4e01dc 0x4c66ae
0x4c66ae 0x4c66ae
0x4e01dc 0x4c66ae
0x4c66ae 0x4c66ae
0x4e01dc 0x4c66ae
0x4c66ae 0x4c66ae
0x4e01dc 0x4c66ae
0x4c66ae 0x4c66ae
0x4e01dc 0x4c66ae
0x4c66ae 0x4c66ae
0x4e01dc 0x4c66ae
0x4c66ae 0x4c66ae
0x4e01dc 0x4c66ae
0x4c66ae 0x4c66ae
0x4e01dc 0x4c66ae
0x4c66ae 0x4c66ae
0x4e01dc 0x4c66ae
0x4c66ae 0x4c66ae
0x4e01dc 0x4c66ae
0x4c66ae 0x4c66ae
0x4e01dc 0x4c66ae
0x4c66ae 0x4c66ae
0x4e01dc 0x4c66ae
0x4c66ae 0x4c66ae
0x4e01dc 0x4c66ae
0x4c66ae 0x4c66ae
0x4e01dc 0x4c66ae
0x4c66ae 0x4c66ae
0x4e01dc 0x4c66ae
0x4c66ae 0x4c66ae
0x4e01dc 0x4c66ae
0x4c66ae 0x4c66ae
0x4e01dc 0x4c66ae
0x4c66ae 0x4c66ae
0x4e01dc 0x4c66ae
0x4c66ae 0x4c66ae
0x4e01dc 0x4c66ae
0x4c66ae 0x4c66ae
0x4e01dc 0x4c66ae
0x4c66ae 0x4c66ae
0x4e01dc 0x4c66ae
0x4c66ae 0x4c66ae
0x4e01dc 0x4c66ae
0x4c66ae 0x4c66ae
0x4e01dc 0x4c66ae
0x4c66ae 0x4c66ae
0x4e01dc 0x4c66ae
0x4c66ae 0x4c66ae
0x4e01dc 0x4c66ae
0x4c66ae 0x4c66ae
0x4e01dc 0x4c66ae
0x4c66ae 0x4c66ae
0x4e01dc 0x4c66ae
0x4c66ae 0x4c66ae
0x4e01dc 0x4c66ae
0x4c66ae 0x4c66ae
0x4e01dc 0x4c66ae
0x4c66ae 0x4c66ae
0x4e01dc 0x4c66ae
0x4c66ae 0x4c66ae
0x4e01dc 0x4c66ae
0x4c66ae 0x4c66ae
0x4e01dc 0x4c66ae
0x4c66ae 0x4c66ae
0x4e01dc 0x4c66ae
0x4c66ae 0x4c66ae
0x4e01dc 0x4c66ae
0x4c66ae 0x4c66ae
0x4e01dc 0x4c66ae
0x4c66ae 0x4c66ae
0x4e01dc 0x4c66ae
0x4c66ae 0x4c66ae
0x4e01dc 0x4c66ae
0x4c66ae 0x4c66ae
0x4e01dc 0x4c66ae
0x4c66ae 0x4c66ae
0x4e01dc 0x4c66ae
0x4c66ae 0x4c66ae
0x4e01dc 0x4c66ae
0x4c66ae 0x4c66ae
0x4e01dc 0x4c66ae
0x4c66ae 0x4c66ae
0x4e01dc 0x4c66ae
0x4c66ae 0x4c66ae
0x4e01dc 0x4c66ae
0x4c66ae 0x4c66ae
0x4e01dc 0x4c66ae
0x4c66ae 0x4c66ae
0x4e01dc 0x4c66ae
0x4c66ae 0x4c66ae
0x4e01dc 0x4c66ae
0x4c66ae 0x4c66ae
0x4e01dc 0x4c66ae
0x4c66ae 0x4c66ae
0x4e01dc 0x4c66ae
0x4c66ae 0x4c66ae
0x4e01dc 0x4c66ae
0x4c66ae 0x4c66ae
0x4e01dc 0x4c66ae
0x4c66ae 0x4c66ae
0x4e01dc 0x4c66ae
0x4c66ae 0x4c66ae
0x4e01dc 0x4c66ae
0x4c66ae 0x4c66ae
0x4e01dc 0x4c66ae
0x4c66ae 0x4c66ae
0x4e01dc 0x4c66ae
0x4c66ae 0x4c66ae
0x4e01dc 0x4c66ae
0x4c66ae 0x4c66ae
0x4e01dc 0x4c66ae
0x4c66ae 0x4c66ae
0x4e01dc 0x4c66ae
0x4c66ae 0x4c66ae
0x4e01dc 0x4c66ae
0x4c66ae 0x4c66ae
0x4e01dc 0x4c66ae
0x4c66ae 0x4c66ae
0x4e01dc 0x4c66ae
0x4c66ae 0x4c66ae
0x4e01dc 0x4c66ae
0x4c66ae 0x4c66ae
0x4e01dc 0x4c66ae
0x4c66ae 0x4c66ae
0x4e01dc 0x4c66ae
0x4c66ae 0x4c66ae
0x4e01dc 0x4c66ae
0x4c66ae 0x4c66ae
0x4e01dc 0x4c66ae
0x4c66ae 0x4c66ae
0x4e01dc 0x4c66ae
0x4c66ae 0x4c66ae
0x4e01dc 0x4c66ae
0x4c66ae 0x4c66ae
0x4e01dc 0x4c66ae
0x4c66ae 0x4c66ae
0x4e01dc 0x4c66ae
0x4c66ae 0x4c66ae
0x4e01dc 0x4c66ae
TIME("seq_prop-write","done") = 6.830 secs
TIME("smear[cpu]","done") = 8.988 secs
seq check: complex(1.13515e-09, -4.71009e-12)

Success.
0x4c66ae 0x4c66ae
0x4e01dc 0x4c66ae
0x4c66ae 0x4c66ae
0x4e01dc 0x4c66ae
0x4c66ae 0x4c66ae
0x4e01dc 0x4c66ae
0x4c66ae 0x4c66ae
0x4e01dc 0x4c66ae
0x4c66ae 0x4c66ae
0x4e01dc 0x4c66ae
0x4c66ae 0x4c66ae
0x4e01dc 0x4c66ae
0x4c66ae 0x4c66ae
0x4e01dc 0x4c66ae
0x4c66ae 0x4c66ae
0x4e01dc 0x4c66ae
0x4c66ae 0x4c66ae
0x4e01dc 0x4c66ae
0x4c66ae 0x4c66ae
0x4e01dc 0x4c66ae
0x4c66ae 0x4c66ae
0x4e01dc 0x4c66ae
0x4c66ae 0x4c66ae
0x4e01dc 0x4c66ae
0x4c66ae 0x4c66ae
0x4e01dc 0x4c66ae
0x4c66ae 0x4c66ae
0x4e01dc 0x4c66ae
0x4c66ae 0x4c66ae
0x4e01dc 0x4c66ae
0x4c66ae 0x4c66ae
0x4e01dc 0x4c66ae
0x4c66ae 0x4c66ae
0x4e01dc 0x4c66ae
0x4c66ae 0x4c66ae
0x4e01dc 0x4c66ae
0x4c66ae 0x4c66ae
0x4e01dc 0x4c66ae
0x4c66ae 0x4c66ae
0x4e01dc 0x4c66ae
0x4c66ae 0x4c66ae
0x4e01dc 0x4c66ae
0x4c66ae 0x4c66ae
0x4e01dc 0x4c66ae
0x4c66ae 0x4c66ae
0x4e01dc 0x4c66ae
0x4c66ae 0x4c66ae
0x4e01dc 0x4c66ae
0x4c66ae 0x4c66ae
0x4e01dc 0x4c66ae
0x4c66ae 0x4c66ae
0x4e01dc 0x4c66ae
0x4c66ae 0x4c66ae
0x4e01dc 0x4c66ae
0x4c66ae 0x4c66ae
0x4e01dc 0x4c66ae
0x4c66ae 0x4c66ae
0x4e01dc 0x4c66ae
0x4c66ae 0x4c66ae
0x4e01dc 0x4c66ae
0x4c66ae 0x4c66ae
0x4e01dc 0x4c66ae
0x4c66ae 0x4c66ae
0x4e01dc 0x4c66ae
0x4c66ae 0x4c66ae
0x4e01dc 0x4c66ae
0x4c66ae 0x4c66ae
0x4e01dc 0x4c66ae
0x4c66ae 0x4c66ae
0x4e01dc 0x4c66ae
0x4c66ae 0x4c66ae
0x4e01dc 0x4c66ae
0x4c66ae 0x4c66ae
0x4e01dc 0x4c66ae
0x4c66ae 0x4c66ae
0x4e01dc 0x4c66ae
0x4c66ae 0x4c66ae
0x4e01dc 0x4c66ae
0x4c66ae 0x4c66ae
0x4e01dc 0x4c66ae
0x4c66ae 0x4c66ae
0x4e01dc 0x4c66ae
0x4c66ae 0x4c66ae
0x4e01dc 0x4c66ae
0x4c66ae 0x4c66ae
0x4e01dc 0x4c66ae
0x4c66ae 0x4c66ae
0x4e01dc 0x4c66ae
0x4c66ae 0x4c66ae
0x4e01dc 0x4c66ae
0x4c66ae 0x4c66ae
0x4e01dc 0x4c66ae
0x4c66ae 0x4c66ae
0x4e01dc 0x4c66ae
0x4c66ae 0x4c66ae
0x4e01dc 0x4c66ae
0x4c66ae 0x4c66ae
0x4e01dc 0x4c66ae
0x4c66ae 0x4c66ae
0x4e01dc 0x4c66ae
0x4c66ae 0x4c66ae
0x4e01dc 0x4c66ae
0x4c66ae 0x4c66ae
0x4e01dc 0x4c66ae
0x4c66ae 0x4c66ae
0x4e01dc 0x4c66ae
0x4c66ae 0x4c66ae
0x4e01dc 0x4c66ae
0x4c66ae 0x4c66ae
0x4e01dc 0x4c66ae
0x4c66ae 0x4c66ae
0x4e01dc 0x4c66ae
0x4c66ae 0x4c66ae
0x4e01dc 0x4c66ae
0x4c66ae 0x4c66ae
0x4e01dc 0x4c66ae
0x4c66ae 0x4c66ae
0x4e01dc 0x4c66ae
0x4c66ae 0x4c66ae
0x4e01dc 0x4c66ae
0x4c66ae 0x4c66ae
0x4e01dc 0x4c66ae
0x4c66ae 0x4c66ae
0x4e01dc 0x4c66ae
0x4c66ae 0x4c66ae
0x4e01dc 0x4c66ae
0x4c66ae 0x4c66ae
0x4e01dc 0x4c66ae
0x4c66ae 0x4c66ae
0x4e01dc 0x4c66ae
0x4c66ae 0x4c66ae
0x4e01dc 0x4c66ae
0x4c66ae 0x4c66ae
0x4e01dc 0x4c66ae
0x4c66ae 0x4c66ae
0x4e01dc 0x4c66ae
0x4c66ae 0x4c66ae
0x4e01dc 0x4c66ae
0x4c66ae 0x4c66ae
0x4e01dc 0x4c66ae
0x4c66ae 0x4c66ae
0x4e01dc 0x4c66ae
0x4c66ae 0x4c66ae
0x4e01dc 0x4c66ae
0x4c66ae 0x4c66ae
0x4e01dc 0x4c66ae
0x4c66ae 0x4c66ae
0x4e01dc 0x4c66ae
0x4c66ae 0x4c66ae
0x4e01dc 0x4c66ae
0x4c66ae 0x4c66ae
0x4e01dc 0x4c66ae
0x4c66ae 0x4c66ae
0x4e01dc 0x4c66ae
0x4c66ae 0x4c66ae
0x4e01dc 0x4c66ae
0x4c66ae 0x4c66ae
0x4e01dc 0x4c66ae
0x4c66ae 0x4c66ae
0x4e01dc 0x4c66ae
0x4c66ae 0x4c66ae
0x4e01dc 0x4c66ae
0x4c66ae 0x4c66ae
0x4e01dc 0x4c66ae
0x4c66ae 0x4c66ae
0x4e01dc 0x4c66ae
