machine of 192 nodes
network kind: switch
L.network[1] = 4
L.network[2] = 4
L.network[3] = 4
L.network[4] = 3
DML_partition_in times: read 0.41  send 0.00  total 0.44
TIME("gauge_load","done") = 0.464 secs
TIME("gauge_stout_smear","done") = 0.395 secs
TIME("gauge_ape_smear","done") = 6.362 secs
init_level 0
init_level 1
creating MG level 0
creating lattice: 8 8 8 24
ndim = 4
numsites = 64
len = 8 8 8 24
nsquares = 2 2 4 12

creating block
local = 0
creating args
creating null vecs
0x4c66ae 0x4c66ae
0   6   278    0.00497017  0.00609873  0.0120418   0.0359046   0.315993  
1   2   143    0.00564364  0.00695033
2   2   135    0.00583746  0.00683879
3   2   126    0.00610472  0.00721644
4   2   159    0.00552826  0.00692115
5   2   139    0.00605274  0.00718563
6   2   155    0.00605864  0.00788874
7   2   110    0.00649074  0.00786658
8   2   134    0.00677789  0.00781803
9   2   100    0.00649137  0.00761531
10  2   105    0.00615927  0.00769308
11  2   132    0.0057555   0.00767967
12  2   110    0.00593061  0.00763785
13  2   136    0.00601424  0.00730343
14  2   156    0.00573104  0.00751233
15  2   134    0.00629549  0.00780984
16  2   152    0.00621662  0.00788582
17  2   151    0.00615711  0.00716838
18  2   157    0.00563034  0.00744566
19  2   147    0.00596745  0.00704878
20  2   120    0.00627332  0.00769898
21  2   115    0.00596301  0.00749986
22  2   116    0.00649867  0.00724802
23  2   143    0.00607532  0.00793581
setup its = 3353
0    1           2.47026e-05  0.00497017
1    1           3.18507e-05  0.00564364
2    1           3.40759e-05  0.00583746
3    1           3.72676e-05  0.00610472
4    1           3.05616e-05  0.00552826
5    1           3.66356e-05  0.00605274
6    1           3.67071e-05  0.00605864
7    1           4.21297e-05  0.00649074
8    1           4.59398e-05  0.00677789
9    1           4.21379e-05  0.00649137
10   1           3.79366e-05  0.00615927
11   1           3.31258e-05  0.0057555 
12   1           3.51721e-05  0.00593061
13   1           3.61711e-05  0.00601424
14   1           3.28448e-05  0.00573104
15   1           3.96332e-05  0.00629549
16   1           3.86464e-05  0.00621662
17   1           3.791e-05   0.00615711
18   1           3.17007e-05  0.00563033
19   1           3.56104e-05  0.00596744
20   1           3.93545e-05  0.00627332
21   1           3.55575e-05  0.00596301
22   1           4.22327e-05  0.00649867
23   1           3.69096e-05  0.00607533
0    1           2.47026e-05  0.00497017
1    1           2.97714e-05  0.00545632
2    1           3.18185e-05  0.00564078
3    1           3.65273e-05  0.00604378
4    1           6.78062e-05  0.00823445
5    1           9.90854e-05  0.00995417
6    1           0.000103907  0.0101935 
7    1           4.52672e-05  0.00672809
8    1           4.39084e-05  0.00662634
9    1           7.29737e-05  0.00854246
10   1           0.000106507  0.0103202 
11   1           0.000215222  0.0146704 
12   1           7.38498e-05  0.00859359
13   1           6.30125e-05  0.00793804
14   1           0.00016613  0.0128892 
15   1           0.000366176  0.0191357 
16   1           0.000244326  0.0156309 
17   1           8.00114e-05  0.00894491
18   1           0.000147966  0.0121641 
19   1           0.000354464  0.0188272 
20   1           0.000210293  0.0145015 
21   1           0.000306482  0.0175066 
22   1           0.000387955  0.0196966 
23   1           0.000266891  0.0163368 
0    24576       344.766     0.118442  
1    24576       1336.97     0.233241  
2    24576       2161.18     0.296544  
3    24576       2832.75     0.339507  
4    24576       3418.62     0.372966  
5    24576       3915.41     0.399147  
6    24576       4361.53     0.421273  
7    24576       4812.03     0.442495  
8    24576       5214.27     0.460618  
9    24576       5544.03     0.47496   
10   24576       5852.64     0.488     
11   24576       6142.91     0.499955  
12   24576       6477.24     0.51338   
13   24576       6753.7      0.524222  
14   24576       6983.67     0.533072  
15   24576       7183.68     0.540652  
16   24576       7464.83     0.55113   
17   24576       7705.16     0.559932  
18   24576       7933.64     0.568173  
19   24576       8116.54     0.574685  
20   24576       8347.22     0.582794  
21   24576       8516.99     0.588691  
22   24576       8723.83     0.595796  
23   24576       8946.82     0.603363  
get_nullvecs: 131.265 secs
vcomp 0  ( 589010 589010 )  2.87742e-07 / 2.35604e+06 = 1.22129e-13
vcomp 1  ( 591534 591534 )  2.78689e-07 / 2.36613e+06 = 1.17782e-13
vcomp 0  ( 589010 589010 )  2.98566e-07 / 2.35604e+06 = 1.26724e-13
vcomp 1  ( 591534 591534 )  2.89598e-07 / 2.36613e+06 = 1.22393e-13

creating true coarse operator
 shift  0 :  1  0  0  0
 shift  1 :  0  1  0  0
 shift  2 :  0  0  1  0
 shift  3 :  0  0  0  1
 shift  4 : -1  0  0  0
 shift  5 :  0 -1  0  0
 shift  6 :  0  0 -1  0
 shift  7 :  0  0  0 -1
 shift  8 :  0  0  0  0
16: 0 5 10 15
vcomp 0  ( 0.113977 0.113977 )  0 / 0.455908 = 0
vcomp 1  ( 0.0135383 0.0135383 )  0 / 0.0541531 = 0
vcomp 0  ( 1 1 )  2.31657e-13 / 4 = 5.79143e-14
vcomp 1  ( 0 3.49188e-15 )  3.49188e-15 / 3.49188e-15 = 1
vcomp 0  ( 1.20601 1.20601 )  1.42235e-13 / 4.82404 = 2.94847e-14
vcomp 1  ( 0.123235 0.123235 )  1.44799e-14 / 0.492941 = 2.93744e-14
vcomp 0  ( 0.0907847 0.0907847 )  1.14483e-15 / 0.363139 = 3.15261e-15
vcomp 1  ( 0.00912327 0.00912327 )  9.19208e-16 / 0.0364931 = 2.51886e-14
QOP_F_mgCloneOp: 125.806 secs
creating MG level 1
creating lattice: 4 4 4 12
ndim = 4
numsites = 4
len = 4 4 4 12
nsquares = 2 2 4 12

creating block
local = 1
creating args
creating null vecs
0x4e01dc 0x4c66ae
0   6   38     0.0234006   0.0256966   0.0359411   0.103566    0.402517  
1   4   47     0.0177725   0.018017    0.023761  
2   3   33     0.0206234   0.0212122 
3   2   24     0.0220501   0.0276988 
4   2   23     0.0236923   0.0266139 
5   2   26     0.0243717   0.0279158 
6   2   17     0.0254941   0.0291656 
7   3   32     0.0233048   0.0258004 
8   3   50     0.0206178   0.021433  
9   2   22     0.0277288   0.0307608 
10  2   23     0.0272094   0.0344385 
11  2   23     0.0250426   0.0320697 
12  2   26     0.026075    0.0288239 
13  2   22     0.0257048   0.0308292 
14  2   24     0.0256478   0.0298871 
15  2   29     0.0238557   0.0305421 
16  2   19     0.0278881   0.0318757 
17  3   34     0.0222038   0.0253354 
18  2   30     0.0237492   0.029907  
19  2   24     0.0248995   0.0318479 
20  3   43     0.0184812   0.0205619 
21  2   29     0.0238983   0.0300881 
22  2   23     0.0270197   0.0326933 
23  2   24     0.0254915   0.0293641 
setup its = 685
0    1           0.000547587  0.0234006 
1    1           0.000315863  0.0177725 
2    1           0.000425323  0.0206234 
3    1           0.000486205  0.0220501 
4    1           0.000561327  0.0236923 
5    1           0.000593978  0.0243717 
6    1           0.00064995  0.0254941 
7    1           0.000543115  0.0233048 
8    1           0.000425095  0.0206178 
9    1           0.000768889  0.0277288 
10   1           0.000740353  0.0272094 
11   1           0.000627134  0.0250426 
12   1           0.000679905  0.026075  
13   1           0.000660738  0.0257048 
14   1           0.000657807  0.0256478 
15   1           0.000569097  0.0238557 
16   1           0.000777745  0.0278881 
17   1           0.000493011  0.0222038 
18   1           0.000564026  0.0237492 
19   1           0.000619986  0.0248995 
20   1           0.000341554  0.0184812 
21   1           0.000571127  0.0238983 
22   1           0.000730066  0.0270197 
23   1           0.000649816  0.0254915 
0    1           0.000547587  0.0234006 
1    1           0.000332122  0.0182242 
2    1           0.000439775  0.0209708 
3    1           0.000461456  0.0214815 
4    1           0.000501064  0.0223845 
5    1           0.000546697  0.0233816 
6    1           0.00101357  0.0318366 
7    1           0.00107696  0.0328171 
8    1           0.000774923  0.0278374 
9    1           0.000855519  0.0292493 
10   1           0.000837842  0.0289455 
11   1           0.00158996  0.0398743 
12   1           0.00152729  0.0390805 
13   1           0.00136687  0.0369713 
14   1           0.00224949  0.0474288 
15   1           0.00241779  0.049171  
16   1           0.00233157  0.0482863 
17   1           0.00270986  0.0520563 
18   1           0.00086964  0.0294897 
19   1           0.000894478  0.0299078 
20   1           0.0023863   0.0488498 
21   1           0.00169094  0.041121  
22   1           0.00256994  0.0506946 
23   1           0.00285584  0.05344   
0    1536        32.8871     0.146325  
1    1536        119.413     0.278824  
2    1536        174.409     0.336968  
3    1536        228.649     0.385824  
4    1536        285.978     0.43149   
5    1536        329.887     0.463433  
6    1536        365.997     0.488139  
7    1536        398.573     0.5094    
8    1536        437.515     0.533705  
9    1536        472.408     0.554578  
10   1536        497.599     0.569173  
11   1536        528.481     0.586569  
12   1536        562.726     0.605275  
13   1536        583.814     0.616512  
14   1536        615.122     0.632827  
15   1536        639.571     0.645281  
16   1536        665.791     0.658375  
17   1536        696.651     0.67346   
18   1536        710.323     0.680036  
19   1536        728.603     0.688731  
20   1536        752.135     0.699765  
21   1536        763.26      0.704921  
22   1536        801.306     0.722277  
23   1536        825.7       0.733188  
get_nullvecs: 2.2895 secs
vcomp 0  ( 36817.6 36817.6 )  3.68332e-09 / 147270 = 2.50106e-14
vcomp 1  ( 37165.1 37165.1 )  3.57273e-09 / 148660 = 2.40328e-14
vcomp 0  ( 36817.6 36817.6 )  4.24578e-09 / 147270 = 2.88298e-14
vcomp 1  ( 37165.1 37165.1 )  4.13983e-09 / 148660 = 2.78475e-14

creating true coarse operator
 shift  0 :  1  0  0  0
 shift  1 :  0  1  0  0
 shift  2 :  0  0  1  0
 shift  3 :  0  0  0  1
 shift  4 : -1  0  0  0
 shift  5 :  0 -1  0  0
 shift  6 :  0  0 -1  0
 shift  7 :  0  0  0 -1
 shift  8 :  0  0  0  0
16: 0 5 10 15
vcomp 0  ( 0.433764 0.433764 )  0 / 1.73506 = 0
vcomp 1  ( 0.0309144 0.0309144 )  0 / 0.123658 = 0
vcomp 0  ( 1 1 )  3.96918e-15 / 4 = 9.92294e-16
vcomp 1  ( 0 1.66401e-15 )  1.66401e-15 / 1.66401e-15 = 1
vcomp 0  ( 1.43541 1.43541 )  6.1382e-14 / 5.74163 = 1.06907e-14
vcomp 1  ( 0.0817752 0.0817752 )  5.83233e-15 / 0.327101 = 1.78304e-14
vcomp 0  ( 0.229713 0.229713 )  5.4826e-15 / 0.918851 = 5.9668e-15
vcomp 1  ( 0.0336748 0.0336748 )  1.95746e-15 / 0.134699 = 1.45321e-14
QOP_F_mgCloneOp: 1.22981 secs
TIME("set up mg solver","done") = 261.181 secs
TIME("make_mg_solver","done") = 261.181 secs
momentum smearing with ( 0 0 0 0 )
TIME("make_mom_smear_fct","done") = 0.010 secs
TIME("smear[cpu]","done") = 0.111 secs
TIME("frw_prop_source.1812.x0y0z0t0","done") = 0.145 secs
iters =   21  secs = 6.175012  rsq = 2.22712e-16
level 0 count 21 tpre 0.01 tcoarse 3.38 tpost 1.99 trest 1.48 tprol 1.40
level 1 count 40 tpre 0.00 tcoarse 0.07 tpost 0.32 trest 0.00 tprol 0.00
iters =   21  secs = 6.156654  rsq = 1.9874e-16
level 0 count 21 tpre 0.01 tcoarse 3.37 tpost 1.99 trest 1.47 tprol 1.40
level 1 count 41 tpre 0.00 tcoarse 0.08 tpost 0.32 trest 0.00 tprol 0.00
iters =   21  secs = 6.138282  rsq = 2.64831e-16
level 0 count 21 tpre 0.01 tcoarse 3.35 tpost 1.99 trest 1.47 tprol 1.40
level 1 count 39 tpre 0.00 tcoarse 0.07 tpost 0.31 trest 0.00 tprol 0.00
iters =   21  secs = 6.159876  rsq = 2.55718e-16
level 0 count 21 tpre 0.01 tcoarse 3.38 tpost 1.99 trest 1.47 tprol 1.40
level 1 count 41 tpre 0.00 tcoarse 0.07 tpost 0.32 trest 0.00 tprol 0.00
iters =   21  secs = 6.136271  rsq = 2.4562e-16
level 0 count 21 tpre 0.01 tcoarse 3.35 tpost 1.99 trest 1.47 tprol 1.40
level 1 count 39 tpre 0.00 tcoarse 0.07 tpost 0.31 trest 0.00 tprol 0.00
iters =   21  secs = 6.140297  rsq = 2.10366e-16
level 0 count 21 tpre 0.01 tcoarse 3.36 tpost 1.99 trest 1.47 tprol 1.40
level 1 count 40 tpre 0.00 tcoarse 0.07 tpost 0.32 trest 0.00 tprol 0.00
iters =   21  secs = 6.150126  rsq = 2.19147e-16
level 0 count 21 tpre 0.01 tcoarse 3.37 tpost 1.99 trest 1.47 tprol 1.40
level 1 count 40 tpre 0.00 tcoarse 0.07 tpost 0.32 trest 0.00 tprol 0.00
iters =   21  secs = 6.151933  rsq = 2.42182e-16
level 0 count 21 tpre 0.01 tcoarse 3.37 tpost 1.99 trest 1.47 tprol 1.40
level 1 count 40 tpre 0.00 tcoarse 0.07 tpost 0.32 trest 0.00 tprol 0.00
iters =   21  secs = 6.160855  rsq = 1.96758e-16
level 0 count 21 tpre 0.01 tcoarse 3.38 tpost 1.99 trest 1.47 tprol 1.40
level 1 count 41 tpre 0.00 tcoarse 0.07 tpost 0.32 trest 0.00 tprol 0.00
iters =   20  secs = 5.872805  rsq = 9.99708e-16
level 0 count 20 tpre 0.01 tcoarse 3.22 tpost 1.89 trest 1.40 tprol 1.34
level 1 count 39 tpre 0.00 tcoarse 0.07 tpost 0.31 trest 0.00 tprol 0.00
iters =   21  secs = 6.147312  rsq = 2.2413e-16
level 0 count 21 tpre 0.01 tcoarse 3.37 tpost 1.99 trest 1.47 tprol 1.40
level 1 count 40 tpre 0.00 tcoarse 0.07 tpost 0.32 trest 0.00 tprol 0.00
iters =   21  secs = 6.145192  rsq = 2.89328e-16
level 0 count 21 tpre 0.01 tcoarse 3.36 tpost 1.99 trest 1.47 tprol 1.40
level 1 count 40 tpre 0.00 tcoarse 0.07 tpost 0.32 trest 0.00 tprol 0.00
TIME("smear[cpu]","done") = 8.985 secs
TIME("frw_prop.1812.x0y0z0t0","done") = 84.057 secs
TIME("fwd_prop-write","done") = 6.715 secs
TIME("sm_fwd_prop-write","done") = 6.866 secs
doing sink momentum 0 0 0 0
The sink time is 10
computing (1-g4) projected prop
TIME("c3pt","bwd_source") = 0.399 secs
TIME("smear[cpu]","done") = 1.252 secs
iters =   21  secs = 6.185767  rsq = 2.4932e-16
level 0 count 21 tpre 0.01 tcoarse 3.40 tpost 1.99 trest 1.46 tprol 1.41
level 1 count 42 tpre 0.00 tcoarse 0.08 tpost 0.34 trest 0.00 tprol 0.00
iters =   21  secs = 6.180294  rsq = 2.50255e-16
level 0 count 21 tpre 0.01 tcoarse 3.40 tpost 1.99 trest 1.46 tprol 1.40
level 1 count 42 tpre 0.00 tcoarse 0.08 tpost 0.34 trest 0.00 tprol 0.00
iters =   21  secs = 6.188362  rsq = 2.50259e-16
level 0 count 21 tpre 0.01 tcoarse 3.40 tpost 2.00 trest 1.47 tprol 1.40
level 1 count 41 tpre 0.00 tcoarse 0.08 tpost 0.33 trest 0.00 tprol 0.00
iters =   21  secs = 6.180800  rsq = 3.11633e-16
level 0 count 21 tpre 0.01 tcoarse 3.39 tpost 1.99 trest 1.47 tprol 1.40
level 1 count 41 tpre 0.00 tcoarse 0.08 tpost 0.33 trest 0.00 tprol 0.00
iters =   21  secs = 6.190264  rsq = 2.93516e-16
level 0 count 21 tpre 0.01 tcoarse 3.41 tpost 1.99 trest 1.47 tprol 1.41
level 1 count 42 tpre 0.00 tcoarse 0.08 tpost 0.34 trest 0.00 tprol 0.00
iters =   21  secs = 6.203749  rsq = 2.94614e-16
level 0 count 21 tpre 0.01 tcoarse 3.40 tpost 2.01 trest 1.47 tprol 1.41
level 1 count 41 tpre 0.00 tcoarse 0.08 tpost 0.33 trest 0.00 tprol 0.00
TIME("c3pt","bwd_prop") = 39.463 secs
TIME("seq_prop-write","done") = 6.945 secs
TIME("smear[cpu]","done") = 8.976 secs
seq check: complex(3.96693e-10, -8.54308e-11)
doing sink momentum 0 0 0 0
The sink time is 10
computing (1-g4) projected prop
TIME("c3pt","bwd_source") = 0.443 secs
TIME("smear[cpu]","done") = 1.246 secs
iters =   21  secs = 6.178489  rsq = 2.4932e-16
level 0 count 21 tpre 0.01 tcoarse 3.40 tpost 1.99 trest 1.47 tprol 1.41
level 1 count 42 tpre 0.00 tcoarse 0.08 tpost 0.33 trest 0.00 tprol 0.00
iters =   21  secs = 6.178090  rsq = 2.46625e-16
level 0 count 21 tpre 0.01 tcoarse 3.39 tpost 1.99 trest 1.47 tprol 1.41
level 1 count 42 tpre 0.00 tcoarse 0.08 tpost 0.33 trest 0.00 tprol 0.00
iters =   21  secs = 6.163828  rsq = 2.50259e-16
level 0 count 21 tpre 0.01 tcoarse 3.38 tpost 1.99 trest 1.47 tprol 1.40
level 1 count 41 tpre 0.00 tcoarse 0.08 tpost 0.32 trest 0.00 tprol 0.00
iters =   21  secs = 6.179194  rsq = 3.04957e-16
level 0 count 21 tpre 0.01 tcoarse 3.40 tpost 1.99 trest 1.47 tprol 1.41
level 1 count 42 tpre 0.00 tcoarse 0.08 tpost 0.33 trest 0.00 tprol 0.00
iters =   21  secs = 6.190181  rsq = 2.93516e-16
level 0 count 21 tpre 0.01 tcoarse 3.41 tpost 1.99 trest 1.48 tprol 1.42
level 1 count 42 tpre 0.00 tcoarse 0.08 tpost 0.33 trest 0.00 tprol 0.00
iters =   21  secs = 6.172822  rsq = 3.08626e-16
level 0 count 21 tpre 0.01 tcoarse 3.39 tpost 1.99 trest 1.47 tprol 1.41
level 1 count 41 tpre 0.00 tcoarse 0.08 tpost 0.33 trest 0.00 tprol 0.00
TIME("c3pt","bwd_prop") = 39.438 secs
TIME("seq_prop-write","done") = 6.213 secs
TIME("smear[cpu]","done") = 8.981 secs
seq check: complex(7.93386e-10, -1.70862e-10)
TIME("smear[cpu]","done") = 0.083 secs
TIME("frw_prop_source.1812.x8y0z0t0","done") = 0.116 secs
iters =   21  secs = 6.157259  rsq = 2.61408e-16
level 0 count 21 tpre 0.01 tcoarse 3.37 tpost 1.99 trest 1.47 tprol 1.41
level 1 count 39 tpre 0.00 tcoarse 0.07 tpost 0.32 trest 0.00 tprol 0.00
iters =   20  secs = 5.857709  rsq = 9.64562e-16
level 0 count 20 tpre 0.01 tcoarse 3.21 tpost 1.89 trest 1.40 tprol 1.34
level 1 count 38 tpre 0.00 tcoarse 0.07 tpost 0.30 trest 0.00 tprol 0.00
iters =   21  secs = 6.162518  rsq = 2.27758e-16
level 0 count 21 tpre 0.01 tcoarse 3.38 tpost 1.99 trest 1.47 tprol 1.40
level 1 count 41 tpre 0.00 tcoarse 0.08 tpost 0.32 trest 0.00 tprol 0.00
iters =   21  secs = 6.151754  rsq = 2.44463e-16
level 0 count 21 tpre 0.01 tcoarse 3.37 tpost 1.99 trest 1.47 tprol 1.40
level 1 count 40 tpre 0.00 tcoarse 0.07 tpost 0.32 trest 0.00 tprol 0.00
iters =   21  secs = 6.165267  rsq = 2.0234e-16
level 0 count 21 tpre 0.01 tcoarse 3.38 tpost 1.99 trest 1.47 tprol 1.40
level 1 count 41 tpre 0.00 tcoarse 0.08 tpost 0.32 trest 0.00 tprol 0.00
iters =   20  secs = 5.864830  rsq = 9.84589e-16
level 0 count 20 tpre 0.01 tcoarse 3.21 tpost 1.90 trest 1.40 tprol 1.34
level 1 count 38 tpre 0.00 tcoarse 0.07 tpost 0.30 trest 0.00 tprol 0.00
iters =   20  secs = 5.867022  rsq = 9.90073e-16
level 0 count 20 tpre 0.01 tcoarse 3.22 tpost 1.89 trest 1.40 tprol 1.34
level 1 count 39 tpre 0.00 tcoarse 0.07 tpost 0.31 trest 0.00 tprol 0.00
iters =   20  secs = 5.848785  rsq = 9.71693e-16
level 0 count 20 tpre 0.01 tcoarse 3.20 tpost 1.89 trest 1.40 tprol 1.33
level 1 count 38 tpre 0.00 tcoarse 0.07 tpost 0.30 trest 0.00 tprol 0.00
iters =   20  secs = 5.890928  rsq = 8.7601e-16
level 0 count 20 tpre 0.01 tcoarse 3.22 tpost 1.92 trest 1.40 tprol 1.34
level 1 count 39 tpre 0.00 tcoarse 0.07 tpost 0.31 trest 0.00 tprol 0.00
iters =   21  secs = 6.142873  rsq = 1.94038e-16
level 0 count 21 tpre 0.01 tcoarse 3.36 tpost 1.99 trest 1.47 tprol 1.40
level 1 count 39 tpre 0.00 tcoarse 0.07 tpost 0.31 trest 0.00 tprol 0.00
iters =   20  secs = 5.860971  rsq = 9.10038e-16
level 0 count 20 tpre 0.01 tcoarse 3.21 tpost 1.89 trest 1.40 tprol 1.33
level 1 count 39 tpre 0.00 tcoarse 0.07 tpost 0.31 trest 0.00 tprol 0.00
iters =   21  secs = 6.154359  rsq = 2.11845e-16
level 0 count 21 tpre 0.01 tcoarse 3.37 tpost 1.99 trest 1.47 tprol 1.40
level 1 count 40 tpre 0.00 tcoarse 0.07 tpost 0.32 trest 0.00 tprol 0.00
TIME("smear[cpu]","done") = 8.995 secs
TIME("frw_prop.1812.x8y0z0t0","done") = 82.456 secs
TIME("fwd_prop-write","done") = 7.886 secs
TIME("sm_fwd_prop-write","done") = 7.912 secs
doing sink momentum 0 0 0 0
The sink time is 10
computing (1-g4) projected prop
TIME("c3pt","bwd_source") = 0.392 secs
TIME("smear[cpu]","done") = 1.252 secs
iters =   21  secs = 6.185895  rsq = 2.95368e-16
level 0 count 21 tpre 0.01 tcoarse 3.39 tpost 2.00 trest 1.47 tprol 1.40
level 1 count 42 tpre 0.00 tcoarse 0.08 tpost 0.33 trest 0.00 tprol 0.00
iters =   21  secs = 6.174042  rsq = 3.09672e-16
level 0 count 21 tpre 0.01 tcoarse 3.39 tpost 1.99 trest 1.47 tprol 1.41
level 1 count 41 tpre 0.00 tcoarse 0.08 tpost 0.33 trest 0.00 tprol 0.00
iters =   21  secs = 6.188956  rsq = 2.89264e-16
level 0 count 21 tpre 0.01 tcoarse 3.41 tpost 1.99 trest 1.47 tprol 1.41
level 1 count 42 tpre 0.00 tcoarse 0.08 tpost 0.34 trest 0.00 tprol 0.00
iters =   21  secs = 6.191386  rsq = 2.5962e-16
level 0 count 21 tpre 0.01 tcoarse 3.40 tpost 2.00 trest 1.47 tprol 1.40
level 1 count 42 tpre 0.00 tcoarse 0.08 tpost 0.34 trest 0.00 tprol 0.00
iters =   21  secs = 6.176821  rsq = 2.60565e-16
level 0 count 21 tpre 0.01 tcoarse 3.39 tpost 1.99 trest 1.47 tprol 1.40
level 1 count 42 tpre 0.00 tcoarse 0.08 tpost 0.34 trest 0.00 tprol 0.00
iters =   21  secs = 6.192824  rsq = 2.89343e-16
level 0 count 21 tpre 0.01 tcoarse 3.41 tpost 1.99 trest 1.47 tprol 1.41
level 1 count 42 tpre 0.00 tcoarse 0.08 tpost 0.34 trest 0.00 tprol 0.00
TIME("c3pt","bwd_prop") = 39.443 secs
TIME("seq_prop-write","done") = 8.474 secs
TIME("smear[cpu]","done") = 8.981 secs
seq check: complex(7.0344e-10, -3.7851e-11)
doing sink momentum 0 0 0 0
The sink time is 10
computing (1-g4) projected prop
TIME("c3pt","bwd_source") = 0.443 secs
TIME("smear[cpu]","done") = 1.248 secs
iters =   21  secs = 6.164933  rsq = 2.95368e-16
level 0 count 21 tpre 0.01 tcoarse 3.38 tpost 1.99 trest 1.47 tprol 1.41
level 1 count 42 tpre 0.00 tcoarse 0.08 tpost 0.33 trest 0.00 tprol 0.00
iters =   21  secs = 6.207985  rsq = 2.95945e-16
level 0 count 21 tpre 0.01 tcoarse 3.42 tpost 1.99 trest 1.47 tprol 1.45
level 1 count 41 tpre 0.00 tcoarse 0.08 tpost 0.32 trest 0.00 tprol 0.00
iters =   21  secs = 6.170028  rsq = 2.89264e-16
level 0 count 21 tpre 0.01 tcoarse 3.39 tpost 1.99 trest 1.47 tprol 1.41
level 1 count 42 tpre 0.00 tcoarse 0.08 tpost 0.33 trest 0.00 tprol 0.00
iters =   21  secs = 6.148895  rsq = 2.63893e-16
level 0 count 21 tpre 0.01 tcoarse 3.37 tpost 1.99 trest 1.47 tprol 1.40
level 1 count 40 tpre 0.00 tcoarse 0.08 tpost 0.31 trest 0.00 tprol 0.00
iters =   21  secs = 6.168002  rsq = 2.60565e-16
level 0 count 21 tpre 0.01 tcoarse 3.39 tpost 1.99 trest 1.47 tprol 1.40
level 1 count 42 tpre 0.00 tcoarse 0.08 tpost 0.33 trest 0.00 tprol 0.00
iters =   21  secs = 6.159441  rsq = 2.20461e-16
level 0 count 21 tpre 0.01 tcoarse 3.38 tpost 1.99 trest 1.47 tprol 1.40
level 1 count 41 tpre 0.00 tcoarse 0.08 tpost 0.32 trest 0.00 tprol 0.00
TIME("c3pt","bwd_prop") = 39.398 secs
TIME("seq_prop-write","done") = 8.080 secs
TIME("smear[cpu]","done") = 8.981 secs
seq check: complex(1.40688e-09, -7.57021e-11)
TIME("smear[cpu]","done") = 0.083 secs
TIME("frw_prop_source.1812.x16y0z0t0","done") = 0.116 secs
iters =   21  secs = 6.147617  rsq = 2.04246e-16
level 0 count 21 tpre 0.01 tcoarse 3.37 tpost 1.99 trest 1.47 tprol 1.40
level 1 count 40 tpre 0.00 tcoarse 0.07 tpost 0.32 trest 0.00 tprol 0.00
iters =   21  secs = 6.148856  rsq = 2.45344e-16
level 0 count 21 tpre 0.01 tcoarse 3.37 tpost 1.99 trest 1.47 tprol 1.40
level 1 count 40 tpre 0.00 tcoarse 0.07 tpost 0.32 trest 0.00 tprol 0.00
iters =   21  secs = 6.152395  rsq = 2.18073e-16
level 0 count 21 tpre 0.01 tcoarse 3.37 tpost 1.99 trest 1.47 tprol 1.40
level 1 count 40 tpre 0.00 tcoarse 0.08 tpost 0.32 trest 0.00 tprol 0.00
iters =   21  secs = 6.150638  rsq = 2.35868e-16
level 0 count 21 tpre 0.01 tcoarse 3.37 tpost 1.99 trest 1.47 tprol 1.40
level 1 count 40 tpre 0.00 tcoarse 0.07 tpost 0.32 trest 0.00 tprol 0.00
iters =   20  secs = 5.858824  rsq = 9.00683e-16
level 0 count 20 tpre 0.01 tcoarse 3.21 tpost 1.89 trest 1.40 tprol 1.34
level 1 count 38 tpre 0.00 tcoarse 0.07 tpost 0.30 trest 0.00 tprol 0.00
iters =   21  secs = 6.151704  rsq = 2.20273e-16
level 0 count 21 tpre 0.01 tcoarse 3.37 tpost 1.99 trest 1.47 tprol 1.40
level 1 count 40 tpre 0.00 tcoarse 0.07 tpost 0.32 trest 0.00 tprol 0.00
iters =   21  secs = 6.164753  rsq = 2.30887e-16
level 0 count 21 tpre 0.01 tcoarse 3.38 tpost 1.99 trest 1.47 tprol 1.41
level 1 count 40 tpre 0.00 tcoarse 0.07 tpost 0.33 trest 0.00 tprol 0.00
iters =   21  secs = 6.162408  rsq = 2.02827e-16
level 0 count 21 tpre 0.01 tcoarse 3.38 tpost 1.99 trest 1.47 tprol 1.41
level 1 count 41 tpre 0.00 tcoarse 0.07 tpost 0.32 trest 0.00 tprol 0.00
iters =   21  secs = 6.165969  rsq = 2.80787e-16
level 0 count 21 tpre 0.01 tcoarse 3.39 tpost 1.99 trest 1.47 tprol 1.41
level 1 count 41 tpre 0.00 tcoarse 0.07 tpost 0.32 trest 0.00 tprol 0.00
iters =   21  secs = 6.165117  rsq = 2.4754e-16
level 0 count 21 tpre 0.01 tcoarse 3.38 tpost 1.99 trest 1.47 tprol 1.41
level 1 count 41 tpre 0.00 tcoarse 0.08 tpost 0.33 trest 0.00 tprol 0.00
iters =   21  secs = 6.150305  rsq = 2.40693e-16
level 0 count 21 tpre 0.01 tcoarse 3.37 tpost 1.99 trest 1.47 tprol 1.40
level 1 count 40 tpre 0.00 tcoarse 0.07 tpost 0.32 trest 0.00 tprol 0.00
iters =   21  secs = 6.157423  rsq = 1.84756e-16
level 0 count 21 tpre 0.01 tcoarse 3.37 tpost 1.99 trest 1.47 tprol 1.41
level 1 count 40 tpre 0.00 tcoarse 0.07 tpost 0.32 trest 0.00 tprol 0.00
TIME("smear[cpu]","done") = 8.992 secs
TIME("frw_prop.1812.x16y0z0t0","done") = 83.901 secs
TIME("fwd_prop-write","done") = 7.984 secs
TIME("sm_fwd_prop-write","done") = 6.610 secs
doing sink momentum 0 0 0 0
The sink time is 10
computing (1-g4) projected prop
TIME("c3pt","bwd_source") = 0.393 secs
TIME("smear[cpu]","done") = 1.249 secs
iters =   21  secs = 6.165254  rsq = 2.74224e-16
level 0 count 21 tpre 0.01 tcoarse 3.38 tpost 1.99 trest 1.47 tprol 1.41
level 1 count 41 tpre 0.00 tcoarse 0.08 tpost 0.32 trest 0.00 tprol 0.00
iters =   21  secs = 6.178225  rsq = 2.91275e-16
level 0 count 21 tpre 0.01 tcoarse 3.40 tpost 1.99 trest 1.47 tprol 1.41
level 1 count 42 tpre 0.00 tcoarse 0.08 tpost 0.33 trest 0.00 tprol 0.00
iters =   21  secs = 6.193813  rsq = 2.59181e-16
level 0 count 21 tpre 0.01 tcoarse 3.41 tpost 1.99 trest 1.47 tprol 1.41
level 1 count 42 tpre 0.00 tcoarse 0.08 tpost 0.34 trest 0.00 tprol 0.00
iters =   21  secs = 6.167094  rsq = 2.45206e-16
level 0 count 21 tpre 0.01 tcoarse 3.39 tpost 1.99 trest 1.47 tprol 1.41
level 1 count 41 tpre 0.00 tcoarse 0.08 tpost 0.32 trest 0.00 tprol 0.00
iters =   21  secs = 6.161979  rsq = 3.08353e-16
level 0 count 21 tpre 0.01 tcoarse 3.38 tpost 1.99 trest 1.47 tprol 1.41
level 1 count 41 tpre 0.00 tcoarse 0.08 tpost 0.32 trest 0.00 tprol 0.00
iters =   21  secs = 6.158711  rsq = 4.14585e-16
level 0 count 21 tpre 0.01 tcoarse 3.38 tpost 1.99 trest 1.47 tprol 1.41
level 1 count 41 tpre 0.00 tcoarse 0.07 tpost 0.32 trest 0.00 tprol 0.00
TIME("c3pt","bwd_prop") = 39.354 secs
TIME("seq_prop-write","done") = 6.964 secs
TIME("smear[cpu]","done") = 8.986 secs
seq check: complex(3.12735e-10, 1.91632e-11)
doing sink momentum 0 0 0 0
The sink time is 10
computing (1-g4) projected prop
TIME("c3pt","bwd_source") = 0.443 secs
TIME("smear[cpu]","done") = 1.251 secs
iters =   21  secs = 6.186412  rsq = 2.74224e-16
level 0 count 21 tpre 0.01 tcoarse 3.38 tpost 2.01 trest 1.47 tprol 1.41
level 1 count 41 tpre 0.00 tcoarse 0.08 tpost 0.32 trest 0.00 tprol 0.00
iters =   21  secs = 6.184836  rsq = 3.02228e-16
level 0 count 21 tpre 0.01 tcoarse 3.40 tpost 1.99 trest 1.47 tprol 1.42
level 1 count 41 tpre 0.00 tcoarse 0.08 tpost 0.32 trest 0.00 tprol 0.00
iters =   21  secs = 6.175994  rsq = 2.59181e-16
level 0 count 21 tpre 0.01 tcoarse 3.40 tpost 1.99 trest 1.47 tprol 1.41
level 1 count 42 tpre 0.00 tcoarse 0.08 tpost 0.33 trest 0.00 tprol 0.00
iters =   21  secs = 6.162874  rsq = 3.09487e-16
level 0 count 21 tpre 0.01 tcoarse 3.38 tpost 1.99 trest 1.47 tprol 1.41
level 1 count 41 tpre 0.00 tcoarse 0.08 tpost 0.32 trest 0.00 tprol 0.00
iters =   21  secs = 6.170083  rsq = 3.08353e-16
level 0 count 21 tpre 0.01 tcoarse 3.39 tpost 1.99 trest 1.47 tprol 1.41
level 1 count 41 tpre 0.00 tcoarse 0.08 tpost 0.32 trest 0.00 tprol 0.00
iters =   21  secs = 6.166172  rsq = 2.96816e-16
level 0 count 21 tpre 0.01 tcoarse 3.38 tpost 1.99 trest 1.47 tprol 1.41
level 1 count 41 tpre 0.00 tcoarse 0.08 tpost 0.32 trest 0.00 tprol 0.00
TIME("c3pt","bwd_prop") = 39.426 secs
TIME("seq_prop-write","done") = 7.805 secs
TIME("smear[cpu]","done") = 8.974 secs
seq check: complex(6.2547e-10, 3.83264e-11)
TIME("smear[cpu]","done") = 0.083 secs
TIME("frw_prop_source.1812.x24y0z0t0","done") = 0.116 secs
iters =   21  secs = 6.163918  rsq = 2.28017e-16
level 0 count 21 tpre 0.01 tcoarse 3.38 tpost 1.99 trest 1.47 tprol 1.40
level 1 count 41 tpre 0.00 tcoarse 0.07 tpost 0.32 trest 0.00 tprol 0.00
iters =   21  secs = 6.158208  rsq = 2.69741e-16
level 0 count 21 tpre 0.01 tcoarse 3.37 tpost 1.99 trest 1.47 tprol 1.41
level 1 count 40 tpre 0.00 tcoarse 0.07 tpost 0.32 trest 0.00 tprol 0.00
iters =   21  secs = 6.151918  rsq = 2.86953e-16
level 0 count 21 tpre 0.01 tcoarse 3.37 tpost 1.99 trest 1.47 tprol 1.40
level 1 count 40 tpre 0.00 tcoarse 0.07 tpost 0.32 trest 0.00 tprol 0.00
iters =   21  secs = 6.157057  rsq = 2.41603e-16
level 0 count 21 tpre 0.01 tcoarse 3.38 tpost 1.99 trest 1.47 tprol 1.41
level 1 count 40 tpre 0.00 tcoarse 0.07 tpost 0.32 trest 0.00 tprol 0.00
iters =   21  secs = 6.168759  rsq = 2.71967e-16
level 0 count 21 tpre 0.01 tcoarse 3.38 tpost 1.99 trest 1.47 tprol 1.41
level 1 count 40 tpre 0.00 tcoarse 0.07 tpost 0.32 trest 0.00 tprol 0.00
iters =   21  secs = 6.156931  rsq = 2.52945e-16
level 0 count 21 tpre 0.01 tcoarse 3.37 tpost 1.99 trest 1.47 tprol 1.41
level 1 count 40 tpre 0.00 tcoarse 0.07 tpost 0.32 trest 0.00 tprol 0.00
iters =   21  secs = 6.165349  rsq = 2.13294e-16
level 0 count 21 tpre 0.01 tcoarse 3.38 tpost 1.99 trest 1.47 tprol 1.40
level 1 count 41 tpre 0.00 tcoarse 0.08 tpost 0.32 trest 0.00 tprol 0.00
iters =   21  secs = 6.151446  rsq = 1.98646e-16
level 0 count 21 tpre 0.01 tcoarse 3.37 tpost 1.99 trest 1.47 tprol 1.41
level 1 count 39 tpre 0.00 tcoarse 0.07 tpost 0.31 trest 0.00 tprol 0.00
iters =   21  secs = 6.136020  rsq = 2.74585e-16
level 0 count 21 tpre 0.01 tcoarse 3.35 tpost 1.99 trest 1.47 tprol 1.40
level 1 count 38 tpre 0.00 tcoarse 0.07 tpost 0.30 trest 0.00 tprol 0.00
iters =   21  secs = 6.157974  rsq = 1.95064e-16
level 0 count 21 tpre 0.01 tcoarse 3.38 tpost 1.99 trest 1.47 tprol 1.40
level 1 count 40 tpre 0.00 tcoarse 0.08 tpost 0.32 trest 0.00 tprol 0.00
iters =   20  secs = 5.864312  rsq = 9.51367e-16
level 0 count 20 tpre 0.01 tcoarse 3.21 tpost 1.89 trest 1.40 tprol 1.34
level 1 count 38 tpre 0.00 tcoarse 0.07 tpost 0.30 trest 0.00 tprol 0.00
iters =   20  secs = 5.869116  rsq = 9.7833e-16
level 0 count 20 tpre 0.01 tcoarse 3.21 tpost 1.91 trest 1.40 tprol 1.34
level 1 count 37 tpre 0.00 tcoarse 0.07 tpost 0.29 trest 0.00 tprol 0.00
TIME("smear[cpu]","done") = 8.983 secs
TIME("frw_prop.1812.x24y0z0t0","done") = 83.640 secs
TIME("fwd_prop-write","done") = 6.837 secs
TIME("sm_fwd_prop-write","done") = 7.057 secs
doing sink momentum 0 0 0 0
The sink time is 10
computing (1-g4) projected prop
TIME("c3pt","bwd_source") = 0.390 secs
TIME("smear[cpu]","done") = 1.252 secs
iters =   21  secs = 6.177380  rsq = 2.53507e-16
level 0 count 21 tpre 0.01 tcoarse 3.39 tpost 1.99 trest 1.47 tprol 1.40
level 1 count 42 tpre 0.00 tcoarse 0.08 tpost 0.33 trest 0.00 tprol 0.00
iters =   21  secs = 6.167045  rsq = 2.73414e-16
level 0 count 21 tpre 0.01 tcoarse 3.38 tpost 1.99 trest 1.47 tprol 1.40
level 1 count 42 tpre 0.00 tcoarse 0.08 tpost 0.33 trest 0.00 tprol 0.00
iters =   21  secs = 6.230782  rsq = 2.9614e-16
level 0 count 21 tpre 0.01 tcoarse 3.42 tpost 2.02 trest 1.47 tprol 1.42
level 1 count 41 tpre 0.00 tcoarse 0.08 tpost 0.34 trest 0.00 tprol 0.00
iters =   21  secs = 6.180915  rsq = 3.7179e-16
level 0 count 21 tpre 0.01 tcoarse 3.40 tpost 1.99 trest 1.47 tprol 1.41
level 1 count 42 tpre 0.00 tcoarse 0.08 tpost 0.33 trest 0.00 tprol 0.00
iters =   21  secs = 6.169407  rsq = 2.55728e-16
level 0 count 21 tpre 0.01 tcoarse 3.39 tpost 1.99 trest 1.47 tprol 1.40
level 1 count 42 tpre 0.00 tcoarse 0.08 tpost 0.33 trest 0.00 tprol 0.00
iters =   21  secs = 6.190352  rsq = 2.7684e-16
level 0 count 21 tpre 0.01 tcoarse 3.38 tpost 2.01 trest 1.47 tprol 1.41
level 1 count 40 tpre 0.00 tcoarse 0.08 tpost 0.32 trest 0.00 tprol 0.00
TIME("c3pt","bwd_prop") = 39.450 secs
TIME("seq_prop-write","done") = 6.254 secs
TIME("smear[cpu]","done") = 8.999 secs
seq check: complex(-5.80563e-13, -5.72162e-11)
doing sink momentum 0 0 0 0
The sink time is 10
computing (1-g4) projected prop
TIME("c3pt","bwd_source") = 0.443 secs
TIME("smear[cpu]","done") = 1.252 secs
iters =   21  secs = 6.195900  rsq = 2.53507e-16
level 0 count 21 tpre 0.01 tcoarse 3.41 tpost 1.99 trest 1.47 tprol 1.41
level 1 count 42 tpre 0.00 tcoarse 0.08 tpost 0.34 trest 0.00 tprol 0.00
iters =   21  secs = 6.200607  rsq = 2.6269e-16
level 0 count 21 tpre 0.01 tcoarse 3.42 tpost 1.99 trest 1.48 tprol 1.41
level 1 count 42 tpre 0.00 tcoarse 0.08 tpost 0.34 trest 0.00 tprol 0.00
iters =   21  secs = 6.181740  rsq = 2.9614e-16
level 0 count 21 tpre 0.01 tcoarse 3.40 tpost 1.99 trest 1.47 tprol 1.40
level 1 count 41 tpre 0.00 tcoarse 0.08 tpost 0.33 trest 0.00 tprol 0.00
iters =   21  secs = 6.188513  rsq = 2.50033e-16
level 0 count 21 tpre 0.01 tcoarse 3.40 tpost 1.99 trest 1.47 tprol 1.41
level 1 count 41 tpre 0.00 tcoarse 0.08 tpost 0.33 trest 0.00 tprol 0.00
iters =   21  secs = 6.202918  rsq = 2.55728e-16
level 0 count 21 tpre 0.01 tcoarse 3.41 tpost 1.99 trest 1.47 tprol 1.41
level 1 count 42 tpre 0.00 tcoarse 0.08 tpost 0.34 trest 0.00 tprol 0.00
iters =   21  secs = 6.218857  rsq = 2.59318e-16
level 0 count 21 tpre 0.01 tcoarse 3.41 tpost 2.01 trest 1.48 tprol 1.41
level 1 count 41 tpre 0.00 tcoarse 0.09 tpost 0.33 trest 0.00 tprol 0.00
TIME("c3pt","bwd_prop") = 39.575 secs
TIME("seq_prop-write","done") = 6.622 secs
TIME("smear[cpu]","done") = 8.996 secs
seq check: complex(-1.16113e-12, -1.14432e-10)
TIME("smear[cpu]","done") = 0.083 secs
TIME("frw_prop_source.1812.x0y8z0t0","done") = 0.116 secs
iters =   21  secs = 6.165645  rsq = 2.62942e-16
level 0 count 21 tpre 0.01 tcoarse 3.38 tpost 1.99 trest 1.47 tprol 1.41
level 1 count 40 tpre 0.00 tcoarse 0.07 tpost 0.32 trest 0.00 tprol 0.00
iters =   21  secs = 6.196225  rsq = 2.54656e-16
level 0 count 21 tpre 0.01 tcoarse 3.39 tpost 2.01 trest 1.47 tprol 1.41
level 1 count 39 tpre 0.00 tcoarse 0.07 tpost 0.33 trest 0.00 tprol 0.00
iters =   21  secs = 6.186022  rsq = 2.59648e-16
level 0 count 21 tpre 0.01 tcoarse 3.40 tpost 1.99 trest 1.47 tprol 1.41
level 1 count 41 tpre 0.00 tcoarse 0.07 tpost 0.33 trest 0.00 tprol 0.00
iters =   21  secs = 6.168076  rsq = 2.71995e-16
level 0 count 21 tpre 0.01 tcoarse 3.38 tpost 1.99 trest 1.47 tprol 1.41
level 1 count 40 tpre 0.00 tcoarse 0.07 tpost 0.32 trest 0.00 tprol 0.00
iters =   21  secs = 6.165874  rsq = 2.92912e-16
level 0 count 21 tpre 0.01 tcoarse 3.38 tpost 1.99 trest 1.47 tprol 1.41
level 1 count 40 tpre 0.00 tcoarse 0.07 tpost 0.32 trest 0.00 tprol 0.00
iters =   21  secs = 6.173885  rsq = 2.35161e-16
level 0 count 21 tpre 0.01 tcoarse 3.39 tpost 1.99 trest 1.47 tprol 1.41
level 1 count 40 tpre 0.00 tcoarse 0.08 tpost 0.32 trest 0.00 tprol 0.00
iters =   21  secs = 6.171861  rsq = 1.86949e-16
level 0 count 21 tpre 0.01 tcoarse 3.39 tpost 1.99 trest 1.47 tprol 1.41
level 1 count 40 tpre 0.00 tcoarse 0.08 tpost 0.32 trest 0.00 tprol 0.00
iters =   20  secs = 5.880222  rsq = 8.17859e-16
level 0 count 20 tpre 0.01 tcoarse 3.23 tpost 1.89 trest 1.41 tprol 1.33
level 1 count 39 tpre 0.00 tcoarse 0.07 tpost 0.32 trest 0.00 tprol 0.00
iters =   21  secs = 6.166435  rsq = 2.40938e-16
level 0 count 21 tpre 0.01 tcoarse 3.38 tpost 1.99 trest 1.47 tprol 1.40
level 1 count 40 tpre 0.00 tcoarse 0.08 tpost 0.32 trest 0.00 tprol 0.00
iters =   21  secs = 6.175760  rsq = 2.22605e-16
level 0 count 21 tpre 0.01 tcoarse 3.39 tpost 1.99 trest 1.47 tprol 1.40
level 1 count 41 tpre 0.00 tcoarse 0.08 tpost 0.33 trest 0.00 tprol 0.00
iters =   21  secs = 6.181456  rsq = 1.98541e-16
level 0 count 21 tpre 0.01 tcoarse 3.39 tpost 1.99 trest 1.47 tprol 1.40
level 1 count 41 tpre 0.00 tcoarse 0.08 tpost 0.33 trest 0.00 tprol 0.00
iters =   21  secs = 6.177173  rsq = 2.01673e-16
level 0 count 21 tpre 0.01 tcoarse 3.39 tpost 1.99 trest 1.48 tprol 1.40
level 1 count 41 tpre 0.00 tcoarse 0.08 tpost 0.33 trest 0.00 tprol 0.00
TIME("smear[cpu]","done") = 8.992 secs
TIME("frw_prop.1812.x0y8z0t0","done") = 84.138 secs
TIME("fwd_prop-write","done") = 7.523 secs
TIME("sm_fwd_prop-write","done") = 6.598 secs
doing sink momentum 0 0 0 0
The sink time is 10
computing (1-g4) projected prop
TIME("c3pt","bwd_source") = 0.397 secs
TIME("smear[cpu]","done") = 1.247 secs
iters =   21  secs = 6.165673  rsq = 2.59301e-16
level 0 count 21 tpre 0.01 tcoarse 3.38 tpost 1.99 trest 1.47 tprol 1.40
level 1 count 41 tpre 0.00 tcoarse 0.08 tpost 0.32 trest 0.00 tprol 0.00
iters =   21  secs = 6.172609  rsq = 2.78303e-16
level 0 count 21 tpre 0.01 tcoarse 3.39 tpost 1.99 trest 1.47 tprol 1.40
level 1 count 42 tpre 0.00 tcoarse 0.08 tpost 0.33 trest 0.00 tprol 0.00
iters =   21  secs = 6.186094  rsq = 2.61154e-16
level 0 count 21 tpre 0.01 tcoarse 3.40 tpost 1.99 trest 1.47 tprol 1.41
level 1 count 42 tpre 0.00 tcoarse 0.08 tpost 0.33 trest 0.00 tprol 0.00
iters =   21  secs = 6.185353  rsq = 2.70371e-16
level 0 count 21 tpre 0.01 tcoarse 3.40 tpost 1.99 trest 1.47 tprol 1.41
level 1 count 42 tpre 0.00 tcoarse 0.08 tpost 0.33 trest 0.00 tprol 0.00
iters =   21  secs = 6.171177  rsq = 3.02454e-16
level 0 count 21 tpre 0.01 tcoarse 3.39 tpost 1.99 trest 1.47 tprol 1.40
level 1 count 42 tpre 0.00 tcoarse 0.08 tpost 0.33 trest 0.00 tprol 0.00
iters =   21  secs = 6.197481  rsq = 2.89238e-16
level 0 count 21 tpre 0.01 tcoarse 3.39 tpost 2.01 trest 1.47 tprol 1.41
level 1 count 41 tpre 0.00 tcoarse 0.08 tpost 0.33 trest 0.00 tprol 0.00
TIME("c3pt","bwd_prop") = 39.409 secs
TIME("seq_prop-write","done") = 6.983 secs
TIME("smear[cpu]","done") = 8.968 secs
seq check: complex(1.2982e-09, 5.46532e-10)
doing sink momentum 0 0 0 0
The sink time is 10
computing (1-g4) projected prop
TIME("c3pt","bwd_source") = 0.444 secs
TIME("smear[cpu]","done") = 1.252 secs
iters =   21  secs = 6.173381  rsq = 2.59301e-16
level 0 count 21 tpre 0.01 tcoarse 3.39 tpost 1.99 trest 1.47 tprol 1.41
level 1 count 41 tpre 0.00 tcoarse 0.08 tpost 0.33 trest 0.00 tprol 0.00
iters =   21  secs = 6.175409  rsq = 2.62098e-16
level 0 count 21 tpre 0.01 tcoarse 3.39 tpost 1.99 trest 1.47 tprol 1.40
level 1 count 41 tpre 0.00 tcoarse 0.08 tpost 0.33 trest 0.00 tprol 0.00
iters =   21  secs = 6.187357  rsq = 2.61154e-16
level 0 count 21 tpre 0.01 tcoarse 3.40 tpost 1.99 trest 1.47 tprol 1.41
level 1 count 42 tpre 0.00 tcoarse 0.08 tpost 0.33 trest 0.00 tprol 0.00
iters =   21  secs = 6.183118  rsq = 2.52252e-16
level 0 count 21 tpre 0.01 tcoarse 3.40 tpost 1.99 trest 1.47 tprol 1.41
level 1 count 42 tpre 0.00 tcoarse 0.08 tpost 0.33 trest 0.00 tprol 0.00
iters =   21  secs = 6.188763  rsq = 3.02454e-16
level 0 count 21 tpre 0.01 tcoarse 3.40 tpost 1.99 trest 1.47 tprol 1.41
level 1 count 42 tpre 0.00 tcoarse 0.08 tpost 0.33 trest 0.00 tprol 0.00
iters =   21  secs = 6.173714  rsq = 2.80102e-16
level 0 count 21 tpre 0.01 tcoarse 3.39 tpost 1.99 trest 1.47 tprol 1.41
level 1 count 41 tpre 0.00 tcoarse 0.08 tpost 0.33 trest 0.00 tprol 0.00
TIME("c3pt","bwd_prop") = 39.464 secs
TIME("seq_prop-write","done") = 6.776 secs
TIME("smear[cpu]","done") = 8.981 secs
seq check: complex(2.5964e-09, 1.09306e-09)
TIME("smear[cpu]","done") = 0.084 secs
TIME("frw_prop_source.1812.x0y16z0t0","done") = 0.118 secs
iters =   21  secs = 6.173235  rsq = 2.65089e-16
level 0 count 21 tpre 0.01 tcoarse 3.39 tpost 1.99 trest 1.47 tprol 1.41
level 1 count 40 tpre 0.00 tcoarse 0.07 tpost 0.32 trest 0.00 tprol 0.00
iters =   21  secs = 6.179004  rsq = 1.83749e-16
level 0 count 21 tpre 0.01 tcoarse 3.39 tpost 1.99 trest 1.47 tprol 1.41
level 1 count 41 tpre 0.00 tcoarse 0.08 tpost 0.33 trest 0.00 tprol 0.00
iters =   21  secs = 6.167606  rsq = 2.64173e-16
level 0 count 21 tpre 0.01 tcoarse 3.38 tpost 1.99 trest 1.47 tprol 1.41
level 1 count 40 tpre 0.00 tcoarse 0.07 tpost 0.32 trest 0.00 tprol 0.00
iters =   21  secs = 6.160419  rsq = 2.59723e-16
level 0 count 21 tpre 0.01 tcoarse 3.38 tpost 1.99 trest 1.47 tprol 1.41
level 1 count 40 tpre 0.00 tcoarse 0.07 tpost 0.32 trest 0.00 tprol 0.00
iters =   21  secs = 6.169758  rsq = 2.3358e-16
level 0 count 21 tpre 0.01 tcoarse 3.39 tpost 1.99 trest 1.47 tprol 1.41
level 1 count 40 tpre 0.00 tcoarse 0.08 tpost 0.32 trest 0.00 tprol 0.00
iters =   21  secs = 6.165418  rsq = 2.76349e-16
level 0 count 21 tpre 0.01 tcoarse 3.38 tpost 1.99 trest 1.47 tprol 1.41
level 1 count 40 tpre 0.00 tcoarse 0.07 tpost 0.32 trest 0.00 tprol 0.00
iters =   21  secs = 6.165629  rsq = 2.16108e-16
level 0 count 21 tpre 0.01 tcoarse 3.37 tpost 2.00 trest 1.47 tprol 1.40
level 1 count 39 tpre 0.00 tcoarse 0.08 tpost 0.31 trest 0.00 tprol 0.00
iters =   21  secs = 6.183016  rsq = 2.1834e-16
level 0 count 21 tpre 0.01 tcoarse 3.39 tpost 2.00 trest 1.47 tprol 1.40
level 1 count 41 tpre 0.00 tcoarse 0.08 tpost 0.33 trest 0.00 tprol 0.00
iters =   21  secs = 6.178270  rsq = 1.9431e-16
level 0 count 21 tpre 0.01 tcoarse 3.39 tpost 1.99 trest 1.47 tprol 1.41
level 1 count 41 tpre 0.00 tcoarse 0.08 tpost 0.33 trest 0.00 tprol 0.00
iters =   21  secs = 6.208381  rsq = 2.06596e-16
level 0 count 21 tpre 0.01 tcoarse 3.40 tpost 2.01 trest 1.47 tprol 1.40
level 1 count 42 tpre 0.00 tcoarse 0.08 tpost 0.34 trest 0.00 tprol 0.00
iters =   20  secs = 5.871581  rsq = 8.95546e-16
level 0 count 20 tpre 0.01 tcoarse 3.22 tpost 1.89 trest 1.40 tprol 1.34
level 1 count 38 tpre 0.00 tcoarse 0.07 tpost 0.31 trest 0.00 tprol 0.00
iters =   21  secs = 6.155121  rsq = 2.6842e-16
level 0 count 21 tpre 0.01 tcoarse 3.37 tpost 1.99 trest 1.47 tprol 1.41
level 1 count 39 tpre 0.00 tcoarse 0.07 tpost 0.31 trest 0.00 tprol 0.00
TIME("smear[cpu]","done") = 8.990 secs
TIME("frw_prop.1812.x0y16z0t0","done") = 84.114 secs
TIME("fwd_prop-write","done") = 6.594 secs
TIME("sm_fwd_prop-write","done") = 6.346 secs
doing sink momentum 0 0 0 0
The sink time is 10
computing (1-g4) projected prop
TIME("c3pt","bwd_source") = 0.401 secs
TIME("smear[cpu]","done") = 1.253 secs
iters =   21  secs = 6.187690  rsq = 2.00084e-16
level 0 count 21 tpre 0.01 tcoarse 3.40 tpost 1.99 trest 1.47 tprol 1.41
level 1 count 42 tpre 0.00 tcoarse 0.08 tpost 0.34 trest 0.00 tprol 0.00
iters =   21  secs = 6.176613  rsq = 3.60435e-16
level 0 count 21 tpre 0.01 tcoarse 3.39 tpost 1.99 trest 1.47 tprol 1.41
level 1 count 41 tpre 0.00 tcoarse 0.08 tpost 0.33 trest 0.00 tprol 0.00
iters =   21  secs = 6.187789  rsq = 2.53097e-16
level 0 count 21 tpre 0.01 tcoarse 3.40 tpost 1.99 trest 1.47 tprol 1.41
level 1 count 42 tpre 0.00 tcoarse 0.08 tpost 0.33 trest 0.00 tprol 0.00
iters =   21  secs = 6.186975  rsq = 2.48877e-16
level 0 count 21 tpre 0.01 tcoarse 3.40 tpost 1.99 trest 1.47 tprol 1.41
level 1 count 42 tpre 0.00 tcoarse 0.08 tpost 0.33 trest 0.00 tprol 0.00
iters =   21  secs = 6.178774  rsq = 3.10735e-16
level 0 count 21 tpre 0.01 tcoarse 3.39 tpost 1.99 trest 1.47 tprol 1.40
level 1 count 42 tpre 0.00 tcoarse 0.08 tpost 0.34 trest 0.00 tprol 0.00
iters =   21  secs = 6.189392  rsq = 2.83174e-16
level 0 count 21 tpre 0.01 tcoarse 3.40 tpost 1.99 trest 1.47 tprol 1.41
level 1 count 42 tpre 0.00 tcoarse 0.08 tpost 0.33 trest 0.00 tprol 0.00
TIME("c3pt","bwd_prop") = 39.441 secs
TIME("seq_prop-write","done") = 7.196 secs
TIME("smear[cpu]","done") = 8.972 secs
seq check: complex(1.58591e-10, -9.46436e-11)
doing sink momentum 0 0 0 0
The sink time is 10
computing (1-g4) projected prop
TIME("c3pt","bwd_source") = 0.428 secs
TIME("smear[cpu]","done") = 1.256 secs
iters =   21  secs = 6.188535  rsq = 2.00084e-16
level 0 count 21 tpre 0.01 tcoarse 3.40 tpost 1.99 trest 1.47 tprol 1.41
level 1 count 42 tpre 0.00 tcoarse 0.08 tpost 0.33 trest 0.00 tprol 0.00
iters =   21  secs = 6.172053  rsq = 2.51706e-16
level 0 count 21 tpre 0.01 tcoarse 3.39 tpost 1.99 trest 1.47 tprol 1.41
level 1 count 41 tpre 0.00 tcoarse 0.08 tpost 0.32 trest 0.00 tprol 0.00
iters =   21  secs = 6.339537  rsq = 2.53097e-16
level 0 count 21 tpre 0.01 tcoarse 3.55 tpost 1.99 trest 1.47 tprol 1.56
level 1 count 42 tpre 0.00 tcoarse 0.08 tpost 0.33 trest 0.00 tprol 0.00
iters =   21  secs = 6.189940  rsq = 2.74458e-16
level 0 count 21 tpre 0.01 tcoarse 3.38 tpost 2.01 trest 1.47 tprol 1.41
level 1 count 41 tpre 0.00 tcoarse 0.08 tpost 0.32 trest 0.00 tprol 0.00
iters =   21  secs = 6.176975  rsq = 3.10735e-16
level 0 count 21 tpre 0.01 tcoarse 3.39 tpost 1.99 trest 1.47 tprol 1.41
level 1 count 42 tpre 0.00 tcoarse 0.07 tpost 0.33 trest 0.00 tprol 0.00
iters =   21  secs = 6.180416  rsq = 3.13726e-16
level 0 count 21 tpre 0.01 tcoarse 3.40 tpost 1.99 trest 1.47 tprol 1.41
level 1 count 41 tpre 0.00 tcoarse 0.08 tpost 0.33 trest 0.00 tprol 0.00
TIME("c3pt","bwd_prop") = 39.634 secs
TIME("seq_prop-write","done") = 6.890 secs
TIME("smear[cpu]","done") = 8.982 secs
seq check: complex(3.17182e-10, -1.89287e-10)
TIME("smear[cpu]","done") = 0.083 secs
TIME("frw_prop_source.1812.x0y24z0t0","done") = 0.116 secs
iters =   21  secs = 6.144696  rsq = 2.45477e-16
level 0 count 21 tpre 0.01 tcoarse 3.36 tpost 1.99 trest 1.47 tprol 1.40
level 1 count 39 tpre 0.00 tcoarse 0.07 tpost 0.31 trest 0.00 tprol 0.00
iters =   21  secs = 6.152906  rsq = 3.69842e-16
level 0 count 21 tpre 0.01 tcoarse 3.37 tpost 1.99 trest 1.47 tprol 1.41
level 1 count 40 tpre 0.00 tcoarse 0.07 tpost 0.32 trest 0.00 tprol 0.00
iters =   21  secs = 6.145059  rsq = 2.47503e-16
level 0 count 21 tpre 0.01 tcoarse 3.36 tpost 1.99 trest 1.47 tprol 1.40
level 1 count 39 tpre 0.00 tcoarse 0.07 tpost 0.31 trest 0.00 tprol 0.00
iters =   21  secs = 6.160441  rsq = 2.62281e-16
level 0 count 21 tpre 0.01 tcoarse 3.38 tpost 1.99 trest 1.47 tprol 1.40
level 1 count 41 tpre 0.00 tcoarse 0.07 tpost 0.32 trest 0.00 tprol 0.00
iters =   21  secs = 6.167702  rsq = 2.64103e-16
level 0 count 21 tpre 0.01 tcoarse 3.38 tpost 1.99 trest 1.47 tprol 1.40
level 1 count 41 tpre 0.00 tcoarse 0.08 tpost 0.33 trest 0.00 tprol 0.00
iters =   20  secs = 5.881303  rsq = 9.58081e-16
level 0 count 20 tpre 0.01 tcoarse 3.23 tpost 1.89 trest 1.40 tprol 1.34
level 1 count 39 tpre 0.00 tcoarse 0.07 tpost 0.31 trest 0.00 tprol 0.00
iters =   21  secs = 6.169330  rsq = 2.28758e-16
level 0 count 21 tpre 0.01 tcoarse 3.38 tpost 1.99 trest 1.47 tprol 1.41
level 1 count 40 tpre 0.00 tcoarse 0.07 tpost 0.32 trest 0.00 tprol 0.00
iters =   21  secs = 6.165008  rsq = 2.72648e-16
level 0 count 21 tpre 0.01 tcoarse 3.38 tpost 1.99 trest 1.47 tprol 1.40
level 1 count 40 tpre 0.00 tcoarse 0.08 tpost 0.32 trest 0.00 tprol 0.00
iters =   21  secs = 6.178918  rsq = 2.1286e-16
level 0 count 21 tpre 0.01 tcoarse 3.40 tpost 1.99 trest 1.47 tprol 1.41
level 1 count 41 tpre 0.00 tcoarse 0.08 tpost 0.33 trest 0.00 tprol 0.00
iters =   21  secs = 6.180127  rsq = 2.21925e-16
level 0 count 21 tpre 0.01 tcoarse 3.40 tpost 1.99 trest 1.47 tprol 1.40
level 1 count 41 tpre 0.00 tcoarse 0.08 tpost 0.33 trest 0.00 tprol 0.00
iters =   21  secs = 6.170891  rsq = 2.09935e-16
level 0 count 21 tpre 0.01 tcoarse 3.39 tpost 1.99 trest 1.47 tprol 1.40
level 1 count 41 tpre 0.00 tcoarse 0.08 tpost 0.33 trest 0.00 tprol 0.00
iters =   21  secs = 6.155794  rsq = 1.9429e-16
level 0 count 21 tpre 0.01 tcoarse 3.37 tpost 1.99 trest 1.47 tprol 1.40
level 1 count 40 tpre 0.00 tcoarse 0.07 tpost 0.32 trest 0.00 tprol 0.00
TIME("smear[cpu]","done") = 8.984 secs
TIME("frw_prop.1812.x0y24z0t0","done") = 84.006 secs
TIME("fwd_prop-write","done") = 6.609 secs
TIME("sm_fwd_prop-write","done") = 6.313 secs
doing sink momentum 0 0 0 0
The sink time is 10
computing (1-g4) projected prop
TIME("c3pt","bwd_source") = 0.396 secs
TIME("smear[cpu]","done") = 1.252 secs
iters =   21  secs = 6.181785  rsq = 2.59046e-16
level 0 count 21 tpre 0.01 tcoarse 3.40 tpost 1.99 trest 1.47 tprol 1.41
level 1 count 42 tpre 0.00 tcoarse 0.08 tpost 0.33 trest 0.00 tprol 0.00
iters =   21  secs = 6.167011  rsq = 3.3711e-16
level 0 count 21 tpre 0.01 tcoarse 3.38 tpost 1.99 trest 1.47 tprol 1.40
level 1 count 41 tpre 0.00 tcoarse 0.08 tpost 0.33 trest 0.00 tprol 0.00
iters =   21  secs = 6.175565  rsq = 2.54109e-16
level 0 count 21 tpre 0.01 tcoarse 3.39 tpost 1.99 trest 1.47 tprol 1.40
level 1 count 42 tpre 0.00 tcoarse 0.08 tpost 0.33 trest 0.00 tprol 0.00
iters =   21  secs = 6.162294  rsq = 3.48494e-16
level 0 count 21 tpre 0.01 tcoarse 3.38 tpost 1.99 trest 1.47 tprol 1.40
level 1 count 41 tpre 0.00 tcoarse 0.08 tpost 0.32 trest 0.00 tprol 0.00
iters =   21  secs = 6.187377  rsq = 3.0207e-16
level 0 count 21 tpre 0.01 tcoarse 3.40 tpost 1.99 trest 1.47 tprol 1.41
level 1 count 42 tpre 0.00 tcoarse 0.08 tpost 0.34 trest 0.00 tprol 0.00
iters =   21  secs = 6.191351  rsq = 3.60277e-16
level 0 count 21 tpre 0.01 tcoarse 3.40 tpost 1.99 trest 1.47 tprol 1.41
level 1 count 42 tpre 0.00 tcoarse 0.08 tpost 0.34 trest 0.00 tprol 0.00
TIME("c3pt","bwd_prop") = 39.391 secs
TIME("seq_prop-write","done") = 7.311 secs
TIME("smear[cpu]","done") = 8.992 secs
seq check: complex(1.09074e-09, -8.98577e-10)
doing sink momentum 0 0 0 0
The sink time is 10
computing (1-g4) projected prop
TIME("c3pt","bwd_source") = 0.449 secs
TIME("smear[cpu]","done") = 1.255 secs
iters =   21  secs = 6.174588  rsq = 2.59046e-16
level 0 count 21 tpre 0.01 tcoarse 3.39 tpost 1.99 trest 1.47 tprol 1.41
level 1 count 42 tpre 0.00 tcoarse 0.08 tpost 0.33 trest 0.00 tprol 0.00
iters =   21  secs = 6.164077  rsq = 2.43456e-16
level 0 count 21 tpre 0.01 tcoarse 3.38 tpost 1.99 trest 1.47 tprol 1.41
level 1 count 41 tpre 0.00 tcoarse 0.08 tpost 0.32 trest 0.00 tprol 0.00
iters =   21  secs = 6.173666  rsq = 2.54109e-16
level 0 count 21 tpre 0.01 tcoarse 3.39 tpost 1.99 trest 1.47 tprol 1.41
level 1 count 42 tpre 0.00 tcoarse 0.08 tpost 0.33 trest 0.00 tprol 0.00
iters =   21  secs = 6.163617  rsq = 2.62895e-16
level 0 count 21 tpre 0.01 tcoarse 3.38 tpost 1.99 trest 1.47 tprol 1.41
level 1 count 41 tpre 0.00 tcoarse 0.08 tpost 0.32 trest 0.00 tprol 0.00
iters =   21  secs = 6.175952  rsq = 3.0207e-16
level 0 count 21 tpre 0.01 tcoarse 3.39 tpost 1.99 trest 1.47 tprol 1.41
level 1 count 42 tpre 0.00 tcoarse 0.08 tpost 0.33 trest 0.00 tprol 0.00
iters =   21  secs = 6.153707  rsq = 3.13123e-16
level 0 count 21 tpre 0.01 tcoarse 3.37 tpost 1.99 trest 1.47 tprol 1.40
level 1 count 40 tpre 0.00 tcoarse 0.08 tpost 0.31 trest 0.00 tprol 0.00
TIME("c3pt","bwd_prop") = 39.391 secs
TIME("seq_prop-write","done") = 6.752 secs
TIME("smear[cpu]","done") = 8.990 secs
seq check: complex(2.18149e-09, -1.79715e-09)
TIME("smear[cpu]","done") = 0.083 secs
TIME("frw_prop_source.1812.x0y0z8t0","done") = 0.114 secs
iters =   21  secs = 6.139983  rsq = 2.36441e-16
level 0 count 21 tpre 0.01 tcoarse 3.36 tpost 1.99 trest 1.46 tprol 1.40
level 1 count 40 tpre 0.00 tcoarse 0.07 tpost 0.32 trest 0.00 tprol 0.00
iters =   21  secs = 6.147299  rsq = 2.70429e-16
level 0 count 21 tpre 0.01 tcoarse 3.36 tpost 1.99 trest 1.46 tprol 1.40
level 1 count 40 tpre 0.00 tcoarse 0.07 tpost 0.32 trest 0.00 tprol 0.00
iters =   20  secs = 5.852673  rsq = 9.88233e-16
level 0 count 20 tpre 0.01 tcoarse 3.20 tpost 1.90 trest 1.39 tprol 1.33
level 1 count 38 tpre 0.00 tcoarse 0.07 tpost 0.30 trest 0.00 tprol 0.00
iters =   21  secs = 6.149522  rsq = 1.95515e-16
level 0 count 21 tpre 0.01 tcoarse 3.37 tpost 1.99 trest 1.47 tprol 1.40
level 1 count 40 tpre 0.00 tcoarse 0.07 tpost 0.32 trest 0.00 tprol 0.00
iters =   21  secs = 6.142566  rsq = 2.05255e-16
level 0 count 21 tpre 0.01 tcoarse 3.36 tpost 1.99 trest 1.47 tprol 1.40
level 1 count 40 tpre 0.00 tcoarse 0.07 tpost 0.32 trest 0.00 tprol 0.00
iters =   21  secs = 6.151907  rsq = 2.45388e-16
level 0 count 21 tpre 0.01 tcoarse 3.37 tpost 1.99 trest 1.47 tprol 1.40
level 1 count 41 tpre 0.00 tcoarse 0.08 tpost 0.32 trest 0.00 tprol 0.00
iters =   21  secs = 6.143027  rsq = 2.02021e-16
level 0 count 21 tpre 0.01 tcoarse 3.36 tpost 1.99 trest 1.47 tprol 1.40
level 1 count 40 tpre 0.00 tcoarse 0.07 tpost 0.32 trest 0.00 tprol 0.00
iters =   21  secs = 6.149956  rsq = 2.36868e-16
level 0 count 21 tpre 0.01 tcoarse 3.37 tpost 1.99 trest 1.47 tprol 1.40
level 1 count 40 tpre 0.00 tcoarse 0.07 tpost 0.32 trest 0.00 tprol 0.00
iters =   21  secs = 6.149621  rsq = 2.47661e-16
level 0 count 21 tpre 0.01 tcoarse 3.37 tpost 1.99 trest 1.47 tprol 1.40
level 1 count 40 tpre 0.00 tcoarse 0.08 tpost 0.32 trest 0.00 tprol 0.00
iters =   21  secs = 6.140942  rsq = 2.33578e-16
level 0 count 21 tpre 0.01 tcoarse 3.36 tpost 1.99 trest 1.46 tprol 1.40
level 1 count 40 tpre 0.00 tcoarse 0.07 tpost 0.32 trest 0.00 tprol 0.00
iters =   21  secs = 6.145845  rsq = 2.44022e-16
level 0 count 21 tpre 0.01 tcoarse 3.36 tpost 1.99 trest 1.47 tprol 1.40
level 1 count 40 tpre 0.00 tcoarse 0.08 tpost 0.32 trest 0.00 tprol 0.00
iters =   21  secs = 6.150033  rsq = 2.04555e-16
level 0 count 21 tpre 0.01 tcoarse 3.37 tpost 1.99 trest 1.47 tprol 1.40
level 1 count 40 tpre 0.00 tcoarse 0.07 tpost 0.32 trest 0.00 tprol 0.00
TIME("smear[cpu]","done") = 8.985 secs
TIME("frw_prop.1812.x0y0z8t0","done") = 83.807 secs
TIME("fwd_prop-write","done") = 7.285 secs
TIME("sm_fwd_prop-write","done") = 6.255 secs
doing sink momentum 0 0 0 0
The sink time is 10
computing (1-g4) projected prop
TIME("c3pt","bwd_source") = 0.393 secs
TIME("smear[cpu]","done") = 1.251 secs
iters =   21  secs = 6.182391  rsq = 2.6179e-16
level 0 count 21 tpre 0.01 tcoarse 3.40 tpost 1.99 trest 1.47 tprol 1.40
level 1 count 42 tpre 0.00 tcoarse 0.08 tpost 0.34 trest 0.00 tprol 0.00
iters =   21  secs = 6.172627  rsq = 2.99408e-16
level 0 count 21 tpre 0.01 tcoarse 3.39 tpost 1.99 trest 1.47 tprol 1.40
level 1 count 42 tpre 0.00 tcoarse 0.08 tpost 0.33 trest 0.00 tprol 0.00
iters =   21  secs = 6.168004  rsq = 3.48676e-16
level 0 count 21 tpre 0.01 tcoarse 3.38 tpost 1.99 trest 1.47 tprol 1.40
level 1 count 41 tpre 0.00 tcoarse 0.08 tpost 0.32 trest 0.00 tprol 0.00
iters =   21  secs = 6.179151  rsq = 2.58567e-16
level 0 count 21 tpre 0.01 tcoarse 3.39 tpost 1.99 trest 1.47 tprol 1.41
level 1 count 42 tpre 0.00 tcoarse 0.08 tpost 0.33 trest 0.00 tprol 0.00
iters =   21  secs = 6.186102  rsq = 2.59259e-16
level 0 count 21 tpre 0.01 tcoarse 3.40 tpost 1.99 trest 1.47 tprol 1.41
level 1 count 42 tpre 0.00 tcoarse 0.08 tpost 0.33 trest 0.00 tprol 0.00
iters =   21  secs = 6.195407  rsq = 2.9571e-16
level 0 count 21 tpre 0.01 tcoarse 3.40 tpost 2.00 trest 1.47 tprol 1.41
level 1 count 42 tpre 0.00 tcoarse 0.08 tpost 0.33 trest 0.00 tprol 0.00
TIME("c3pt","bwd_prop") = 39.417 secs
TIME("seq_prop-write","done") = 6.682 secs
TIME("smear[cpu]","done") = 8.975 secs
seq check: complex(1.16029e-10, -9.01965e-11)
doing sink momentum 0 0 0 0
The sink time is 10
computing (1-g4) projected prop
TIME("c3pt","bwd_source") = 0.444 secs
TIME("smear[cpu]","done") = 1.252 secs
iters =   21  secs = 6.184797  rsq = 2.6179e-16
level 0 count 21 tpre 0.01 tcoarse 3.40 tpost 1.99 trest 1.47 tprol 1.40
level 1 count 42 tpre 0.00 tcoarse 0.08 tpost 0.34 trest 0.00 tprol 0.00
iters =   21  secs = 6.167575  rsq = 3.06853e-16
level 0 count 21 tpre 0.01 tcoarse 3.38 tpost 1.99 trest 1.47 tprol 1.41
level 1 count 41 tpre 0.00 tcoarse 0.08 tpost 0.32 trest 0.00 tprol 0.00
iters =   21  secs = 6.195771  rsq = 3.48676e-16
level 0 count 21 tpre 0.01 tcoarse 3.39 tpost 2.01 trest 1.47 tprol 1.41
level 1 count 41 tpre 0.00 tcoarse 0.08 tpost 0.33 trest 0.00 tprol 0.00
iters =   21  secs = 6.175742  rsq = 2.92536e-16
level 0 count 21 tpre 0.01 tcoarse 3.39 tpost 1.99 trest 1.47 tprol 1.41
level 1 count 41 tpre 0.00 tcoarse 0.08 tpost 0.32 trest 0.00 tprol 0.00
iters =   21  secs = 6.177793  rsq = 2.59259e-16
level 0 count 21 tpre 0.01 tcoarse 3.39 tpost 1.99 trest 1.47 tprol 1.41
level 1 count 42 tpre 0.00 tcoarse 0.08 tpost 0.33 trest 0.00 tprol 0.00
iters =   21  secs = 6.185544  rsq = 2.67847e-16
level 0 count 21 tpre 0.01 tcoarse 3.40 tpost 1.99 trest 1.47 tprol 1.41
level 1 count 42 tpre 0.00 tcoarse 0.08 tpost 0.33 trest 0.00 tprol 0.00
TIME("c3pt","bwd_prop") = 39.480 secs
TIME("seq_prop-write","done") = 6.964 secs
TIME("smear[cpu]","done") = 8.987 secs
seq check: complex(2.32059e-10, -1.80393e-10)
TIME("smear[cpu]","done") = 0.083 secs
TIME("frw_prop_source.1812.x0y0z16t0","done") = 0.117 secs
iters =   21  secs = 6.139332  rsq = 1.8521e-16
level 0 count 21 tpre 0.01 tcoarse 3.36 tpost 1.99 trest 1.47 tprol 1.40
level 1 count 40 tpre 0.00 tcoarse 0.07 tpost 0.31 trest 0.00 tprol 0.00
iters =   21  secs = 6.137733  rsq = 2.56133e-16
level 0 count 21 tpre 0.01 tcoarse 3.36 tpost 1.99 trest 1.47 tprol 1.40
level 1 count 40 tpre 0.00 tcoarse 0.07 tpost 0.31 trest 0.00 tprol 0.00
iters =   20  secs = 5.863169  rsq = 8.70662e-16
level 0 count 20 tpre 0.01 tcoarse 3.21 tpost 1.90 trest 1.40 tprol 1.33
level 1 count 39 tpre 0.00 tcoarse 0.07 tpost 0.30 trest 0.00 tprol 0.00
iters =   21  secs = 6.139098  rsq = 2.16324e-16
level 0 count 21 tpre 0.01 tcoarse 3.36 tpost 1.99 trest 1.47 tprol 1.40
level 1 count 40 tpre 0.00 tcoarse 0.07 tpost 0.31 trest 0.00 tprol 0.00
iters =   20  secs = 5.877993  rsq = 7.46835e-16
level 0 count 20 tpre 0.01 tcoarse 3.20 tpost 1.92 trest 1.40 tprol 1.33
level 1 count 38 tpre 0.00 tcoarse 0.07 tpost 0.30 trest 0.00 tprol 0.00
iters =   21  secs = 6.160494  rsq = 2.02375e-16
level 0 count 21 tpre 0.01 tcoarse 3.38 tpost 1.99 trest 1.47 tprol 1.40
level 1 count 41 tpre 0.00 tcoarse 0.07 tpost 0.32 trest 0.00 tprol 0.00
iters =   20  secs = 5.862398  rsq = 9.62265e-16
level 0 count 20 tpre 0.01 tcoarse 3.21 tpost 1.89 trest 1.40 tprol 1.34
level 1 count 39 tpre 0.00 tcoarse 0.07 tpost 0.30 trest 0.00 tprol 0.00
iters =   21  secs = 6.130986  rsq = 2.92639e-16
level 0 count 21 tpre 0.01 tcoarse 3.35 tpost 1.99 trest 1.47 tprol 1.40
level 1 count 39 tpre 0.00 tcoarse 0.07 tpost 0.30 trest 0.00 tprol 0.00
iters =   21  secs = 6.149054  rsq = 1.99857e-16
level 0 count 21 tpre 0.01 tcoarse 3.37 tpost 1.99 trest 1.47 tprol 1.40
level 1 count 40 tpre 0.00 tcoarse 0.07 tpost 0.31 trest 0.00 tprol 0.00
iters =   21  secs = 6.140714  rsq = 2.07458e-16
level 0 count 21 tpre 0.01 tcoarse 3.36 tpost 1.99 trest 1.47 tprol 1.40
level 1 count 39 tpre 0.00 tcoarse 0.07 tpost 0.31 trest 0.00 tprol 0.00
iters =   21  secs = 6.138794  rsq = 2.32655e-16
level 0 count 21 tpre 0.01 tcoarse 3.36 tpost 1.99 trest 1.47 tprol 1.40
level 1 count 40 tpre 0.00 tcoarse 0.07 tpost 0.31 trest 0.00 tprol 0.00
iters =   21  secs = 6.137565  rsq = 2.51015e-16
level 0 count 21 tpre 0.01 tcoarse 3.36 tpost 1.99 trest 1.47 tprol 1.40
level 1 count 40 tpre 0.00 tcoarse 0.07 tpost 0.31 trest 0.00 tprol 0.00
TIME("smear[cpu]","done") = 8.988 secs
TIME("frw_prop.1812.x0y0z16t0","done") = 83.224 secs
TIME("fwd_prop-write","done") = 8.300 secs
TIME("sm_fwd_prop-write","done") = 7.195 secs
doing sink momentum 0 0 0 0
The sink time is 10
computing (1-g4) projected prop
TIME("c3pt","bwd_source") = 0.394 secs
TIME("smear[cpu]","done") = 1.259 secs
iters =   21  secs = 6.174297  rsq = 2.71684e-16
level 0 count 21 tpre 0.01 tcoarse 3.39 tpost 1.99 trest 1.47 tprol 1.41
level 1 count 41 tpre 0.00 tcoarse 0.08 tpost 0.33 trest 0.00 tprol 0.00
iters =   21  secs = 6.172231  rsq = 3.36319e-16
level 0 count 21 tpre 0.01 tcoarse 3.39 tpost 1.99 trest 1.46 tprol 1.40
level 1 count 42 tpre 0.00 tcoarse 0.08 tpost 0.33 trest 0.00 tprol 0.00
iters =   21  secs = 6.169470  rsq = 2.39795e-16
level 0 count 21 tpre 0.01 tcoarse 3.38 tpost 1.99 trest 1.47 tprol 1.40
level 1 count 41 tpre 0.00 tcoarse 0.08 tpost 0.33 trest 0.00 tprol 0.00
iters =   21  secs = 6.207185  rsq = 2.65265e-16
level 0 count 21 tpre 0.01 tcoarse 3.40 tpost 2.02 trest 1.47 tprol 1.41
level 1 count 42 tpre 0.00 tcoarse 0.08 tpost 0.33 trest 0.00 tprol 0.00
iters =   21  secs = 6.171127  rsq = 3.13745e-16
level 0 count 21 tpre 0.01 tcoarse 3.39 tpost 1.99 trest 1.47 tprol 1.41
level 1 count 41 tpre 0.00 tcoarse 0.08 tpost 0.33 trest 0.00 tprol 0.00
iters =   21  secs = 6.163678  rsq = 3.3412e-16
level 0 count 21 tpre 0.01 tcoarse 3.38 tpost 1.99 trest 1.47 tprol 1.40
level 1 count 41 tpre 0.00 tcoarse 0.07 tpost 0.33 trest 0.00 tprol 0.00
TIME("c3pt","bwd_prop") = 39.398 secs
TIME("seq_prop-write","done") = 7.112 secs
TIME("smear[cpu]","done") = 8.986 secs
seq check: complex(1.03073e-10, -8.66491e-11)
doing sink momentum 0 0 0 0
The sink time is 10
computing (1-g4) projected prop
TIME("c3pt","bwd_source") = 0.442 secs
TIME("smear[cpu]","done") = 1.254 secs
iters =   21  secs = 6.174325  rsq = 2.71684e-16
level 0 count 21 tpre 0.01 tcoarse 3.39 tpost 1.99 trest 1.46 tprol 1.40
level 1 count 41 tpre 0.00 tcoarse 0.08 tpost 0.33 trest 0.00 tprol 0.00
iters =   21  secs = 6.176801  rsq = 2.68508e-16
level 0 count 21 tpre 0.01 tcoarse 3.39 tpost 1.99 trest 1.46 tprol 1.41
level 1 count 41 tpre 0.00 tcoarse 0.08 tpost 0.33 trest 0.00 tprol 0.00
iters =   21  secs = 6.182088  rsq = 2.39795e-16
level 0 count 21 tpre 0.01 tcoarse 3.40 tpost 1.99 trest 1.47 tprol 1.41
level 1 count 41 tpre 0.00 tcoarse 0.08 tpost 0.33 trest 0.00 tprol 0.00
iters =   21  secs = 6.183123  rsq = 2.59398e-16
level 0 count 21 tpre 0.01 tcoarse 3.40 tpost 1.99 trest 1.47 tprol 1.41
level 1 count 41 tpre 0.00 tcoarse 0.08 tpost 0.33 trest 0.00 tprol 0.00
iters =   21  secs = 6.172080  rsq = 3.13745e-16
level 0 count 21 tpre 0.01 tcoarse 3.39 tpost 1.99 trest 1.47 tprol 1.40
level 1 count 41 tpre 0.00 tcoarse 0.08 tpost 0.33 trest 0.00 tprol 0.00
iters =   21  secs = 6.181239  rsq = 2.73074e-16
level 0 count 21 tpre 0.01 tcoarse 3.40 tpost 1.99 trest 1.47 tprol 1.40
level 1 count 41 tpre 0.00 tcoarse 0.08 tpost 0.33 trest 0.00 tprol 0.00
TIME("c3pt","bwd_prop") = 39.451 secs
TIME("seq_prop-write","done") = 7.250 secs
TIME("smear[cpu]","done") = 8.979 secs
seq check: complex(2.06147e-10, -1.73298e-10)
TIME("smear[cpu]","done") = 0.083 secs
TIME("frw_prop_source.1812.x0y0z24t0","done") = 0.117 secs
iters =   21  secs = 6.157742  rsq = 2.37585e-16
level 0 count 21 tpre 0.01 tcoarse 3.38 tpost 1.99 trest 1.47 tprol 1.41
level 1 count 40 tpre 0.00 tcoarse 0.07 tpost 0.32 trest 0.00 tprol 0.00
iters =   21  secs = 6.150298  rsq = 2.28286e-16
level 0 count 21 tpre 0.01 tcoarse 3.37 tpost 1.99 trest 1.47 tprol 1.41
level 1 count 39 tpre 0.00 tcoarse 0.07 tpost 0.31 trest 0.00 tprol 0.00
iters =   21  secs = 6.188722  rsq = 2.5139e-16
level 0 count 21 tpre 0.01 tcoarse 3.38 tpost 2.01 trest 1.47 tprol 1.41
level 1 count 40 tpre 0.00 tcoarse 0.07 tpost 0.32 trest 0.00 tprol 0.00
iters =   21  secs = 6.155708  rsq = 2.29284e-16
level 0 count 21 tpre 0.01 tcoarse 3.37 tpost 1.99 trest 1.47 tprol 1.41
level 1 count 40 tpre 0.00 tcoarse 0.07 tpost 0.32 trest 0.00 tprol 0.00
iters =   21  secs = 6.162381  rsq = 2.57915e-16
level 0 count 21 tpre 0.01 tcoarse 3.37 tpost 1.99 trest 1.47 tprol 1.40
level 1 count 40 tpre 0.00 tcoarse 0.07 tpost 0.32 trest 0.00 tprol 0.00
iters =   21  secs = 6.172543  rsq = 2.16696e-16
level 0 count 21 tpre 0.01 tcoarse 3.38 tpost 1.99 trest 1.48 tprol 1.41
level 1 count 40 tpre 0.00 tcoarse 0.07 tpost 0.32 trest 0.00 tprol 0.00
iters =   21  secs = 6.154613  rsq = 1.93657e-16
level 0 count 21 tpre 0.01 tcoarse 3.37 tpost 1.99 trest 1.47 tprol 1.41
level 1 count 40 tpre 0.00 tcoarse 0.08 tpost 0.32 trest 0.00 tprol 0.00
iters =   21  secs = 6.157987  rsq = 2.2067e-16
level 0 count 21 tpre 0.01 tcoarse 3.37 tpost 1.99 trest 1.47 tprol 1.40
level 1 count 40 tpre 0.00 tcoarse 0.07 tpost 0.32 trest 0.00 tprol 0.00
iters =   21  secs = 6.138505  rsq = 2.48507e-16
level 0 count 21 tpre 0.01 tcoarse 3.36 tpost 1.99 trest 1.47 tprol 1.40
level 1 count 39 tpre 0.00 tcoarse 0.07 tpost 0.31 trest 0.00 tprol 0.00
iters =   20  secs = 5.872815  rsq = 9.54732e-16
level 0 count 20 tpre 0.01 tcoarse 3.21 tpost 1.90 trest 1.40 tprol 1.34
level 1 count 38 tpre 0.00 tcoarse 0.07 tpost 0.30 trest 0.00 tprol 0.00
iters =   21  secs = 6.156187  rsq = 2.39782e-16
level 0 count 21 tpre 0.01 tcoarse 3.37 tpost 1.99 trest 1.47 tprol 1.40
level 1 count 40 tpre 0.00 tcoarse 0.07 tpost 0.32 trest 0.00 tprol 0.00
iters =   21  secs = 6.154751  rsq = 2.97667e-16
level 0 count 21 tpre 0.01 tcoarse 3.37 tpost 1.99 trest 1.48 tprol 1.40
level 1 count 40 tpre 0.00 tcoarse 0.07 tpost 0.32 trest 0.00 tprol 0.00
TIME("smear[cpu]","done") = 8.988 secs
TIME("frw_prop.1812.x0y0z24t0","done") = 83.961 secs
TIME("fwd_prop-write","done") = 7.324 secs
TIME("sm_fwd_prop-write","done") = 6.796 secs
doing sink momentum 0 0 0 0
The sink time is 10
computing (1-g4) projected prop
TIME("c3pt","bwd_source") = 0.383 secs
TIME("smear[cpu]","done") = 1.253 secs
iters =   21  secs = 6.304947  rsq = 3.32331e-16
level 0 count 21 tpre 0.01 tcoarse 3.48 tpost 2.02 trest 1.49 tprol 1.44
level 1 count 41 tpre 0.00 tcoarse 0.08 tpost 0.35 trest 0.00 tprol 0.00
iters =   21  secs = 6.264054  rsq = 3.03106e-16
level 0 count 21 tpre 0.01 tcoarse 3.48 tpost 1.99 trest 1.47 tprol 1.50
level 1 count 41 tpre 0.00 tcoarse 0.08 tpost 0.33 trest 0.00 tprol 0.00
iters =   21  secs = 6.166119  rsq = 3.72299e-16
level 0 count 21 tpre 0.01 tcoarse 3.38 tpost 1.99 trest 1.47 tprol 1.41
level 1 count 41 tpre 0.00 tcoarse 0.08 tpost 0.32 trest 0.00 tprol 0.00
iters =   21  secs = 6.174050  rsq = 3.33963e-16
level 0 count 21 tpre 0.01 tcoarse 3.39 tpost 1.99 trest 1.47 tprol 1.41
level 1 count 41 tpre 0.00 tcoarse 0.08 tpost 0.32 trest 0.00 tprol 0.00
iters =   21  secs = 6.161706  rsq = 4.5704e-16
level 0 count 21 tpre 0.01 tcoarse 3.38 tpost 1.99 trest 1.47 tprol 1.41
level 1 count 41 tpre 0.00 tcoarse 0.08 tpost 0.32 trest 0.00 tprol 0.00
iters =   21  secs = 6.187327  rsq = 2.59077e-16
level 0 count 21 tpre 0.01 tcoarse 3.40 tpost 1.99 trest 1.47 tprol 1.41
level 1 count 42 tpre 0.00 tcoarse 0.08 tpost 0.33 trest 0.00 tprol 0.00
TIME("c3pt","bwd_prop") = 39.590 secs
TIME("seq_prop-write","done") = 7.080 secs
TIME("smear[cpu]","done") = 8.983 secs
seq check: complex(1.56937e-10, -4.24963e-11)
doing sink momentum 0 0 0 0
The sink time is 10
computing (1-g4) projected prop
TIME("c3pt","bwd_source") = 0.443 secs
TIME("smear[cpu]","done") = 1.257 secs
iters =   21  secs = 6.180196  rsq = 3.32331e-16
level 0 count 21 tpre 0.01 tcoarse 3.40 tpost 1.99 trest 1.47 tprol 1.40
level 1 count 41 tpre 0.00 tcoarse 0.08 tpost 0.33 trest 0.00 tprol 0.00
iters =   21  secs = 6.187377  rsq = 2.79124e-16
level 0 count 21 tpre 0.01 tcoarse 3.40 tpost 1.99 trest 1.47 tprol 1.41
level 1 count 41 tpre 0.00 tcoarse 0.08 tpost 0.33 trest 0.00 tprol 0.00
iters =   21  secs = 6.185974  rsq = 3.72299e-16
level 0 count 21 tpre 0.01 tcoarse 3.40 tpost 1.99 trest 1.47 tprol 1.41
level 1 count 41 tpre 0.00 tcoarse 0.08 tpost 0.33 trest 0.00 tprol 0.00
iters =   21  secs = 6.225800  rsq = 2.65943e-16
level 0 count 21 tpre 0.01 tcoarse 3.43 tpost 1.99 trest 1.48 tprol 1.41
level 1 count 41 tpre 0.00 tcoarse 0.08 tpost 0.35 trest 0.00 tprol 0.00
iters =   21  secs = 6.187074  rsq = 4.5704e-16
level 0 count 21 tpre 0.01 tcoarse 3.40 tpost 1.99 trest 1.47 tprol 1.41
level 1 count 41 tpre 0.00 tcoarse 0.08 tpost 0.33 trest 0.00 tprol 0.00
iters =   21  secs = 6.222142  rsq = 2.49579e-16
level 0 count 21 tpre 0.01 tcoarse 3.41 tpost 2.01 trest 1.47 tprol 1.41
level 1 count 41 tpre 0.00 tcoarse 0.08 tpost 0.34 trest 0.00 tprol 0.00
TIME("c3pt","bwd_prop") = 39.570 secs
0x4c66ae 0x4c66ae
0x4e01dc 0x4c66ae
0x4c66ae 0x4c66ae
0x4e01dc 0x4c66ae
0x4c66ae 0x4c66ae
0x4e01dc 0x4c66ae
0x4c66ae 0x4c66ae
0x4e01dc 0x4c66ae
0x4c66ae 0x4c66ae
0x4e01dc 0x4c66ae
0x4c66ae 0x4c66ae
0x4e01dc 0x4c66ae
0x4c66ae 0x4c66ae
0x4e01dc 0x4c66ae
0x4c66ae 0x4c66ae
0x4e01dc 0x4c66ae
0x4c66ae 0x4c66ae
0x4e01dc 0x4c66ae
0x4c66ae 0x4c66ae
0x4e01dc 0x4c66ae
0x4c66ae 0x4c66ae
0x4e01dc 0x4c66ae
0x4c66ae 0x4c66ae
0x4e01dc 0x4c66ae
0x4c66ae 0x4c66ae
0x4e01dc 0x4c66ae
0x4c66ae 0x4c66ae
0x4e01dc 0x4c66ae
0x4c66ae 0x4c66ae
0x4e01dc 0x4c66ae
0x4c66ae 0x4c66ae
0x4e01dc 0x4c66ae
0x4c66ae 0x4c66ae
0x4e01dc 0x4c66ae
0x4c66ae 0x4c66ae
0x4e01dc 0x4c66ae
0x4c66ae 0x4c66ae
0x4e01dc 0x4c66ae
0x4c66ae 0x4c66ae
0x4e01dc 0x4c66ae
0x4c66ae 0x4c66ae
0x4e01dc 0x4c66ae
0x4c66ae 0x4c66ae
0x4e01dc 0x4c66ae
0x4c66ae 0x4c66ae
0x4e01dc 0x4c66ae
0x4c66ae 0x4c66ae
0x4e01dc 0x4c66ae
0x4c66ae 0x4c66ae
0x4e01dc 0x4c66ae
0x4c66ae 0x4c66ae
0x4e01dc 0x4c66ae
0x4c66ae 0x4c66ae
0x4e01dc 0x4c66ae
0x4c66ae 0x4c66ae
0x4e01dc 0x4c66ae
0x4c66ae 0x4c66ae
0x4e01dc 0x4c66ae
0x4c66ae 0x4c66ae
0x4e01dc 0x4c66ae
0x4c66ae 0x4c66ae
0x4e01dc 0x4c66ae
0x4c66ae 0x4c66ae
0x4e01dc 0x4c66ae
0x4c66ae 0x4c66ae
0x4e01dc 0x4c66ae
0x4c66ae 0x4c66ae
0x4e01dc 0x4c66ae
0x4c66ae 0x4c66ae
0x4e01dc 0x4c66ae
0x4c66ae 0x4c66ae
0x4e01dc 0x4c66ae
0x4c66ae 0x4c66ae
0x4e01dc 0x4c66ae
0x4c66ae 0x4c66ae
0x4e01dc 0x4c66ae
0x4c66ae 0x4c66ae
0x4e01dc 0x4c66ae
0x4c66ae 0x4c66ae
0x4e01dc 0x4c66ae
0x4c66ae 0x4c66ae
0x4e01dc 0x4c66ae
0x4c66ae 0x4c66ae
0x4e01dc 0x4c66ae
0x4c66ae 0x4c66ae
0x4e01dc 0x4c66ae
0x4c66ae 0x4c66ae
0x4e01dc 0x4c66ae
0x4c66ae 0x4c66ae
0x4e01dc 0x4c66ae
0x4c66ae 0x4c66ae
0x4e01dc 0x4c66ae
0x4c66ae 0x4c66ae
0x4e01dc 0x4c66ae
0x4c66ae 0x4c66ae
0x4e01dc 0x4c66ae
0x4c66ae 0x4c66ae
0x4e01dc 0x4c66ae
0x4c66ae 0x4c66ae
0x4e01dc 0x4c66ae
0x4c66ae 0x4c66ae
0x4e01dc 0x4c66ae
0x4c66ae 0x4c66ae
0x4e01dc 0x4c66ae
0x4c66ae 0x4c66ae
0x4e01dc 0x4c66ae
0x4c66ae 0x4c66ae
0x4e01dc 0x4c66ae
0x4c66ae 0x4c66ae
0x4e01dc 0x4c66ae
0x4c66ae 0x4c66ae
0x4e01dc 0x4c66ae
0x4c66ae 0x4c66ae
0x4e01dc 0x4c66ae
0x4c66ae 0x4c66ae
0x4e01dc 0x4c66ae
0x4c66ae 0x4c66ae
0x4e01dc 0x4c66ae
0x4c66ae 0x4c66ae
0x4e01dc 0x4c66ae
0x4c66ae 0x4c66ae
0x4e01dc 0x4c66ae
0x4c66ae 0x4c66ae
0x4e01dc 0x4c66ae
0x4c66ae 0x4c66ae
0x4e01dc 0x4c66ae
0x4c66ae 0x4c66ae
0x4e01dc 0x4c66ae
0x4c66ae 0x4c66ae
0x4e01dc 0x4c66ae
0x4c66ae 0x4c66ae
0x4e01dc 0x4c66ae
0x4c66ae 0x4c66ae
0x4e01dc 0x4c66ae
0x4c66ae 0x4c66ae
0x4e01dc 0x4c66ae
0x4c66ae 0x4c66ae
0x4e01dc 0x4c66ae
0x4c66ae 0x4c66ae
0x4e01dc 0x4c66ae
0x4c66ae 0x4c66ae
0x4e01dc 0x4c66ae
0x4c66ae 0x4c66ae
0x4e01dc 0x4c66ae
0x4c66ae 0x4c66ae
0x4e01dc 0x4c66ae
0x4c66ae 0x4c66ae
0x4e01dc 0x4c66ae
0x4c66ae 0x4c66ae
0x4e01dc 0x4c66ae
0x4c66ae 0x4c66ae
0x4e01dc 0x4c66ae
0x4c66ae 0x4c66ae
0x4e01dc 0x4c66ae
0x4c66ae 0x4c66ae
0x4e01dc 0x4c66ae
0x4c66ae 0x4c66ae
0x4e01dc 0x4c66ae
0x4c66ae 0x4c66ae
0x4e01dc 0x4c66ae
TIME("seq_prop-write","done") = 7.114 secs
TIME("smear[cpu]","done") = 8.967 secs
seq check: complex(3.13873e-10, -8.49926e-11)

Success.
0x4c66ae 0x4c66ae
0x4e01dc 0x4c66ae
0x4c66ae 0x4c66ae
0x4e01dc 0x4c66ae
0x4c66ae 0x4c66ae
0x4e01dc 0x4c66ae
0x4c66ae 0x4c66ae
0x4e01dc 0x4c66ae
0x4c66ae 0x4c66ae
0x4e01dc 0x4c66ae
0x4c66ae 0x4c66ae
0x4e01dc 0x4c66ae
0x4c66ae 0x4c66ae
0x4e01dc 0x4c66ae
0x4c66ae 0x4c66ae
0x4e01dc 0x4c66ae
0x4c66ae 0x4c66ae
0x4e01dc 0x4c66ae
0x4c66ae 0x4c66ae
0x4e01dc 0x4c66ae
0x4c66ae 0x4c66ae
0x4e01dc 0x4c66ae
0x4c66ae 0x4c66ae
0x4e01dc 0x4c66ae
0x4c66ae 0x4c66ae
0x4e01dc 0x4c66ae
0x4c66ae 0x4c66ae
0x4e01dc 0x4c66ae
0x4c66ae 0x4c66ae
0x4e01dc 0x4c66ae
0x4c66ae 0x4c66ae
0x4e01dc 0x4c66ae
0x4c66ae 0x4c66ae
0x4e01dc 0x4c66ae
0x4c66ae 0x4c66ae
0x4e01dc 0x4c66ae
0x4c66ae 0x4c66ae
0x4e01dc 0x4c66ae
0x4c66ae 0x4c66ae
0x4e01dc 0x4c66ae
0x4c66ae 0x4c66ae
0x4e01dc 0x4c66ae
0x4c66ae 0x4c66ae
0x4e01dc 0x4c66ae
0x4c66ae 0x4c66ae
0x4e01dc 0x4c66ae
0x4c66ae 0x4c66ae
0x4e01dc 0x4c66ae
0x4c66ae 0x4c66ae
0x4e01dc 0x4c66ae
0x4c66ae 0x4c66ae
0x4e01dc 0x4c66ae
0x4c66ae 0x4c66ae
0x4e01dc 0x4c66ae
0x4c66ae 0x4c66ae
0x4e01dc 0x4c66ae
0x4c66ae 0x4c66ae
0x4e01dc 0x4c66ae
0x4c66ae 0x4c66ae
0x4e01dc 0x4c66ae
0x4c66ae 0x4c66ae
0x4e01dc 0x4c66ae
0x4c66ae 0x4c66ae
0x4e01dc 0x4c66ae
0x4c66ae 0x4c66ae
0x4e01dc 0x4c66ae
0x4c66ae 0x4c66ae
0x4e01dc 0x4c66ae
0x4c66ae 0x4c66ae
0x4e01dc 0x4c66ae
0x4c66ae 0x4c66ae
0x4e01dc 0x4c66ae
0x4c66ae 0x4c66ae
0x4e01dc 0x4c66ae
0x4c66ae 0x4c66ae
0x4e01dc 0x4c66ae
0x4c66ae 0x4c66ae
0x4e01dc 0x4c66ae
0x4c66ae 0x4c66ae
0x4e01dc 0x4c66ae
0x4c66ae 0x4c66ae
0x4e01dc 0x4c66ae
0x4c66ae 0x4c66ae
0x4e01dc 0x4c66ae
0x4c66ae 0x4c66ae
0x4e01dc 0x4c66ae
0x4c66ae 0x4c66ae
0x4e01dc 0x4c66ae
0x4c66ae 0x4c66ae
0x4e01dc 0x4c66ae
0x4c66ae 0x4c66ae
0x4e01dc 0x4c66ae
0x4c66ae 0x4c66ae
0x4e01dc 0x4c66ae
0x4c66ae 0x4c66ae
0x4e01dc 0x4c66ae
0x4c66ae 0x4c66ae
0x4e01dc 0x4c66ae
0x4c66ae 0x4c66ae
0x4e01dc 0x4c66ae
0x4c66ae 0x4c66ae
0x4e01dc 0x4c66ae
0x4c66ae 0x4c66ae
0x4e01dc 0x4c66ae
0x4c66ae 0x4c66ae
0x4e01dc 0x4c66ae
0x4c66ae 0x4c66ae
0x4e01dc 0x4c66ae
0x4c66ae 0x4c66ae
0x4e01dc 0x4c66ae
0x4c66ae 0x4c66ae
0x4e01dc 0x4c66ae
0x4c66ae 0x4c66ae
0x4e01dc 0x4c66ae
0x4c66ae 0x4c66ae
0x4e01dc 0x4c66ae
0x4c66ae 0x4c66ae
0x4e01dc 0x4c66ae
0x4c66ae 0x4c66ae
0x4e01dc 0x4c66ae
0x4c66ae 0x4c66ae
0x4e01dc 0x4c66ae
0x4c66ae 0x4c66ae
0x4e01dc 0x4c66ae
0x4c66ae 0x4c66ae
0x4e01dc 0x4c66ae
0x4c66ae 0x4c66ae
0x4e01dc 0x4c66ae
0x4c66ae 0x4c66ae
0x4e01dc 0x4c66ae
0x4c66ae 0x4c66ae
0x4e01dc 0x4c66ae
0x4c66ae 0x4c66ae
0x4e01dc 0x4c66ae
0x4c66ae 0x4c66ae
0x4e01dc 0x4c66ae
0x4c66ae 0x4c66ae
0x4e01dc 0x4c66ae
0x4c66ae 0x4c66ae
0x4e01dc 0x4c66ae
0x4c66ae 0x4c66ae
0x4e01dc 0x4c66ae
0x4c66ae 0x4c66ae
0x4e01dc 0x4c66ae
0x4c66ae 0x4c66ae
0x4e01dc 0x4c66ae
0x4c66ae 0x4c66ae
0x4e01dc 0x4c66ae
0x4c66ae 0x4c66ae
0x4e01dc 0x4c66ae
0x4c66ae 0x4c66ae
0x4e01dc 0x4c66ae
0x4c66ae 0x4c66ae
0x4e01dc 0x4c66ae
0x4c66ae 0x4c66ae
0x4e01dc 0x4c66ae
0x4c66ae 0x4c66ae
0x4e01dc 0x4c66ae
0x4c66ae 0x4c66ae
0x4e01dc 0x4c66ae
0x4c66ae 0x4c66ae
0x4e01dc 0x4c66ae
0x4c66ae 0x4c66ae
0x4e01dc 0x4c66ae
0x4c66ae 0x4c66ae
0x4e01dc 0x4c66ae
0x4c66ae 0x4c66ae
0x4e01dc 0x4c66ae
0x4c66ae 0x4c66ae
0x4e01dc 0x4c66ae
0x4c66ae 0x4c66ae
0x4e01dc 0x4c66ae
0x4c66ae 0x4c66ae
0x4e01dc 0x4c66ae
0x4c66ae 0x4c66ae
0x4e01dc 0x4c66ae
0x4c66ae 0x4c66ae
0x4e01dc 0x4c66ae
0x4c66ae 0x4c66ae
0x4e01dc 0x4c66ae
0x4c66ae 0x4c66ae
0x4e01dc 0x4c66ae
0x4c66ae 0x4c66ae
0x4e01dc 0x4c66ae
0x4c66ae 0x4c66ae
0x4e01dc 0x4c66ae
0x4c66ae 0x4c66ae
0x4e01dc 0x4c66ae
0x4c66ae 0x4c66ae
0x4e01dc 0x4c66ae
0x4c66ae 0x4c66ae
0x4e01dc 0x4c66ae
0x4c66ae 0x4c66ae
0x4e01dc 0x4c66ae
0x4c66ae 0x4c66ae
0x4e01dc 0x4c66ae
0x4c66ae 0x4c66ae
0x4e01dc 0x4c66ae
0x4c66ae 0x4c66ae
0x4e01dc 0x4c66ae
0x4c66ae 0x4c66ae
0x4e01dc 0x4c66ae
0x4c66ae 0x4c66ae
0x4e01dc 0x4c66ae
0x4c66ae 0x4c66ae
0x4e01dc 0x4c66ae
0x4c66ae 0x4c66ae
0x4e01dc 0x4c66ae
0x4c66ae 0x4c66ae
0x4e01dc 0x4c66ae
0x4c66ae 0x4c66ae
0x4e01dc 0x4c66ae
0x4c66ae 0x4c66ae
0x4e01dc 0x4c66ae
0x4c66ae 0x4c66ae
0x4e01dc 0x4c66ae
0x4c66ae 0x4c66ae
0x4e01dc 0x4c66ae
0x4c66ae 0x4c66ae
0x4e01dc 0x4c66ae
0x4c66ae 0x4c66ae
0x4e01dc 0x4c66ae
