machine of 192 nodes
network kind: switch
L.network[1] = 4
L.network[2] = 4
L.network[3] = 4
L.network[4] = 3
DML_partition_in times: read 0.36  send 0.00  total 0.40
TIME("gauge_load","done") = 0.494 secs
TIME("gauge_stout_smear","done") = 0.416 secs
TIME("gauge_ape_smear","done") = 6.359 secs
init_level 0
init_level 1
creating MG level 0
creating lattice: 8 8 8 24
ndim = 4
numsites = 64
len = 8 8 8 24
nsquares = 2 2 4 12

creating block
local = 0
creating args
creating null vecs
0x4c66ae 0x4c66ae
0   6   275    0.00442772  0.00576097  0.00990826  0.0405079   0.317518  
1   3   277    0.00467233  0.00282327
2   3   188    0.00386769  0.00518788
3   2   186    0.00509577  0.00582634
4   2   153    0.00471071  0.00584184
5   3   258    0.00364966  0.00400243
6   2   177    0.00375999  0.00453282
7   2   147    0.00449983  0.00524536
8   2   132    0.00432525  0.00529446
9   2   167    0.00503242  0.00598134
10  2   161    0.00509275  0.0061769 
11  2   152    0.00519173  0.00589608
12  2   160    0.0050928   0.00603668
13  2   148    0.00452864  0.0059227 
14  2   153    0.00552651  0.00627733
15  2   159    0.00547573  0.00718174
16  2   155    0.0054356   0.00691884
17  2   157    0.00517824  0.00732297
18  2   152    0.0055065   0.00657864
19  2   135    0.00547105  0.0068491 
20  2   162    0.0051078   0.00644772
21  2   157    0.00549983  0.00686584
22  2   140    0.00589151  0.00714052
23  2   134    0.00542804  0.00749713
setup its = 4085
0    1           1.96047e-05  0.00442772
1    1           2.18306e-05  0.00467233
2    1           1.49591e-05  0.00386769
3    1           2.59668e-05  0.00509577
4    1           2.21908e-05  0.00471071
5    1           1.332e-05   0.00364966
6    1           1.41375e-05  0.00375999
7    1           2.02485e-05  0.00449983
8    1           1.87078e-05  0.00432525
9    1           2.53253e-05  0.00503242
10   1           2.59361e-05  0.00509275
11   1           2.69541e-05  0.00519173
12   1           2.59366e-05  0.0050928 
13   1           2.05085e-05  0.00452864
14   1           3.05423e-05  0.00552651
15   1           2.99837e-05  0.00547573
16   1           2.95457e-05  0.0054356 
17   1           2.68142e-05  0.00517824
18   1           3.03215e-05  0.0055065 
19   1           2.99323e-05  0.00547105
20   1           2.60896e-05  0.0051078 
21   1           3.02481e-05  0.00549983
22   1           3.47098e-05  0.00589151
23   1           2.94636e-05  0.00542804
0    1           1.96047e-05  0.00442772
1    1           2.69149e-05  0.00518796
2    1           1.76473e-05  0.00420087
3    1           2.71245e-05  0.00520811
4    1           2.48353e-05  0.00498351
5    1           2.26125e-05  0.00475526
6    1           3.90845e-05  0.00625176
7    1           8.11175e-05  0.00900653
8    1           9.55146e-05  0.00977316
9    1           6.68468e-05  0.00817599
10   1           0.000180654  0.0134408 
11   1           5.42261e-05  0.00736384
12   1           8.15476e-05  0.00903037
13   1           0.000140544  0.0118551 
14   1           8.98006e-05  0.00947632
15   1           6.62802e-05  0.00814127
16   1           0.00015554  0.0124716 
17   1           5.7332e-05  0.00757179
18   1           5.60642e-05  0.0074876 
19   1           0.000119961  0.0109527 
20   1           0.000214046  0.0146303 
21   1           9.57178e-05  0.00978355
22   1           7.79517e-05  0.00882903
23   1           0.000167294  0.0129342 
0    24576       358.011     0.120696  
1    24576       1335.85     0.233144  
2    24576       2139.4      0.295047  
3    24576       2871.45     0.341818  
4    24576       3433.67     0.373786  
5    24576       3949.94     0.400903  
6    24576       4399.91     0.423122  
7    24576       4815.37     0.442649  
8    24576       5179.24     0.459068  
9    24576       5544.49     0.47498   
10   24576       5829.26     0.487025  
11   24576       6187.62     0.501772  
12   24576       6470.2      0.513102  
13   24576       6757.27     0.52436   
14   24576       7007.68     0.533988  
15   24576       7269.06     0.543856  
16   24576       7471.03     0.551359  
17   24576       7719.37     0.560448  
18   24576       7963.92     0.569256  
19   24576       8139.92     0.575512  
20   24576       8350.28     0.582901  
21   24576       8550.33     0.589842  
22   24576       8749.08     0.596658  
23   24576       8924.15     0.602598  
get_nullvecs: 158.546 secs
vcomp 0  ( 588767 588767 )  3.63675e-07 / 2.35507e+06 = 1.54422e-13
vcomp 1  ( 590623 590623 )  3.24951e-07 / 2.36249e+06 = 1.37546e-13
vcomp 0  ( 588767 588767 )  3.74618e-07 / 2.35507e+06 = 1.59069e-13
vcomp 1  ( 590623 590623 )  3.35886e-07 / 2.36249e+06 = 1.42175e-13

creating true coarse operator
 shift  0 :  1  0  0  0
 shift  1 :  0  1  0  0
 shift  2 :  0  0  1  0
 shift  3 :  0  0  0  1
 shift  4 : -1  0  0  0
 shift  5 :  0 -1  0  0
 shift  6 :  0  0 -1  0
 shift  7 :  0  0  0 -1
 shift  8 :  0  0  0  0
16: 0 5 10 15
vcomp 0  ( 0.0880462 0.0880462 )  0 / 0.352185 = 0
vcomp 1  ( 0.0166551 0.0166551 )  0 / 0.0666205 = 0
vcomp 0  ( 1 1 )  9.24481e-15 / 4 = 2.3112e-15
vcomp 1  ( 0 6.61848e-15 )  6.61848e-15 / 6.61848e-15 = 1
vcomp 0  ( 1.59206 1.59206 )  2.18235e-14 / 6.36825 = 3.42693e-15
vcomp 1  ( 0.270058 0.270058 )  1.35396e-14 / 1.08023 = 1.2534e-14
vcomp 0  ( 0.0617617 0.0617617 )  8.94934e-16 / 0.247047 = 3.62253e-15
vcomp 1  ( 0.0138972 0.0138972 )  6.11934e-16 / 0.0555886 = 1.10083e-14
QOP_F_mgCloneOp: 125.615 secs
creating MG level 1
creating lattice: 4 4 4 12
ndim = 4
numsites = 4
len = 4 4 4 12
nsquares = 2 2 4 12

creating block
local = 1
creating args
creating null vecs
0x4e01dc 0x4c66ae
0   6   45     0.0176028   0.0215022   0.0326079   0.0921785   0.398609  
1   4   56     0.00787032  0.0106005   0.0181046 
2   2   24     0.0151351   0.0186731 
3   3   45     0.015325    0.0161104 
4   2   33     0.0179146   0.0227311 
5   3   42     0.0156892   0.0164633 
6   3   34     0.0156372   0.0169343 
7   2   23     0.0217866   0.023525  
8   2   20     0.0248281   0.031706  
9   3   32     0.0228382   0.0237958 
10  2   20     0.0243038   0.0289093 
11  3   32     0.0198702   0.0233617 
12  2   21     0.0216883   0.0241135 
13  2   21     0.0240775   0.0286726 
14  2   21     0.0249668   0.0276351 
15  3   32     0.0202604   0.0231997 
16  2   20     0.0242509   0.0302738 
17  3   32     0.0248155   0.0242663 
18  3   32     0.0227369   0.0235886 
19  3   35     0.0195243   0.0218787 
20  2   20     0.0239131   0.0265964 
21  3   31     0.0225727   0.026674  
22  2   23     0.0247816   0.0285592 
23  3   32     0.0227855   0.0238241 
setup its = 726
0    1           0.00030986  0.0176028 
1    1           6.19422e-05  0.00787034
2    1           0.000229073  0.0151351 
3    1           0.000234857  0.015325  
4    1           0.000320933  0.0179146 
5    1           0.000246153  0.0156893 
6    1           0.000244523  0.0156372 
7    1           0.000474658  0.0217866 
8    1           0.000616434  0.0248281 
9    1           0.000521585  0.0228382 
10   1           0.000590674  0.0243038 
11   1           0.000394825  0.0198702 
12   1           0.00047038  0.0216883 
13   1           0.000579725  0.0240775 
14   1           0.00062334  0.0249668 
15   1           0.000410482  0.0202604 
16   1           0.000588107  0.0242509 
17   1           0.000615807  0.0248155 
18   1           0.000516969  0.0227369 
19   1           0.000381197  0.0195243 
20   1           0.000571838  0.0239131 
21   1           0.000509526  0.0225727 
22   1           0.000614125  0.0247816 
23   1           0.000519181  0.0227855 
0    1           0.00030986  0.0176028 
1    1           6.45984e-05  0.00803731
2    1           0.000299885  0.0173172 
3    1           0.000270172  0.0164369 
4    1           0.000404421  0.0201102 
5    1           0.000313709  0.0177118 
6    1           0.000887852  0.0297968 
7    1           0.000986883  0.0314147 
8    1           0.00064078  0.0253136 
9    1           0.000729658  0.0270122 
10   1           0.000785556  0.0280278 
11   1           0.00103661  0.0321964 
12   1           0.000923774  0.0303936 
13   1           0.000756598  0.0275063 
14   1           0.00153361  0.0391613 
15   1           0.00110691  0.0332702 
16   1           0.000854475  0.0292314 
17   1           0.00145568  0.0381533 
18   1           0.00134691  0.0367003 
19   1           0.00147009  0.0383418 
20   1           0.00187392  0.0432888 
21   1           0.0012563   0.0354443 
22   1           0.0019374   0.0440159 
23   1           0.00291934  0.0540309 
0    1536        32.7266     0.145967  
1    1536        129.942     0.290857  
2    1536        186.77      0.348705  
3    1536        241.807     0.39677   
4    1536        288.647     0.433499  
5    1536        334.699     0.466801  
6    1536        374.999     0.494105  
7    1536        405.55      0.513838  
8    1536        441.822     0.536325  
9    1536        470.728     0.553591  
10   1536        511.006     0.576789  
11   1536        535.452     0.590425  
12   1536        568.565     0.608408  
13   1536        592.865     0.621273  
14   1536        614.485     0.632499  
15   1536        639.151     0.645069  
16   1536        668         0.659466  
17   1536        688.114     0.669321  
18   1536        707.685     0.678773  
19   1536        732.943     0.69078   
20   1536        750.702     0.699098  
21   1536        769.51      0.707802  
22   1536        796.357     0.720043  
23   1536        813.487     0.727746  
get_nullvecs: 2.41769 secs
vcomp 0  ( 36839.7 36839.7 )  4.12834e-09 / 147359 = 2.80156e-14
vcomp 1  ( 36625.1 36625.1 )  4.03346e-09 / 146500 = 2.75321e-14
vcomp 0  ( 36839.7 36839.7 )  4.70442e-09 / 147359 = 3.19249e-14
vcomp 1  ( 36625.1 36625.1 )  4.59487e-09 / 146500 = 3.13642e-14

creating true coarse operator
 shift  0 :  1  0  0  0
 shift  1 :  0  1  0  0
 shift  2 :  0  0  1  0
 shift  3 :  0  0  0  1
 shift  4 : -1  0  0  0
 shift  5 :  0 -1  0  0
 shift  6 :  0  0 -1  0
 shift  7 :  0  0  0 -1
 shift  8 :  0  0  0  0
16: 0 5 10 15
vcomp 0  ( 0.373414 0.373414 )  0 / 1.49365 = 0
vcomp 1  ( 0.0254971 0.0254971 )  0 / 0.101989 = 0
vcomp 0  ( 1 0.999999 )  3.70887e-13 / 4 = 9.27219e-14
vcomp 1  ( 0 2.73744e-15 )  2.73744e-15 / 2.73744e-15 = 1
vcomp 0  ( 1.4715 1.47149 )  2.5432e-13 / 5.88598 = 4.32077e-14
vcomp 1  ( 0.120997 0.120997 )  2.79084e-14 / 0.483987 = 5.76636e-14
vcomp 0  ( 0.232557 0.232557 )  5.25492e-15 / 0.93023 = 5.64906e-15
vcomp 1  ( 0.0229323 0.0229323 )  1.88794e-15 / 0.0917291 = 2.05818e-14
QOP_F_mgCloneOp: 1.21595 secs
TIME("set up mg solver","done") = 288.385 secs
TIME("make_mg_solver","done") = 288.385 secs
momentum smearing with ( 0 0 0 0 )
TIME("make_mom_smear_fct","done") = 0.011 secs
TIME("smear[cpu]","done") = 0.110 secs
TIME("frw_prop_source.1796.x0y0z0t0","done") = 0.145 secs
iters =   21  secs = 6.254513  rsq = 2.02442e-16
level 0 count 21 tpre 0.01 tcoarse 3.45 tpost 1.99 trest 1.49 tprol 1.41
level 1 count 40 tpre 0.00 tcoarse 0.13 tpost 0.32 trest 0.00 tprol 0.00
iters =   21  secs = 6.209213  rsq = 2.5205e-16
level 0 count 21 tpre 0.01 tcoarse 3.42 tpost 1.99 trest 1.48 tprol 1.42
level 1 count 40 tpre 0.00 tcoarse 0.11 tpost 0.31 trest 0.00 tprol 0.00
iters =   21  secs = 6.210819  rsq = 1.93261e-16
level 0 count 21 tpre 0.01 tcoarse 3.42 tpost 1.99 trest 1.48 tprol 1.41
level 1 count 40 tpre 0.00 tcoarse 0.11 tpost 0.31 trest 0.00 tprol 0.00
iters =   21  secs = 6.220834  rsq = 2.27591e-16
level 0 count 21 tpre 0.01 tcoarse 3.43 tpost 1.99 trest 1.48 tprol 1.42
level 1 count 40 tpre 0.00 tcoarse 0.12 tpost 0.31 trest 0.00 tprol 0.00
iters =   21  secs = 6.227700  rsq = 2.22072e-16
level 0 count 21 tpre 0.01 tcoarse 3.42 tpost 2.01 trest 1.47 tprol 1.41
level 1 count 39 tpre 0.00 tcoarse 0.12 tpost 0.31 trest 0.00 tprol 0.00
iters =   21  secs = 6.222817  rsq = 2.13285e-16
level 0 count 21 tpre 0.01 tcoarse 3.43 tpost 1.99 trest 1.47 tprol 1.41
level 1 count 40 tpre 0.00 tcoarse 0.13 tpost 0.32 trest 0.00 tprol 0.00
iters =   21  secs = 6.243906  rsq = 1.93934e-16
level 0 count 21 tpre 0.01 tcoarse 3.46 tpost 1.99 trest 1.48 tprol 1.42
level 1 count 41 tpre 0.00 tcoarse 0.13 tpost 0.32 trest 0.00 tprol 0.00
iters =   21  secs = 6.224669  rsq = 2.66723e-16
level 0 count 21 tpre 0.01 tcoarse 3.44 tpost 1.99 trest 1.47 tprol 1.41
level 1 count 41 tpre 0.00 tcoarse 0.13 tpost 0.32 trest 0.00 tprol 0.00
iters =   21  secs = 6.228011  rsq = 2.43738e-16
level 0 count 21 tpre 0.01 tcoarse 3.44 tpost 1.99 trest 1.47 tprol 1.41
level 1 count 41 tpre 0.00 tcoarse 0.13 tpost 0.32 trest 0.00 tprol 0.00
iters =   21  secs = 6.228674  rsq = 2.77975e-16
level 0 count 21 tpre 0.01 tcoarse 3.44 tpost 1.99 trest 1.47 tprol 1.41
level 1 count 41 tpre 0.00 tcoarse 0.13 tpost 0.32 trest 0.00 tprol 0.00
iters =   21  secs = 6.235059  rsq = 2.66526e-16
level 0 count 21 tpre 0.01 tcoarse 3.45 tpost 1.99 trest 1.47 tprol 1.41
level 1 count 41 tpre 0.00 tcoarse 0.13 tpost 0.32 trest 0.00 tprol 0.00
iters =   21  secs = 6.215937  rsq = 2.79157e-16
level 0 count 21 tpre 0.01 tcoarse 3.43 tpost 1.99 trest 1.47 tprol 1.41
level 1 count 40 tpre 0.00 tcoarse 0.12 tpost 0.32 trest 0.00 tprol 0.00
TIME("smear[cpu]","done") = 8.993 secs
TIME("frw_prop.1796.x0y0z0t0","done") = 85.224 secs
TIME("fwd_prop-write","done") = 7.406 secs
TIME("sm_fwd_prop-write","done") = 7.428 secs
doing sink momentum 0 0 0 0
The sink time is 10
computing (1-g4) projected prop
TIME("c3pt","bwd_source") = 0.402 secs
TIME("smear[cpu]","done") = 1.250 secs
iters =   21  secs = 6.268365  rsq = 2.81491e-16
level 0 count 21 tpre 0.01 tcoarse 3.48 tpost 1.99 trest 1.48 tprol 1.41
level 1 count 42 tpre 0.00 tcoarse 0.13 tpost 0.35 trest 0.00 tprol 0.00
iters =   21  secs = 6.249834  rsq = 2.82901e-16
level 0 count 21 tpre 0.01 tcoarse 3.46 tpost 1.99 trest 1.47 tprol 1.41
level 1 count 42 tpre 0.00 tcoarse 0.12 tpost 0.34 trest 0.00 tprol 0.00
iters =   21  secs = 6.253504  rsq = 3.06338e-16
level 0 count 21 tpre 0.01 tcoarse 3.46 tpost 1.99 trest 1.48 tprol 1.41
level 1 count 41 tpre 0.00 tcoarse 0.13 tpost 0.33 trest 0.00 tprol 0.00
iters =   21  secs = 6.244533  rsq = 3.18421e-16
level 0 count 21 tpre 0.01 tcoarse 3.46 tpost 1.99 trest 1.48 tprol 1.41
level 1 count 41 tpre 0.00 tcoarse 0.13 tpost 0.33 trest 0.00 tprol 0.00
iters =   21  secs = 6.253222  rsq = 3.20718e-16
level 0 count 21 tpre 0.01 tcoarse 3.47 tpost 1.99 trest 1.48 tprol 1.41
level 1 count 41 tpre 0.00 tcoarse 0.13 tpost 0.33 trest 0.00 tprol 0.00
iters =   21  secs = 6.261200  rsq = 3.63433e-16
level 0 count 21 tpre 0.01 tcoarse 3.47 tpost 1.99 trest 1.49 tprol 1.41
level 1 count 41 tpre 0.00 tcoarse 0.12 tpost 0.34 trest 0.00 tprol 0.00
TIME("c3pt","bwd_prop") = 39.865 secs
TIME("seq_prop-write","done") = 6.990 secs
TIME("smear[cpu]","done") = 8.970 secs
seq check: complex(4.66623e-10, 3.13453e-11)
doing sink momentum 0 0 0 0
The sink time is 10
computing (1-g4) projected prop
TIME("c3pt","bwd_source") = 0.448 secs
TIME("smear[cpu]","done") = 1.255 secs
iters =   21  secs = 6.325676  rsq = 2.81491e-16
level 0 count 21 tpre 0.01 tcoarse 3.54 tpost 1.99 trest 1.48 tprol 1.48
level 1 count 42 tpre 0.00 tcoarse 0.13 tpost 0.34 trest 0.00 tprol 0.00
iters =   21  secs = 6.251595  rsq = 2.46553e-16
level 0 count 21 tpre 0.01 tcoarse 3.46 tpost 1.99 trest 1.48 tprol 1.41
level 1 count 41 tpre 0.00 tcoarse 0.13 tpost 0.33 trest 0.00 tprol 0.00
iters =   21  secs = 6.244675  rsq = 3.06338e-16
level 0 count 21 tpre 0.01 tcoarse 3.45 tpost 1.99 trest 1.48 tprol 1.41
level 1 count 41 tpre 0.00 tcoarse 0.12 tpost 0.33 trest 0.00 tprol 0.00
iters =   21  secs = 6.242499  rsq = 2.87068e-16
level 0 count 21 tpre 0.01 tcoarse 3.45 tpost 1.99 trest 1.48 tprol 1.41
level 1 count 41 tpre 0.00 tcoarse 0.13 tpost 0.33 trest 0.00 tprol 0.00
iters =   21  secs = 6.260982  rsq = 3.20718e-16
level 0 count 21 tpre 0.01 tcoarse 3.47 tpost 1.99 trest 1.48 tprol 1.42
level 1 count 41 tpre 0.00 tcoarse 0.13 tpost 0.33 trest 0.00 tprol 0.00
iters =   21  secs = 6.243092  rsq = 3.31675e-16
level 0 count 21 tpre 0.01 tcoarse 3.45 tpost 1.99 trest 1.47 tprol 1.41
level 1 count 41 tpre 0.00 tcoarse 0.13 tpost 0.33 trest 0.00 tprol 0.00
TIME("c3pt","bwd_prop") = 39.953 secs
TIME("seq_prop-write","done") = 7.242 secs
TIME("smear[cpu]","done") = 8.963 secs
seq check: complex(9.33247e-10, 6.26907e-11)
TIME("smear[cpu]","done") = 0.083 secs
TIME("frw_prop_source.1796.x8y0z0t0","done") = 0.117 secs
iters =   21  secs = 6.229432  rsq = 2.36326e-16
level 0 count 21 tpre 0.01 tcoarse 3.44 tpost 1.99 trest 1.47 tprol 1.42
level 1 count 40 tpre 0.00 tcoarse 0.13 tpost 0.32 trest 0.00 tprol 0.00
iters =   21  secs = 6.213540  rsq = 2.45824e-16
level 0 count 21 tpre 0.01 tcoarse 3.43 tpost 1.99 trest 1.48 tprol 1.41
level 1 count 40 tpre 0.00 tcoarse 0.12 tpost 0.31 trest 0.00 tprol 0.00
iters =   21  secs = 6.219524  rsq = 2.04409e-16
level 0 count 21 tpre 0.01 tcoarse 3.43 tpost 1.99 trest 1.48 tprol 1.41
level 1 count 40 tpre 0.00 tcoarse 0.13 tpost 0.31 trest 0.00 tprol 0.00
iters =   21  secs = 6.217214  rsq = 2.02402e-16
level 0 count 21 tpre 0.01 tcoarse 3.43 tpost 1.99 trest 1.48 tprol 1.41
level 1 count 40 tpre 0.00 tcoarse 0.12 tpost 0.31 trest 0.00 tprol 0.00
iters =   20  secs = 5.937917  rsq = 9.24816e-16
level 0 count 20 tpre 0.01 tcoarse 3.28 tpost 1.90 trest 1.41 tprol 1.35
level 1 count 38 tpre 0.00 tcoarse 0.12 tpost 0.30 trest 0.00 tprol 0.00
iters =   21  secs = 6.227291  rsq = 2.81331e-16
level 0 count 21 tpre 0.01 tcoarse 3.44 tpost 1.99 trest 1.48 tprol 1.41
level 1 count 40 tpre 0.00 tcoarse 0.13 tpost 0.32 trest 0.00 tprol 0.00
iters =   21  secs = 6.225298  rsq = 2.16637e-16
level 0 count 21 tpre 0.01 tcoarse 3.44 tpost 1.99 trest 1.48 tprol 1.41
level 1 count 39 tpre 0.00 tcoarse 0.14 tpost 0.31 trest 0.00 tprol 0.00
iters =   21  secs = 6.258242  rsq = 1.86688e-16
level 0 count 21 tpre 0.01 tcoarse 3.45 tpost 2.01 trest 1.48 tprol 1.41
level 1 count 40 tpre 0.00 tcoarse 0.13 tpost 0.32 trest 0.00 tprol 0.00
iters =   21  secs = 6.208983  rsq = 2.10797e-16
level 0 count 21 tpre 0.01 tcoarse 3.42 tpost 1.99 trest 1.48 tprol 1.41
level 1 count 39 tpre 0.00 tcoarse 0.12 tpost 0.31 trest 0.00 tprol 0.00
iters =   21  secs = 6.207617  rsq = 2.54592e-16
level 0 count 21 tpre 0.01 tcoarse 3.42 tpost 1.99 trest 1.47 tprol 1.42
level 1 count 39 tpre 0.00 tcoarse 0.12 tpost 0.31 trest 0.00 tprol 0.00
iters =   21  secs = 6.221830  rsq = 2.05977e-16
level 0 count 21 tpre 0.01 tcoarse 3.43 tpost 1.99 trest 1.48 tprol 1.41
level 1 count 40 tpre 0.00 tcoarse 0.12 tpost 0.32 trest 0.00 tprol 0.00
iters =   20  secs = 5.909181  rsq = 9.92597e-16
level 0 count 20 tpre 0.01 tcoarse 3.26 tpost 1.89 trest 1.41 tprol 1.35
level 1 count 38 tpre 0.00 tcoarse 0.11 tpost 0.30 trest 0.00 tprol 0.00
TIME("smear[cpu]","done") = 8.990 secs
TIME("frw_prop.1796.x8y0z0t0","done") = 84.399 secs
TIME("fwd_prop-write","done") = 8.136 secs
TIME("sm_fwd_prop-write","done") = 7.232 secs
doing sink momentum 0 0 0 0
The sink time is 10
computing (1-g4) projected prop
TIME("c3pt","bwd_source") = 0.402 secs
TIME("smear[cpu]","done") = 1.252 secs
iters =   21  secs = 6.254537  rsq = 2.55279e-16
level 0 count 21 tpre 0.01 tcoarse 3.46 tpost 2.00 trest 1.47 tprol 1.41
level 1 count 41 tpre 0.00 tcoarse 0.14 tpost 0.33 trest 0.00 tprol 0.00
iters =   21  secs = 6.240362  rsq = 3.85828e-16
level 0 count 21 tpre 0.01 tcoarse 3.45 tpost 1.99 trest 1.47 tprol 1.41
level 1 count 41 tpre 0.00 tcoarse 0.13 tpost 0.33 trest 0.00 tprol 0.00
iters =   21  secs = 6.252851  rsq = 3.44095e-16
level 0 count 21 tpre 0.01 tcoarse 3.46 tpost 1.99 trest 1.47 tprol 1.41
level 1 count 41 tpre 0.00 tcoarse 0.13 tpost 0.33 trest 0.00 tprol 0.00
iters =   21  secs = 6.241067  rsq = 2.74871e-16
level 0 count 21 tpre 0.01 tcoarse 3.45 tpost 1.99 trest 1.48 tprol 1.41
level 1 count 41 tpre 0.00 tcoarse 0.13 tpost 0.33 trest 0.00 tprol 0.00
iters =   21  secs = 6.245954  rsq = 2.78786e-16
level 0 count 21 tpre 0.01 tcoarse 3.45 tpost 1.99 trest 1.47 tprol 1.41
level 1 count 41 tpre 0.00 tcoarse 0.12 tpost 0.34 trest 0.00 tprol 0.00
iters =   21  secs = 6.272283  rsq = 3.13552e-16
level 0 count 21 tpre 0.01 tcoarse 3.48 tpost 1.99 trest 1.48 tprol 1.43
level 1 count 41 tpre 0.00 tcoarse 0.13 tpost 0.33 trest 0.00 tprol 0.00
TIME("c3pt","bwd_prop") = 39.844 secs
TIME("seq_prop-write","done") = 6.909 secs
TIME("smear[cpu]","done") = 8.959 secs
seq check: complex(9.86826e-11, 1.8577e-10)
doing sink momentum 0 0 0 0
The sink time is 10
computing (1-g4) projected prop
TIME("c3pt","bwd_source") = 0.449 secs
TIME("smear[cpu]","done") = 1.256 secs
iters =   21  secs = 6.262122  rsq = 2.55279e-16
level 0 count 21 tpre 0.01 tcoarse 3.47 tpost 1.99 trest 1.48 tprol 1.42
level 1 count 41 tpre 0.00 tcoarse 0.14 tpost 0.33 trest 0.00 tprol 0.00
iters =   21  secs = 6.239846  rsq = 2.90629e-16
level 0 count 21 tpre 0.01 tcoarse 3.45 tpost 1.99 trest 1.47 tprol 1.42
level 1 count 41 tpre 0.00 tcoarse 0.12 tpost 0.32 trest 0.00 tprol 0.00
iters =   21  secs = 6.241697  rsq = 3.44095e-16
level 0 count 21 tpre 0.01 tcoarse 3.45 tpost 1.99 trest 1.48 tprol 1.41
level 1 count 41 tpre 0.00 tcoarse 0.13 tpost 0.33 trest 0.00 tprol 0.00
iters =   21  secs = 6.242376  rsq = 2.76184e-16
level 0 count 21 tpre 0.01 tcoarse 3.45 tpost 1.99 trest 1.47 tprol 1.41
level 1 count 41 tpre 0.00 tcoarse 0.13 tpost 0.33 trest 0.00 tprol 0.00
iters =   21  secs = 6.231537  rsq = 2.78786e-16
level 0 count 21 tpre 0.01 tcoarse 3.44 tpost 1.99 trest 1.47 tprol 1.42
level 1 count 41 tpre 0.00 tcoarse 0.12 tpost 0.33 trest 0.00 tprol 0.00
iters =   21  secs = 6.246728  rsq = 2.85984e-16
level 0 count 21 tpre 0.01 tcoarse 3.46 tpost 1.99 trest 1.48 tprol 1.42
level 1 count 41 tpre 0.00 tcoarse 0.13 tpost 0.33 trest 0.00 tprol 0.00
TIME("c3pt","bwd_prop") = 39.854 secs
TIME("seq_prop-write","done") = 8.147 secs
TIME("smear[cpu]","done") = 8.970 secs
seq check: complex(1.97365e-10, 3.7154e-10)
TIME("smear[cpu]","done") = 0.083 secs
TIME("frw_prop_source.1796.x16y0z0t0","done") = 0.117 secs
iters =   21  secs = 6.236165  rsq = 2.76311e-16
level 0 count 21 tpre 0.01 tcoarse 3.45 tpost 1.99 trest 1.48 tprol 1.42
level 1 count 40 tpre 0.00 tcoarse 0.13 tpost 0.32 trest 0.00 tprol 0.00
iters =   21  secs = 6.238268  rsq = 1.97655e-16
level 0 count 21 tpre 0.01 tcoarse 3.45 tpost 1.99 trest 1.48 tprol 1.42
level 1 count 41 tpre 0.00 tcoarse 0.13 tpost 0.32 trest 0.00 tprol 0.00
iters =   21  secs = 6.221565  rsq = 2.67697e-16
level 0 count 21 tpre 0.01 tcoarse 3.44 tpost 1.99 trest 1.48 tprol 1.41
level 1 count 40 tpre 0.00 tcoarse 0.13 tpost 0.31 trest 0.00 tprol 0.00
iters =   21  secs = 6.217166  rsq = 2.69082e-16
level 0 count 21 tpre 0.01 tcoarse 3.43 tpost 1.99 trest 1.48 tprol 1.41
level 1 count 39 tpre 0.00 tcoarse 0.13 tpost 0.30 trest 0.00 tprol 0.00
iters =   21  secs = 6.231667  rsq = 2.24943e-16
level 0 count 21 tpre 0.01 tcoarse 3.44 tpost 1.99 trest 1.48 tprol 1.42
level 1 count 40 tpre 0.00 tcoarse 0.13 tpost 0.32 trest 0.00 tprol 0.00
iters =   21  secs = 6.235618  rsq = 2.17561e-16
level 0 count 21 tpre 0.01 tcoarse 3.45 tpost 1.99 trest 1.48 tprol 1.41
level 1 count 41 tpre 0.00 tcoarse 0.13 tpost 0.32 trest 0.00 tprol 0.00
iters =   21  secs = 6.230417  rsq = 2.30437e-16
level 0 count 21 tpre 0.01 tcoarse 3.44 tpost 1.99 trest 1.47 tprol 1.41
level 1 count 40 tpre 0.00 tcoarse 0.14 tpost 0.32 trest 0.00 tprol 0.00
iters =   21  secs = 6.255170  rsq = 3.38072e-16
level 0 count 21 tpre 0.01 tcoarse 3.47 tpost 1.99 trest 1.48 tprol 1.42
level 1 count 42 tpre 0.00 tcoarse 0.14 tpost 0.33 trest 0.00 tprol 0.00
iters =   21  secs = 6.219239  rsq = 2.91607e-16
level 0 count 21 tpre 0.01 tcoarse 3.43 tpost 1.99 trest 1.48 tprol 1.41
level 1 count 40 tpre 0.00 tcoarse 0.12 tpost 0.32 trest 0.00 tprol 0.00
iters =   21  secs = 6.211934  rsq = 3.30401e-16
level 0 count 21 tpre 0.01 tcoarse 3.42 tpost 1.99 trest 1.47 tprol 1.41
level 1 count 39 tpre 0.00 tcoarse 0.12 tpost 0.31 trest 0.00 tprol 0.00
iters =   21  secs = 6.185968  rsq = 3.47313e-16
level 0 count 21 tpre 0.01 tcoarse 3.40 tpost 1.99 trest 1.47 tprol 1.41
level 1 count 38 tpre 0.00 tcoarse 0.11 tpost 0.30 trest 0.00 tprol 0.00
iters =   21  secs = 6.254666  rsq = 2.90909e-16
level 0 count 21 tpre 0.01 tcoarse 3.47 tpost 1.99 trest 1.48 tprol 1.41
level 1 count 41 tpre 0.00 tcoarse 0.14 tpost 0.33 trest 0.00 tprol 0.00
TIME("smear[cpu]","done") = 8.969 secs
TIME("frw_prop.1796.x16y0z0t0","done") = 85.047 secs
TIME("fwd_prop-write","done") = 6.994 secs
TIME("sm_fwd_prop-write","done") = 6.735 secs
doing sink momentum 0 0 0 0
The sink time is 10
computing (1-g4) projected prop
TIME("c3pt","bwd_source") = 0.402 secs
TIME("smear[cpu]","done") = 1.254 secs
iters =   21  secs = 6.215144  rsq = 3.79915e-16
level 0 count 21 tpre 0.01 tcoarse 3.43 tpost 1.99 trest 1.47 tprol 1.41
level 1 count 41 tpre 0.00 tcoarse 0.12 tpost 0.32 trest 0.00 tprol 0.00
iters =   21  secs = 6.218564  rsq = 3.47612e-16
level 0 count 21 tpre 0.01 tcoarse 3.43 tpost 1.99 trest 1.47 tprol 1.41
level 1 count 41 tpre 0.00 tcoarse 0.12 tpost 0.32 trest 0.00 tprol 0.00
iters =   21  secs = 6.227852  rsq = 2.64419e-16
level 0 count 21 tpre 0.01 tcoarse 3.44 tpost 1.99 trest 1.48 tprol 1.41
level 1 count 41 tpre 0.00 tcoarse 0.13 tpost 0.32 trest 0.00 tprol 0.00
iters =   21  secs = 6.230458  rsq = 3.00541e-16
level 0 count 21 tpre 0.01 tcoarse 3.44 tpost 1.99 trest 1.48 tprol 1.42
level 1 count 41 tpre 0.00 tcoarse 0.13 tpost 0.32 trest 0.00 tprol 0.00
iters =   21  secs = 6.235309  rsq = 3.06496e-16
level 0 count 21 tpre 0.01 tcoarse 3.44 tpost 2.00 trest 1.48 tprol 1.41
level 1 count 40 tpre 0.00 tcoarse 0.13 tpost 0.31 trest 0.00 tprol 0.00
iters =   21  secs = 6.231418  rsq = 3.0678e-16
level 0 count 21 tpre 0.01 tcoarse 3.45 tpost 1.99 trest 1.48 tprol 1.42
level 1 count 42 tpre 0.00 tcoarse 0.12 tpost 0.32 trest 0.00 tprol 0.00
TIME("c3pt","bwd_prop") = 39.698 secs
TIME("seq_prop-write","done") = 6.591 secs
TIME("smear[cpu]","done") = 8.974 secs
seq check: complex(1.36446e-10, 2.86861e-11)
doing sink momentum 0 0 0 0
The sink time is 10
computing (1-g4) projected prop
TIME("c3pt","bwd_source") = 0.442 secs
TIME("smear[cpu]","done") = 1.248 secs
iters =   21  secs = 6.267316  rsq = 3.79915e-16
level 0 count 21 tpre 0.01 tcoarse 3.46 tpost 2.01 trest 1.48 tprol 1.42
level 1 count 41 tpre 0.00 tcoarse 0.12 tpost 0.33 trest 0.00 tprol 0.00
iters =   21  secs = 6.234585  rsq = 2.68666e-16
level 0 count 21 tpre 0.01 tcoarse 3.45 tpost 1.99 trest 1.47 tprol 1.41
level 1 count 41 tpre 0.00 tcoarse 0.12 tpost 0.33 trest 0.00 tprol 0.00
iters =   21  secs = 6.251041  rsq = 2.64419e-16
level 0 count 21 tpre 0.01 tcoarse 3.46 tpost 1.99 trest 1.48 tprol 1.42
level 1 count 41 tpre 0.00 tcoarse 0.13 tpost 0.33 trest 0.00 tprol 0.00
iters =   21  secs = 6.247789  rsq = 2.96745e-16
level 0 count 21 tpre 0.01 tcoarse 3.46 tpost 1.99 trest 1.48 tprol 1.41
level 1 count 41 tpre 0.00 tcoarse 0.13 tpost 0.33 trest 0.00 tprol 0.00
iters =   21  secs = 6.228240  rsq = 3.06496e-16
level 0 count 21 tpre 0.01 tcoarse 3.44 tpost 1.99 trest 1.48 tprol 1.41
level 1 count 40 tpre 0.00 tcoarse 0.13 tpost 0.32 trest 0.00 tprol 0.00
iters =   21  secs = 6.226422  rsq = 2.81194e-16
level 0 count 21 tpre 0.01 tcoarse 3.44 tpost 1.99 trest 1.48 tprol 1.41
level 1 count 41 tpre 0.00 tcoarse 0.11 tpost 0.32 trest 0.00 tprol 0.00
TIME("c3pt","bwd_prop") = 39.836 secs
TIME("seq_prop-write","done") = 6.988 secs
TIME("smear[cpu]","done") = 8.957 secs
seq check: complex(2.72892e-10, 5.73722e-11)
TIME("smear[cpu]","done") = 0.083 secs
TIME("frw_prop_source.1796.x24y0z0t0","done") = 0.117 secs
iters =   21  secs = 6.223866  rsq = 3.34558e-16
level 0 count 21 tpre 0.01 tcoarse 3.44 tpost 1.99 trest 1.48 tprol 1.41
level 1 count 40 tpre 0.00 tcoarse 0.12 tpost 0.32 trest 0.00 tprol 0.00
iters =   21  secs = 6.218720  rsq = 2.1075e-16
level 0 count 21 tpre 0.01 tcoarse 3.43 tpost 1.99 trest 1.47 tprol 1.41
level 1 count 39 tpre 0.00 tcoarse 0.12 tpost 0.31 trest 0.00 tprol 0.00
iters =   21  secs = 6.225230  rsq = 2.16909e-16
level 0 count 21 tpre 0.01 tcoarse 3.44 tpost 1.99 trest 1.48 tprol 1.41
level 1 count 40 tpre 0.00 tcoarse 0.12 tpost 0.32 trest 0.00 tprol 0.00
iters =   20  secs = 5.958362  rsq = 9.41632e-16
level 0 count 20 tpre 0.01 tcoarse 3.30 tpost 1.89 trest 1.41 tprol 1.35
level 1 count 39 tpre 0.00 tcoarse 0.13 tpost 0.32 trest 0.00 tprol 0.00
iters =   21  secs = 6.228344  rsq = 2.29503e-16
level 0 count 21 tpre 0.01 tcoarse 3.43 tpost 1.99 trest 1.48 tprol 1.41
level 1 count 40 tpre 0.00 tcoarse 0.12 tpost 0.32 trest 0.00 tprol 0.00
iters =   21  secs = 6.272345  rsq = 2.64733e-16
level 0 count 21 tpre 0.01 tcoarse 3.45 tpost 2.03 trest 1.47 tprol 1.41
level 1 count 41 tpre 0.00 tcoarse 0.12 tpost 0.33 trest 0.00 tprol 0.00
iters =   21  secs = 6.261097  rsq = 2.59335e-16
level 0 count 21 tpre 0.01 tcoarse 3.44 tpost 2.02 trest 1.47 tprol 1.41
level 1 count 39 tpre 0.00 tcoarse 0.13 tpost 0.32 trest 0.00 tprol 0.00
iters =   21  secs = 6.235025  rsq = 3.41096e-16
level 0 count 21 tpre 0.01 tcoarse 3.44 tpost 2.00 trest 1.47 tprol 1.41
level 1 count 40 tpre 0.00 tcoarse 0.13 tpost 0.32 trest 0.00 tprol 0.00
iters =   21  secs = 6.226327  rsq = 2.66244e-16
level 0 count 21 tpre 0.01 tcoarse 3.44 tpost 1.99 trest 1.47 tprol 1.41
level 1 count 40 tpre 0.00 tcoarse 0.13 tpost 0.32 trest 0.00 tprol 0.00
iters =   21  secs = 6.228264  rsq = 2.0692e-16
level 0 count 21 tpre 0.01 tcoarse 3.44 tpost 1.99 trest 1.47 tprol 1.41
level 1 count 40 tpre 0.00 tcoarse 0.13 tpost 0.32 trest 0.00 tprol 0.00
iters =   21  secs = 6.216215  rsq = 3.66751e-16
level 0 count 21 tpre 0.01 tcoarse 3.43 tpost 1.99 trest 1.47 tprol 1.40
level 1 count 40 tpre 0.00 tcoarse 0.12 tpost 0.32 trest 0.00 tprol 0.00
iters =   21  secs = 6.232911  rsq = 2.47482e-16
level 0 count 21 tpre 0.01 tcoarse 3.44 tpost 1.99 trest 1.47 tprol 1.41
level 1 count 40 tpre 0.00 tcoarse 0.13 tpost 0.32 trest 0.00 tprol 0.00
TIME("smear[cpu]","done") = 8.955 secs
TIME("frw_prop.1796.x24y0z0t0","done") = 84.833 secs
TIME("fwd_prop-write","done") = 6.710 secs
TIME("sm_fwd_prop-write","done") = 6.394 secs
doing sink momentum 0 0 0 0
The sink time is 10
computing (1-g4) projected prop
TIME("c3pt","bwd_source") = 0.402 secs
TIME("smear[cpu]","done") = 1.254 secs
iters =   21  secs = 6.291637  rsq = 2.6514e-16
level 0 count 21 tpre 0.01 tcoarse 3.49 tpost 2.00 trest 1.48 tprol 1.46
level 1 count 41 tpre 0.00 tcoarse 0.12 tpost 0.33 trest 0.00 tprol 0.00
iters =   21  secs = 6.228992  rsq = 3.21747e-16
level 0 count 21 tpre 0.01 tcoarse 3.44 tpost 1.99 trest 1.48 tprol 1.42
level 1 count 41 tpre 0.00 tcoarse 0.10 tpost 0.33 trest 0.00 tprol 0.00
iters =   21  secs = 6.252917  rsq = 2.67706e-16
level 0 count 21 tpre 0.01 tcoarse 3.46 tpost 1.99 trest 1.48 tprol 1.42
level 1 count 41 tpre 0.00 tcoarse 0.12 tpost 0.33 trest 0.00 tprol 0.00
iters =   21  secs = 6.250262  rsq = 2.77243e-16
level 0 count 21 tpre 0.01 tcoarse 3.46 tpost 1.99 trest 1.48 tprol 1.42
level 1 count 41 tpre 0.00 tcoarse 0.13 tpost 0.33 trest 0.00 tprol 0.00
iters =   21  secs = 6.250260  rsq = 2.80817e-16
level 0 count 21 tpre 0.01 tcoarse 3.46 tpost 1.99 trest 1.48 tprol 1.42
level 1 count 41 tpre 0.00 tcoarse 0.12 tpost 0.33 trest 0.00 tprol 0.00
iters =   21  secs = 6.247237  rsq = 2.92671e-16
level 0 count 21 tpre 0.01 tcoarse 3.46 tpost 1.99 trest 1.48 tprol 1.42
level 1 count 41 tpre 0.00 tcoarse 0.12 tpost 0.33 trest 0.00 tprol 0.00
TIME("c3pt","bwd_prop") = 39.859 secs
TIME("seq_prop-write","done") = 6.815 secs
TIME("smear[cpu]","done") = 8.967 secs
seq check: complex(2.47606e-10, 3.40339e-11)
doing sink momentum 0 0 0 0
The sink time is 10
computing (1-g4) projected prop
TIME("c3pt","bwd_source") = 0.432 secs
TIME("smear[cpu]","done") = 1.254 secs
iters =   21  secs = 6.238070  rsq = 2.6514e-16
level 0 count 21 tpre 0.01 tcoarse 3.44 tpost 2.00 trest 1.48 tprol 1.42
level 1 count 41 tpre 0.00 tcoarse 0.12 tpost 0.32 trest 0.00 tprol 0.00
iters =   21  secs = 6.221746  rsq = 3.13891e-16
level 0 count 21 tpre 0.01 tcoarse 3.43 tpost 1.99 trest 1.48 tprol 1.41
level 1 count 40 tpre 0.00 tcoarse 0.12 tpost 0.32 trest 0.00 tprol 0.00
iters =   21  secs = 6.232695  rsq = 2.67706e-16
level 0 count 21 tpre 0.01 tcoarse 3.44 tpost 1.99 trest 1.48 tprol 1.42
level 1 count 41 tpre 0.00 tcoarse 0.12 tpost 0.32 trest 0.00 tprol 0.00
iters =   21  secs = 6.245074  rsq = 2.38543e-16
level 0 count 21 tpre 0.01 tcoarse 3.45 tpost 1.99 trest 1.48 tprol 1.42
level 1 count 41 tpre 0.00 tcoarse 0.13 tpost 0.32 trest 0.00 tprol 0.00
iters =   21  secs = 6.230300  rsq = 2.80817e-16
level 0 count 21 tpre 0.01 tcoarse 3.44 tpost 1.99 trest 1.48 tprol 1.41
level 1 count 41 tpre 0.00 tcoarse 0.12 tpost 0.32 trest 0.00 tprol 0.00
iters =   21  secs = 6.245115  rsq = 2.21322e-16
level 0 count 21 tpre 0.01 tcoarse 3.46 tpost 1.99 trest 1.48 tprol 1.41
level 1 count 41 tpre 0.00 tcoarse 0.13 tpost 0.32 trest 0.00 tprol 0.00
TIME("c3pt","bwd_prop") = 39.800 secs
TIME("seq_prop-write","done") = 6.643 secs
TIME("smear[cpu]","done") = 8.966 secs
seq check: complex(4.95213e-10, 6.80679e-11)
TIME("smear[cpu]","done") = 0.083 secs
TIME("frw_prop_source.1796.x0y8z0t0","done") = 0.117 secs
iters =   21  secs = 6.232483  rsq = 2.68043e-16
level 0 count 21 tpre 0.01 tcoarse 3.44 tpost 1.99 trest 1.48 tprol 1.41
level 1 count 41 tpre 0.00 tcoarse 0.12 tpost 0.32 trest 0.00 tprol 0.00
iters =   21  secs = 6.222305  rsq = 2.09913e-16
level 0 count 21 tpre 0.01 tcoarse 3.44 tpost 1.99 trest 1.48 tprol 1.41
level 1 count 40 tpre 0.00 tcoarse 0.12 tpost 0.32 trest 0.00 tprol 0.00
iters =   21  secs = 6.222945  rsq = 2.74167e-16
level 0 count 21 tpre 0.01 tcoarse 3.44 tpost 1.99 trest 1.48 tprol 1.41
level 1 count 40 tpre 0.00 tcoarse 0.12 tpost 0.32 trest 0.00 tprol 0.00
iters =   21  secs = 6.227026  rsq = 2.57199e-16
level 0 count 21 tpre 0.01 tcoarse 3.44 tpost 1.99 trest 1.48 tprol 1.41
level 1 count 40 tpre 0.00 tcoarse 0.13 tpost 0.32 trest 0.00 tprol 0.00
iters =   21  secs = 6.235511  rsq = 2.1943e-16
level 0 count 21 tpre 0.01 tcoarse 3.45 tpost 1.99 trest 1.48 tprol 1.41
level 1 count 41 tpre 0.00 tcoarse 0.12 tpost 0.32 trest 0.00 tprol 0.00
iters =   21  secs = 6.233095  rsq = 2.11746e-16
level 0 count 21 tpre 0.01 tcoarse 3.45 tpost 1.99 trest 1.48 tprol 1.41
level 1 count 40 tpre 0.00 tcoarse 0.13 tpost 0.32 trest 0.00 tprol 0.00
iters =   21  secs = 6.252398  rsq = 2.79569e-16
level 0 count 21 tpre 0.01 tcoarse 3.46 tpost 1.99 trest 1.48 tprol 1.41
level 1 count 41 tpre 0.00 tcoarse 0.14 tpost 0.32 trest 0.00 tprol 0.00
iters =   21  secs = 6.246481  rsq = 3.29166e-16
level 0 count 21 tpre 0.01 tcoarse 3.46 tpost 1.99 trest 1.48 tprol 1.41
level 1 count 41 tpre 0.00 tcoarse 0.13 tpost 0.33 trest 0.00 tprol 0.00
iters =   21  secs = 6.242590  rsq = 2.37962e-16
level 0 count 21 tpre 0.01 tcoarse 3.46 tpost 1.99 trest 1.48 tprol 1.41
level 1 count 40 tpre 0.00 tcoarse 0.14 tpost 0.32 trest 0.00 tprol 0.00
iters =   21  secs = 6.261330  rsq = 2.07481e-16
level 0 count 21 tpre 0.01 tcoarse 3.47 tpost 1.99 trest 1.48 tprol 1.42
level 1 count 41 tpre 0.00 tcoarse 0.14 tpost 0.32 trest 0.00 tprol 0.00
iters =   21  secs = 6.248284  rsq = 2.17334e-16
level 0 count 21 tpre 0.01 tcoarse 3.45 tpost 2.00 trest 1.48 tprol 1.42
level 1 count 40 tpre 0.00 tcoarse 0.13 tpost 0.31 trest 0.00 tprol 0.00
iters =   21  secs = 6.254392  rsq = 2.73266e-16
level 0 count 21 tpre 0.01 tcoarse 3.47 tpost 1.99 trest 1.48 tprol 1.41
level 1 count 42 tpre 0.00 tcoarse 0.14 tpost 0.33 trest 0.00 tprol 0.00
TIME("smear[cpu]","done") = 8.952 secs
TIME("frw_prop.1796.x0y8z0t0","done") = 85.186 secs
TIME("fwd_prop-write","done") = 7.349 secs
TIME("sm_fwd_prop-write","done") = 8.885 secs
doing sink momentum 0 0 0 0
The sink time is 10
computing (1-g4) projected prop
TIME("c3pt","bwd_source") = 0.402 secs
TIME("smear[cpu]","done") = 1.252 secs
iters =   21  secs = 6.236064  rsq = 2.99027e-16
level 0 count 21 tpre 0.01 tcoarse 3.45 tpost 1.99 trest 1.48 tprol 1.41
level 1 count 41 tpre 0.00 tcoarse 0.12 tpost 0.32 trest 0.00 tprol 0.00
iters =   21  secs = 6.251706  rsq = 3.64665e-16
level 0 count 21 tpre 0.01 tcoarse 3.46 tpost 1.99 trest 1.48 tprol 1.42
level 1 count 41 tpre 0.00 tcoarse 0.13 tpost 0.32 trest 0.00 tprol 0.00
iters =   21  secs = 6.245844  rsq = 3.37981e-16
level 0 count 21 tpre 0.01 tcoarse 3.46 tpost 1.99 trest 1.48 tprol 1.42
level 1 count 41 tpre 0.00 tcoarse 0.13 tpost 0.32 trest 0.00 tprol 0.00
iters =   21  secs = 6.243265  rsq = 2.62557e-16
level 0 count 21 tpre 0.01 tcoarse 3.46 tpost 1.99 trest 1.48 tprol 1.41
level 1 count 41 tpre 0.00 tcoarse 0.14 tpost 0.32 trest 0.00 tprol 0.00
iters =   21  secs = 6.246257  rsq = 3.23427e-16
level 0 count 21 tpre 0.01 tcoarse 3.46 tpost 1.99 trest 1.48 tprol 1.42
level 1 count 41 tpre 0.00 tcoarse 0.13 tpost 0.32 trest 0.00 tprol 0.00
iters =   21  secs = 6.246028  rsq = 3.89385e-16
level 0 count 21 tpre 0.01 tcoarse 3.46 tpost 1.99 trest 1.48 tprol 1.42
level 1 count 41 tpre 0.00 tcoarse 0.13 tpost 0.32 trest 0.00 tprol 0.00
TIME("c3pt","bwd_prop") = 39.802 secs
TIME("seq_prop-write","done") = 7.863 secs
TIME("smear[cpu]","done") = 8.966 secs
seq check: complex(1.07967e-09, -1.47447e-11)
doing sink momentum 0 0 0 0
The sink time is 10
computing (1-g4) projected prop
TIME("c3pt","bwd_source") = 0.445 secs
TIME("smear[cpu]","done") = 1.258 secs
iters =   21  secs = 6.258910  rsq = 2.99027e-16
level 0 count 21 tpre 0.01 tcoarse 3.47 tpost 1.99 trest 1.48 tprol 1.42
level 1 count 41 tpre 0.00 tcoarse 0.13 tpost 0.33 trest 0.00 tprol 0.00
iters =   21  secs = 6.249839  rsq = 2.83063e-16
level 0 count 21 tpre 0.01 tcoarse 3.46 tpost 1.99 trest 1.48 tprol 1.42
level 1 count 41 tpre 0.00 tcoarse 0.13 tpost 0.33 trest 0.00 tprol 0.00
iters =   21  secs = 6.249574  rsq = 3.37981e-16
level 0 count 21 tpre 0.01 tcoarse 3.46 tpost 1.99 trest 1.48 tprol 1.42
level 1 count 41 tpre 0.00 tcoarse 0.13 tpost 0.32 trest 0.00 tprol 0.00
iters =   21  secs = 6.253861  rsq = 2.82167e-16
level 0 count 21 tpre 0.01 tcoarse 3.47 tpost 1.99 trest 1.48 tprol 1.42
level 1 count 41 tpre 0.00 tcoarse 0.14 tpost 0.33 trest 0.00 tprol 0.00
iters =   21  secs = 6.259269  rsq = 3.23426e-16
level 0 count 21 tpre 0.01 tcoarse 3.47 tpost 1.99 trest 1.48 tprol 1.42
level 1 count 41 tpre 0.00 tcoarse 0.13 tpost 0.34 trest 0.00 tprol 0.00
iters =   21  secs = 6.249145  rsq = 2.68212e-16
level 0 count 21 tpre 0.01 tcoarse 3.46 tpost 1.99 trest 1.48 tprol 1.42
level 1 count 41 tpre 0.00 tcoarse 0.13 tpost 0.33 trest 0.00 tprol 0.00
TIME("c3pt","bwd_prop") = 39.908 secs
TIME("seq_prop-write","done") = 8.313 secs
TIME("smear[cpu]","done") = 8.965 secs
seq check: complex(2.15935e-09, -2.94894e-11)
TIME("smear[cpu]","done") = 0.083 secs
TIME("frw_prop_source.1796.x0y16z0t0","done") = 0.113 secs
iters =   21  secs = 6.255760  rsq = 2.12758e-16
level 0 count 21 tpre 0.01 tcoarse 3.46 tpost 1.99 trest 1.48 tprol 1.42
level 1 count 41 tpre 0.00 tcoarse 0.14 tpost 0.32 trest 0.00 tprol 0.00
iters =   21  secs = 6.217208  rsq = 2.63929e-16
level 0 count 21 tpre 0.01 tcoarse 3.43 tpost 1.99 trest 1.48 tprol 1.42
level 1 count 39 tpre 0.00 tcoarse 0.12 tpost 0.31 trest 0.00 tprol 0.00
iters =   21  secs = 6.228939  rsq = 2.18998e-16
level 0 count 21 tpre 0.01 tcoarse 3.44 tpost 1.99 trest 1.48 tprol 1.41
level 1 count 39 tpre 0.00 tcoarse 0.14 tpost 0.31 trest 0.00 tprol 0.00
iters =   20  secs = 5.945588  rsq = 9.68469e-16
level 0 count 20 tpre 0.01 tcoarse 3.29 tpost 1.90 trest 1.40 tprol 1.35
level 1 count 39 tpre 0.00 tcoarse 0.13 tpost 0.31 trest 0.00 tprol 0.00
iters =   21  secs = 6.251750  rsq = 2.26081e-16
level 0 count 21 tpre 0.01 tcoarse 3.46 tpost 1.99 trest 1.48 tprol 1.42
level 1 count 41 tpre 0.00 tcoarse 0.13 tpost 0.32 trest 0.00 tprol 0.00
iters =   21  secs = 6.265133  rsq = 2.78822e-16
level 0 count 21 tpre 0.01 tcoarse 3.48 tpost 1.99 trest 1.48 tprol 1.42
level 1 count 41 tpre 0.00 tcoarse 0.13 tpost 0.33 trest 0.00 tprol 0.00
iters =   21  secs = 6.220535  rsq = 2.33345e-16
level 0 count 21 tpre 0.01 tcoarse 3.43 tpost 1.99 trest 1.48 tprol 1.41
level 1 count 40 tpre 0.00 tcoarse 0.12 tpost 0.32 trest 0.00 tprol 0.00
iters =   21  secs = 6.258323  rsq = 2.13282e-16
level 0 count 21 tpre 0.01 tcoarse 3.47 tpost 1.99 trest 1.48 tprol 1.42
level 1 count 41 tpre 0.00 tcoarse 0.14 tpost 0.32 trest 0.00 tprol 0.00
iters =   21  secs = 6.229582  rsq = 2.36218e-16
level 0 count 21 tpre 0.01 tcoarse 3.44 tpost 1.99 trest 1.48 tprol 1.41
level 1 count 40 tpre 0.00 tcoarse 0.13 tpost 0.32 trest 0.00 tprol 0.00
iters =   21  secs = 6.259142  rsq = 2.23119e-16
level 0 count 21 tpre 0.01 tcoarse 3.47 tpost 1.99 trest 1.48 tprol 1.41
level 1 count 41 tpre 0.00 tcoarse 0.15 tpost 0.33 trest 0.00 tprol 0.00
iters =   21  secs = 6.260456  rsq = 2.39742e-16
level 0 count 21 tpre 0.01 tcoarse 3.47 tpost 1.99 trest 1.48 tprol 1.42
level 1 count 41 tpre 0.00 tcoarse 0.14 tpost 0.33 trest 0.00 tprol 0.00
iters =   20  secs = 5.955733  rsq = 8.46676e-16
level 0 count 20 tpre 0.01 tcoarse 3.30 tpost 1.89 trest 1.41 tprol 1.35
level 1 count 39 tpre 0.00 tcoarse 0.13 tpost 0.31 trest 0.00 tprol 0.00
TIME("smear[cpu]","done") = 8.982 secs
TIME("frw_prop.1796.x0y16z0t0","done") = 84.667 secs
TIME("fwd_prop-write","done") = 7.101 secs
TIME("sm_fwd_prop-write","done") = 6.980 secs
doing sink momentum 0 0 0 0
The sink time is 10
computing (1-g4) projected prop
TIME("c3pt","bwd_source") = 0.394 secs
TIME("smear[cpu]","done") = 1.254 secs
iters =   21  secs = 6.254548  rsq = 3.10275e-16
level 0 count 21 tpre 0.01 tcoarse 3.46 tpost 1.99 trest 1.48 tprol 1.42
level 1 count 41 tpre 0.00 tcoarse 0.12 tpost 0.33 trest 0.00 tprol 0.00
iters =   21  secs = 6.243479  rsq = 2.67763e-16
level 0 count 21 tpre 0.01 tcoarse 3.45 tpost 1.99 trest 1.47 tprol 1.42
level 1 count 41 tpre 0.00 tcoarse 0.13 tpost 0.32 trest 0.00 tprol 0.00
iters =   21  secs = 6.223560  rsq = 3.58451e-16
level 0 count 21 tpre 0.01 tcoarse 3.43 tpost 1.99 trest 1.47 tprol 1.42
level 1 count 40 tpre 0.00 tcoarse 0.12 tpost 0.32 trest 0.00 tprol 0.00
iters =   21  secs = 6.233825  rsq = 3.10554e-16
level 0 count 21 tpre 0.01 tcoarse 3.45 tpost 1.99 trest 1.48 tprol 1.42
level 1 count 41 tpre 0.00 tcoarse 0.12 tpost 0.32 trest 0.00 tprol 0.00
iters =   21  secs = 6.229473  rsq = 3.1997e-16
level 0 count 21 tpre 0.01 tcoarse 3.44 tpost 1.99 trest 1.48 tprol 1.42
level 1 count 41 tpre 0.00 tcoarse 0.12 tpost 0.32 trest 0.00 tprol 0.00
iters =   21  secs = 6.222614  rsq = 3.78291e-16
level 0 count 21 tpre 0.01 tcoarse 3.44 tpost 1.99 trest 1.48 tprol 1.42
level 1 count 40 tpre 0.00 tcoarse 0.12 tpost 0.31 trest 0.00 tprol 0.00
TIME("c3pt","bwd_prop") = 39.745 secs
TIME("seq_prop-write","done") = 6.184 secs
TIME("smear[cpu]","done") = 8.969 secs
seq check: complex(-1.47453e-09, 2.13908e-10)
doing sink momentum 0 0 0 0
The sink time is 10
computing (1-g4) projected prop
TIME("c3pt","bwd_source") = 0.433 secs
TIME("smear[cpu]","done") = 1.253 secs
iters =   21  secs = 6.260008  rsq = 3.10275e-16
level 0 count 21 tpre 0.01 tcoarse 3.46 tpost 2.00 trest 1.48 tprol 1.42
level 1 count 41 tpre 0.00 tcoarse 0.12 tpost 0.33 trest 0.00 tprol 0.00
iters =   21  secs = 6.239702  rsq = 2.66465e-16
level 0 count 21 tpre 0.01 tcoarse 3.45 tpost 1.99 trest 1.47 tprol 1.42
level 1 count 41 tpre 0.00 tcoarse 0.12 tpost 0.33 trest 0.00 tprol 0.00
iters =   21  secs = 6.235290  rsq = 3.58451e-16
level 0 count 21 tpre 0.01 tcoarse 3.44 tpost 1.99 trest 1.48 tprol 1.42
level 1 count 40 tpre 0.00 tcoarse 0.12 tpost 0.32 trest 0.00 tprol 0.00
iters =   21  secs = 6.250071  rsq = 3.17012e-16
level 0 count 21 tpre 0.01 tcoarse 3.45 tpost 2.00 trest 1.47 tprol 1.42
level 1 count 41 tpre 0.00 tcoarse 0.12 tpost 0.33 trest 0.00 tprol 0.00
iters =   21  secs = 6.243125  rsq = 3.1997e-16
level 0 count 21 tpre 0.01 tcoarse 3.45 tpost 1.99 trest 1.48 tprol 1.42
level 1 count 41 tpre 0.00 tcoarse 0.12 tpost 0.33 trest 0.00 tprol 0.00
iters =   21  secs = 6.245777  rsq = 3.1271e-16
level 0 count 21 tpre 0.01 tcoarse 3.46 tpost 1.99 trest 1.48 tprol 1.42
level 1 count 41 tpre 0.00 tcoarse 0.13 tpost 0.33 trest 0.00 tprol 0.00
TIME("c3pt","bwd_prop") = 39.858 secs
TIME("seq_prop-write","done") = 7.325 secs
TIME("smear[cpu]","done") = 8.975 secs
seq check: complex(-2.94906e-09, 4.27817e-10)
TIME("smear[cpu]","done") = 0.083 secs
TIME("frw_prop_source.1796.x0y24z0t0","done") = 0.117 secs
iters =   21  secs = 6.215093  rsq = 2.08359e-16
level 0 count 21 tpre 0.01 tcoarse 3.43 tpost 1.99 trest 1.48 tprol 1.42
level 1 count 39 tpre 0.00 tcoarse 0.11 tpost 0.31 trest 0.00 tprol 0.00
iters =   21  secs = 6.235231  rsq = 3.23443e-16
level 0 count 21 tpre 0.01 tcoarse 3.45 tpost 1.99 trest 1.48 tprol 1.42
level 1 count 40 tpre 0.00 tcoarse 0.12 tpost 0.32 trest 0.00 tprol 0.00
iters =   21  secs = 6.233275  rsq = 2.74483e-16
level 0 count 21 tpre 0.01 tcoarse 3.44 tpost 1.99 trest 1.48 tprol 1.42
level 1 count 40 tpre 0.00 tcoarse 0.11 tpost 0.32 trest 0.00 tprol 0.00
iters =   21  secs = 6.271445  rsq = 3.04265e-16
level 0 count 21 tpre 0.01 tcoarse 3.46 tpost 2.01 trest 1.48 tprol 1.42
level 1 count 40 tpre 0.00 tcoarse 0.13 tpost 0.32 trest 0.00 tprol 0.00
iters =   21  secs = 6.229005  rsq = 1.94144e-16
level 0 count 21 tpre 0.01 tcoarse 3.44 tpost 1.99 trest 1.48 tprol 1.42
level 1 count 40 tpre 0.00 tcoarse 0.12 tpost 0.32 trest 0.00 tprol 0.00
iters =   21  secs = 6.254763  rsq = 2.88441e-16
level 0 count 21 tpre 0.01 tcoarse 3.46 tpost 2.00 trest 1.48 tprol 1.42
level 1 count 40 tpre 0.00 tcoarse 0.13 tpost 0.32 trest 0.00 tprol 0.00
iters =   21  secs = 6.248609  rsq = 3.18234e-16
level 0 count 21 tpre 0.01 tcoarse 3.46 tpost 1.99 trest 1.48 tprol 1.42
level 1 count 40 tpre 0.00 tcoarse 0.13 tpost 0.32 trest 0.00 tprol 0.00
iters =   21  secs = 6.251947  rsq = 2.28232e-16
level 0 count 21 tpre 0.01 tcoarse 3.46 tpost 1.99 trest 1.48 tprol 1.42
level 1 count 40 tpre 0.00 tcoarse 0.13 tpost 0.32 trest 0.00 tprol 0.00
iters =   21  secs = 6.246948  rsq = 3.44679e-16
level 0 count 21 tpre 0.01 tcoarse 3.46 tpost 1.99 trest 1.48 tprol 1.42
level 1 count 40 tpre 0.00 tcoarse 0.13 tpost 0.32 trest 0.00 tprol 0.00
iters =   21  secs = 6.244536  rsq = 3.19491e-16
level 0 count 21 tpre 0.01 tcoarse 3.46 tpost 1.99 trest 1.48 tprol 1.42
level 1 count 40 tpre 0.00 tcoarse 0.13 tpost 0.32 trest 0.00 tprol 0.00
iters =   21  secs = 6.265226  rsq = 2.48814e-16
level 0 count 21 tpre 0.01 tcoarse 3.47 tpost 1.99 trest 1.48 tprol 1.42
level 1 count 40 tpre 0.00 tcoarse 0.14 tpost 0.32 trest 0.00 tprol 0.00
iters =   21  secs = 6.258512  rsq = 2.59379e-16
level 0 count 21 tpre 0.01 tcoarse 3.47 tpost 1.99 trest 1.48 tprol 1.42
level 1 count 41 tpre 0.00 tcoarse 0.13 tpost 0.33 trest 0.00 tprol 0.00
TIME("smear[cpu]","done") = 8.975 secs
TIME("frw_prop.1796.x0y24z0t0","done") = 85.253 secs
TIME("fwd_prop-write","done") = 6.594 secs
TIME("sm_fwd_prop-write","done") = 7.683 secs
doing sink momentum 0 0 0 0
The sink time is 10
computing (1-g4) projected prop
TIME("c3pt","bwd_source") = 0.401 secs
TIME("smear[cpu]","done") = 1.261 secs
iters =   21  secs = 6.241608  rsq = 2.91601e-16
level 0 count 21 tpre 0.01 tcoarse 3.45 tpost 1.99 trest 1.48 tprol 1.42
level 1 count 42 tpre 0.00 tcoarse 0.11 tpost 0.33 trest 0.00 tprol 0.00
iters =   21  secs = 6.241447  rsq = 3.00609e-16
level 0 count 21 tpre 0.01 tcoarse 3.45 tpost 1.99 trest 1.48 tprol 1.42
level 1 count 41 tpre 0.00 tcoarse 0.13 tpost 0.32 trest 0.00 tprol 0.00
iters =   21  secs = 6.236222  rsq = 3.34377e-16
level 0 count 21 tpre 0.01 tcoarse 3.45 tpost 1.99 trest 1.48 tprol 1.41
level 1 count 41 tpre 0.00 tcoarse 0.12 tpost 0.32 trest 0.00 tprol 0.00
iters =   21  secs = 6.237769  rsq = 3.15276e-16
level 0 count 21 tpre 0.01 tcoarse 3.43 tpost 2.00 trest 1.47 tprol 1.41
level 1 count 41 tpre 0.00 tcoarse 0.12 tpost 0.32 trest 0.00 tprol 0.00
iters =   21  secs = 6.198203  rsq = 3.60592e-16
level 0 count 21 tpre 0.01 tcoarse 3.41 tpost 1.99 trest 1.48 tprol 1.41
level 1 count 40 tpre 0.00 tcoarse 0.10 tpost 0.31 trest 0.00 tprol 0.00
iters =   21  secs = 6.232555  rsq = 3.07086e-16
level 0 count 21 tpre 0.01 tcoarse 3.44 tpost 1.99 trest 1.48 tprol 1.42
level 1 count 41 tpre 0.00 tcoarse 0.12 tpost 0.32 trest 0.00 tprol 0.00
TIME("c3pt","bwd_prop") = 39.719 secs
TIME("seq_prop-write","done") = 7.568 secs
TIME("smear[cpu]","done") = 8.968 secs
seq check: complex(4.91867e-10, 5.55302e-10)
doing sink momentum 0 0 0 0
The sink time is 10
computing (1-g4) projected prop
TIME("c3pt","bwd_source") = 0.447 secs
TIME("smear[cpu]","done") = 1.255 secs
iters =   21  secs = 6.247256  rsq = 2.916e-16
level 0 count 21 tpre 0.01 tcoarse 3.46 tpost 1.99 trest 1.48 tprol 1.41
level 1 count 42 tpre 0.00 tcoarse 0.12 tpost 0.34 trest 0.00 tprol 0.00
iters =   21  secs = 6.259876  rsq = 2.826e-16
level 0 count 21 tpre 0.01 tcoarse 3.47 tpost 1.99 trest 1.48 tprol 1.42
level 1 count 41 tpre 0.00 tcoarse 0.13 tpost 0.33 trest 0.00 tprol 0.00
iters =   21  secs = 6.266210  rsq = 3.34377e-16
level 0 count 21 tpre 0.01 tcoarse 3.46 tpost 2.01 trest 1.48 tprol 1.41
level 1 count 41 tpre 0.00 tcoarse 0.12 tpost 0.33 trest 0.00 tprol 0.00
iters =   21  secs = 6.250087  rsq = 3.5835e-16
level 0 count 21 tpre 0.01 tcoarse 3.46 tpost 1.99 trest 1.48 tprol 1.42
level 1 count 41 tpre 0.00 tcoarse 0.12 tpost 0.33 trest 0.00 tprol 0.00
iters =   21  secs = 6.224950  rsq = 3.60592e-16
level 0 count 21 tpre 0.01 tcoarse 3.44 tpost 1.99 trest 1.48 tprol 1.42
level 1 count 40 tpre 0.00 tcoarse 0.10 tpost 0.32 trest 0.00 tprol 0.00
iters =   21  secs = 6.244933  rsq = 3.00284e-16
level 0 count 21 tpre 0.01 tcoarse 3.46 tpost 1.99 trest 1.48 tprol 1.42
level 1 count 41 tpre 0.00 tcoarse 0.12 tpost 0.33 trest 0.00 tprol 0.00
TIME("c3pt","bwd_prop") = 39.876 secs
TIME("seq_prop-write","done") = 7.093 secs
TIME("smear[cpu]","done") = 8.952 secs
seq check: complex(9.83735e-10, 1.1106e-09)
TIME("smear[cpu]","done") = 0.083 secs
TIME("frw_prop_source.1796.x0y0z8t0","done") = 0.117 secs
iters =   21  secs = 6.248806  rsq = 2.33021e-16
level 0 count 21 tpre 0.01 tcoarse 3.46 tpost 1.99 trest 1.48 tprol 1.41
level 1 count 41 tpre 0.00 tcoarse 0.13 tpost 0.33 trest 0.00 tprol 0.00
iters =   21  secs = 6.234601  rsq = 2.32807e-16
level 0 count 21 tpre 0.01 tcoarse 3.44 tpost 1.99 trest 1.48 tprol 1.42
level 1 count 39 tpre 0.00 tcoarse 0.13 tpost 0.32 trest 0.00 tprol 0.00
iters =   21  secs = 6.233146  rsq = 2.68949e-16
level 0 count 21 tpre 0.01 tcoarse 3.45 tpost 1.99 trest 1.47 tprol 1.41
level 1 count 40 tpre 0.00 tcoarse 0.13 tpost 0.32 trest 0.00 tprol 0.00
iters =   21  secs = 6.242458  rsq = 2.36122e-16
level 0 count 21 tpre 0.01 tcoarse 3.45 tpost 1.99 trest 1.48 tprol 1.42
level 1 count 41 tpre 0.00 tcoarse 0.12 tpost 0.33 trest 0.00 tprol 0.00
iters =   21  secs = 6.240671  rsq = 2.19619e-16
level 0 count 21 tpre 0.01 tcoarse 3.45 tpost 1.99 trest 1.48 tprol 1.41
level 1 count 40 tpre 0.00 tcoarse 0.13 tpost 0.32 trest 0.00 tprol 0.00
iters =   21  secs = 6.215172  rsq = 2.97325e-16
level 0 count 21 tpre 0.01 tcoarse 3.43 tpost 1.99 trest 1.48 tprol 1.41
level 1 count 38 tpre 0.00 tcoarse 0.13 tpost 0.31 trest 0.00 tprol 0.00
iters =   21  secs = 6.233722  rsq = 2.7383e-16
level 0 count 21 tpre 0.01 tcoarse 3.44 tpost 1.99 trest 1.48 tprol 1.41
level 1 count 40 tpre 0.00 tcoarse 0.12 tpost 0.32 trest 0.00 tprol 0.00
iters =   21  secs = 6.253524  rsq = 2.647e-16
level 0 count 21 tpre 0.01 tcoarse 3.46 tpost 1.99 trest 1.48 tprol 1.43
level 1 count 40 tpre 0.00 tcoarse 0.13 tpost 0.32 trest 0.00 tprol 0.00
iters =   21  secs = 6.242784  rsq = 2.41689e-16
level 0 count 21 tpre 0.01 tcoarse 3.45 tpost 1.99 trest 1.48 tprol 1.41
level 1 count 40 tpre 0.00 tcoarse 0.13 tpost 0.32 trest 0.00 tprol 0.00
iters =   21  secs = 6.248802  rsq = 2.60952e-16
level 0 count 21 tpre 0.01 tcoarse 3.45 tpost 1.99 trest 1.48 tprol 1.42
level 1 count 40 tpre 0.00 tcoarse 0.13 tpost 0.32 trest 0.00 tprol 0.00
iters =   21  secs = 6.261530  rsq = 2.47131e-16
level 0 count 21 tpre 0.01 tcoarse 3.47 tpost 1.99 trest 1.48 tprol 1.42
level 1 count 41 tpre 0.00 tcoarse 0.13 tpost 0.33 trest 0.00 tprol 0.00
iters =   21  secs = 6.245350  rsq = 1.95484e-16
level 0 count 21 tpre 0.01 tcoarse 3.46 tpost 1.99 trest 1.48 tprol 1.41
level 1 count 40 tpre 0.00 tcoarse 0.13 tpost 0.32 trest 0.00 tprol 0.00
TIME("smear[cpu]","done") = 8.979 secs
TIME("frw_prop.1796.x0y0z8t0","done") = 85.203 secs
TIME("fwd_prop-write","done") = 6.418 secs
TIME("sm_fwd_prop-write","done") = 6.435 secs
doing sink momentum 0 0 0 0
The sink time is 10
computing (1-g4) projected prop
TIME("c3pt","bwd_source") = 0.402 secs
TIME("smear[cpu]","done") = 1.251 secs
iters =   21  secs = 6.249945  rsq = 2.92627e-16
level 0 count 21 tpre 0.01 tcoarse 3.46 tpost 1.99 trest 1.48 tprol 1.41
level 1 count 41 tpre 0.00 tcoarse 0.13 tpost 0.33 trest 0.00 tprol 0.00
iters =   21  secs = 6.246664  rsq = 3.51211e-16
level 0 count 21 tpre 0.01 tcoarse 3.46 tpost 1.99 trest 1.48 tprol 1.42
level 1 count 41 tpre 0.00 tcoarse 0.12 tpost 0.33 trest 0.00 tprol 0.00
iters =   21  secs = 6.245389  rsq = 3.42151e-16
level 0 count 21 tpre 0.01 tcoarse 3.45 tpost 1.99 trest 1.48 tprol 1.42
level 1 count 41 tpre 0.00 tcoarse 0.12 tpost 0.33 trest 0.00 tprol 0.00
iters =   21  secs = 6.226577  rsq = 3.34856e-16
level 0 count 21 tpre 0.01 tcoarse 3.44 tpost 1.99 trest 1.48 tprol 1.41
level 1 count 41 tpre 0.00 tcoarse 0.11 tpost 0.33 trest 0.00 tprol 0.00
iters =   21  secs = 6.243010  rsq = 2.60673e-16
level 0 count 21 tpre 0.01 tcoarse 3.45 tpost 1.99 trest 1.49 tprol 1.41
level 1 count 41 tpre 0.00 tcoarse 0.12 tpost 0.32 trest 0.00 tprol 0.00
iters =   21  secs = 6.218658  rsq = 3.03671e-16
level 0 count 21 tpre 0.01 tcoarse 3.43 tpost 1.99 trest 1.48 tprol 1.41
level 1 count 41 tpre 0.00 tcoarse 0.10 tpost 0.32 trest 0.00 tprol 0.00
TIME("c3pt","bwd_prop") = 39.759 secs
TIME("seq_prop-write","done") = 6.453 secs
TIME("smear[cpu]","done") = 8.950 secs
seq check: complex(7.61258e-11, -1.43865e-10)
doing sink momentum 0 0 0 0
The sink time is 10
computing (1-g4) projected prop
TIME("c3pt","bwd_source") = 0.428 secs
TIME("smear[cpu]","done") = 1.255 secs
iters =   21  secs = 6.263275  rsq = 2.92628e-16
level 0 count 21 tpre 0.01 tcoarse 3.45 tpost 2.01 trest 1.48 tprol 1.41
level 1 count 41 tpre 0.00 tcoarse 0.12 tpost 0.33 trest 0.00 tprol 0.00
iters =   21  secs = 6.261915  rsq = 2.71367e-16
level 0 count 21 tpre 0.01 tcoarse 3.44 tpost 2.01 trest 1.48 tprol 1.41
level 1 count 41 tpre 0.00 tcoarse 0.11 tpost 0.34 trest 0.00 tprol 0.00
iters =   21  secs = 6.290541  rsq = 3.42151e-16
level 0 count 21 tpre 0.01 tcoarse 3.45 tpost 2.04 trest 1.47 tprol 1.41
level 1 count 41 tpre 0.00 tcoarse 0.12 tpost 0.34 trest 0.00 tprol 0.00
iters =   21  secs = 6.236197  rsq = 2.61339e-16
level 0 count 21 tpre 0.01 tcoarse 3.45 tpost 1.99 trest 1.47 tprol 1.41
level 1 count 40 tpre 0.00 tcoarse 0.13 tpost 0.32 trest 0.00 tprol 0.00
iters =   21  secs = 6.277900  rsq = 2.60673e-16
level 0 count 21 tpre 0.01 tcoarse 3.45 tpost 2.03 trest 1.47 tprol 1.41
level 1 count 41 tpre 0.00 tcoarse 0.12 tpost 0.33 trest 0.00 tprol 0.00
iters =   21  secs = 6.240018  rsq = 2.61201e-16
level 0 count 21 tpre 0.01 tcoarse 3.44 tpost 2.00 trest 1.48 tprol 1.41
level 1 count 41 tpre 0.00 tcoarse 0.11 tpost 0.33 trest 0.00 tprol 0.00
TIME("c3pt","bwd_prop") = 39.950 secs
TIME("seq_prop-write","done") = 6.570 secs
TIME("smear[cpu]","done") = 8.976 secs
seq check: complex(1.52252e-10, -2.87731e-10)
TIME("smear[cpu]","done") = 0.083 secs
TIME("frw_prop_source.1796.x0y0z16t0","done") = 0.117 secs
iters =   21  secs = 6.229080  rsq = 2.47002e-16
level 0 count 21 tpre 0.01 tcoarse 3.44 tpost 1.99 trest 1.48 tprol 1.42
level 1 count 40 tpre 0.00 tcoarse 0.12 tpost 0.32 trest 0.00 tprol 0.00
iters =   21  secs = 6.226459  rsq = 2.5086e-16
level 0 count 21 tpre 0.01 tcoarse 3.44 tpost 1.99 trest 1.48 tprol 1.42
level 1 count 39 tpre 0.00 tcoarse 0.13 tpost 0.31 trest 0.00 tprol 0.00
iters =   21  secs = 6.205342  rsq = 2.57404e-16
level 0 count 21 tpre 0.01 tcoarse 3.42 tpost 1.99 trest 1.48 tprol 1.41
level 1 count 39 tpre 0.00 tcoarse 0.11 tpost 0.31 trest 0.00 tprol 0.00
iters =   21  secs = 6.207996  rsq = 2.01682e-16
level 0 count 21 tpre 0.01 tcoarse 3.42 tpost 1.99 trest 1.48 tprol 1.41
level 1 count 39 tpre 0.00 tcoarse 0.12 tpost 0.31 trest 0.00 tprol 0.00
iters =   21  secs = 6.230407  rsq = 2.58155e-16
level 0 count 21 tpre 0.01 tcoarse 3.44 tpost 1.99 trest 1.48 tprol 1.41
level 1 count 41 tpre 0.00 tcoarse 0.12 tpost 0.32 trest 0.00 tprol 0.00
iters =   21  secs = 6.212936  rsq = 2.14756e-16
level 0 count 21 tpre 0.01 tcoarse 3.43 tpost 1.99 trest 1.48 tprol 1.41
level 1 count 39 tpre 0.00 tcoarse 0.13 tpost 0.31 trest 0.00 tprol 0.00
iters =   21  secs = 6.217563  rsq = 2.33079e-16
level 0 count 21 tpre 0.01 tcoarse 3.43 tpost 1.99 trest 1.47 tprol 1.41
level 1 count 40 tpre 0.00 tcoarse 0.12 tpost 0.31 trest 0.00 tprol 0.00
iters =   21  secs = 6.246033  rsq = 2.09265e-16
level 0 count 21 tpre 0.01 tcoarse 3.46 tpost 1.99 trest 1.48 tprol 1.41
level 1 count 42 tpre 0.00 tcoarse 0.13 tpost 0.33 trest 0.00 tprol 0.00
iters =   21  secs = 6.199065  rsq = 2.95789e-16
level 0 count 21 tpre 0.01 tcoarse 3.41 tpost 1.99 trest 1.48 tprol 1.41
level 1 count 40 tpre 0.00 tcoarse 0.10 tpost 0.31 trest 0.00 tprol 0.00
iters =   21  secs = 6.254488  rsq = 2.60388e-16
level 0 count 21 tpre 0.01 tcoarse 3.45 tpost 2.01 trest 1.48 tprol 1.42
level 1 count 40 tpre 0.00 tcoarse 0.12 tpost 0.33 trest 0.00 tprol 0.00
iters =   21  secs = 6.232745  rsq = 2.90954e-16
level 0 count 21 tpre 0.01 tcoarse 3.44 tpost 1.99 trest 1.48 tprol 1.42
level 1 count 40 tpre 0.00 tcoarse 0.12 tpost 0.32 trest 0.00 tprol 0.00
iters =   21  secs = 6.218900  rsq = 2.0877e-16
level 0 count 21 tpre 0.01 tcoarse 3.43 tpost 1.99 trest 1.48 tprol 1.41
level 1 count 41 tpre 0.00 tcoarse 0.12 tpost 0.32 trest 0.00 tprol 0.00
TIME("smear[cpu]","done") = 8.987 secs
TIME("frw_prop.1796.x0y0z16t0","done") = 84.992 secs
TIME("fwd_prop-write","done") = 6.993 secs
TIME("sm_fwd_prop-write","done") = 6.660 secs
doing sink momentum 0 0 0 0
The sink time is 10
computing (1-g4) projected prop
TIME("c3pt","bwd_source") = 0.392 secs
TIME("smear[cpu]","done") = 1.257 secs
iters =   21  secs = 6.219895  rsq = 3.18464e-16
level 0 count 21 tpre 0.01 tcoarse 3.43 tpost 1.99 trest 1.48 tprol 1.41
level 1 count 41 tpre 0.00 tcoarse 0.11 tpost 0.32 trest 0.00 tprol 0.00
iters =   21  secs = 6.220493  rsq = 3.01592e-16
level 0 count 21 tpre 0.01 tcoarse 3.43 tpost 1.99 trest 1.47 tprol 1.41
level 1 count 41 tpre 0.00 tcoarse 0.12 tpost 0.32 trest 0.00 tprol 0.00
iters =   21  secs = 6.231534  rsq = 2.91624e-16
level 0 count 21 tpre 0.01 tcoarse 3.43 tpost 1.99 trest 1.48 tprol 1.41
level 1 count 41 tpre 0.00 tcoarse 0.11 tpost 0.32 trest 0.00 tprol 0.00
iters =   21  secs = 6.235960  rsq = 3.07018e-16
level 0 count 21 tpre 0.01 tcoarse 3.44 tpost 1.99 trest 1.48 tprol 1.41
level 1 count 41 tpre 0.00 tcoarse 0.13 tpost 0.32 trest 0.00 tprol 0.00
iters =   21  secs = 6.209453  rsq = 3.27986e-16
level 0 count 21 tpre 0.01 tcoarse 3.42 tpost 1.99 trest 1.47 tprol 1.41
level 1 count 40 tpre 0.00 tcoarse 0.11 tpost 0.32 trest 0.00 tprol 0.00
iters =   21  secs = 6.231544  rsq = 2.83882e-16
level 0 count 21 tpre 0.01 tcoarse 3.44 tpost 1.99 trest 1.48 tprol 1.41
level 1 count 41 tpre 0.00 tcoarse 0.12 tpost 0.32 trest 0.00 tprol 0.00
TIME("c3pt","bwd_prop") = 39.678 secs
TIME("seq_prop-write","done") = 6.331 secs
TIME("smear[cpu]","done") = 8.959 secs
seq check: complex(3.20893e-10, 5.5318e-11)
doing sink momentum 0 0 0 0
The sink time is 10
computing (1-g4) projected prop
TIME("c3pt","bwd_source") = 0.449 secs
TIME("smear[cpu]","done") = 1.255 secs
iters =   21  secs = 6.225733  rsq = 3.18463e-16
level 0 count 21 tpre 0.01 tcoarse 3.44 tpost 1.99 trest 1.48 tprol 1.41
level 1 count 41 tpre 0.00 tcoarse 0.11 tpost 0.32 trest 0.00 tprol 0.00
iters =   21  secs = 6.311493  rsq = 2.60731e-16
level 0 count 21 tpre 0.01 tcoarse 3.51 tpost 1.99 trest 1.48 tprol 1.48
level 1 count 41 tpre 0.00 tcoarse 0.12 tpost 0.32 trest 0.00 tprol 0.00
iters =   21  secs = 6.228246  rsq = 2.91624e-16
level 0 count 21 tpre 0.01 tcoarse 3.44 tpost 1.99 trest 1.48 tprol 1.41
level 1 count 41 tpre 0.00 tcoarse 0.11 tpost 0.32 trest 0.00 tprol 0.00
iters =   21  secs = 6.205668  rsq = 2.96463e-16
level 0 count 21 tpre 0.01 tcoarse 3.42 tpost 1.99 trest 1.48 tprol 1.41
level 1 count 40 tpre 0.00 tcoarse 0.11 tpost 0.32 trest 0.00 tprol 0.00
iters =   21  secs = 6.314610  rsq = 3.27986e-16
level 0 count 21 tpre 0.01 tcoarse 3.50 tpost 2.01 trest 1.48 tprol 1.49
level 1 count 40 tpre 0.00 tcoarse 0.11 tpost 0.31 trest 0.00 tprol 0.00
iters =   21  secs = 6.237621  rsq = 3.00631e-16
level 0 count 21 tpre 0.01 tcoarse 3.45 tpost 1.99 trest 1.48 tprol 1.42
level 1 count 41 tpre 0.00 tcoarse 0.12 tpost 0.32 trest 0.00 tprol 0.00
TIME("c3pt","bwd_prop") = 39.905 secs
TIME("seq_prop-write","done") = 7.131 secs
TIME("smear[cpu]","done") = 8.969 secs
seq check: complex(6.41786e-10, 1.10636e-10)
TIME("smear[cpu]","done") = 0.083 secs
TIME("frw_prop_source.1796.x0y0z24t0","done") = 0.117 secs
iters =   21  secs = 6.219849  rsq = 3.74528e-16
level 0 count 21 tpre 0.01 tcoarse 3.43 tpost 1.99 trest 1.48 tprol 1.41
level 1 count 40 tpre 0.00 tcoarse 0.12 tpost 0.32 trest 0.00 tprol 0.00
iters =   21  secs = 6.188417  rsq = 2.70316e-16
level 0 count 21 tpre 0.01 tcoarse 3.40 tpost 1.99 trest 1.48 tprol 1.42
level 1 count 39 tpre 0.00 tcoarse 0.10 tpost 0.30 trest 0.00 tprol 0.00
iters =   21  secs = 6.217526  rsq = 3.68863e-16
level 0 count 21 tpre 0.01 tcoarse 3.43 tpost 1.99 trest 1.48 tprol 1.41
level 1 count 40 tpre 0.00 tcoarse 0.11 tpost 0.31 trest 0.00 tprol 0.00
iters =   21  secs = 6.214663  rsq = 2.3718e-16
level 0 count 21 tpre 0.01 tcoarse 3.43 tpost 1.99 trest 1.48 tprol 1.41
level 1 count 40 tpre 0.00 tcoarse 0.11 tpost 0.32 trest 0.00 tprol 0.00
iters =   21  secs = 6.222754  rsq = 3.13733e-16
level 0 count 21 tpre 0.01 tcoarse 3.43 tpost 1.99 trest 1.48 tprol 1.41
level 1 count 41 tpre 0.00 tcoarse 0.11 tpost 0.32 trest 0.00 tprol 0.00
iters =   21  secs = 6.217581  rsq = 3.17734e-16
level 0 count 21 tpre 0.01 tcoarse 3.43 tpost 1.99 trest 1.48 tprol 1.41
level 1 count 40 tpre 0.00 tcoarse 0.12 tpost 0.32 trest 0.00 tprol 0.00
iters =   21  secs = 6.249371  rsq = 2.4744e-16
level 0 count 21 tpre 0.01 tcoarse 3.44 tpost 2.01 trest 1.48 tprol 1.41
level 1 count 40 tpre 0.00 tcoarse 0.12 tpost 0.33 trest 0.00 tprol 0.00
iters =   21  secs = 6.226851  rsq = 1.91578e-16
level 0 count 21 tpre 0.01 tcoarse 3.44 tpost 1.99 trest 1.48 tprol 1.40
level 1 count 41 tpre 0.00 tcoarse 0.13 tpost 0.32 trest 0.00 tprol 0.00
iters =   21  secs = 6.202410  rsq = 3.00564e-16
level 0 count 21 tpre 0.01 tcoarse 3.41 tpost 1.99 trest 1.48 tprol 1.41
level 1 count 39 tpre 0.00 tcoarse 0.11 tpost 0.31 trest 0.00 tprol 0.00
iters =   21  secs = 6.224530  rsq = 3.12193e-16
level 0 count 21 tpre 0.01 tcoarse 3.42 tpost 2.00 trest 1.48 tprol 1.41
level 1 count 40 tpre 0.00 tcoarse 0.11 tpost 0.31 trest 0.00 tprol 0.00
iters =   21  secs = 6.208014  rsq = 2.33542e-16
level 0 count 21 tpre 0.01 tcoarse 3.42 tpost 1.99 trest 1.48 tprol 1.41
level 1 count 39 tpre 0.00 tcoarse 0.12 tpost 0.31 trest 0.00 tprol 0.00
iters =   21  secs = 6.226283  rsq = 2.53931e-16
level 0 count 21 tpre 0.01 tcoarse 3.44 tpost 1.99 trest 1.48 tprol 1.41
level 1 count 40 tpre 0.00 tcoarse 0.13 tpost 0.32 trest 0.00 tprol 0.00
TIME("smear[cpu]","done") = 8.978 secs
TIME("frw_prop.1796.x0y0z24t0","done") = 84.922 secs
TIME("fwd_prop-write","done") = 7.101 secs
TIME("sm_fwd_prop-write","done") = 5.836 secs
doing sink momentum 0 0 0 0
The sink time is 10
computing (1-g4) projected prop
TIME("c3pt","bwd_source") = 0.400 secs
TIME("smear[cpu]","done") = 1.252 secs
iters =   21  secs = 6.238992  rsq = 3.00072e-16
level 0 count 21 tpre 0.01 tcoarse 3.45 tpost 1.99 trest 1.47 tprol 1.41
level 1 count 41 tpre 0.00 tcoarse 0.13 tpost 0.33 trest 0.00 tprol 0.00
iters =   21  secs = 6.228650  rsq = 2.89754e-16
level 0 count 21 tpre 0.01 tcoarse 3.44 tpost 1.99 trest 1.47 tprol 1.41
level 1 count 41 tpre 0.00 tcoarse 0.12 tpost 0.33 trest 0.00 tprol 0.00
iters =   21  secs = 6.266637  rsq = 3.46628e-16
level 0 count 21 tpre 0.01 tcoarse 3.47 tpost 2.00 trest 1.47 tprol 1.42
level 1 count 41 tpre 0.00 tcoarse 0.12 tpost 0.34 trest 0.00 tprol 0.00
iters =   21  secs = 6.246266  rsq = 3.40719e-16
level 0 count 21 tpre 0.01 tcoarse 3.46 tpost 1.99 trest 1.47 tprol 1.42
level 1 count 41 tpre 0.00 tcoarse 0.13 tpost 0.33 trest 0.00 tprol 0.00
iters =   21  secs = 6.277516  rsq = 2.88802e-16
level 0 count 21 tpre 0.01 tcoarse 3.46 tpost 2.01 trest 1.48 tprol 1.41
level 1 count 41 tpre 0.00 tcoarse 0.12 tpost 0.34 trest 0.00 tprol 0.00
iters =   21  secs = 6.265022  rsq = 2.70694e-16
level 0 count 21 tpre 0.01 tcoarse 3.47 tpost 1.99 trest 1.48 tprol 1.41
level 1 count 41 tpre 0.00 tcoarse 0.13 tpost 0.34 trest 0.00 tprol 0.00
TIME("c3pt","bwd_prop") = 39.854 secs
TIME("seq_prop-write","done") = 7.104 secs
TIME("smear[cpu]","done") = 8.980 secs
seq check: complex(6.58772e-10, -4.48245e-10)
doing sink momentum 0 0 0 0
The sink time is 10
computing (1-g4) projected prop
TIME("c3pt","bwd_source") = 0.435 secs
TIME("smear[cpu]","done") = 1.253 secs
iters =   21  secs = 6.233970  rsq = 3.00072e-16
level 0 count 21 tpre 0.01 tcoarse 3.44 tpost 1.99 trest 1.48 tprol 1.41
level 1 count 41 tpre 0.00 tcoarse 0.13 tpost 0.32 trest 0.00 tprol 0.00
iters =   21  secs = 6.222769  rsq = 2.89408e-16
level 0 count 21 tpre 0.01 tcoarse 3.43 tpost 1.99 trest 1.47 tprol 1.41
level 1 count 41 tpre 0.00 tcoarse 0.12 tpost 0.32 trest 0.00 tprol 0.00
iters =   21  secs = 6.227610  rsq = 3.46628e-16
level 0 count 21 tpre 0.01 tcoarse 3.44 tpost 1.99 trest 1.48 tprol 1.41
level 1 count 41 tpre 0.00 tcoarse 0.12 tpost 0.33 trest 0.00 tprol 0.00
iters =   21  secs = 6.226681  rsq = 2.90526e-16
level 0 count 21 tpre 0.01 tcoarse 3.44 tpost 1.99 trest 1.48 tprol 1.41
level 1 count 41 tpre 0.00 tcoarse 0.12 tpost 0.32 trest 0.00 tprol 0.00
iters =   21  secs = 6.231000  rsq = 2.88802e-16
level 0 count 21 tpre 0.01 tcoarse 3.44 tpost 1.99 trest 1.48 tprol 1.41
level 1 count 41 tpre 0.00 tcoarse 0.12 tpost 0.32 trest 0.00 tprol 0.00
iters =   21  secs = 6.236766  rsq = 2.84148e-16
level 0 count 21 tpre 0.01 tcoarse 3.45 tpost 1.99 trest 1.48 tprol 1.42
level 1 count 41 tpre 0.00 tcoarse 0.12 tpost 0.32 trest 0.00 tprol 0.00
TIME("c3pt","bwd_prop") = 39.757 secs
0x4c66ae 0x4c66ae
0x4e01dc 0x4c66ae
0x4c66ae 0x4c66ae
0x4e01dc 0x4c66ae
0x4c66ae 0x4c66ae
0x4e01dc 0x4c66ae
0x4c66ae 0x4c66ae
0x4e01dc 0x4c66ae
0x4c66ae 0x4c66ae
0x4e01dc 0x4c66ae
0x4c66ae 0x4c66ae
0x4e01dc 0x4c66ae
0x4c66ae 0x4c66ae
0x4e01dc 0x4c66ae
0x4c66ae 0x4c66ae
0x4e01dc 0x4c66ae
0x4c66ae 0x4c66ae
0x4e01dc 0x4c66ae
0x4c66ae 0x4c66ae
0x4e01dc 0x4c66ae
0x4c66ae 0x4c66ae
0x4e01dc 0x4c66ae
0x4c66ae 0x4c66ae
0x4e01dc 0x4c66ae
0x4c66ae 0x4c66ae
0x4e01dc 0x4c66ae
0x4c66ae 0x4c66ae
0x4e01dc 0x4c66ae
0x4c66ae 0x4c66ae
0x4e01dc 0x4c66ae
0x4c66ae 0x4c66ae
0x4e01dc 0x4c66ae
0x4c66ae 0x4c66ae
0x4e01dc 0x4c66ae
0x4c66ae 0x4c66ae
0x4e01dc 0x4c66ae
0x4c66ae 0x4c66ae
0x4e01dc 0x4c66ae
0x4c66ae 0x4c66ae
0x4e01dc 0x4c66ae
0x4c66ae 0x4c66ae
0x4e01dc 0x4c66ae
0x4c66ae 0x4c66ae
0x4e01dc 0x4c66ae
0x4c66ae 0x4c66ae
0x4e01dc 0x4c66ae
0x4c66ae 0x4c66ae
0x4e01dc 0x4c66ae
0x4c66ae 0x4c66ae
0x4e01dc 0x4c66ae
0x4c66ae 0x4c66ae
0x4e01dc 0x4c66ae
0x4c66ae 0x4c66ae
0x4e01dc 0x4c66ae
0x4c66ae 0x4c66ae
0x4e01dc 0x4c66ae
0x4c66ae 0x4c66ae
0x4e01dc 0x4c66ae
0x4c66ae 0x4c66ae
0x4e01dc 0x4c66ae
0x4c66ae 0x4c66ae
0x4e01dc 0x4c66ae
0x4c66ae 0x4c66ae
0x4e01dc 0x4c66ae
0x4c66ae 0x4c66ae
0x4e01dc 0x4c66ae
0x4c66ae 0x4c66ae
0x4e01dc 0x4c66ae
0x4c66ae 0x4c66ae
0x4e01dc 0x4c66ae
0x4c66ae 0x4c66ae
0x4e01dc 0x4c66ae
0x4c66ae 0x4c66ae
0x4e01dc 0x4c66ae
0x4c66ae 0x4c66ae
0x4e01dc 0x4c66ae
0x4c66ae 0x4c66ae
0x4e01dc 0x4c66ae
0x4c66ae 0x4c66ae
0x4e01dc 0x4c66ae
0x4c66ae 0x4c66ae
0x4e01dc 0x4c66ae
0x4c66ae 0x4c66ae
0x4e01dc 0x4c66ae
0x4c66ae 0x4c66ae
0x4e01dc 0x4c66ae
0x4c66ae 0x4c66ae
0x4e01dc 0x4c66ae
0x4c66ae 0x4c66ae
0x4e01dc 0x4c66ae
0x4c66ae 0x4c66ae
0x4e01dc 0x4c66ae
0x4c66ae 0x4c66ae
0x4e01dc 0x4c66ae
0x4c66ae 0x4c66ae
0x4e01dc 0x4c66ae
0x4c66ae 0x4c66ae
0x4e01dc 0x4c66ae
0x4c66ae 0x4c66ae
0x4e01dc 0x4c66ae
0x4c66ae 0x4c66ae
0x4e01dc 0x4c66ae
0x4c66ae 0x4c66ae
0x4e01dc 0x4c66ae
0x4c66ae 0x4c66ae
0x4e01dc 0x4c66ae
0x4c66ae 0x4c66ae
0x4e01dc 0x4c66ae
0x4c66ae 0x4c66ae
0x4e01dc 0x4c66ae
0x4c66ae 0x4c66ae
0x4e01dc 0x4c66ae
0x4c66ae 0x4c66ae
0x4e01dc 0x4c66ae
0x4c66ae 0x4c66ae
0x4e01dc 0x4c66ae
0x4c66ae 0x4c66ae
0x4e01dc 0x4c66ae
0x4c66ae 0x4c66ae
0x4e01dc 0x4c66ae
0x4c66ae 0x4c66ae
0x4e01dc 0x4c66ae
0x4c66ae 0x4c66ae
0x4e01dc 0x4c66ae
0x4c66ae 0x4c66ae
0x4e01dc 0x4c66ae
0x4c66ae 0x4c66ae
0x4e01dc 0x4c66ae
0x4c66ae 0x4c66ae
0x4e01dc 0x4c66ae
0x4c66ae 0x4c66ae
0x4e01dc 0x4c66ae
0x4c66ae 0x4c66ae
0x4e01dc 0x4c66ae
0x4c66ae 0x4c66ae
0x4e01dc 0x4c66ae
0x4c66ae 0x4c66ae
0x4e01dc 0x4c66ae
0x4c66ae 0x4c66ae
0x4e01dc 0x4c66ae
0x4c66ae 0x4c66ae
0x4e01dc 0x4c66ae
0x4c66ae 0x4c66ae
0x4e01dc 0x4c66ae
0x4c66ae 0x4c66ae
0x4e01dc 0x4c66ae
0x4c66ae 0x4c66ae
0x4e01dc 0x4c66ae
0x4c66ae 0x4c66ae
0x4e01dc 0x4c66ae
0x4c66ae 0x4c66ae
0x4e01dc 0x4c66ae
0x4c66ae 0x4c66ae
0x4e01dc 0x4c66ae
0x4c66ae 0x4c66ae
0x4e01dc 0x4c66ae
0x4c66ae 0x4c66ae
0x4e01dc 0x4c66ae
0x4c66ae 0x4c66ae
0x4e01dc 0x4c66ae
0x4c66ae 0x4c66ae
0x4e01dc 0x4c66ae
0x4c66ae 0x4c66ae
0x4e01dc 0x4c66ae
0x4c66ae 0x4c66ae
0x4e01dc 0x4c66ae
0x4c66ae 0x4c66ae
0x4e01dc 0x4c66ae
0x4c66ae 0x4c66ae
0x4e01dc 0x4c66ae
0x4c66ae 0x4c66ae
0x4e01dc 0x4c66ae
0x4c66ae 0x4c66ae
0x4e01dc 0x4c66ae
0x4c66ae 0x4c66ae
0x4e01dc 0x4c66ae
0x4c66ae 0x4c66ae
0x4e01dc 0x4c66ae
0x4c66ae 0x4c66ae
0x4e01dc 0x4c66ae
0x4c66ae 0x4c66ae
0x4e01dc 0x4c66ae
0x4c66ae 0x4c66ae
0x4e01dc 0x4c66ae
0x4c66ae 0x4c66ae
0x4e01dc 0x4c66ae
0x4c66ae 0x4c66ae
0x4e01dc 0x4c66ae
0x4c66ae 0x4c66ae
0x4e01dc 0x4c66ae
0x4c66ae 0x4c66ae
0x4e01dc 0x4c66ae
0x4c66ae 0x4c66ae
0x4e01dc 0x4c66ae
0x4c66ae 0x4c66ae
0x4e01dc 0x4c66ae
0x4c66ae 0x4c66ae
0x4e01dc 0x4c66ae
0x4c66ae 0x4c66ae
0x4e01dc 0x4c66ae
0x4c66ae 0x4c66ae
0x4e01dc 0x4c66ae
0x4c66ae 0x4c66ae
0x4e01dc 0x4c66ae
0x4c66ae 0x4c66ae
0x4e01dc 0x4c66ae
0x4c66ae 0x4c66ae
0x4e01dc 0x4c66ae
0x4c66ae 0x4c66ae
0x4e01dc 0x4c66ae
0x4c66ae 0x4c66ae
0x4e01dc 0x4c66ae
0x4c66ae 0x4c66ae
0x4e01dc 0x4c66ae
0x4c66ae 0x4c66ae
0x4e01dc 0x4c66ae
0x4c66ae 0x4c66ae
0x4e01dc 0x4c66ae
0x4c66ae 0x4c66ae
0x4e01dc 0x4c66ae
0x4c66ae 0x4c66ae
0x4e01dc 0x4c66ae
0x4c66ae 0x4c66ae
0x4e01dc 0x4c66ae
0x4c66ae 0x4c66ae
0x4e01dc 0x4c66ae
0x4c66ae 0x4c66ae
0x4e01dc 0x4c66ae
0x4c66ae 0x4c66ae
0x4e01dc 0x4c66ae
TIME("seq_prop-write","done") = 6.531 secs
TIME("smear[cpu]","done") = 8.970 secs
seq check: complex(1.31754e-09, -8.9649e-10)

Success.
0x4c66ae 0x4c66ae
0x4e01dc 0x4c66ae
0x4c66ae 0x4c66ae
0x4e01dc 0x4c66ae
0x4c66ae 0x4c66ae
0x4e01dc 0x4c66ae
0x4c66ae 0x4c66ae
0x4e01dc 0x4c66ae
0x4c66ae 0x4c66ae
0x4e01dc 0x4c66ae
0x4c66ae 0x4c66ae
0x4e01dc 0x4c66ae
0x4c66ae 0x4c66ae
0x4e01dc 0x4c66ae
0x4c66ae 0x4c66ae
0x4e01dc 0x4c66ae
0x4c66ae 0x4c66ae
0x4e01dc 0x4c66ae
0x4c66ae 0x4c66ae
0x4e01dc 0x4c66ae
0x4c66ae 0x4c66ae
0x4e01dc 0x4c66ae
0x4c66ae 0x4c66ae
0x4e01dc 0x4c66ae
0x4c66ae 0x4c66ae
0x4e01dc 0x4c66ae
0x4c66ae 0x4c66ae
0x4e01dc 0x4c66ae
0x4c66ae 0x4c66ae
0x4e01dc 0x4c66ae
0x4c66ae 0x4c66ae
0x4e01dc 0x4c66ae
0x4c66ae 0x4c66ae
0x4e01dc 0x4c66ae
0x4c66ae 0x4c66ae
0x4e01dc 0x4c66ae
0x4c66ae 0x4c66ae
0x4e01dc 0x4c66ae
0x4c66ae 0x4c66ae
0x4e01dc 0x4c66ae
0x4c66ae 0x4c66ae
0x4e01dc 0x4c66ae
0x4c66ae 0x4c66ae
0x4e01dc 0x4c66ae
0x4c66ae 0x4c66ae
0x4e01dc 0x4c66ae
0x4c66ae 0x4c66ae
0x4e01dc 0x4c66ae
0x4c66ae 0x4c66ae
0x4e01dc 0x4c66ae
0x4c66ae 0x4c66ae
0x4e01dc 0x4c66ae
0x4c66ae 0x4c66ae
0x4e01dc 0x4c66ae
0x4c66ae 0x4c66ae
0x4e01dc 0x4c66ae
0x4c66ae 0x4c66ae
0x4e01dc 0x4c66ae
0x4c66ae 0x4c66ae
0x4e01dc 0x4c66ae
0x4c66ae 0x4c66ae
0x4e01dc 0x4c66ae
0x4c66ae 0x4c66ae
0x4e01dc 0x4c66ae
0x4c66ae 0x4c66ae
0x4e01dc 0x4c66ae
0x4c66ae 0x4c66ae
0x4e01dc 0x4c66ae
0x4c66ae 0x4c66ae
0x4e01dc 0x4c66ae
0x4c66ae 0x4c66ae
0x4e01dc 0x4c66ae
0x4c66ae 0x4c66ae
0x4e01dc 0x4c66ae
0x4c66ae 0x4c66ae
0x4e01dc 0x4c66ae
0x4c66ae 0x4c66ae
0x4e01dc 0x4c66ae
0x4c66ae 0x4c66ae
0x4e01dc 0x4c66ae
0x4c66ae 0x4c66ae
0x4e01dc 0x4c66ae
0x4c66ae 0x4c66ae
0x4e01dc 0x4c66ae
0x4c66ae 0x4c66ae
0x4e01dc 0x4c66ae
0x4c66ae 0x4c66ae
0x4e01dc 0x4c66ae
0x4c66ae 0x4c66ae
0x4e01dc 0x4c66ae
0x4c66ae 0x4c66ae
0x4e01dc 0x4c66ae
0x4c66ae 0x4c66ae
0x4e01dc 0x4c66ae
0x4c66ae 0x4c66ae
0x4e01dc 0x4c66ae
0x4c66ae 0x4c66ae
0x4e01dc 0x4c66ae
0x4c66ae 0x4c66ae
0x4e01dc 0x4c66ae
0x4c66ae 0x4c66ae
0x4e01dc 0x4c66ae
0x4c66ae 0x4c66ae
0x4e01dc 0x4c66ae
0x4c66ae 0x4c66ae
0x4e01dc 0x4c66ae
0x4c66ae 0x4c66ae
0x4e01dc 0x4c66ae
0x4c66ae 0x4c66ae
0x4e01dc 0x4c66ae
0x4c66ae 0x4c66ae
0x4e01dc 0x4c66ae
0x4c66ae 0x4c66ae
0x4e01dc 0x4c66ae
0x4c66ae 0x4c66ae
0x4e01dc 0x4c66ae
0x4c66ae 0x4c66ae
0x4e01dc 0x4c66ae
0x4c66ae 0x4c66ae
0x4e01dc 0x4c66ae
0x4c66ae 0x4c66ae
0x4e01dc 0x4c66ae
0x4c66ae 0x4c66ae
0x4e01dc 0x4c66ae
0x4c66ae 0x4c66ae
0x4e01dc 0x4c66ae
0x4c66ae 0x4c66ae
0x4e01dc 0x4c66ae
0x4c66ae 0x4c66ae
0x4e01dc 0x4c66ae
0x4c66ae 0x4c66ae
0x4e01dc 0x4c66ae
0x4c66ae 0x4c66ae
0x4e01dc 0x4c66ae
0x4c66ae 0x4c66ae
0x4e01dc 0x4c66ae
0x4c66ae 0x4c66ae
0x4e01dc 0x4c66ae
0x4c66ae 0x4c66ae
0x4e01dc 0x4c66ae
0x4c66ae 0x4c66ae
0x4e01dc 0x4c66ae
0x4c66ae 0x4c66ae
0x4e01dc 0x4c66ae
0x4c66ae 0x4c66ae
0x4e01dc 0x4c66ae
0x4c66ae 0x4c66ae
0x4e01dc 0x4c66ae
0x4c66ae 0x4c66ae
0x4e01dc 0x4c66ae
0x4c66ae 0x4c66ae
0x4e01dc 0x4c66ae
