machine of 192 nodes
network kind: switch
L.network[1] = 4
L.network[2] = 4
L.network[3] = 4
L.network[4] = 3
DML_partition_in times: read 0.32  send 0.00  total 0.35
TIME("gauge_load","done") = 0.462 secs
TIME("gauge_stout_smear","done") = 0.401 secs
TIME("gauge_ape_smear","done") = 6.369 secs
init_level 0
init_level 1
creating MG level 0
creating lattice: 8 8 8 24
ndim = 4
numsites = 64
len = 8 8 8 24
nsquares = 2 2 4 12

creating block
local = 0
creating args
creating null vecs
0x4c66ae 0x4c66ae
0   6   244    0.00469916  0.00608829  0.00979838  0.044191    0.32194   
1   2   131    0.00519763  0.0067554 
2   2   117    0.00547106  0.00670193
3   2   145    0.00473743  0.00661801
4   2   121    0.00525716  0.00659957
5   2   147    0.005144    0.0063651 
6   2   138    0.00507571  0.00645883
7   2   155    0.00536933  0.00687726
8   2   139    0.00490405  0.00689143
9   2   115    0.00575453  0.00731893
10  2   136    0.00581749  0.00679943
11  2   124    0.00570436  0.00717401
12  2   154    0.00578704  0.00689277
13  2   139    0.00529046  0.00631677
14  2   127    0.0058674   0.00697244
15  2   115    0.0060654   0.00682144
16  2   114    0.00613664  0.00709598
17  2   134    0.00586523  0.00695195
18  2   107    0.00611637  0.00722819
19  2   117    0.00622455  0.00741797
20  2   156    0.00606563  0.00721821
21  2   118    0.0059141   0.00746221
22  2   155    0.00581966  0.00705282
23  2   114    0.0065674   0.00725909
setup its = 3262
0    1           2.20821e-05  0.00469916
1    1           2.70153e-05  0.00519763
2    1           2.99325e-05  0.00547106
3    1           2.24433e-05  0.00473743
4    1           2.76377e-05  0.00525716
5    1           2.64608e-05  0.005144  
6    1           2.57629e-05  0.00507571
7    1           2.88297e-05  0.00536933
8    1           2.40497e-05  0.00490405
9    1           3.31147e-05  0.00575453
10   1           3.38432e-05  0.00581749
11   1           3.25398e-05  0.00570436
12   1           3.34898e-05  0.00578704
13   1           2.7989e-05  0.00529047
14   1           3.44264e-05  0.0058674 
15   1           3.67891e-05  0.0060654 
16   1           3.76583e-05  0.00613664
17   1           3.44009e-05  0.00586523
18   1           3.741e-05   0.00611637
19   1           3.8745e-05  0.00622455
20   1           3.67919e-05  0.00606563
21   1           3.49765e-05  0.0059141 
22   1           3.38684e-05  0.00581966
23   1           4.31307e-05  0.0065674 
0    1           2.20821e-05  0.00469916
1    1           2.47857e-05  0.00497853
2    1           2.5097e-05  0.00500969
3    1           1.90822e-05  0.00436832
4    1           2.73746e-05  0.00523207
5    1           3.09504e-05  0.00556331
6    1           5.61903e-05  0.00749602
7    1           0.000118979  0.0109077 
8    1           8.90764e-05  0.00943803
9    1           7.14096e-05  0.00845042
10   1           5.72213e-05  0.00756448
11   1           0.000144315  0.0120131 
12   1           9.41717e-05  0.00970421
13   1           0.000100164  0.0100082 
14   1           0.00014076  0.0118642 
15   1           0.000211135  0.0145305 
16   1           0.000135301  0.0116319 
17   1           0.000285653  0.0169013 
18   1           0.000160874  0.0126836 
19   1           0.000196721  0.0140257 
20   1           0.000350071  0.0187102 
21   1           0.000350722  0.0187276 
22   1           0.000237061  0.0153968 
23   1           0.000312421  0.0176754 
0    24576       345.028     0.118487  
1    24576       1329.86     0.23262   
2    24576       2187.68     0.298357  
3    24576       2860.02     0.341137  
4    24576       3426.19     0.373379  
5    24576       3949.14     0.400863  
6    24576       4416.79     0.423933  
7    24576       4795.18     0.44172   
8    24576       5202.8      0.460111  
9    24576       5570.27     0.476083  
10   24576       5891.09     0.489601  
11   24576       6152.54     0.500348  
12   24576       6456.72     0.512567  
13   24576       6745.01     0.523885  
14   24576       6981.22     0.532979  
15   24576       7225.75     0.542233  
16   24576       7480.56     0.551711  
17   24576       7705.83     0.559956  
18   24576       7938.89     0.568361  
19   24576       8151.49     0.575921  
20   24576       8353        0.582996  
21   24576       8609.84     0.591891  
22   24576       8789.23     0.598026  
23   24576       9021.66     0.605881  
get_nullvecs: 127.981 secs
vcomp 0  ( 587906 587906 )  3.45191e-07 / 2.35162e+06 = 1.46788e-13
vcomp 1  ( 590288 590288 )  3.59651e-07 / 2.36115e+06 = 1.5232e-13
vcomp 0  ( 587906 587906 )  3.5609e-07 / 2.35162e+06 = 1.51423e-13
vcomp 1  ( 590288 590288 )  3.70577e-07 / 2.36115e+06 = 1.56948e-13

creating true coarse operator
 shift  0 :  1  0  0  0
 shift  1 :  0  1  0  0
 shift  2 :  0  0  1  0
 shift  3 :  0  0  0  1
 shift  4 : -1  0  0  0
 shift  5 :  0 -1  0  0
 shift  6 :  0  0 -1  0
 shift  7 :  0  0  0 -1
 shift  8 :  0  0  0  0
16: 0 5 10 15
vcomp 0  ( 0.112763 0.112763 )  0 / 0.451051 = 0
vcomp 1  ( 0.0219538 0.0219538 )  0 / 0.0878151 = 0
vcomp 0  ( 1 1 )  6.4108e-14 / 4 = 1.6027e-14
vcomp 1  ( 0 9.76414e-15 )  9.76414e-15 / 9.76414e-15 = 1
vcomp 0  ( 1.36294 1.36294 )  1.44654e-13 / 5.45175 = 2.65335e-14
vcomp 1  ( 0.1529 0.1529 )  4.27697e-14 / 0.611601 = 6.99307e-14
vcomp 0  ( 0.0691688 0.0691688 )  2.62139e-15 / 0.276675 = 9.47462e-15
vcomp 1  ( 0.0171039 0.0171039 )  1.45218e-15 / 0.0684156 = 2.12259e-14
QOP_F_mgCloneOp: 125.722 secs
creating MG level 1
creating lattice: 4 4 4 12
ndim = 4
numsites = 4
len = 4 4 4 12
nsquares = 2 2 4 12

creating block
local = 1
creating args
creating null vecs
0x4e01dc 0x4c66ae
0   6   38     0.0190519   0.0220532   0.0353836   0.103033    0.403391  
1   2   23     0.0207769   0.0260579 
2   2   23     0.0234412   0.0286057 
3   3   32     0.0185459   0.0217392 
4   3   39     0.0161096   0.020422  
5   2   20     0.0241221   0.0248762 
6   2   17     0.0267385   0.0302182 
7   3   34     0.0233639   0.0243432 
8   2   23     0.0247114   0.0275221 
9   2   21     0.025686    0.0329419 
10  2   21     0.0236179   0.0290194 
11  2   21     0.0270414   0.029468  
12  2   25     0.0246689   0.0308902 
13  2   23     0.0243152   0.0297087 
14  2   18     0.0258992   0.0280148 
15  2   23     0.0260475   0.0290895 
16  2   20     0.027134    0.0315403 
17  2   22     0.0258066   0.0309884 
18  2   24     0.0249827   0.0298551 
19  2   19     0.0265057   0.0313978 
20  2   22     0.0275381   0.033577  
21  2   23     0.0264336   0.0319555 
22  2   23     0.0268174   0.0320435 
23  2   22     0.0285478   0.0318849 
setup its = 576
0    1           0.000362975  0.0190519 
1    1           0.000431679  0.0207769 
2    1           0.000549491  0.0234412 
3    1           0.000343951  0.0185459 
4    1           0.000259519  0.0161096 
5    1           0.000581875  0.0241221 
6    1           0.00071495  0.0267385 
7    1           0.000545872  0.0233639 
8    1           0.000610655  0.0247114 
9    1           0.000659771  0.025686  
10   1           0.000557803  0.0236179 
11   1           0.000731236  0.0270414 
12   1           0.000608553  0.0246689 
13   1           0.000591229  0.0243152 
14   1           0.000670767  0.0258992 
15   1           0.00067847  0.0260474 
16   1           0.000736253  0.027134  
17   1           0.000665982  0.0258066 
18   1           0.000624136  0.0249827 
19   1           0.000702552  0.0265057 
20   1           0.000758346  0.0275381 
21   1           0.000698735  0.0264336 
22   1           0.000719173  0.0268174 
23   1           0.000814977  0.0285478 
0    1           0.000362975  0.0190519 
1    1           0.00039646  0.0199113 
2    1           0.000496117  0.0222737 
3    1           0.000366807  0.0191522 
4    1           0.000389584  0.0197379 
5    1           0.000740365  0.0272096 
6    1           0.000784639  0.0280114 
7    1           0.000738748  0.0271799 
8    1           0.00127664  0.0357301 
9    1           0.00140327  0.0374602 
10   1           0.00147591  0.0384175 
11   1           0.00120505  0.0347138 
12   1           0.0015285   0.039096  
13   1           0.00250127  0.0500127 
14   1           0.00173479  0.0416508 
15   1           0.00375666  0.0612916 
16   1           0.00292449  0.0540785 
17   1           0.00328157  0.057285  
18   1           0.00291632  0.0540029 
19   1           0.00293279  0.0541553 
20   1           0.00365378  0.0604465 
21   1           0.00693387  0.0832699 
22   1           0.00360382  0.0600319 
23   1           0.00413441  0.0642994 
0    1536        33.0383     0.146661  
1    1536        114.262     0.272745  
2    1536        183.414     0.345558  
3    1536        242.245     0.397129  
4    1536        291.942     0.435966  
5    1536        328.18      0.462233  
6    1536        362.677     0.48592   
7    1536        401.287     0.511131  
8    1536        437.575     0.533741  
9    1536        473.088     0.554977  
10   1536        496.032     0.568276  
11   1536        527.303     0.585915  
12   1536        559.078     0.60331   
13   1536        584.62      0.616938  
14   1536        604.289     0.62723   
15   1536        630.933     0.640909  
16   1536        652.818     0.651929  
17   1536        679.933     0.665331  
18   1536        710.475     0.680109  
19   1536        728.651     0.688754  
20   1536        744.15      0.696041  
21   1536        778.198     0.711786  
22   1536        812.412     0.727265  
23   1536        817.095     0.729358  
get_nullvecs: 1.94284 secs
vcomp 0  ( 37299.9 37299.9 )  3.92726e-09 / 149200 = 2.63222e-14
vcomp 1  ( 36953.5 36953.5 )  4.00084e-09 / 147814 = 2.70667e-14
vcomp 0  ( 37299.9 37299.9 )  4.49219e-09 / 149200 = 3.01086e-14
vcomp 1  ( 36953.5 36953.5 )  4.57252e-09 / 147814 = 3.09343e-14

creating true coarse operator
 shift  0 :  1  0  0  0
 shift  1 :  0  1  0  0
 shift  2 :  0  0  1  0
 shift  3 :  0  0  0  1
 shift  4 : -1  0  0  0
 shift  5 :  0 -1  0  0
 shift  6 :  0  0 -1  0
 shift  7 :  0  0  0 -1
 shift  8 :  0  0  0  0
16: 0 5 10 15
vcomp 0  ( 0.390911 0.390911 )  0 / 1.56364 = 0
vcomp 1  ( 0.032333 0.032333 )  0 / 0.129332 = 0
vcomp 0  ( 1 1 )  3.80885e-15 / 4 = 9.52214e-16
vcomp 1  ( 0 4.90174e-15 )  4.90174e-15 / 4.90174e-15 = 1
vcomp 0  ( 1.59498 1.59498 )  4.56825e-15 / 6.37992 = 7.16035e-16
vcomp 1  ( 0.106163 0.106163 )  6.48956e-15 / 0.424653 = 1.5282e-14
vcomp 0  ( 0.19373 0.19373 )  3.52975e-15 / 0.774921 = 4.55498e-15
vcomp 1  ( 0.0383088 0.0383088 )  1.27211e-15 / 0.153235 = 8.30166e-15
QOP_F_mgCloneOp: 1.22118 secs
TIME("set up mg solver","done") = 257.455 secs
TIME("make_mg_solver","done") = 257.455 secs
momentum smearing with ( 0 0 0 0 )
TIME("make_mom_smear_fct","done") = 0.011 secs
TIME("smear[cpu]","done") = 0.111 secs
TIME("frw_prop_source.1904.x0y0z0t0","done") = 0.146 secs
iters =   21  secs = 6.226302  rsq = 2.62855e-16
level 0 count 21 tpre 0.01 tcoarse 3.43 tpost 1.99 trest 1.49 tprol 1.41
level 1 count 41 tpre 0.00 tcoarse 0.10 tpost 0.32 trest 0.00 tprol 0.00
iters =   21  secs = 6.201287  rsq = 2.98879e-16
level 0 count 21 tpre 0.01 tcoarse 3.42 tpost 1.99 trest 1.48 tprol 1.41
level 1 count 41 tpre 0.00 tcoarse 0.09 tpost 0.32 trest 0.00 tprol 0.00
iters =   21  secs = 6.189616  rsq = 2.69046e-16
level 0 count 21 tpre 0.01 tcoarse 3.41 tpost 1.99 trest 1.48 tprol 1.41
level 1 count 40 tpre 0.00 tcoarse 0.09 tpost 0.31 trest 0.00 tprol 0.00
iters =   21  secs = 6.191067  rsq = 2.95092e-16
level 0 count 21 tpre 0.01 tcoarse 3.41 tpost 1.99 trest 1.48 tprol 1.41
level 1 count 40 tpre 0.00 tcoarse 0.09 tpost 0.31 trest 0.00 tprol 0.00
iters =   21  secs = 6.203690  rsq = 2.07941e-16
level 0 count 21 tpre 0.01 tcoarse 3.42 tpost 1.99 trest 1.49 tprol 1.41
level 1 count 40 tpre 0.00 tcoarse 0.10 tpost 0.31 trest 0.00 tprol 0.00
iters =   21  secs = 6.206896  rsq = 3.09267e-16
level 0 count 21 tpre 0.01 tcoarse 3.42 tpost 1.99 trest 1.48 tprol 1.41
level 1 count 41 tpre 0.00 tcoarse 0.10 tpost 0.32 trest 0.00 tprol 0.00
iters =   21  secs = 6.191290  rsq = 2.4263e-16
level 0 count 21 tpre 0.01 tcoarse 3.41 tpost 1.99 trest 1.48 tprol 1.41
level 1 count 40 tpre 0.00 tcoarse 0.10 tpost 0.31 trest 0.00 tprol 0.00
iters =   21  secs = 6.206108  rsq = 2.97503e-16
level 0 count 21 tpre 0.01 tcoarse 3.42 tpost 1.99 trest 1.48 tprol 1.41
level 1 count 41 tpre 0.00 tcoarse 0.09 tpost 0.32 trest 0.00 tprol 0.00
iters =   21  secs = 6.180424  rsq = 2.48801e-16
level 0 count 21 tpre 0.01 tcoarse 3.40 tpost 1.99 trest 1.48 tprol 1.41
level 1 count 40 tpre 0.00 tcoarse 0.09 tpost 0.31 trest 0.00 tprol 0.00
iters =   21  secs = 6.203690  rsq = 2.54193e-16
level 0 count 21 tpre 0.01 tcoarse 3.42 tpost 1.99 trest 1.48 tprol 1.41
level 1 count 40 tpre 0.00 tcoarse 0.10 tpost 0.32 trest 0.00 tprol 0.00
iters =   21  secs = 6.189027  rsq = 2.27326e-16
level 0 count 21 tpre 0.01 tcoarse 3.41 tpost 1.99 trest 1.48 tprol 1.41
level 1 count 40 tpre 0.00 tcoarse 0.09 tpost 0.31 trest 0.00 tprol 0.00
iters =   21  secs = 6.187951  rsq = 2.27617e-16
level 0 count 21 tpre 0.01 tcoarse 3.40 tpost 1.99 trest 1.48 tprol 1.41
level 1 count 40 tpre 0.00 tcoarse 0.10 tpost 0.31 trest 0.00 tprol 0.00
TIME("smear[cpu]","done") = 8.997 secs
TIME("frw_prop.1904.x0y0z0t0","done") = 84.892 secs
TIME("fwd_prop-write","done") = 6.980 secs
TIME("sm_fwd_prop-write","done") = 7.218 secs
doing sink momentum 0 0 0 0
The sink time is 10
computing (1-g4) projected prop
TIME("c3pt","bwd_source") = 0.398 secs
TIME("smear[cpu]","done") = 1.249 secs
iters =   21  secs = 6.220328  rsq = 2.42678e-16
level 0 count 21 tpre 0.01 tcoarse 3.44 tpost 1.99 trest 1.48 tprol 1.41
level 1 count 42 tpre 0.00 tcoarse 0.10 tpost 0.33 trest 0.00 tprol 0.00
iters =   21  secs = 6.209504  rsq = 3.03728e-16
level 0 count 21 tpre 0.01 tcoarse 3.42 tpost 1.99 trest 1.47 tprol 1.41
level 1 count 42 tpre 0.00 tcoarse 0.10 tpost 0.33 trest 0.00 tprol 0.00
iters =   21  secs = 6.235515  rsq = 2.32851e-16
level 0 count 21 tpre 0.01 tcoarse 3.45 tpost 1.99 trest 1.48 tprol 1.42
level 1 count 42 tpre 0.00 tcoarse 0.10 tpost 0.34 trest 0.00 tprol 0.00
iters =   21  secs = 6.212944  rsq = 2.77633e-16
level 0 count 21 tpre 0.01 tcoarse 3.43 tpost 1.99 trest 1.47 tprol 1.41
level 1 count 42 tpre 0.00 tcoarse 0.11 tpost 0.34 trest 0.00 tprol 0.00
iters =   21  secs = 6.222906  rsq = 2.82567e-16
level 0 count 21 tpre 0.01 tcoarse 3.44 tpost 1.99 trest 1.48 tprol 1.41
level 1 count 42 tpre 0.00 tcoarse 0.10 tpost 0.34 trest 0.00 tprol 0.00
iters =   21  secs = 6.218268  rsq = 2.81466e-16
level 0 count 21 tpre 0.01 tcoarse 3.43 tpost 1.99 trest 1.48 tprol 1.41
level 1 count 42 tpre 0.00 tcoarse 0.10 tpost 0.33 trest 0.00 tprol 0.00
TIME("c3pt","bwd_prop") = 39.651 secs
TIME("seq_prop-write","done") = 6.029 secs
TIME("smear[cpu]","done") = 8.971 secs
seq check: complex(1.88203e-10, 1.59162e-10)
doing sink momentum 0 0 0 0
The sink time is 10
computing (1-g4) projected prop
TIME("c3pt","bwd_source") = 0.447 secs
TIME("smear[cpu]","done") = 1.261 secs
iters =   21  secs = 6.214386  rsq = 2.42678e-16
level 0 count 21 tpre 0.01 tcoarse 3.43 tpost 1.99 trest 1.47 tprol 1.41
level 1 count 42 tpre 0.00 tcoarse 0.10 tpost 0.33 trest 0.00 tprol 0.00
iters =   21  secs = 6.213546  rsq = 3.20904e-16
level 0 count 21 tpre 0.01 tcoarse 3.43 tpost 1.99 trest 1.48 tprol 1.41
level 1 count 41 tpre 0.00 tcoarse 0.10 tpost 0.33 trest 0.00 tprol 0.00
iters =   21  secs = 6.218968  rsq = 2.32851e-16
level 0 count 21 tpre 0.01 tcoarse 3.44 tpost 1.99 trest 1.48 tprol 1.41
level 1 count 42 tpre 0.00 tcoarse 0.10 tpost 0.33 trest 0.00 tprol 0.00
iters =   21  secs = 6.210145  rsq = 2.62949e-16
level 0 count 21 tpre 0.01 tcoarse 3.43 tpost 1.99 trest 1.48 tprol 1.41
level 1 count 41 tpre 0.00 tcoarse 0.10 tpost 0.33 trest 0.00 tprol 0.00
iters =   21  secs = 6.223038  rsq = 2.82567e-16
level 0 count 21 tpre 0.01 tcoarse 3.44 tpost 1.99 trest 1.48 tprol 1.41
level 1 count 42 tpre 0.00 tcoarse 0.10 tpost 0.33 trest 0.00 tprol 0.00
iters =   21  secs = 6.217464  rsq = 2.41288e-16
level 0 count 21 tpre 0.01 tcoarse 3.43 tpost 1.99 trest 1.48 tprol 1.41
level 1 count 42 tpre 0.00 tcoarse 0.10 tpost 0.33 trest 0.00 tprol 0.00
TIME("c3pt","bwd_prop") = 39.688 secs
TIME("seq_prop-write","done") = 6.545 secs
TIME("smear[cpu]","done") = 8.975 secs
seq check: complex(3.76407e-10, 3.18325e-10)
TIME("smear[cpu]","done") = 0.083 secs
TIME("frw_prop_source.1904.x8y0z0t0","done") = 0.116 secs
iters =   21  secs = 6.185601  rsq = 2.55104e-16
level 0 count 21 tpre 0.01 tcoarse 3.40 tpost 1.99 trest 1.48 tprol 1.41
level 1 count 41 tpre 0.00 tcoarse 0.09 tpost 0.32 trest 0.00 tprol 0.00
iters =   21  secs = 6.187471  rsq = 2.93642e-16
level 0 count 21 tpre 0.01 tcoarse 3.40 tpost 1.99 trest 1.48 tprol 1.41
level 1 count 40 tpre 0.00 tcoarse 0.09 tpost 0.32 trest 0.00 tprol 0.00
iters =   21  secs = 6.194522  rsq = 2.9833e-16
level 0 count 21 tpre 0.01 tcoarse 3.41 tpost 1.99 trest 1.48 tprol 1.41
level 1 count 41 tpre 0.00 tcoarse 0.09 tpost 0.32 trest 0.00 tprol 0.00
iters =   21  secs = 6.178680  rsq = 3.66807e-16
level 0 count 21 tpre 0.01 tcoarse 3.39 tpost 1.99 trest 1.48 tprol 1.41
level 1 count 40 tpre 0.00 tcoarse 0.09 tpost 0.31 trest 0.00 tprol 0.00
iters =   21  secs = 6.191771  rsq = 3.03366e-16
level 0 count 21 tpre 0.01 tcoarse 3.41 tpost 1.99 trest 1.48 tprol 1.41
level 1 count 41 tpre 0.00 tcoarse 0.09 tpost 0.32 trest 0.00 tprol 0.00
iters =   21  secs = 6.179718  rsq = 2.0574e-16
level 0 count 21 tpre 0.01 tcoarse 3.40 tpost 1.99 trest 1.48 tprol 1.41
level 1 count 40 tpre 0.00 tcoarse 0.09 tpost 0.31 trest 0.00 tprol 0.00
iters =   21  secs = 6.169899  rsq = 2.82064e-16
level 0 count 21 tpre 0.01 tcoarse 3.39 tpost 1.99 trest 1.48 tprol 1.41
level 1 count 39 tpre 0.00 tcoarse 0.09 tpost 0.30 trest 0.00 tprol 0.00
iters =   21  secs = 6.176381  rsq = 2.74206e-16
level 0 count 21 tpre 0.01 tcoarse 3.39 tpost 1.99 trest 1.48 tprol 1.41
level 1 count 40 tpre 0.00 tcoarse 0.09 tpost 0.31 trest 0.00 tprol 0.00
iters =   21  secs = 6.181880  rsq = 1.91676e-16
level 0 count 21 tpre 0.01 tcoarse 3.40 tpost 1.99 trest 1.48 tprol 1.41
level 1 count 40 tpre 0.00 tcoarse 0.10 tpost 0.31 trest 0.00 tprol 0.00
iters =   20  secs = 5.920460  rsq = 9.56139e-16
level 0 count 20 tpre 0.01 tcoarse 3.24 tpost 1.92 trest 1.41 tprol 1.35
level 1 count 39 tpre 0.00 tcoarse 0.09 tpost 0.30 trest 0.00 tprol 0.00
iters =   21  secs = 6.173397  rsq = 2.04235e-16
level 0 count 21 tpre 0.01 tcoarse 3.39 tpost 1.99 trest 1.47 tprol 1.41
level 1 count 40 tpre 0.00 tcoarse 0.10 tpost 0.31 trest 0.00 tprol 0.00
iters =   21  secs = 6.172763  rsq = 2.68589e-16
level 0 count 21 tpre 0.01 tcoarse 3.39 tpost 1.99 trest 1.48 tprol 1.41
level 1 count 40 tpre 0.00 tcoarse 0.09 tpost 0.31 trest 0.00 tprol 0.00
TIME("smear[cpu]","done") = 8.981 secs
TIME("frw_prop.1904.x8y0z0t0","done") = 84.227 secs
TIME("fwd_prop-write","done") = 6.774 secs
TIME("sm_fwd_prop-write","done") = 6.944 secs
doing sink momentum 0 0 0 0
The sink time is 10
computing (1-g4) projected prop
TIME("c3pt","bwd_source") = 0.397 secs
TIME("smear[cpu]","done") = 1.262 secs
iters =   21  secs = 6.206978  rsq = 2.41045e-16
level 0 count 21 tpre 0.01 tcoarse 3.42 tpost 1.99 trest 1.47 tprol 1.41
level 1 count 42 tpre 0.00 tcoarse 0.10 tpost 0.33 trest 0.00 tprol 0.00
iters =   21  secs = 6.199431  rsq = 2.58224e-16
level 0 count 21 tpre 0.01 tcoarse 3.41 tpost 1.99 trest 1.47 tprol 1.41
level 1 count 42 tpre 0.00 tcoarse 0.10 tpost 0.33 trest 0.00 tprol 0.00
iters =   21  secs = 6.200089  rsq = 2.24354e-16
level 0 count 21 tpre 0.01 tcoarse 3.42 tpost 1.99 trest 1.47 tprol 1.41
level 1 count 42 tpre 0.00 tcoarse 0.10 tpost 0.33 trest 0.00 tprol 0.00
iters =   21  secs = 6.204660  rsq = 2.70956e-16
level 0 count 21 tpre 0.01 tcoarse 3.42 tpost 1.99 trest 1.48 tprol 1.41
level 1 count 42 tpre 0.00 tcoarse 0.10 tpost 0.33 trest 0.00 tprol 0.00
iters =   21  secs = 6.217360  rsq = 2.57634e-16
level 0 count 21 tpre 0.01 tcoarse 3.43 tpost 1.99 trest 1.47 tprol 1.41
level 1 count 42 tpre 0.00 tcoarse 0.10 tpost 0.34 trest 0.00 tprol 0.00
iters =   21  secs = 6.206450  rsq = 1.97333e-16
level 0 count 21 tpre 0.01 tcoarse 3.42 tpost 1.99 trest 1.48 tprol 1.41
level 1 count 42 tpre 0.00 tcoarse 0.10 tpost 0.33 trest 0.00 tprol 0.00
TIME("c3pt","bwd_prop") = 39.576 secs
TIME("seq_prop-write","done") = 7.245 secs
TIME("smear[cpu]","done") = 8.954 secs
seq check: complex(-5.65226e-11, -6.34874e-10)
doing sink momentum 0 0 0 0
The sink time is 10
computing (1-g4) projected prop
TIME("c3pt","bwd_source") = 0.448 secs
TIME("smear[cpu]","done") = 1.254 secs
iters =   21  secs = 6.218962  rsq = 2.41045e-16
level 0 count 21 tpre 0.01 tcoarse 3.44 tpost 1.99 trest 1.48 tprol 1.41
level 1 count 42 tpre 0.00 tcoarse 0.10 tpost 0.33 trest 0.00 tprol 0.00
iters =   21  secs = 6.216134  rsq = 2.36424e-16
level 0 count 21 tpre 0.01 tcoarse 3.43 tpost 1.99 trest 1.48 tprol 1.41
level 1 count 42 tpre 0.00 tcoarse 0.10 tpost 0.33 trest 0.00 tprol 0.00
iters =   21  secs = 6.217458  rsq = 2.24354e-16
level 0 count 21 tpre 0.01 tcoarse 3.43 tpost 1.99 trest 1.48 tprol 1.41
level 1 count 42 tpre 0.00 tcoarse 0.10 tpost 0.33 trest 0.00 tprol 0.00
iters =   21  secs = 6.216911  rsq = 2.51543e-16
level 0 count 21 tpre 0.01 tcoarse 3.43 tpost 1.99 trest 1.48 tprol 1.41
level 1 count 41 tpre 0.00 tcoarse 0.10 tpost 0.32 trest 0.00 tprol 0.00
iters =   21  secs = 6.200933  rsq = 2.57634e-16
level 0 count 21 tpre 0.01 tcoarse 3.42 tpost 1.99 trest 1.47 tprol 1.40
level 1 count 42 tpre 0.00 tcoarse 0.10 tpost 0.33 trest 0.00 tprol 0.00
iters =   21  secs = 6.206369  rsq = 2.77584e-16
level 0 count 21 tpre 0.01 tcoarse 3.42 tpost 1.99 trest 1.48 tprol 1.41
level 1 count 41 tpre 0.00 tcoarse 0.10 tpost 0.32 trest 0.00 tprol 0.00
TIME("c3pt","bwd_prop") = 39.664 secs
TIME("seq_prop-write","done") = 6.394 secs
TIME("smear[cpu]","done") = 8.971 secs
seq check: complex(-1.13045e-10, -1.26975e-09)
TIME("smear[cpu]","done") = 0.083 secs
TIME("frw_prop_source.1904.x16y0z0t0","done") = 0.116 secs
iters =   21  secs = 6.184741  rsq = 2.64684e-16
level 0 count 21 tpre 0.01 tcoarse 3.40 tpost 1.99 trest 1.48 tprol 1.41
level 1 count 40 tpre 0.00 tcoarse 0.09 tpost 0.32 trest 0.00 tprol 0.00
iters =   21  secs = 6.204910  rsq = 2.6856e-16
level 0 count 21 tpre 0.01 tcoarse 3.41 tpost 1.99 trest 1.48 tprol 1.41
level 1 count 41 tpre 0.00 tcoarse 0.09 tpost 0.32 trest 0.00 tprol 0.00
iters =   21  secs = 6.197387  rsq = 2.39801e-16
level 0 count 21 tpre 0.01 tcoarse 3.41 tpost 1.99 trest 1.48 tprol 1.41
level 1 count 41 tpre 0.00 tcoarse 0.09 tpost 0.32 trest 0.00 tprol 0.00
iters =   21  secs = 6.188087  rsq = 2.63172e-16
level 0 count 21 tpre 0.01 tcoarse 3.40 tpost 1.99 trest 1.48 tprol 1.41
level 1 count 40 tpre 0.00 tcoarse 0.09 tpost 0.31 trest 0.00 tprol 0.00
iters =   21  secs = 6.186948  rsq = 2.6247e-16
level 0 count 21 tpre 0.01 tcoarse 3.40 tpost 1.99 trest 1.48 tprol 1.41
level 1 count 40 tpre 0.00 tcoarse 0.09 tpost 0.31 trest 0.00 tprol 0.00
iters =   21  secs = 6.180155  rsq = 2.33131e-16
level 0 count 21 tpre 0.01 tcoarse 3.40 tpost 1.99 trest 1.47 tprol 1.41
level 1 count 41 tpre 0.00 tcoarse 0.08 tpost 0.32 trest 0.00 tprol 0.00
iters =   21  secs = 6.183599  rsq = 3.00551e-16
level 0 count 21 tpre 0.01 tcoarse 3.40 tpost 1.99 trest 1.47 tprol 1.40
level 1 count 40 tpre 0.00 tcoarse 0.09 tpost 0.32 trest 0.00 tprol 0.00
iters =   21  secs = 6.196003  rsq = 2.42815e-16
level 0 count 21 tpre 0.01 tcoarse 3.41 tpost 1.99 trest 1.48 tprol 1.41
level 1 count 41 tpre 0.00 tcoarse 0.09 tpost 0.32 trest 0.00 tprol 0.00
iters =   21  secs = 6.298821  rsq = 3.35268e-16
level 0 count 21 tpre 0.01 tcoarse 3.51 tpost 1.99 trest 1.48 tprol 1.54
level 1 count 39 tpre 0.00 tcoarse 0.09 tpost 0.31 trest 0.00 tprol 0.00
iters =   21  secs = 6.182647  rsq = 2.46358e-16
level 0 count 21 tpre 0.01 tcoarse 3.40 tpost 1.99 trest 1.47 tprol 1.41
level 1 count 40 tpre 0.00 tcoarse 0.09 tpost 0.31 trest 0.00 tprol 0.00
iters =   21  secs = 6.173467  rsq = 2.73739e-16
level 0 count 21 tpre 0.01 tcoarse 3.39 tpost 1.99 trest 1.47 tprol 1.40
level 1 count 40 tpre 0.00 tcoarse 0.09 tpost 0.31 trest 0.00 tprol 0.00
iters =   21  secs = 6.182274  rsq = 2.85309e-16
level 0 count 21 tpre 0.01 tcoarse 3.40 tpost 1.99 trest 1.48 tprol 1.41
level 1 count 40 tpre 0.00 tcoarse 0.09 tpost 0.31 trest 0.00 tprol 0.00
TIME("smear[cpu]","done") = 8.964 secs
TIME("frw_prop.1904.x16y0z0t0","done") = 84.677 secs
TIME("fwd_prop-write","done") = 7.525 secs
TIME("sm_fwd_prop-write","done") = 7.068 secs
doing sink momentum 0 0 0 0
The sink time is 10
computing (1-g4) projected prop
TIME("c3pt","bwd_source") = 0.392 secs
TIME("smear[cpu]","done") = 1.254 secs
iters =   21  secs = 6.209720  rsq = 2.51792e-16
level 0 count 21 tpre 0.01 tcoarse 3.43 tpost 1.99 trest 1.48 tprol 1.41
level 1 count 42 tpre 0.00 tcoarse 0.10 tpost 0.33 trest 0.00 tprol 0.00
iters =   21  secs = 6.217359  rsq = 2.78893e-16
level 0 count 21 tpre 0.01 tcoarse 3.43 tpost 1.99 trest 1.48 tprol 1.41
level 1 count 41 tpre 0.00 tcoarse 0.10 tpost 0.33 trest 0.00 tprol 0.00
iters =   21  secs = 6.214934  rsq = 2.77001e-16
level 0 count 21 tpre 0.01 tcoarse 3.43 tpost 1.99 trest 1.48 tprol 1.41
level 1 count 42 tpre 0.00 tcoarse 0.10 tpost 0.33 trest 0.00 tprol 0.00
iters =   21  secs = 6.209592  rsq = 2.82522e-16
level 0 count 21 tpre 0.01 tcoarse 3.42 tpost 1.99 trest 1.48 tprol 1.41
level 1 count 42 tpre 0.00 tcoarse 0.10 tpost 0.33 trest 0.00 tprol 0.00
iters =   21  secs = 6.215074  rsq = 2.6436e-16
level 0 count 21 tpre 0.01 tcoarse 3.43 tpost 1.99 trest 1.48 tprol 1.41
level 1 count 42 tpre 0.00 tcoarse 0.10 tpost 0.33 trest 0.00 tprol 0.00
iters =   21  secs = 6.216848  rsq = 2.57738e-16
level 0 count 21 tpre 0.01 tcoarse 3.43 tpost 1.99 trest 1.48 tprol 1.41
level 1 count 42 tpre 0.00 tcoarse 0.10 tpost 0.33 trest 0.00 tprol 0.00
TIME("c3pt","bwd_prop") = 39.621 secs
TIME("seq_prop-write","done") = 7.424 secs
TIME("smear[cpu]","done") = 8.961 secs
seq check: complex(1.15298e-09, -7.31841e-11)
doing sink momentum 0 0 0 0
The sink time is 10
computing (1-g4) projected prop
TIME("c3pt","bwd_source") = 0.440 secs
TIME("smear[cpu]","done") = 1.263 secs
iters =   21  secs = 6.210634  rsq = 2.51792e-16
level 0 count 21 tpre 0.01 tcoarse 3.42 tpost 1.99 trest 1.47 tprol 1.41
level 1 count 42 tpre 0.00 tcoarse 0.10 tpost 0.33 trest 0.00 tprol 0.00
iters =   21  secs = 6.216613  rsq = 2.97011e-16
level 0 count 21 tpre 0.01 tcoarse 3.43 tpost 1.99 trest 1.48 tprol 1.42
level 1 count 42 tpre 0.00 tcoarse 0.10 tpost 0.33 trest 0.00 tprol 0.00
iters =   21  secs = 6.213998  rsq = 2.77001e-16
level 0 count 21 tpre 0.01 tcoarse 3.43 tpost 1.99 trest 1.48 tprol 1.41
level 1 count 42 tpre 0.00 tcoarse 0.10 tpost 0.33 trest 0.00 tprol 0.00
iters =   21  secs = 6.180099  rsq = 3.1499e-16
level 0 count 21 tpre 0.01 tcoarse 3.39 tpost 1.99 trest 1.48 tprol 1.41
level 1 count 40 tpre 0.00 tcoarse 0.09 tpost 0.31 trest 0.00 tprol 0.00
iters =   21  secs = 6.215587  rsq = 2.6436e-16
level 0 count 21 tpre 0.01 tcoarse 3.43 tpost 1.99 trest 1.48 tprol 1.41
level 1 count 42 tpre 0.00 tcoarse 0.10 tpost 0.33 trest 0.00 tprol 0.00
iters =   21  secs = 6.210385  rsq = 2.7331e-16
level 0 count 21 tpre 0.01 tcoarse 3.42 tpost 1.99 trest 1.48 tprol 1.41
level 1 count 42 tpre 0.00 tcoarse 0.10 tpost 0.33 trest 0.00 tprol 0.00
TIME("c3pt","bwd_prop") = 39.642 secs
TIME("seq_prop-write","done") = 6.826 secs
TIME("smear[cpu]","done") = 8.959 secs
seq check: complex(2.30597e-09, -1.46368e-10)
TIME("smear[cpu]","done") = 0.083 secs
TIME("frw_prop_source.1904.x24y0z0t0","done") = 0.116 secs
iters =   21  secs = 6.200357  rsq = 2.59239e-16
level 0 count 21 tpre 0.01 tcoarse 3.40 tpost 2.00 trest 1.47 tprol 1.41
level 1 count 40 tpre 0.00 tcoarse 0.09 tpost 0.32 trest 0.00 tprol 0.00
iters =   21  secs = 6.188394  rsq = 2.61348e-16
level 0 count 21 tpre 0.01 tcoarse 3.40 tpost 1.99 trest 1.47 tprol 1.41
level 1 count 40 tpre 0.00 tcoarse 0.10 tpost 0.32 trest 0.00 tprol 0.00
iters =   21  secs = 6.197286  rsq = 2.22596e-16
level 0 count 21 tpre 0.01 tcoarse 3.41 tpost 1.99 trest 1.47 tprol 1.41
level 1 count 41 tpre 0.00 tcoarse 0.09 tpost 0.33 trest 0.00 tprol 0.00
iters =   21  secs = 6.196167  rsq = 2.49204e-16
level 0 count 21 tpre 0.01 tcoarse 3.41 tpost 1.99 trest 1.48 tprol 1.41
level 1 count 40 tpre 0.00 tcoarse 0.09 tpost 0.32 trest 0.00 tprol 0.00
iters =   21  secs = 6.198592  rsq = 2.40238e-16
level 0 count 21 tpre 0.01 tcoarse 3.41 tpost 1.99 trest 1.48 tprol 1.41
level 1 count 40 tpre 0.00 tcoarse 0.10 tpost 0.32 trest 0.00 tprol 0.00
iters =   21  secs = 6.199126  rsq = 3.00728e-16
level 0 count 21 tpre 0.01 tcoarse 3.41 tpost 1.99 trest 1.48 tprol 1.41
level 1 count 40 tpre 0.00 tcoarse 0.09 tpost 0.32 trest 0.00 tprol 0.00
iters =   21  secs = 6.232765  rsq = 2.7936e-16
level 0 count 21 tpre 0.01 tcoarse 3.44 tpost 1.99 trest 1.48 tprol 1.41
level 1 count 42 tpre 0.00 tcoarse 0.10 tpost 0.34 trest 0.00 tprol 0.00
iters =   21  secs = 6.192471  rsq = 2.55666e-16
level 0 count 21 tpre 0.01 tcoarse 3.41 tpost 1.99 trest 1.48 tprol 1.41
level 1 count 40 tpre 0.00 tcoarse 0.09 tpost 0.32 trest 0.00 tprol 0.00
iters =   21  secs = 6.226687  rsq = 2.20547e-16
level 0 count 21 tpre 0.01 tcoarse 3.44 tpost 1.99 trest 1.48 tprol 1.43
level 1 count 41 tpre 0.00 tcoarse 0.10 tpost 0.33 trest 0.00 tprol 0.00
iters =   21  secs = 6.193360  rsq = 2.61254e-16
level 0 count 21 tpre 0.01 tcoarse 3.41 tpost 1.99 trest 1.48 tprol 1.41
level 1 count 40 tpre 0.00 tcoarse 0.10 tpost 0.32 trest 0.00 tprol 0.00
iters =   21  secs = 6.195177  rsq = 2.66167e-16
level 0 count 21 tpre 0.01 tcoarse 3.41 tpost 1.99 trest 1.47 tprol 1.41
level 1 count 41 tpre 0.00 tcoarse 0.09 tpost 0.33 trest 0.00 tprol 0.00
iters =   21  secs = 6.216685  rsq = 2.54248e-16
level 0 count 21 tpre 0.01 tcoarse 3.43 tpost 1.99 trest 1.47 tprol 1.43
level 1 count 40 tpre 0.00 tcoarse 0.10 tpost 0.32 trest 0.00 tprol 0.00
TIME("smear[cpu]","done") = 8.962 secs
TIME("frw_prop.1904.x24y0z0t0","done") = 84.760 secs
TIME("fwd_prop-write","done") = 7.282 secs
TIME("sm_fwd_prop-write","done") = 6.449 secs
doing sink momentum 0 0 0 0
The sink time is 10
computing (1-g4) projected prop
TIME("c3pt","bwd_source") = 0.394 secs
TIME("smear[cpu]","done") = 1.256 secs
iters =   21  secs = 6.223906  rsq = 2.61473e-16
level 0 count 21 tpre 0.01 tcoarse 3.44 tpost 1.99 trest 1.48 tprol 1.41
level 1 count 42 tpre 0.00 tcoarse 0.10 tpost 0.33 trest 0.00 tprol 0.00
iters =   21  secs = 6.236814  rsq = 2.73764e-16
level 0 count 21 tpre 0.01 tcoarse 3.43 tpost 2.00 trest 1.47 tprol 1.41
level 1 count 42 tpre 0.00 tcoarse 0.11 tpost 0.33 trest 0.00 tprol 0.00
iters =   21  secs = 6.228138  rsq = 3.16954e-16
level 0 count 21 tpre 0.01 tcoarse 3.44 tpost 1.99 trest 1.48 tprol 1.42
level 1 count 42 tpre 0.00 tcoarse 0.10 tpost 0.33 trest 0.00 tprol 0.00
iters =   21  secs = 6.222062  rsq = 3.11774e-16
level 0 count 21 tpre 0.01 tcoarse 3.44 tpost 1.99 trest 1.48 tprol 1.41
level 1 count 42 tpre 0.00 tcoarse 0.11 tpost 0.33 trest 0.00 tprol 0.00
iters =   21  secs = 6.258629  rsq = 2.91934e-16
level 0 count 21 tpre 0.01 tcoarse 3.44 tpost 2.02 trest 1.47 tprol 1.41
level 1 count 42 tpre 0.00 tcoarse 0.10 tpost 0.34 trest 0.00 tprol 0.00
iters =   21  secs = 6.212579  rsq = 2.51213e-16
level 0 count 21 tpre 0.01 tcoarse 3.43 tpost 1.99 trest 1.47 tprol 1.41
level 1 count 42 tpre 0.00 tcoarse 0.10 tpost 0.33 trest 0.00 tprol 0.00
TIME("c3pt","bwd_prop") = 39.715 secs
TIME("seq_prop-write","done") = 8.898 secs
TIME("smear[cpu]","done") = 8.982 secs
seq check: complex(2.84277e-10, 3.75264e-11)
doing sink momentum 0 0 0 0
The sink time is 10
computing (1-g4) projected prop
TIME("c3pt","bwd_source") = 0.443 secs
TIME("smear[cpu]","done") = 1.253 secs
iters =   21  secs = 6.244980  rsq = 2.61473e-16
level 0 count 21 tpre 0.01 tcoarse 3.44 tpost 2.01 trest 1.48 tprol 1.41
level 1 count 42 tpre 0.00 tcoarse 0.10 tpost 0.33 trest 0.00 tprol 0.00
iters =   21  secs = 6.227453  rsq = 2.56012e-16
level 0 count 21 tpre 0.01 tcoarse 3.44 tpost 1.99 trest 1.48 tprol 1.42
level 1 count 42 tpre 0.00 tcoarse 0.10 tpost 0.33 trest 0.00 tprol 0.00
iters =   21  secs = 6.246472  rsq = 3.16954e-16
level 0 count 21 tpre 0.01 tcoarse 3.44 tpost 2.01 trest 1.48 tprol 1.42
level 1 count 42 tpre 0.00 tcoarse 0.10 tpost 0.33 trest 0.00 tprol 0.00
iters =   21  secs = 6.234134  rsq = 2.52151e-16
level 0 count 21 tpre 0.01 tcoarse 3.43 tpost 2.00 trest 1.48 tprol 1.41
level 1 count 42 tpre 0.00 tcoarse 0.10 tpost 0.33 trest 0.00 tprol 0.00
iters =   21  secs = 6.217771  rsq = 2.91934e-16
level 0 count 21 tpre 0.01 tcoarse 3.43 tpost 1.99 trest 1.48 tprol 1.41
level 1 count 42 tpre 0.00 tcoarse 0.10 tpost 0.34 trest 0.00 tprol 0.00
iters =   21  secs = 6.224547  rsq = 2.93041e-16
level 0 count 21 tpre 0.01 tcoarse 3.44 tpost 1.99 trest 1.48 tprol 1.41
level 1 count 42 tpre 0.00 tcoarse 0.10 tpost 0.33 trest 0.00 tprol 0.00
TIME("c3pt","bwd_prop") = 39.778 secs
TIME("seq_prop-write","done") = 7.352 secs
TIME("smear[cpu]","done") = 8.963 secs
seq check: complex(5.68553e-10, 7.50529e-11)
TIME("smear[cpu]","done") = 0.097 secs
TIME("frw_prop_source.1904.x0y8z0t0","done") = 0.131 secs
iters =   20  secs = 5.907407  rsq = 9.53962e-16
level 0 count 20 tpre 0.01 tcoarse 3.25 tpost 1.89 trest 1.41 tprol 1.34
level 1 count 40 tpre 0.00 tcoarse 0.09 tpost 0.31 trest 0.00 tprol 0.00
iters =   21  secs = 6.176640  rsq = 1.90212e-16
level 0 count 21 tpre 0.01 tcoarse 3.39 tpost 1.99 trest 1.48 tprol 1.41
level 1 count 40 tpre 0.00 tcoarse 0.09 tpost 0.31 trest 0.00 tprol 0.00
iters =   21  secs = 6.179674  rsq = 2.25863e-16
level 0 count 21 tpre 0.01 tcoarse 3.40 tpost 1.99 trest 1.48 tprol 1.41
level 1 count 40 tpre 0.00 tcoarse 0.09 tpost 0.31 trest 0.00 tprol 0.00
iters =   20  secs = 5.887589  rsq = 9.28925e-16
level 0 count 20 tpre 0.01 tcoarse 3.24 tpost 1.89 trest 1.41 tprol 1.35
level 1 count 38 tpre 0.00 tcoarse 0.09 tpost 0.29 trest 0.00 tprol 0.00
iters =   20  secs = 5.909092  rsq = 9.5651e-16
level 0 count 20 tpre 0.01 tcoarse 3.26 tpost 1.89 trest 1.41 tprol 1.34
level 1 count 40 tpre 0.00 tcoarse 0.09 tpost 0.31 trest 0.00 tprol 0.00
iters =   21  secs = 6.196352  rsq = 2.37779e-16
level 0 count 21 tpre 0.01 tcoarse 3.41 tpost 1.99 trest 1.48 tprol 1.41
level 1 count 41 tpre 0.00 tcoarse 0.10 tpost 0.32 trest 0.00 tprol 0.00
iters =   21  secs = 6.175243  rsq = 1.93952e-16
level 0 count 21 tpre 0.01 tcoarse 3.39 tpost 1.99 trest 1.48 tprol 1.41
level 1 count 40 tpre 0.00 tcoarse 0.09 tpost 0.31 trest 0.00 tprol 0.00
iters =   21  secs = 6.193106  rsq = 2.60059e-16
level 0 count 21 tpre 0.01 tcoarse 3.41 tpost 1.99 trest 1.48 tprol 1.41
level 1 count 42 tpre 0.00 tcoarse 0.09 tpost 0.32 trest 0.00 tprol 0.00
iters =   21  secs = 6.189769  rsq = 1.88942e-16
level 0 count 21 tpre 0.01 tcoarse 3.41 tpost 1.99 trest 1.48 tprol 1.41
level 1 count 41 tpre 0.00 tcoarse 0.09 tpost 0.32 trest 0.00 tprol 0.00
iters =   21  secs = 6.202956  rsq = 2.01518e-16
level 0 count 21 tpre 0.01 tcoarse 3.42 tpost 1.99 trest 1.48 tprol 1.41
level 1 count 42 tpre 0.00 tcoarse 0.10 tpost 0.32 trest 0.00 tprol 0.00
iters =   21  secs = 6.179837  rsq = 2.24425e-16
level 0 count 21 tpre 0.01 tcoarse 3.40 tpost 1.99 trest 1.48 tprol 1.41
level 1 count 40 tpre 0.00 tcoarse 0.10 tpost 0.31 trest 0.00 tprol 0.00
iters =   21  secs = 6.204157  rsq = 1.86688e-16
level 0 count 21 tpre 0.01 tcoarse 3.42 tpost 1.99 trest 1.48 tprol 1.41
level 1 count 42 tpre 0.00 tcoarse 0.10 tpost 0.33 trest 0.00 tprol 0.00
TIME("smear[cpu]","done") = 8.961 secs
TIME("frw_prop.1904.x0y8z0t0","done") = 83.768 secs
TIME("fwd_prop-write","done") = 8.265 secs
TIME("sm_fwd_prop-write","done") = 8.027 secs
doing sink momentum 0 0 0 0
The sink time is 10
computing (1-g4) projected prop
TIME("c3pt","bwd_source") = 0.397 secs
TIME("smear[cpu]","done") = 1.271 secs
iters =   21  secs = 6.265815  rsq = 2.71793e-16
level 0 count 21 tpre 0.01 tcoarse 3.45 tpost 2.01 trest 1.48 tprol 1.42
level 1 count 42 tpre 0.00 tcoarse 0.11 tpost 0.34 trest 0.00 tprol 0.00
iters =   21  secs = 6.313661  rsq = 2.3953e-16
level 0 count 21 tpre 0.01 tcoarse 3.50 tpost 2.02 trest 1.48 tprol 1.43
level 1 count 42 tpre 0.00 tcoarse 0.11 tpost 0.36 trest 0.00 tprol 0.00
iters =   21  secs = 6.211506  rsq = 3.80959e-16
level 0 count 21 tpre 0.01 tcoarse 3.42 tpost 1.99 trest 1.47 tprol 1.41
level 1 count 42 tpre 0.00 tcoarse 0.10 tpost 0.33 trest 0.00 tprol 0.00
iters =   21  secs = 6.232087  rsq = 2.7678e-16
level 0 count 21 tpre 0.01 tcoarse 3.45 tpost 1.99 trest 1.48 tprol 1.41
level 1 count 42 tpre 0.00 tcoarse 0.11 tpost 0.34 trest 0.00 tprol 0.00
iters =   21  secs = 6.220101  rsq = 2.77396e-16
level 0 count 21 tpre 0.01 tcoarse 3.43 tpost 1.99 trest 1.47 tprol 1.41
level 1 count 42 tpre 0.00 tcoarse 0.10 tpost 0.34 trest 0.00 tprol 0.00
iters =   21  secs = 6.228816  rsq = 2.60672e-16
level 0 count 21 tpre 0.01 tcoarse 3.44 tpost 1.99 trest 1.48 tprol 1.41
level 1 count 42 tpre 0.00 tcoarse 0.11 tpost 0.33 trest 0.00 tprol 0.00
TIME("c3pt","bwd_prop") = 39.821 secs
TIME("seq_prop-write","done") = 7.974 secs
TIME("smear[cpu]","done") = 8.973 secs
seq check: complex(3.75077e-10, 2.19543e-10)
doing sink momentum 0 0 0 0
The sink time is 10
computing (1-g4) projected prop
TIME("c3pt","bwd_source") = 0.443 secs
TIME("smear[cpu]","done") = 1.268 secs
iters =   21  secs = 6.217676  rsq = 2.71793e-16
level 0 count 21 tpre 0.01 tcoarse 3.43 tpost 1.99 trest 1.47 tprol 1.41
level 1 count 42 tpre 0.00 tcoarse 0.10 tpost 0.33 trest 0.00 tprol 0.00
iters =   21  secs = 6.222583  rsq = 2.11249e-16
level 0 count 21 tpre 0.01 tcoarse 3.44 tpost 1.99 trest 1.48 tprol 1.41
level 1 count 42 tpre 0.00 tcoarse 0.10 tpost 0.33 trest 0.00 tprol 0.00
iters =   21  secs = 6.238554  rsq = 3.80959e-16
level 0 count 21 tpre 0.01 tcoarse 3.45 tpost 1.99 trest 1.50 tprol 1.41
level 1 count 42 tpre 0.00 tcoarse 0.10 tpost 0.33 trest 0.00 tprol 0.00
iters =   21  secs = 6.211411  rsq = 2.9942e-16
level 0 count 21 tpre 0.01 tcoarse 3.43 tpost 1.99 trest 1.48 tprol 1.41
level 1 count 41 tpre 0.00 tcoarse 0.10 tpost 0.33 trest 0.00 tprol 0.00
iters =   21  secs = 6.218342  rsq = 2.77396e-16
level 0 count 21 tpre 0.01 tcoarse 3.43 tpost 1.99 trest 1.48 tprol 1.41
level 1 count 42 tpre 0.00 tcoarse 0.10 tpost 0.33 trest 0.00 tprol 0.00
iters =   21  secs = 6.215136  rsq = 2.64437e-16
level 0 count 21 tpre 0.01 tcoarse 3.43 tpost 1.99 trest 1.48 tprol 1.41
level 1 count 41 tpre 0.00 tcoarse 0.10 tpost 0.33 trest 0.00 tprol 0.00
TIME("c3pt","bwd_prop") = 39.718 secs
TIME("seq_prop-write","done") = 8.053 secs
TIME("smear[cpu]","done") = 8.959 secs
seq check: complex(7.50153e-10, 4.39086e-10)
TIME("smear[cpu]","done") = 0.083 secs
TIME("frw_prop_source.1904.x0y16z0t0","done") = 0.116 secs
iters =   20  secs = 5.895909  rsq = 8.92967e-16
level 0 count 20 tpre 0.01 tcoarse 3.25 tpost 1.89 trest 1.41 tprol 1.34
level 1 count 39 tpre 0.00 tcoarse 0.09 tpost 0.30 trest 0.00 tprol 0.00
iters =   21  secs = 6.179258  rsq = 1.99208e-16
level 0 count 21 tpre 0.01 tcoarse 3.39 tpost 1.99 trest 1.48 tprol 1.41
level 1 count 40 tpre 0.00 tcoarse 0.09 tpost 0.31 trest 0.00 tprol 0.00
iters =   21  secs = 6.185154  rsq = 2.23731e-16
level 0 count 21 tpre 0.01 tcoarse 3.40 tpost 1.99 trest 1.48 tprol 1.41
level 1 count 41 tpre 0.00 tcoarse 0.09 tpost 0.32 trest 0.00 tprol 0.00
iters =   21  secs = 6.183669  rsq = 1.99455e-16
level 0 count 21 tpre 0.01 tcoarse 3.40 tpost 1.99 trest 1.48 tprol 1.41
level 1 count 41 tpre 0.00 tcoarse 0.09 tpost 0.32 trest 0.00 tprol 0.00
iters =   21  secs = 6.198507  rsq = 1.89759e-16
level 0 count 21 tpre 0.01 tcoarse 3.41 tpost 1.99 trest 1.48 tprol 1.41
level 1 count 41 tpre 0.00 tcoarse 0.09 tpost 0.32 trest 0.00 tprol 0.00
iters =   21  secs = 6.185001  rsq = 2.02717e-16
level 0 count 21 tpre 0.01 tcoarse 3.40 tpost 1.99 trest 1.48 tprol 1.41
level 1 count 40 tpre 0.00 tcoarse 0.09 tpost 0.31 trest 0.00 tprol 0.00
iters =   21  secs = 6.197274  rsq = 2.57663e-16
level 0 count 21 tpre 0.01 tcoarse 3.41 tpost 1.99 trest 1.48 tprol 1.41
level 1 count 41 tpre 0.00 tcoarse 0.09 tpost 0.32 trest 0.00 tprol 0.00
iters =   20  secs = 5.927628  rsq = 9.7555e-16
level 0 count 20 tpre 0.01 tcoarse 3.26 tpost 1.91 trest 1.41 tprol 1.35
level 1 count 39 tpre 0.00 tcoarse 0.09 tpost 0.30 trest 0.00 tprol 0.00
iters =   21  secs = 6.209200  rsq = 2.07076e-16
level 0 count 21 tpre 0.01 tcoarse 3.41 tpost 2.00 trest 1.48 tprol 1.41
level 1 count 41 tpre 0.00 tcoarse 0.09 tpost 0.32 trest 0.00 tprol 0.00
iters =   21  secs = 6.194581  rsq = 2.00198e-16
level 0 count 21 tpre 0.01 tcoarse 3.41 tpost 1.99 trest 1.48 tprol 1.41
level 1 count 41 tpre 0.00 tcoarse 0.10 tpost 0.32 trest 0.00 tprol 0.00
iters =   21  secs = 6.205717  rsq = 1.83986e-16
level 0 count 21 tpre 0.01 tcoarse 3.42 tpost 1.99 trest 1.48 tprol 1.42
level 1 count 42 tpre 0.00 tcoarse 0.09 tpost 0.33 trest 0.00 tprol 0.00
iters =   21  secs = 6.196137  rsq = 2.28818e-16
level 0 count 21 tpre 0.01 tcoarse 3.41 tpost 1.99 trest 1.48 tprol 1.41
level 1 count 41 tpre 0.00 tcoarse 0.10 tpost 0.32 trest 0.00 tprol 0.00
TIME("smear[cpu]","done") = 8.973 secs
TIME("frw_prop.1904.x0y16z0t0","done") = 84.076 secs
TIME("fwd_prop-write","done") = 7.000 secs
TIME("sm_fwd_prop-write","done") = 6.221 secs
doing sink momentum 0 0 0 0
The sink time is 10
computing (1-g4) projected prop
TIME("c3pt","bwd_source") = 0.390 secs
TIME("smear[cpu]","done") = 1.262 secs
iters =   21  secs = 6.221567  rsq = 2.41959e-16
level 0 count 21 tpre 0.01 tcoarse 3.43 tpost 1.99 trest 1.48 tprol 1.41
level 1 count 42 tpre 0.00 tcoarse 0.10 tpost 0.33 trest 0.00 tprol 0.00
iters =   21  secs = 6.210128  rsq = 3.41809e-16
level 0 count 21 tpre 0.01 tcoarse 3.42 tpost 1.99 trest 1.48 tprol 1.41
level 1 count 41 tpre 0.00 tcoarse 0.10 tpost 0.32 trest 0.00 tprol 0.00
iters =   21  secs = 6.230917  rsq = 2.62793e-16
level 0 count 21 tpre 0.01 tcoarse 3.43 tpost 2.01 trest 1.48 tprol 1.41
level 1 count 42 tpre 0.00 tcoarse 0.10 tpost 0.33 trest 0.00 tprol 0.00
iters =   21  secs = 6.222863  rsq = 3.00408e-16
level 0 count 21 tpre 0.01 tcoarse 3.44 tpost 1.99 trest 1.48 tprol 1.41
level 1 count 42 tpre 0.00 tcoarse 0.11 tpost 0.33 trest 0.00 tprol 0.00
iters =   21  secs = 6.225476  rsq = 2.31887e-16
level 0 count 21 tpre 0.01 tcoarse 3.44 tpost 1.99 trest 1.48 tprol 1.41
level 1 count 42 tpre 0.00 tcoarse 0.11 tpost 0.33 trest 0.00 tprol 0.00
iters =   21  secs = 6.222096  rsq = 2.57568e-16
level 0 count 21 tpre 0.01 tcoarse 3.43 tpost 2.00 trest 1.48 tprol 1.41
level 1 count 42 tpre 0.00 tcoarse 0.10 tpost 0.33 trest 0.00 tprol 0.00
TIME("c3pt","bwd_prop") = 39.674 secs
TIME("seq_prop-write","done") = 6.897 secs
TIME("smear[cpu]","done") = 8.968 secs
seq check: complex(8.26061e-11, -1.14309e-10)
doing sink momentum 0 0 0 0
The sink time is 10
computing (1-g4) projected prop
TIME("c3pt","bwd_source") = 0.440 secs
TIME("smear[cpu]","done") = 1.267 secs
iters =   21  secs = 6.199875  rsq = 2.41959e-16
level 0 count 21 tpre 0.01 tcoarse 3.42 tpost 1.99 trest 1.48 tprol 1.41
level 1 count 42 tpre 0.00 tcoarse 0.10 tpost 0.32 trest 0.00 tprol 0.00
iters =   21  secs = 6.188928  rsq = 2.8123e-16
level 0 count 21 tpre 0.01 tcoarse 3.40 tpost 1.99 trest 1.47 tprol 1.41
level 1 count 41 tpre 0.00 tcoarse 0.10 tpost 0.32 trest 0.00 tprol 0.00
iters =   21  secs = 6.226345  rsq = 2.62793e-16
level 0 count 21 tpre 0.01 tcoarse 3.44 tpost 1.99 trest 1.48 tprol 1.43
level 1 count 42 tpre 0.00 tcoarse 0.10 tpost 0.33 trest 0.00 tprol 0.00
iters =   21  secs = 6.192740  rsq = 2.16095e-16
level 0 count 21 tpre 0.01 tcoarse 3.41 tpost 1.99 trest 1.48 tprol 1.41
level 1 count 41 tpre 0.00 tcoarse 0.10 tpost 0.32 trest 0.00 tprol 0.00
iters =   21  secs = 6.240213  rsq = 2.31887e-16
level 0 count 21 tpre 0.01 tcoarse 3.44 tpost 2.01 trest 1.48 tprol 1.41
level 1 count 42 tpre 0.00 tcoarse 0.11 tpost 0.34 trest 0.00 tprol 0.00
iters =   21  secs = 6.191786  rsq = 2.68111e-16
level 0 count 21 tpre 0.01 tcoarse 3.41 tpost 1.99 trest 1.48 tprol 1.41
level 1 count 41 tpre 0.00 tcoarse 0.09 tpost 0.32 trest 0.00 tprol 0.00
TIME("c3pt","bwd_prop") = 39.632 secs
TIME("seq_prop-write","done") = 7.490 secs
TIME("smear[cpu]","done") = 8.961 secs
seq check: complex(1.65212e-10, -2.28618e-10)
TIME("smear[cpu]","done") = 0.083 secs
TIME("frw_prop_source.1904.x0y24z0t0","done") = 0.116 secs
iters =   21  secs = 6.192974  rsq = 3.66612e-16
level 0 count 21 tpre 0.01 tcoarse 3.41 tpost 1.99 trest 1.48 tprol 1.41
level 1 count 41 tpre 0.00 tcoarse 0.09 tpost 0.32 trest 0.00 tprol 0.00
iters =   21  secs = 6.190424  rsq = 2.08701e-16
level 0 count 21 tpre 0.01 tcoarse 3.41 tpost 1.99 trest 1.47 tprol 1.41
level 1 count 40 tpre 0.00 tcoarse 0.10 tpost 0.32 trest 0.00 tprol 0.00
iters =   21  secs = 6.200442  rsq = 2.75654e-16
level 0 count 21 tpre 0.01 tcoarse 3.42 tpost 1.99 trest 1.48 tprol 1.41
level 1 count 41 tpre 0.00 tcoarse 0.10 tpost 0.32 trest 0.00 tprol 0.00
iters =   21  secs = 6.192040  rsq = 1.90675e-16
level 0 count 21 tpre 0.01 tcoarse 3.41 tpost 1.99 trest 1.48 tprol 1.41
level 1 count 40 tpre 0.00 tcoarse 0.10 tpost 0.32 trest 0.00 tprol 0.00
iters =   21  secs = 6.197741  rsq = 3.17329e-16
level 0 count 21 tpre 0.01 tcoarse 3.41 tpost 1.99 trest 1.48 tprol 1.41
level 1 count 41 tpre 0.00 tcoarse 0.10 tpost 0.32 trest 0.00 tprol 0.00
iters =   21  secs = 6.200254  rsq = 2.37516e-16
level 0 count 21 tpre 0.01 tcoarse 3.42 tpost 1.99 trest 1.48 tprol 1.41
level 1 count 41 tpre 0.00 tcoarse 0.10 tpost 0.32 trest 0.00 tprol 0.00
iters =   21  secs = 6.199275  rsq = 1.8965e-16
level 0 count 21 tpre 0.01 tcoarse 3.42 tpost 1.99 trest 1.48 tprol 1.41
level 1 count 41 tpre 0.00 tcoarse 0.10 tpost 0.32 trest 0.00 tprol 0.00
iters =   21  secs = 6.190821  rsq = 2.7393e-16
level 0 count 21 tpre 0.01 tcoarse 3.41 tpost 1.99 trest 1.48 tprol 1.41
level 1 count 40 tpre 0.00 tcoarse 0.09 tpost 0.32 trest 0.00 tprol 0.00
iters =   21  secs = 6.201120  rsq = 2.35254e-16
level 0 count 21 tpre 0.01 tcoarse 3.42 tpost 1.99 trest 1.48 tprol 1.41
level 1 count 41 tpre 0.00 tcoarse 0.09 tpost 0.32 trest 0.00 tprol 0.00
iters =   21  secs = 6.210100  rsq = 2.19726e-16
level 0 count 21 tpre 0.01 tcoarse 3.40 tpost 1.99 trest 1.48 tprol 1.41
level 1 count 40 tpre 0.00 tcoarse 0.09 tpost 0.32 trest 0.00 tprol 0.00
iters =   21  secs = 6.189577  rsq = 3.20841e-16
level 0 count 21 tpre 0.01 tcoarse 3.40 tpost 1.99 trest 1.48 tprol 1.41
level 1 count 40 tpre 0.00 tcoarse 0.09 tpost 0.32 trest 0.00 tprol 0.00
iters =   21  secs = 6.201150  rsq = 1.85588e-16
level 0 count 21 tpre 0.01 tcoarse 3.42 tpost 1.99 trest 1.48 tprol 1.41
level 1 count 41 tpre 0.00 tcoarse 0.09 tpost 0.32 trest 0.00 tprol 0.00
TIME("smear[cpu]","done") = 8.972 secs
TIME("frw_prop.1904.x0y24z0t0","done") = 84.681 secs
TIME("fwd_prop-write","done") = 6.445 secs
TIME("sm_fwd_prop-write","done") = 7.145 secs
doing sink momentum 0 0 0 0
The sink time is 10
computing (1-g4) projected prop
TIME("c3pt","bwd_source") = 0.391 secs
TIME("smear[cpu]","done") = 1.263 secs
iters =   21  secs = 6.212081  rsq = 2.76062e-16
level 0 count 21 tpre 0.01 tcoarse 3.43 tpost 1.99 trest 1.48 tprol 1.42
level 1 count 42 tpre 0.00 tcoarse 0.10 tpost 0.33 trest 0.00 tprol 0.00
iters =   21  secs = 6.206309  rsq = 2.96518e-16
level 0 count 21 tpre 0.01 tcoarse 3.42 tpost 1.99 trest 1.48 tprol 1.41
level 1 count 42 tpre 0.00 tcoarse 0.10 tpost 0.33 trest 0.00 tprol 0.00
iters =   21  secs = 6.204522  rsq = 2.78294e-16
level 0 count 21 tpre 0.01 tcoarse 3.42 tpost 1.99 trest 1.48 tprol 1.41
level 1 count 42 tpre 0.00 tcoarse 0.10 tpost 0.32 trest 0.00 tprol 0.00
iters =   21  secs = 6.213600  rsq = 2.68127e-16
level 0 count 21 tpre 0.01 tcoarse 3.43 tpost 1.99 trest 1.48 tprol 1.41
level 1 count 42 tpre 0.00 tcoarse 0.10 tpost 0.32 trest 0.00 tprol 0.00
iters =   21  secs = 6.201730  rsq = 3.09415e-16
level 0 count 21 tpre 0.01 tcoarse 3.42 tpost 1.99 trest 1.48 tprol 1.41
level 1 count 42 tpre 0.00 tcoarse 0.09 tpost 0.32 trest 0.00 tprol 0.00
iters =   21  secs = 6.217256  rsq = 2.65076e-16
level 0 count 21 tpre 0.01 tcoarse 3.42 tpost 2.00 trest 1.48 tprol 1.41
level 1 count 42 tpre 0.00 tcoarse 0.10 tpost 0.32 trest 0.00 tprol 0.00
TIME("c3pt","bwd_prop") = 39.601 secs
TIME("seq_prop-write","done") = 7.505 secs
TIME("smear[cpu]","done") = 8.954 secs
seq check: complex(1.75022e-10, -1.14636e-10)
doing sink momentum 0 0 0 0
The sink time is 10
computing (1-g4) projected prop
TIME("c3pt","bwd_source") = 0.445 secs
TIME("smear[cpu]","done") = 1.269 secs
iters =   21  secs = 6.207815  rsq = 2.76062e-16
level 0 count 21 tpre 0.01 tcoarse 3.42 tpost 1.99 trest 1.49 tprol 1.41
level 1 count 42 tpre 0.00 tcoarse 0.10 tpost 0.32 trest 0.00 tprol 0.00
iters =   21  secs = 6.215836  rsq = 2.50088e-16
level 0 count 21 tpre 0.01 tcoarse 3.43 tpost 1.99 trest 1.48 tprol 1.42
level 1 count 42 tpre 0.00 tcoarse 0.10 tpost 0.33 trest 0.00 tprol 0.00
iters =   21  secs = 6.205885  rsq = 2.78294e-16
level 0 count 21 tpre 0.01 tcoarse 3.42 tpost 1.99 trest 1.48 tprol 1.41
level 1 count 42 tpre 0.00 tcoarse 0.10 tpost 0.33 trest 0.00 tprol 0.00
iters =   21  secs = 6.192332  rsq = 3.02362e-16
level 0 count 21 tpre 0.01 tcoarse 3.41 tpost 1.99 trest 1.48 tprol 1.41
level 1 count 42 tpre 0.00 tcoarse 0.10 tpost 0.32 trest 0.00 tprol 0.00
iters =   21  secs = 6.206019  rsq = 3.09415e-16
level 0 count 21 tpre 0.01 tcoarse 3.42 tpost 1.99 trest 1.48 tprol 1.41
level 1 count 42 tpre 0.00 tcoarse 0.09 tpost 0.32 trest 0.00 tprol 0.00
iters =   21  secs = 6.217533  rsq = 3.09818e-16
level 0 count 21 tpre 0.01 tcoarse 3.40 tpost 2.02 trest 1.48 tprol 1.41
level 1 count 41 tpre 0.00 tcoarse 0.09 tpost 0.32 trest 0.00 tprol 0.00
TIME("c3pt","bwd_prop") = 39.640 secs
TIME("seq_prop-write","done") = 7.592 secs
TIME("smear[cpu]","done") = 8.979 secs
seq check: complex(3.50045e-10, -2.29272e-10)
TIME("smear[cpu]","done") = 0.083 secs
TIME("frw_prop_source.1904.x0y0z8t0","done") = 0.115 secs
iters =   21  secs = 6.184837  rsq = 2.95604e-16
level 0 count 21 tpre 0.01 tcoarse 3.40 tpost 1.99 trest 1.48 tprol 1.41
level 1 count 40 tpre 0.00 tcoarse 0.09 tpost 0.31 trest 0.00 tprol 0.00
iters =   21  secs = 6.193229  rsq = 2.9296e-16
level 0 count 21 tpre 0.01 tcoarse 3.41 tpost 1.99 trest 1.48 tprol 1.41
level 1 count 40 tpre 0.00 tcoarse 0.10 tpost 0.31 trest 0.00 tprol 0.00
iters =   21  secs = 6.185546  rsq = 2.44862e-16
level 0 count 21 tpre 0.01 tcoarse 3.40 tpost 1.99 trest 1.48 tprol 1.41
level 1 count 40 tpre 0.00 tcoarse 0.09 tpost 0.31 trest 0.00 tprol 0.00
iters =   21  secs = 6.209547  rsq = 2.11682e-16
level 0 count 21 tpre 0.01 tcoarse 3.43 tpost 1.99 trest 1.48 tprol 1.42
level 1 count 41 tpre 0.00 tcoarse 0.10 tpost 0.32 trest 0.00 tprol 0.00
iters =   21  secs = 6.185591  rsq = 2.76772e-16
level 0 count 21 tpre 0.01 tcoarse 3.40 tpost 1.99 trest 1.48 tprol 1.41
level 1 count 40 tpre 0.00 tcoarse 0.09 tpost 0.31 trest 0.00 tprol 0.00
iters =   21  secs = 6.202004  rsq = 2.29661e-16
level 0 count 21 tpre 0.01 tcoarse 3.42 tpost 1.99 trest 1.48 tprol 1.41
level 1 count 41 tpre 0.00 tcoarse 0.10 tpost 0.32 trest 0.00 tprol 0.00
iters =   21  secs = 6.184366  rsq = 2.9176e-16
level 0 count 21 tpre 0.01 tcoarse 3.40 tpost 1.99 trest 1.48 tprol 1.42
level 1 count 40 tpre 0.00 tcoarse 0.09 tpost 0.31 trest 0.00 tprol 0.00
iters =   21  secs = 6.192030  rsq = 3.06884e-16
level 0 count 21 tpre 0.01 tcoarse 3.41 tpost 1.99 trest 1.48 tprol 1.41
level 1 count 40 tpre 0.00 tcoarse 0.10 tpost 0.31 trest 0.00 tprol 0.00
iters =   20  secs = 5.905650  rsq = 9.40512e-16
level 0 count 20 tpre 0.01 tcoarse 3.25 tpost 1.89 trest 1.41 tprol 1.34
level 1 count 40 tpre 0.00 tcoarse 0.09 tpost 0.31 trest 0.00 tprol 0.00
iters =   21  secs = 6.184347  rsq = 2.78094e-16
level 0 count 21 tpre 0.01 tcoarse 3.40 tpost 1.99 trest 1.48 tprol 1.41
level 1 count 40 tpre 0.00 tcoarse 0.09 tpost 0.31 trest 0.00 tprol 0.00
iters =   21  secs = 6.177148  rsq = 2.71407e-16
level 0 count 21 tpre 0.01 tcoarse 3.40 tpost 1.99 trest 1.48 tprol 1.41
level 1 count 40 tpre 0.00 tcoarse 0.09 tpost 0.31 trest 0.00 tprol 0.00
iters =   21  secs = 6.189494  rsq = 2.15517e-16
level 0 count 21 tpre 0.01 tcoarse 3.41 tpost 1.99 trest 1.48 tprol 1.41
level 1 count 41 tpre 0.00 tcoarse 0.10 tpost 0.32 trest 0.00 tprol 0.00
TIME("smear[cpu]","done") = 8.983 secs
TIME("frw_prop.1904.x0y0z8t0","done") = 84.319 secs
TIME("fwd_prop-write","done") = 6.441 secs
TIME("sm_fwd_prop-write","done") = 6.745 secs
doing sink momentum 0 0 0 0
The sink time is 10
computing (1-g4) projected prop
TIME("c3pt","bwd_source") = 0.393 secs
TIME("smear[cpu]","done") = 1.272 secs
iters =   21  secs = 6.220482  rsq = 3.21876e-16
level 0 count 21 tpre 0.01 tcoarse 3.44 tpost 1.99 trest 1.48 tprol 1.41
level 1 count 42 tpre 0.00 tcoarse 0.10 tpost 0.34 trest 0.00 tprol 0.00
iters =   21  secs = 6.221948  rsq = 2.16488e-16
level 0 count 21 tpre 0.01 tcoarse 3.43 tpost 2.00 trest 1.47 tprol 1.41
level 1 count 42 tpre 0.00 tcoarse 0.10 tpost 0.33 trest 0.00 tprol 0.00
iters =   21  secs = 6.222572  rsq = 2.8776e-16
level 0 count 21 tpre 0.01 tcoarse 3.43 tpost 1.99 trest 1.48 tprol 1.41
level 1 count 42 tpre 0.00 tcoarse 0.10 tpost 0.33 trest 0.00 tprol 0.00
iters =   21  secs = 6.227336  rsq = 2.78214e-16
level 0 count 21 tpre 0.01 tcoarse 3.44 tpost 1.99 trest 1.48 tprol 1.41
level 1 count 42 tpre 0.00 tcoarse 0.11 tpost 0.33 trest 0.00 tprol 0.00
iters =   21  secs = 6.222816  rsq = 3.21811e-16
level 0 count 21 tpre 0.01 tcoarse 3.44 tpost 1.99 trest 1.48 tprol 1.41
level 1 count 42 tpre 0.00 tcoarse 0.10 tpost 0.33 trest 0.00 tprol 0.00
iters =   21  secs = 6.224473  rsq = 2.65052e-16
level 0 count 21 tpre 0.01 tcoarse 3.44 tpost 1.99 trest 1.48 tprol 1.41
level 1 count 42 tpre 0.00 tcoarse 0.10 tpost 0.33 trest 0.00 tprol 0.00
TIME("c3pt","bwd_prop") = 39.687 secs
TIME("seq_prop-write","done") = 7.074 secs
TIME("smear[cpu]","done") = 8.966 secs
seq check: complex(-7.04356e-11, 1.1632e-10)
doing sink momentum 0 0 0 0
The sink time is 10
computing (1-g4) projected prop
TIME("c3pt","bwd_source") = 0.443 secs
TIME("smear[cpu]","done") = 1.271 secs
iters =   21  secs = 6.243484  rsq = 3.21876e-16
level 0 count 21 tpre 0.01 tcoarse 3.46 tpost 1.99 trest 1.48 tprol 1.44
level 1 count 42 tpre 0.00 tcoarse 0.10 tpost 0.33 trest 0.00 tprol 0.00
iters =   21  secs = 6.230127  rsq = 2.20923e-16
level 0 count 21 tpre 0.01 tcoarse 3.43 tpost 2.00 trest 1.48 tprol 1.41
level 1 count 42 tpre 0.00 tcoarse 0.10 tpost 0.34 trest 0.00 tprol 0.00
iters =   21  secs = 6.229465  rsq = 2.8776e-16
level 0 count 21 tpre 0.01 tcoarse 3.44 tpost 1.99 trest 1.48 tprol 1.42
level 1 count 42 tpre 0.00 tcoarse 0.10 tpost 0.34 trest 0.00 tprol 0.00
iters =   21  secs = 6.259061  rsq = 2.03638e-16
level 0 count 21 tpre 0.01 tcoarse 3.47 tpost 1.99 trest 1.48 tprol 1.44
level 1 count 42 tpre 0.00 tcoarse 0.10 tpost 0.34 trest 0.00 tprol 0.00
iters =   21  secs = 6.232656  rsq = 3.21811e-16
level 0 count 21 tpre 0.01 tcoarse 3.44 tpost 1.99 trest 1.48 tprol 1.41
level 1 count 42 tpre 0.00 tcoarse 0.10 tpost 0.34 trest 0.00 tprol 0.00
iters =   21  secs = 6.234702  rsq = 2.05423e-16
level 0 count 21 tpre 0.01 tcoarse 3.45 tpost 1.99 trest 1.48 tprol 1.41
level 1 count 42 tpre 0.00 tcoarse 0.11 tpost 0.33 trest 0.00 tprol 0.00
TIME("c3pt","bwd_prop") = 39.826 secs
TIME("seq_prop-write","done") = 5.924 secs
TIME("smear[cpu]","done") = 8.977 secs
seq check: complex(-1.40871e-10, 2.32641e-10)
TIME("smear[cpu]","done") = 0.083 secs
TIME("frw_prop_source.1904.x0y0z16t0","done") = 0.116 secs
iters =   20  secs = 5.924237  rsq = 9.04541e-16
level 0 count 20 tpre 0.01 tcoarse 3.28 tpost 1.89 trest 1.41 tprol 1.35
level 1 count 39 tpre 0.00 tcoarse 0.09 tpost 0.31 trest 0.00 tprol 0.00
iters =   21  secs = 6.216901  rsq = 1.84275e-16
level 0 count 21 tpre 0.01 tcoarse 3.43 tpost 1.99 trest 1.48 tprol 1.42
level 1 count 41 tpre 0.00 tcoarse 0.10 tpost 0.32 trest 0.00 tprol 0.00
iters =   20  secs = 5.920719  rsq = 9.93497e-16
level 0 count 20 tpre 0.01 tcoarse 3.27 tpost 1.89 trest 1.41 tprol 1.35
level 1 count 39 tpre 0.00 tcoarse 0.09 tpost 0.31 trest 0.00 tprol 0.00
iters =   21  secs = 6.195861  rsq = 2.48891e-16
level 0 count 21 tpre 0.01 tcoarse 3.41 tpost 1.99 trest 1.48 tprol 1.41
level 1 count 40 tpre 0.00 tcoarse 0.09 tpost 0.32 trest 0.00 tprol 0.00
iters =   21  secs = 6.220951  rsq = 2.17512e-16
level 0 count 21 tpre 0.01 tcoarse 3.42 tpost 2.00 trest 1.48 tprol 1.41
level 1 count 40 tpre 0.00 tcoarse 0.10 tpost 0.32 trest 0.00 tprol 0.00
iters =   20  secs = 5.916421  rsq = 9.99e-16
level 0 count 20 tpre 0.01 tcoarse 3.26 tpost 1.90 trest 1.41 tprol 1.35
level 1 count 39 tpre 0.00 tcoarse 0.09 tpost 0.31 trest 0.00 tprol 0.00
iters =   21  secs = 6.199544  rsq = 2.52105e-16
level 0 count 21 tpre 0.01 tcoarse 3.42 tpost 1.99 trest 1.48 tprol 1.41
level 1 count 41 tpre 0.00 tcoarse 0.09 tpost 0.32 trest 0.00 tprol 0.00
iters =   21  secs = 6.223676  rsq = 1.82849e-16
level 0 count 21 tpre 0.01 tcoarse 3.44 tpost 1.99 trest 1.48 tprol 1.41
level 1 count 42 tpre 0.00 tcoarse 0.10 tpost 0.33 trest 0.00 tprol 0.00
iters =   21  secs = 6.216418  rsq = 2.25281e-16
level 0 count 21 tpre 0.01 tcoarse 3.44 tpost 1.99 trest 1.48 tprol 1.41
level 1 count 42 tpre 0.00 tcoarse 0.10 tpost 0.33 trest 0.00 tprol 0.00
iters =   21  secs = 6.215336  rsq = 2.30402e-16
level 0 count 21 tpre 0.01 tcoarse 3.43 tpost 1.99 trest 1.48 tprol 1.41
level 1 count 41 tpre 0.00 tcoarse 0.10 tpost 0.32 trest 0.00 tprol 0.00
iters =   20  secs = 5.925567  rsq = 9.68322e-16
level 0 count 20 tpre 0.01 tcoarse 3.28 tpost 1.89 trest 1.41 tprol 1.34
level 1 count 40 tpre 0.00 tcoarse 0.09 tpost 0.32 trest 0.00 tprol 0.00
iters =   21  secs = 6.218540  rsq = 2.16373e-16
level 0 count 21 tpre 0.01 tcoarse 3.44 tpost 1.99 trest 1.48 tprol 1.41
level 1 count 42 tpre 0.00 tcoarse 0.10 tpost 0.33 trest 0.00 tprol 0.00
TIME("smear[cpu]","done") = 8.966 secs
TIME("frw_prop.1904.x0y0z16t0","done") = 83.776 secs
TIME("fwd_prop-write","done") = 7.483 secs
TIME("sm_fwd_prop-write","done") = 6.389 secs
doing sink momentum 0 0 0 0
The sink time is 10
computing (1-g4) projected prop
TIME("c3pt","bwd_source") = 0.390 secs
TIME("smear[cpu]","done") = 1.261 secs
iters =   21  secs = 6.207925  rsq = 2.69726e-16
level 0 count 21 tpre 0.01 tcoarse 3.42 tpost 1.99 trest 1.47 tprol 1.41
level 1 count 42 tpre 0.00 tcoarse 0.10 tpost 0.33 trest 0.00 tprol 0.00
iters =   21  secs = 6.210241  rsq = 2.46453e-16
level 0 count 21 tpre 0.01 tcoarse 3.43 tpost 1.99 trest 1.47 tprol 1.41
level 1 count 42 tpre 0.00 tcoarse 0.11 tpost 0.33 trest 0.00 tprol 0.00
iters =   21  secs = 6.231529  rsq = 2.73423e-16
level 0 count 21 tpre 0.01 tcoarse 3.43 tpost 2.00 trest 1.47 tprol 1.41
level 1 count 42 tpre 0.00 tcoarse 0.11 tpost 0.33 trest 0.00 tprol 0.00
iters =   21  secs = 6.220138  rsq = 2.76187e-16
level 0 count 21 tpre 0.01 tcoarse 3.43 tpost 1.99 trest 1.47 tprol 1.41
level 1 count 42 tpre 0.00 tcoarse 0.11 tpost 0.33 trest 0.00 tprol 0.00
iters =   21  secs = 6.208706  rsq = 2.754e-16
level 0 count 21 tpre 0.01 tcoarse 3.42 tpost 1.99 trest 1.47 tprol 1.41
level 1 count 42 tpre 0.00 tcoarse 0.10 tpost 0.33 trest 0.00 tprol 0.00
iters =   21  secs = 6.247888  rsq = 2.49134e-16
level 0 count 21 tpre 0.01 tcoarse 3.43 tpost 2.02 trest 1.48 tprol 1.41
level 1 count 42 tpre 0.00 tcoarse 0.10 tpost 0.33 trest 0.00 tprol 0.00
TIME("c3pt","bwd_prop") = 39.667 secs
TIME("seq_prop-write","done") = 6.789 secs
TIME("smear[cpu]","done") = 8.980 secs
seq check: complex(-5.28806e-11, 1.00828e-10)
doing sink momentum 0 0 0 0
The sink time is 10
computing (1-g4) projected prop
TIME("c3pt","bwd_source") = 0.448 secs
TIME("smear[cpu]","done") = 1.268 secs
iters =   21  secs = 6.223356  rsq = 2.69726e-16
level 0 count 21 tpre 0.01 tcoarse 3.43 tpost 1.99 trest 1.48 tprol 1.41
level 1 count 42 tpre 0.00 tcoarse 0.10 tpost 0.33 trest 0.00 tprol 0.00
iters =   21  secs = 6.233824  rsq = 2.37482e-16
level 0 count 21 tpre 0.01 tcoarse 3.43 tpost 2.01 trest 1.48 tprol 1.41
level 1 count 42 tpre 0.00 tcoarse 0.10 tpost 0.33 trest 0.00 tprol 0.00
iters =   21  secs = 6.219084  rsq = 2.73423e-16
level 0 count 21 tpre 0.01 tcoarse 3.43 tpost 1.99 trest 1.47 tprol 1.41
level 1 count 42 tpre 0.00 tcoarse 0.11 tpost 0.33 trest 0.00 tprol 0.00
iters =   21  secs = 6.221250  rsq = 1.87035e-16
level 0 count 21 tpre 0.01 tcoarse 3.44 tpost 1.99 trest 1.48 tprol 1.41
level 1 count 42 tpre 0.00 tcoarse 0.10 tpost 0.33 trest 0.00 tprol 0.00
iters =   21  secs = 6.212479  rsq = 2.754e-16
level 0 count 21 tpre 0.01 tcoarse 3.43 tpost 1.99 trest 1.47 tprol 1.41
level 1 count 42 tpre 0.00 tcoarse 0.10 tpost 0.33 trest 0.00 tprol 0.00
iters =   21  secs = 6.223197  rsq = 1.87928e-16
level 0 count 21 tpre 0.01 tcoarse 3.44 tpost 1.99 trest 1.48 tprol 1.41
level 1 count 42 tpre 0.00 tcoarse 0.10 tpost 0.33 trest 0.00 tprol 0.00
TIME("c3pt","bwd_prop") = 39.727 secs
TIME("seq_prop-write","done") = 7.698 secs
TIME("smear[cpu]","done") = 8.952 secs
seq check: complex(-1.05761e-10, 2.01656e-10)
TIME("smear[cpu]","done") = 0.083 secs
TIME("frw_prop_source.1904.x0y0z24t0","done") = 0.117 secs
iters =   20  secs = 5.955148  rsq = 9.16623e-16
level 0 count 20 tpre 0.01 tcoarse 3.30 tpost 1.89 trest 1.41 tprol 1.38
level 1 count 39 tpre 0.00 tcoarse 0.10 tpost 0.31 trest 0.00 tprol 0.00
iters =   21  secs = 6.264408  rsq = 1.9911e-16
level 0 count 21 tpre 0.01 tcoarse 3.47 tpost 2.00 trest 1.49 tprol 1.45
level 1 count 40 tpre 0.00 tcoarse 0.10 tpost 0.32 trest 0.00 tprol 0.00
iters =   21  secs = 6.248604  rsq = 2.01658e-16
level 0 count 21 tpre 0.01 tcoarse 3.46 tpost 1.99 trest 1.48 tprol 1.45
level 1 count 41 tpre 0.00 tcoarse 0.09 tpost 0.33 trest 0.00 tprol 0.00
iters =   21  secs = 6.251671  rsq = 2.77422e-16
level 0 count 21 tpre 0.01 tcoarse 3.47 tpost 1.99 trest 1.48 tprol 1.46
level 1 count 40 tpre 0.00 tcoarse 0.10 tpost 0.32 trest 0.00 tprol 0.00
iters =   21  secs = 6.251030  rsq = 1.82349e-16
level 0 count 21 tpre 0.01 tcoarse 3.46 tpost 1.99 trest 1.48 tprol 1.45
level 1 count 40 tpre 0.00 tcoarse 0.10 tpost 0.32 trest 0.00 tprol 0.00
iters =   21  secs = 6.240189  rsq = 2.09551e-16
level 0 count 21 tpre 0.01 tcoarse 3.46 tpost 1.99 trest 1.48 tprol 1.46
level 1 count 39 tpre 0.00 tcoarse 0.10 tpost 0.31 trest 0.00 tprol 0.00
iters =   21  secs = 6.237148  rsq = 2.63754e-16
level 0 count 21 tpre 0.01 tcoarse 3.45 tpost 1.99 trest 1.48 tprol 1.45
level 1 count 40 tpre 0.00 tcoarse 0.10 tpost 0.32 trest 0.00 tprol 0.00
iters =   21  secs = 6.259318  rsq = 1.95757e-16
level 0 count 21 tpre 0.01 tcoarse 3.47 tpost 1.99 trest 1.48 tprol 1.46
level 1 count 41 tpre 0.00 tcoarse 0.10 tpost 0.33 trest 0.00 tprol 0.00
iters =   21  secs = 6.295191  rsq = 1.93881e-16
level 0 count 21 tpre 0.01 tcoarse 3.51 tpost 1.99 trest 1.48 tprol 1.45
level 1 count 42 tpre 0.00 tcoarse 0.10 tpost 0.36 trest 0.00 tprol 0.00
iters =   20  secs = 5.991237  rsq = 9.26331e-16
level 0 count 20 tpre 0.01 tcoarse 3.31 tpost 1.92 trest 1.41 tprol 1.38
level 1 count 40 tpre 0.00 tcoarse 0.09 tpost 0.32 trest 0.00 tprol 0.00
iters =   21  secs = 6.259162  rsq = 1.83174e-16
level 0 count 21 tpre 0.01 tcoarse 3.47 tpost 1.99 trest 1.48 tprol 1.44
level 1 count 42 tpre 0.00 tcoarse 0.10 tpost 0.33 trest 0.00 tprol 0.00
iters =   21  secs = 6.248856  rsq = 2.5926e-16
level 0 count 21 tpre 0.01 tcoarse 3.46 tpost 1.99 trest 1.48 tprol 1.45
level 1 count 40 tpre 0.00 tcoarse 0.09 tpost 0.32 trest 0.00 tprol 0.00
TIME("smear[cpu]","done") = 8.962 secs
TIME("frw_prop.1904.x0y0z24t0","done") = 84.819 secs
TIME("fwd_prop-write","done") = 7.402 secs
TIME("sm_fwd_prop-write","done") = 9.524 secs
doing sink momentum 0 0 0 0
The sink time is 10
computing (1-g4) projected prop
TIME("c3pt","bwd_source") = 0.393 secs
TIME("smear[cpu]","done") = 1.272 secs
iters =   21  secs = 6.214189  rsq = 2.83805e-16
level 0 count 21 tpre 0.01 tcoarse 3.43 tpost 1.99 trest 1.48 tprol 1.41
level 1 count 42 tpre 0.00 tcoarse 0.11 tpost 0.33 trest 0.00 tprol 0.00
iters =   21  secs = 6.235468  rsq = 2.46059e-16
level 0 count 21 tpre 0.01 tcoarse 3.44 tpost 2.00 trest 1.48 tprol 1.41
level 1 count 42 tpre 0.00 tcoarse 0.11 tpost 0.33 trest 0.00 tprol 0.00
iters =   21  secs = 6.218329  rsq = 2.42776e-16
level 0 count 21 tpre 0.01 tcoarse 3.43 tpost 1.99 trest 1.48 tprol 1.41
level 1 count 42 tpre 0.00 tcoarse 0.11 tpost 0.33 trest 0.00 tprol 0.00
iters =   21  secs = 6.205421  rsq = 2.71085e-16
level 0 count 21 tpre 0.01 tcoarse 3.42 tpost 1.99 trest 1.47 tprol 1.41
level 1 count 42 tpre 0.00 tcoarse 0.10 tpost 0.33 trest 0.00 tprol 0.00
iters =   21  secs = 6.217228  rsq = 2.66445e-16
level 0 count 21 tpre 0.01 tcoarse 3.43 tpost 1.99 trest 1.47 tprol 1.41
level 1 count 42 tpre 0.00 tcoarse 0.10 tpost 0.33 trest 0.00 tprol 0.00
iters =   21  secs = 6.218760  rsq = 3.35968e-16
level 0 count 21 tpre 0.01 tcoarse 3.43 tpost 1.99 trest 1.48 tprol 1.42
level 1 count 42 tpre 0.00 tcoarse 0.10 tpost 0.33 trest 0.00 tprol 0.00
TIME("c3pt","bwd_prop") = 39.661 secs
TIME("seq_prop-write","done") = 7.439 secs
TIME("smear[cpu]","done") = 8.956 secs
seq check: complex(8.2542e-10, 9.10488e-11)
doing sink momentum 0 0 0 0
The sink time is 10
computing (1-g4) projected prop
TIME("c3pt","bwd_source") = 0.440 secs
TIME("smear[cpu]","done") = 1.262 secs
iters =   21  secs = 6.219252  rsq = 2.83805e-16
level 0 count 21 tpre 0.01 tcoarse 3.43 tpost 1.99 trest 1.48 tprol 1.42
level 1 count 42 tpre 0.00 tcoarse 0.11 tpost 0.33 trest 0.00 tprol 0.00
iters =   21  secs = 6.199285  rsq = 2.76012e-16
level 0 count 21 tpre 0.01 tcoarse 3.41 tpost 1.99 trest 1.48 tprol 1.41
level 1 count 41 tpre 0.00 tcoarse 0.10 tpost 0.32 trest 0.00 tprol 0.00
iters =   21  secs = 6.213612  rsq = 2.42776e-16
level 0 count 21 tpre 0.01 tcoarse 3.43 tpost 1.99 trest 1.48 tprol 1.41
level 1 count 42 tpre 0.00 tcoarse 0.11 tpost 0.33 trest 0.00 tprol 0.00
iters =   21  secs = 6.204500  rsq = 2.6456e-16
level 0 count 21 tpre 0.01 tcoarse 3.42 tpost 1.99 trest 1.48 tprol 1.42
level 1 count 41 tpre 0.00 tcoarse 0.10 tpost 0.32 trest 0.00 tprol 0.00
iters =   21  secs = 6.205226  rsq = 2.66445e-16
level 0 count 21 tpre 0.01 tcoarse 3.42 tpost 1.99 trest 1.48 tprol 1.41
level 1 count 42 tpre 0.00 tcoarse 0.10 tpost 0.32 trest 0.00 tprol 0.00
iters =   21  secs = 6.215289  rsq = 2.64538e-16
level 0 count 21 tpre 0.01 tcoarse 3.43 tpost 1.99 trest 1.48 tprol 1.42
level 1 count 42 tpre 0.00 tcoarse 0.10 tpost 0.33 trest 0.00 tprol 0.00
TIME("c3pt","bwd_prop") = 39.644 secs
0x4c66ae 0x4c66ae
0x4e01dc 0x4c66ae
0x4c66ae 0x4c66ae
0x4e01dc 0x4c66ae
0x4c66ae 0x4c66ae
0x4e01dc 0x4c66ae
0x4c66ae 0x4c66ae
0x4e01dc 0x4c66ae
0x4c66ae 0x4c66ae
0x4e01dc 0x4c66ae
0x4c66ae 0x4c66ae
0x4e01dc 0x4c66ae
0x4c66ae 0x4c66ae
0x4e01dc 0x4c66ae
0x4c66ae 0x4c66ae
0x4e01dc 0x4c66ae
0x4c66ae 0x4c66ae
0x4e01dc 0x4c66ae
0x4c66ae 0x4c66ae
0x4e01dc 0x4c66ae
0x4c66ae 0x4c66ae
0x4e01dc 0x4c66ae
0x4c66ae 0x4c66ae
0x4e01dc 0x4c66ae
0x4c66ae 0x4c66ae
0x4e01dc 0x4c66ae
0x4c66ae 0x4c66ae
0x4e01dc 0x4c66ae
0x4c66ae 0x4c66ae
0x4e01dc 0x4c66ae
0x4c66ae 0x4c66ae
0x4e01dc 0x4c66ae
0x4c66ae 0x4c66ae
0x4e01dc 0x4c66ae
0x4c66ae 0x4c66ae
0x4e01dc 0x4c66ae
0x4c66ae 0x4c66ae
0x4e01dc 0x4c66ae
0x4c66ae 0x4c66ae
0x4e01dc 0x4c66ae
0x4c66ae 0x4c66ae
0x4e01dc 0x4c66ae
0x4c66ae 0x4c66ae
0x4e01dc 0x4c66ae
0x4c66ae 0x4c66ae
0x4e01dc 0x4c66ae
0x4c66ae 0x4c66ae
0x4e01dc 0x4c66ae
0x4c66ae 0x4c66ae
0x4e01dc 0x4c66ae
0x4c66ae 0x4c66ae
0x4e01dc 0x4c66ae
0x4c66ae 0x4c66ae
0x4e01dc 0x4c66ae
0x4c66ae 0x4c66ae
0x4e01dc 0x4c66ae
0x4c66ae 0x4c66ae
0x4e01dc 0x4c66ae
0x4c66ae 0x4c66ae
0x4e01dc 0x4c66ae
0x4c66ae 0x4c66ae
0x4e01dc 0x4c66ae
0x4c66ae 0x4c66ae
0x4e01dc 0x4c66ae
0x4c66ae 0x4c66ae
0x4e01dc 0x4c66ae
0x4c66ae 0x4c66ae
0x4e01dc 0x4c66ae
0x4c66ae 0x4c66ae
0x4e01dc 0x4c66ae
0x4c66ae 0x4c66ae
0x4e01dc 0x4c66ae
0x4c66ae 0x4c66ae
0x4e01dc 0x4c66ae
0x4c66ae 0x4c66ae
0x4e01dc 0x4c66ae
0x4c66ae 0x4c66ae
0x4e01dc 0x4c66ae
0x4c66ae 0x4c66ae
0x4e01dc 0x4c66ae
0x4c66ae 0x4c66ae
0x4e01dc 0x4c66ae
0x4c66ae 0x4c66ae
0x4e01dc 0x4c66ae
0x4c66ae 0x4c66ae
0x4e01dc 0x4c66ae
0x4c66ae 0x4c66ae
0x4e01dc 0x4c66ae
0x4c66ae 0x4c66ae
0x4e01dc 0x4c66ae
0x4c66ae 0x4c66ae
0x4e01dc 0x4c66ae
0x4c66ae 0x4c66ae
0x4e01dc 0x4c66ae
0x4c66ae 0x4c66ae
0x4e01dc 0x4c66ae
0x4c66ae 0x4c66ae
0x4e01dc 0x4c66ae
0x4c66ae 0x4c66ae
0x4e01dc 0x4c66ae
0x4c66ae 0x4c66ae
0x4e01dc 0x4c66ae
0x4c66ae 0x4c66ae
0x4e01dc 0x4c66ae
0x4c66ae 0x4c66ae
0x4e01dc 0x4c66ae
0x4c66ae 0x4c66ae
0x4e01dc 0x4c66ae
0x4c66ae 0x4c66ae
0x4e01dc 0x4c66ae
0x4c66ae 0x4c66ae
0x4e01dc 0x4c66ae
0x4c66ae 0x4c66ae
0x4e01dc 0x4c66ae
0x4c66ae 0x4c66ae
0x4e01dc 0x4c66ae
0x4c66ae 0x4c66ae
0x4e01dc 0x4c66ae
0x4c66ae 0x4c66ae
0x4e01dc 0x4c66ae
0x4c66ae 0x4c66ae
0x4e01dc 0x4c66ae
0x4c66ae 0x4c66ae
0x4e01dc 0x4c66ae
0x4c66ae 0x4c66ae
0x4e01dc 0x4c66ae
0x4c66ae 0x4c66ae
0x4e01dc 0x4c66ae
0x4c66ae 0x4c66ae
0x4e01dc 0x4c66ae
0x4c66ae 0x4c66ae
0x4e01dc 0x4c66ae
0x4c66ae 0x4c66ae
0x4e01dc 0x4c66ae
0x4c66ae 0x4c66ae
0x4e01dc 0x4c66ae
0x4c66ae 0x4c66ae
0x4e01dc 0x4c66ae
0x4c66ae 0x4c66ae
0x4e01dc 0x4c66ae
0x4c66ae 0x4c66ae
0x4e01dc 0x4c66ae
0x4c66ae 0x4c66ae
0x4e01dc 0x4c66ae
0x4c66ae 0x4c66ae
0x4e01dc 0x4c66ae
0x4c66ae 0x4c66ae
0x4e01dc 0x4c66ae
0x4c66ae 0x4c66ae
0x4e01dc 0x4c66ae
0x4c66ae 0x4c66ae
0x4e01dc 0x4c66ae
0x4c66ae 0x4c66ae
0x4e01dc 0x4c66ae
0x4c66ae 0x4c66ae
0x4e01dc 0x4c66ae
0x4c66ae 0x4c66ae
0x4e01dc 0x4c66ae
0x4c66ae 0x4c66ae
0x4e01dc 0x4c66ae
0x4c66ae 0x4c66ae
0x4e01dc 0x4c66ae
0x4c66ae 0x4c66ae
0x4e01dc 0x4c66ae
0x4c66ae 0x4c66ae
0x4e01dc 0x4c66ae
0x4c66ae 0x4c66ae
0x4e01dc 0x4c66ae
0x4c66ae 0x4c66ae
0x4e01dc 0x4c66ae
0x4c66ae 0x4c66ae
0x4e01dc 0x4c66ae
0x4c66ae 0x4c66ae
0x4e01dc 0x4c66ae
0x4c66ae 0x4c66ae
0x4e01dc 0x4c66ae
0x4c66ae 0x4c66ae
0x4e01dc 0x4c66ae
TIME("seq_prop-write","done") = 10.362 secs
TIME("smear[cpu]","done") = 8.959 secs
seq check: complex(1.65084e-09, 1.82098e-10)

Success.
0x4c66ae 0x4c66ae
0x4e01dc 0x4c66ae
0x4c66ae 0x4c66ae
0x4e01dc 0x4c66ae
0x4c66ae 0x4c66ae
0x4e01dc 0x4c66ae
0x4c66ae 0x4c66ae
0x4e01dc 0x4c66ae
0x4c66ae 0x4c66ae
0x4e01dc 0x4c66ae
0x4c66ae 0x4c66ae
0x4e01dc 0x4c66ae
0x4c66ae 0x4c66ae
0x4e01dc 0x4c66ae
0x4c66ae 0x4c66ae
0x4e01dc 0x4c66ae
0x4c66ae 0x4c66ae
0x4e01dc 0x4c66ae
0x4c66ae 0x4c66ae
0x4e01dc 0x4c66ae
0x4c66ae 0x4c66ae
0x4e01dc 0x4c66ae
0x4c66ae 0x4c66ae
0x4e01dc 0x4c66ae
0x4c66ae 0x4c66ae
0x4e01dc 0x4c66ae
0x4c66ae 0x4c66ae
0x4e01dc 0x4c66ae
0x4c66ae 0x4c66ae
0x4e01dc 0x4c66ae
0x4c66ae 0x4c66ae
0x4e01dc 0x4c66ae
0x4c66ae 0x4c66ae
0x4e01dc 0x4c66ae
0x4c66ae 0x4c66ae
0x4e01dc 0x4c66ae
0x4c66ae 0x4c66ae
0x4e01dc 0x4c66ae
0x4c66ae 0x4c66ae
0x4e01dc 0x4c66ae
0x4c66ae 0x4c66ae
0x4e01dc 0x4c66ae
0x4c66ae 0x4c66ae
0x4e01dc 0x4c66ae
0x4c66ae 0x4c66ae
0x4e01dc 0x4c66ae
0x4c66ae 0x4c66ae
0x4e01dc 0x4c66ae
0x4c66ae 0x4c66ae
0x4e01dc 0x4c66ae
0x4c66ae 0x4c66ae
0x4e01dc 0x4c66ae
0x4c66ae 0x4c66ae
0x4e01dc 0x4c66ae
0x4c66ae 0x4c66ae
0x4e01dc 0x4c66ae
0x4c66ae 0x4c66ae
0x4e01dc 0x4c66ae
0x4c66ae 0x4c66ae
0x4e01dc 0x4c66ae
0x4c66ae 0x4c66ae
0x4e01dc 0x4c66ae
0x4c66ae 0x4c66ae
0x4e01dc 0x4c66ae
0x4c66ae 0x4c66ae
0x4e01dc 0x4c66ae
0x4c66ae 0x4c66ae
0x4e01dc 0x4c66ae
0x4c66ae 0x4c66ae
0x4e01dc 0x4c66ae
0x4c66ae 0x4c66ae
0x4e01dc 0x4c66ae
0x4c66ae 0x4c66ae
0x4e01dc 0x4c66ae
0x4c66ae 0x4c66ae
0x4e01dc 0x4c66ae
0x4c66ae 0x4c66ae
0x4e01dc 0x4c66ae
0x4c66ae 0x4c66ae
0x4e01dc 0x4c66ae
0x4c66ae 0x4c66ae
0x4e01dc 0x4c66ae
0x4c66ae 0x4c66ae
0x4e01dc 0x4c66ae
0x4c66ae 0x4c66ae
0x4e01dc 0x4c66ae
0x4c66ae 0x4c66ae
0x4e01dc 0x4c66ae
0x4c66ae 0x4c66ae
0x4e01dc 0x4c66ae
0x4c66ae 0x4c66ae
0x4e01dc 0x4c66ae
0x4c66ae 0x4c66ae
0x4e01dc 0x4c66ae
0x4c66ae 0x4c66ae
0x4e01dc 0x4c66ae
0x4c66ae 0x4c66ae
0x4e01dc 0x4c66ae
0x4c66ae 0x4c66ae
0x4e01dc 0x4c66ae
0x4c66ae 0x4c66ae
0x4e01dc 0x4c66ae
0x4c66ae 0x4c66ae
0x4e01dc 0x4c66ae
0x4c66ae 0x4c66ae
0x4e01dc 0x4c66ae
0x4c66ae 0x4c66ae
0x4e01dc 0x4c66ae
0x4c66ae 0x4c66ae
0x4e01dc 0x4c66ae
0x4c66ae 0x4c66ae
0x4e01dc 0x4c66ae
0x4c66ae 0x4c66ae
0x4e01dc 0x4c66ae
0x4c66ae 0x4c66ae
0x4e01dc 0x4c66ae
0x4c66ae 0x4c66ae
0x4e01dc 0x4c66ae
0x4c66ae 0x4c66ae
0x4e01dc 0x4c66ae
0x4c66ae 0x4c66ae
0x4e01dc 0x4c66ae
0x4c66ae 0x4c66ae
0x4e01dc 0x4c66ae
0x4c66ae 0x4c66ae
0x4e01dc 0x4c66ae
0x4c66ae 0x4c66ae
0x4e01dc 0x4c66ae
0x4c66ae 0x4c66ae
0x4e01dc 0x4c66ae
0x4c66ae 0x4c66ae
0x4e01dc 0x4c66ae
0x4c66ae 0x4c66ae
0x4e01dc 0x4c66ae
0x4c66ae 0x4c66ae
0x4e01dc 0x4c66ae
0x4c66ae 0x4c66ae
0x4e01dc 0x4c66ae
0x4c66ae 0x4c66ae
0x4e01dc 0x4c66ae
0x4c66ae 0x4c66ae
0x4e01dc 0x4c66ae
0x4c66ae 0x4c66ae
0x4e01dc 0x4c66ae
0x4c66ae 0x4c66ae
0x4e01dc 0x4c66ae
0x4c66ae 0x4c66ae
0x4e01dc 0x4c66ae
0x4c66ae 0x4c66ae
0x4e01dc 0x4c66ae
0x4c66ae 0x4c66ae
0x4e01dc 0x4c66ae
0x4c66ae 0x4c66ae
0x4e01dc 0x4c66ae
0x4c66ae 0x4c66ae
0x4e01dc 0x4c66ae
0x4c66ae 0x4c66ae
0x4e01dc 0x4c66ae
0x4c66ae 0x4c66ae
0x4e01dc 0x4c66ae
0x4c66ae 0x4c66ae
0x4e01dc 0x4c66ae
0x4c66ae 0x4c66ae
0x4e01dc 0x4c66ae
0x4c66ae 0x4c66ae
0x4e01dc 0x4c66ae
0x4c66ae 0x4c66ae
0x4e01dc 0x4c66ae
0x4c66ae 0x4c66ae
0x4e01dc 0x4c66ae
0x4c66ae 0x4c66ae
0x4e01dc 0x4c66ae
0x4c66ae 0x4c66ae
0x4e01dc 0x4c66ae
0x4c66ae 0x4c66ae
0x4e01dc 0x4c66ae
0x4c66ae 0x4c66ae
0x4e01dc 0x4c66ae
0x4c66ae 0x4c66ae
0x4e01dc 0x4c66ae
0x4c66ae 0x4c66ae
0x4e01dc 0x4c66ae
0x4c66ae 0x4c66ae
0x4e01dc 0x4c66ae
0x4c66ae 0x4c66ae
0x4e01dc 0x4c66ae
0x4c66ae 0x4c66ae
0x4e01dc 0x4c66ae
0x4c66ae 0x4c66ae
0x4e01dc 0x4c66ae
0x4c66ae 0x4c66ae
0x4e01dc 0x4c66ae
0x4c66ae 0x4c66ae
0x4e01dc 0x4c66ae
0x4c66ae 0x4c66ae
0x4e01dc 0x4c66ae
0x4c66ae 0x4c66ae
0x4e01dc 0x4c66ae
0x4c66ae 0x4c66ae
0x4e01dc 0x4c66ae
0x4c66ae 0x4c66ae
0x4e01dc 0x4c66ae
0x4c66ae 0x4c66ae
0x4e01dc 0x4c66ae
