machine of 192 nodes
network kind: switch
L.network[1] = 4
L.network[2] = 4
L.network[3] = 4
L.network[4] = 3
DML_partition_in times: read 0.35  send 0.00  total 0.38
TIME("gauge_load","done") = 0.517 secs
TIME("gauge_stout_smear","done") = 0.417 secs
TIME("gauge_ape_smear","done") = 6.371 secs
init_level 0
init_level 1
creating MG level 0
creating lattice: 8 8 8 24
ndim = 4
numsites = 64
len = 8 8 8 24
nsquares = 2 2 4 12

creating block
local = 0
creating args
creating null vecs
0x4c66ae 0x4c66ae
0   7   355    0.00300684  0.00371524  0.00553166  0.00993473  0.0453472   0.319608  
1   2   133    0.00441924  0.00538169
2   2   146    0.00436194  0.0052273 
3   2   171    0.00304191  0.00385632
4   2   160    0.00397859  0.00490644
5   2   154    0.00477841  0.00543031
6   2   116    0.00503604  0.00633158
7   2   114    0.00521936  0.00576216
8   2   109    0.00554631  0.00609331
9   2   137    0.00519844  0.00560411
10  2   125    0.00544057  0.00629   
11  2   136    0.00519817  0.00592259
12  2   130    0.00575406  0.00620676
13  2   109    0.00548492  0.00692503
14  2   115    0.00576204  0.00634313
15  2   106    0.00579518  0.00723186
16  2   124    0.005662    0.00700352
17  2   127    0.00527348  0.0059788 
18  2   141    0.00517612  0.00644659
19  2   148    0.00562017  0.00714766
20  2   121    0.00560868  0.00608359
21  2   134    0.00565785  0.00623802
22  2   117    0.00637166  0.00699946
23  2   119    0.00580091  0.00669743
setup its = 3347
0    1           9.04111e-06  0.00300684
1    1           1.95297e-05  0.00441924
2    1           1.90266e-05  0.00436194
3    1           9.25323e-06  0.00304191
4    1           1.58292e-05  0.00397859
5    1           2.28332e-05  0.00477841
6    1           2.53617e-05  0.00503604
7    1           2.72417e-05  0.00521936
8    1           3.07615e-05  0.00554631
9    1           2.70237e-05  0.00519844
10   1           2.95998e-05  0.00544057
11   1           2.70209e-05  0.00519817
12   1           3.31092e-05  0.00575406
13   1           3.00844e-05  0.00548492
14   1           3.32011e-05  0.00576204
15   1           3.35841e-05  0.00579518
16   1           3.20582e-05  0.005662  
17   1           2.78096e-05  0.00527348
18   1           2.67922e-05  0.00517612
19   1           3.15863e-05  0.00562017
20   1           3.14573e-05  0.00560868
21   1           3.20112e-05  0.00565785
22   1           4.05981e-05  0.00637167
23   1           3.36506e-05  0.00580091
0    1           9.04111e-06  0.00300684
1    1           2.25441e-05  0.00474806
2    1           1.80881e-05  0.00425301
3    1           3.18699e-05  0.00564535
4    1           8.81525e-05  0.00938896
5    1           0.00017964  0.013403  
6    1           0.000220908  0.014863  
7    1           0.000146912  0.0121207 
8    1           0.000278474  0.0166875 
9    1           0.000428387  0.0206975 
10   1           4.99213e-05  0.0070655 
11   1           0.000127668  0.011299  
12   1           0.000282937  0.0168207 
13   1           0.000249041  0.015781  
14   1           0.00015874  0.0125992 
15   1           0.000123307  0.0111044 
16   1           0.000316217  0.0177825 
17   1           0.000208029  0.0144232 
18   1           0.00032852  0.0181251 
19   1           0.000297983  0.0172622 
20   1           0.000246011  0.0156847 
21   1           0.000375189  0.0193698 
22   1           0.000354789  0.0188358 
23   1           0.000363444  0.0190642 
0    24576       349.544     0.11926   
1    24576       1328.74     0.232522  
2    24576       2175.72     0.29754   
3    24576       2862.07     0.341259  
4    24576       3385.77     0.37117   
5    24576       3885.65     0.397627  
6    24576       4328.41     0.419671  
7    24576       4776.4      0.440854  
8    24576       5161.27     0.458272  
9    24576       5525.36     0.47416   
10   24576       5884.62     0.489332  
11   24576       6174.61     0.501244  
12   24576       6432.35     0.511599  
13   24576       6735.28     0.523507  
14   24576       7005.11     0.53389   
15   24576       7264.95     0.543702  
16   24576       7462.99     0.551062  
17   24576       7713.78     0.560245  
18   24576       7910.96     0.56736   
19   24576       8151.83     0.575933  
20   24576       8354.93     0.583064  
21   24576       8586.71     0.591096  
22   24576       8782.98     0.597813  
23   24576       8960.33     0.603819  
get_nullvecs: 131.146 secs
vcomp 0  ( 590466 590466 )  3.3818e-07 / 2.36186e+06 = 1.43184e-13
vcomp 1  ( 589159 589159 )  3.27194e-07 / 2.35664e+06 = 1.38839e-13
vcomp 0  ( 590466 590466 )  3.49097e-07 / 2.36186e+06 = 1.47806e-13
vcomp 1  ( 589159 589159 )  3.38066e-07 / 2.35664e+06 = 1.43453e-13

creating true coarse operator
 shift  0 :  1  0  0  0
 shift  1 :  0  1  0  0
 shift  2 :  0  0  1  0
 shift  3 :  0  0  0  1
 shift  4 : -1  0  0  0
 shift  5 :  0 -1  0  0
 shift  6 :  0  0 -1  0
 shift  7 :  0  0  0 -1
 shift  8 :  0  0  0  0
16: 0 5 10 15
vcomp 0  ( 0.112549 0.112549 )  0 / 0.450196 = 0
vcomp 1  ( 0.0146485 0.0146485 )  0 / 0.0585939 = 0
vcomp 0  ( 1 1 )  8.35194e-14 / 4 = 2.08798e-14
vcomp 1  ( 0 1.06772e-14 )  1.06772e-14 / 1.06772e-14 = 1
vcomp 0  ( 1.42449 1.42449 )  9.97634e-14 / 5.69795 = 1.75087e-14
vcomp 1  ( 0.189429 0.189429 )  1.42566e-14 / 0.757714 = 1.88153e-14
vcomp 0  ( 0.0862515 0.0862515 )  8.41829e-16 / 0.345006 = 2.44004e-15
vcomp 1  ( 0.0115998 0.0115998 )  6.02041e-16 / 0.0463991 = 1.29753e-14
QOP_F_mgCloneOp: 125.717 secs
creating MG level 1
creating lattice: 4 4 4 12
ndim = 4
numsites = 4
len = 4 4 4 12
nsquares = 2 2 4 12

creating block
local = 1
creating args
creating null vecs
0x4e01dc 0x4c66ae
0   7   50     0.0129163   0.0141633   0.0190119   0.0373793   0.104712    0.400774  
1   2   28     0.0180171   0.0225076 
2   2   24     0.0150995   0.0165057 
3   2   24     0.018774    0.0233908 
4   2   21     0.0193756   0.0249856 
5   2   19     0.0232622   0.0288674 
6   3   33     0.0196008   0.021071  
7   2   20     0.0221048   0.0280253 
8   2   22     0.0225679   0.0272507 
9   2   25     0.0249545   0.0276018 
10  3   35     0.0183049   0.0208468 
11  2   22     0.0240313   0.0288947 
12  3   36     0.0225809   0.0225894 
13  3   29     0.022156    0.0230634 
14  2   21     0.0245687   0.0304585 
15  2   22     0.0260866   0.032237  
16  2   22     0.0272857   0.0334252 
17  4   54     0.0142469   0.0165414   0.0247962 
18  2   23     0.0229678   0.0262103 
19  2   24     0.0245058   0.0292258 
20  2   20     0.0293023   0.0346705 
21  2   22     0.0264051   0.0294166 
22  2   19     0.0274681   0.0302753 
23  2   23     0.027552    0.0313447 
setup its = 638
0    1           0.000166832  0.0129163 
1    1           0.000324617  0.0180171 
2    1           0.000227995  0.0150995 
3    1           0.000352462  0.018774  
4    1           0.000375414  0.0193756 
5    1           0.00054113  0.0232622 
6    1           0.000384193  0.0196008 
7    1           0.000488622  0.0221048 
8    1           0.000509308  0.0225679 
9    1           0.000622726  0.0249545 
10   1           0.000335069  0.0183049 
11   1           0.000577504  0.0240313 
12   1           0.000509898  0.0225809 
13   1           0.000490887  0.022156  
14   1           0.000603623  0.0245687 
15   1           0.000680509  0.0260866 
16   1           0.000744508  0.0272857 
17   1           0.000202974  0.0142469 
18   1           0.000527521  0.0229678 
19   1           0.000600534  0.0245058 
20   1           0.000858623  0.0293023 
21   1           0.000697229  0.0264051 
22   1           0.000754494  0.0274681 
23   1           0.000759112  0.027552  
0    1           0.000166832  0.0129163 
1    1           0.000350203  0.0187137 
2    1           0.000305197  0.0174699 
3    1           0.000537096  0.0231753 
4    1           0.00116848  0.0341831 
5    1           0.000757278  0.0275187 
6    1           0.000497951  0.0223148 
7    1           0.000571285  0.0239016 
8    1           0.000897554  0.0299592 
9    1           0.00113115  0.0336325 
10   1           0.000976174  0.0312438 
11   1           0.00121455  0.0348503 
12   1           0.00228824  0.0478355 
13   1           0.000834207  0.0288826 
14   1           0.000767953  0.027712  
15   1           0.00115293  0.0339549 
16   1           0.001218    0.0348999 
17   1           0.00100458  0.0316951 
18   1           0.0011745   0.034271  
19   1           0.00168837  0.0410897 
20   1           0.0039598   0.062927  
21   1           0.00540016  0.0734858 
22   1           0.00796736  0.0892601 
23   1           0.00253365  0.0503354 
0    1536        34.9596     0.150865  
1    1536        122.996     0.282976  
2    1536        183.746     0.34587   
3    1536        230.363     0.387268  
4    1536        287.36      0.432531  
5    1536        326.907     0.461335  
6    1536        368.173     0.489587  
7    1536        401.772     0.51144   
8    1536        435.104     0.532232  
9    1536        452.623     0.542841  
10   1536        490.919     0.56534   
11   1536        523.036     0.583539  
12   1536        549.978     0.59838   
13   1536        579.297     0.614123  
14   1536        607.831     0.629065  
15   1536        628.837     0.639843  
16   1536        656.762     0.653896  
17   1536        670.977     0.660934  
18   1536        711.636     0.680665  
19   1536        727.349     0.688138  
20   1536        756.306     0.701703  
21   1536        782.003     0.713524  
22   1536        797.108     0.720382  
23   1536        812.725     0.727405  
get_nullvecs: 2.16255 secs
vcomp 0  ( 36918.1 36918.1 )  4.12352e-09 / 147672 = 2.79235e-14
vcomp 1  ( 37214.8 37214.8 )  4.06715e-09 / 148859 = 2.73221e-14
vcomp 0  ( 36918.1 36918.1 )  4.68313e-09 / 147672 = 3.1713e-14
vcomp 1  ( 37214.8 37214.8 )  4.62882e-09 / 148859 = 3.10953e-14

creating true coarse operator
 shift  0 :  1  0  0  0
 shift  1 :  0  1  0  0
 shift  2 :  0  0  1  0
 shift  3 :  0  0  0  1
 shift  4 : -1  0  0  0
 shift  5 :  0 -1  0  0
 shift  6 :  0  0 -1  0
 shift  7 :  0  0  0 -1
 shift  8 :  0  0  0  0
16: 0 5 10 15
vcomp 0  ( 0.386899 0.386899 )  0 / 1.5476 = 0
vcomp 1  ( 0.023252 0.023252 )  0 / 0.0930081 = 0
vcomp 0  ( 1 1 )  2.78353e-14 / 4 = 6.95882e-15
vcomp 1  ( 0 3.66757e-15 )  3.66757e-15 / 3.66757e-15 = 1
vcomp 0  ( 1.42124 1.42124 )  4.43674e-14 / 5.68494 = 7.80436e-15
vcomp 1  ( 0.105154 0.105154 )  1.06731e-14 / 0.420615 = 2.53749e-14
vcomp 0  ( 0.271692 0.271692 )  3.03403e-15 / 1.08677 = 2.79179e-15
vcomp 1  ( 0.0217766 0.0217766 )  9.71449e-16 / 0.0871063 = 1.11524e-14
QOP_F_mgCloneOp: 1.22739 secs
TIME("set up mg solver","done") = 260.845 secs
TIME("make_mg_solver","done") = 260.845 secs
momentum smearing with ( 0 0 0 0 )
TIME("make_mom_smear_fct","done") = 0.011 secs
TIME("smear[cpu]","done") = 0.112 secs
TIME("frw_prop_source.1888.x0y0z0t0","done") = 0.146 secs
iters =   21  secs = 6.225210  rsq = 3.46069e-16
level 0 count 21 tpre 0.01 tcoarse 3.43 tpost 1.99 trest 1.49 tprol 1.43
level 1 count 40 tpre 0.00 tcoarse 0.09 tpost 0.32 trest 0.00 tprol 0.00
iters =   21  secs = 6.244163  rsq = 2.68361e-16
level 0 count 21 tpre 0.01 tcoarse 3.46 tpost 1.99 trest 1.47 tprol 1.46
level 1 count 41 tpre 0.00 tcoarse 0.09 tpost 0.33 trest 0.00 tprol 0.00
iters =   21  secs = 6.196019  rsq = 2.90706e-16
level 0 count 21 tpre 0.01 tcoarse 3.41 tpost 1.99 trest 1.47 tprol 1.42
level 1 count 40 tpre 0.00 tcoarse 0.09 tpost 0.32 trest 0.00 tprol 0.00
iters =   21  secs = 6.212098  rsq = 3.00259e-16
level 0 count 21 tpre 0.01 tcoarse 3.43 tpost 1.99 trest 1.48 tprol 1.43
level 1 count 40 tpre 0.00 tcoarse 0.09 tpost 0.32 trest 0.00 tprol 0.00
iters =   21  secs = 6.205736  rsq = 2.73182e-16
level 0 count 21 tpre 0.01 tcoarse 3.42 tpost 1.99 trest 1.47 tprol 1.42
level 1 count 41 tpre 0.00 tcoarse 0.09 tpost 0.33 trest 0.00 tprol 0.00
iters =   21  secs = 6.206967  rsq = 3.03471e-16
level 0 count 21 tpre 0.01 tcoarse 3.42 tpost 1.99 trest 1.47 tprol 1.42
level 1 count 41 tpre 0.00 tcoarse 0.09 tpost 0.33 trest 0.00 tprol 0.00
iters =   21  secs = 6.204935  rsq = 1.94291e-16
level 0 count 21 tpre 0.01 tcoarse 3.42 tpost 1.99 trest 1.47 tprol 1.43
level 1 count 40 tpre 0.00 tcoarse 0.09 tpost 0.32 trest 0.00 tprol 0.00
iters =   21  secs = 6.197055  rsq = 3.18304e-16
level 0 count 21 tpre 0.01 tcoarse 3.41 tpost 1.99 trest 1.47 tprol 1.42
level 1 count 40 tpre 0.00 tcoarse 0.09 tpost 0.32 trest 0.00 tprol 0.00
iters =   21  secs = 6.336970  rsq = 2.27724e-16
level 0 count 21 tpre 0.01 tcoarse 3.55 tpost 1.99 trest 1.47 tprol 1.55
level 1 count 41 tpre 0.00 tcoarse 0.10 tpost 0.33 trest 0.00 tprol 0.00
iters =   21  secs = 6.345757  rsq = 2.2802e-16
level 0 count 21 tpre 0.01 tcoarse 3.56 tpost 1.99 trest 1.47 tprol 1.55
level 1 count 41 tpre 0.00 tcoarse 0.10 tpost 0.33 trest 0.00 tprol 0.00
iters =   21  secs = 6.308297  rsq = 1.94144e-16
level 0 count 21 tpre 0.01 tcoarse 3.50 tpost 2.01 trest 1.47 tprol 1.50
level 1 count 41 tpre 0.00 tcoarse 0.09 tpost 0.33 trest 0.00 tprol 0.00
iters =   21  secs = 6.276486  rsq = 2.37551e-16
level 0 count 21 tpre 0.01 tcoarse 3.49 tpost 1.99 trest 1.47 tprol 1.50
level 1 count 40 tpre 0.00 tcoarse 0.09 tpost 0.32 trest 0.00 tprol 0.00
TIME("smear[cpu]","done") = 8.991 secs
TIME("frw_prop.1888.x0y0z0t0","done") = 85.496 secs
TIME("fwd_prop-write","done") = 6.626 secs
TIME("sm_fwd_prop-write","done") = 7.016 secs
doing sink momentum 0 0 0 0
The sink time is 10
computing (1-g4) projected prop
TIME("c3pt","bwd_source") = 0.391 secs
TIME("smear[cpu]","done") = 1.252 secs
iters =   21  secs = 6.215743  rsq = 3.78052e-16
level 0 count 21 tpre 0.01 tcoarse 3.41 tpost 2.00 trest 1.47 tprol 1.42
level 1 count 41 tpre 0.00 tcoarse 0.09 tpost 0.33 trest 0.00 tprol 0.00
iters =   21  secs = 6.216196  rsq = 3.38443e-16
level 0 count 21 tpre 0.01 tcoarse 3.43 tpost 1.99 trest 1.47 tprol 1.42
level 1 count 41 tpre 0.00 tcoarse 0.09 tpost 0.33 trest 0.00 tprol 0.00
iters =   21  secs = 6.209046  rsq = 3.11254e-16
level 0 count 21 tpre 0.01 tcoarse 3.42 tpost 1.99 trest 1.47 tprol 1.43
level 1 count 41 tpre 0.00 tcoarse 0.09 tpost 0.33 trest 0.00 tprol 0.00
iters =   21  secs = 6.225196  rsq = 3.77229e-16
level 0 count 21 tpre 0.01 tcoarse 3.42 tpost 2.01 trest 1.47 tprol 1.43
level 1 count 41 tpre 0.00 tcoarse 0.09 tpost 0.33 trest 0.00 tprol 0.00
iters =   21  secs = 6.200221  rsq = 3.87655e-16
level 0 count 21 tpre 0.01 tcoarse 3.42 tpost 1.99 trest 1.47 tprol 1.42
level 1 count 41 tpre 0.00 tcoarse 0.09 tpost 0.33 trest 0.00 tprol 0.00
iters =   21  secs = 6.221531  rsq = 3.48254e-16
level 0 count 21 tpre 0.01 tcoarse 3.42 tpost 2.01 trest 1.47 tprol 1.42
level 1 count 41 tpre 0.00 tcoarse 0.09 tpost 0.33 trest 0.00 tprol 0.00
TIME("c3pt","bwd_prop") = 39.618 secs
TIME("seq_prop-write","done") = 7.536 secs
TIME("smear[cpu]","done") = 8.944 secs
seq check: complex(1.05712e-11, -1.11142e-10)
doing sink momentum 0 0 0 0
The sink time is 10
computing (1-g4) projected prop
TIME("c3pt","bwd_source") = 0.448 secs
TIME("smear[cpu]","done") = 1.249 secs
iters =   21  secs = 6.309676  rsq = 3.78052e-16
level 0 count 21 tpre 0.01 tcoarse 3.53 tpost 1.99 trest 1.47 tprol 1.53
level 1 count 41 tpre 0.00 tcoarse 0.09 tpost 0.33 trest 0.00 tprol 0.00
iters =   21  secs = 6.199218  rsq = 2.379e-16
level 0 count 21 tpre 0.01 tcoarse 3.42 tpost 1.99 trest 1.47 tprol 1.42
level 1 count 41 tpre 0.00 tcoarse 0.09 tpost 0.33 trest 0.00 tprol 0.00
iters =   21  secs = 6.215528  rsq = 3.11254e-16
level 0 count 21 tpre 0.01 tcoarse 3.43 tpost 1.99 trest 1.48 tprol 1.43
level 1 count 41 tpre 0.00 tcoarse 0.09 tpost 0.33 trest 0.00 tprol 0.00
iters =   21  secs = 6.202216  rsq = 2.90771e-16
level 0 count 21 tpre 0.01 tcoarse 3.42 tpost 1.99 trest 1.47 tprol 1.42
level 1 count 41 tpre 0.00 tcoarse 0.09 tpost 0.33 trest 0.00 tprol 0.00
iters =   21  secs = 6.218107  rsq = 3.87654e-16
level 0 count 21 tpre 0.01 tcoarse 3.42 tpost 2.00 trest 1.47 tprol 1.43
level 1 count 41 tpre 0.00 tcoarse 0.09 tpost 0.33 trest 0.00 tprol 0.00
iters =   21  secs = 6.206583  rsq = 2.98974e-16
level 0 count 21 tpre 0.01 tcoarse 3.42 tpost 1.99 trest 1.47 tprol 1.43
level 1 count 41 tpre 0.00 tcoarse 0.08 tpost 0.33 trest 0.00 tprol 0.00
TIME("c3pt","bwd_prop") = 39.727 secs
TIME("seq_prop-write","done") = 8.833 secs
TIME("smear[cpu]","done") = 8.956 secs
seq check: complex(2.11425e-11, -2.22283e-10)
TIME("smear[cpu]","done") = 0.083 secs
TIME("frw_prop_source.1888.x8y0z0t0","done") = 0.116 secs
iters =   21  secs = 6.194418  rsq = 3.14631e-16
level 0 count 21 tpre 0.01 tcoarse 3.41 tpost 1.99 trest 1.47 tprol 1.43
level 1 count 39 tpre 0.00 tcoarse 0.09 tpost 0.31 trest 0.00 tprol 0.00
iters =   21  secs = 6.211742  rsq = 2.47318e-16
level 0 count 21 tpre 0.01 tcoarse 3.43 tpost 1.99 trest 1.47 tprol 1.43
level 1 count 41 tpre 0.00 tcoarse 0.09 tpost 0.33 trest 0.00 tprol 0.00
iters =   21  secs = 6.194421  rsq = 3.71449e-16
level 0 count 21 tpre 0.01 tcoarse 3.41 tpost 1.99 trest 1.48 tprol 1.42
level 1 count 40 tpre 0.00 tcoarse 0.08 tpost 0.32 trest 0.00 tprol 0.00
iters =   21  secs = 6.200803  rsq = 2.72426e-16
level 0 count 21 tpre 0.01 tcoarse 3.42 tpost 1.99 trest 1.48 tprol 1.43
level 1 count 40 tpre 0.00 tcoarse 0.08 tpost 0.32 trest 0.00 tprol 0.00
iters =   21  secs = 6.194233  rsq = 3.15182e-16
level 0 count 21 tpre 0.01 tcoarse 3.41 tpost 1.99 trest 1.47 tprol 1.43
level 1 count 40 tpre 0.00 tcoarse 0.08 tpost 0.32 trest 0.00 tprol 0.00
iters =   21  secs = 6.219070  rsq = 2.59885e-16
level 0 count 21 tpre 0.01 tcoarse 3.43 tpost 1.99 trest 1.47 tprol 1.43
level 1 count 42 tpre 0.00 tcoarse 0.09 tpost 0.34 trest 0.00 tprol 0.00
iters =   21  secs = 6.190904  rsq = 2.16043e-16
level 0 count 21 tpre 0.01 tcoarse 3.41 tpost 1.99 trest 1.47 tprol 1.43
level 1 count 40 tpre 0.00 tcoarse 0.08 tpost 0.32 trest 0.00 tprol 0.00
iters =   21  secs = 6.219529  rsq = 4.02978e-16
level 0 count 21 tpre 0.01 tcoarse 3.41 tpost 2.01 trest 1.47 tprol 1.43
level 1 count 40 tpre 0.00 tcoarse 0.08 tpost 0.32 trest 0.00 tprol 0.00
iters =   21  secs = 6.199447  rsq = 2.4523e-16
level 0 count 21 tpre 0.01 tcoarse 3.42 tpost 1.99 trest 1.47 tprol 1.43
level 1 count 40 tpre 0.00 tcoarse 0.09 tpost 0.32 trest 0.00 tprol 0.00
iters =   21  secs = 6.190529  rsq = 3.79268e-16
level 0 count 21 tpre 0.01 tcoarse 3.41 tpost 1.99 trest 1.48 tprol 1.43
level 1 count 40 tpre 0.00 tcoarse 0.07 tpost 0.32 trest 0.00 tprol 0.00
iters =   21  secs = 6.196741  rsq = 2.54592e-16
level 0 count 21 tpre 0.01 tcoarse 3.41 tpost 1.99 trest 1.47 tprol 1.43
level 1 count 40 tpre 0.00 tcoarse 0.09 tpost 0.32 trest 0.00 tprol 0.00
iters =   21  secs = 6.191996  rsq = 2.57213e-16
level 0 count 21 tpre 0.01 tcoarse 3.41 tpost 1.99 trest 1.47 tprol 1.43
level 1 count 40 tpre 0.00 tcoarse 0.08 tpost 0.32 trest 0.00 tprol 0.00
TIME("smear[cpu]","done") = 8.974 secs
TIME("frw_prop.1888.x8y0z0t0","done") = 84.719 secs
TIME("fwd_prop-write","done") = 9.321 secs
TIME("sm_fwd_prop-write","done") = 9.014 secs
doing sink momentum 0 0 0 0
The sink time is 10
computing (1-g4) projected prop
TIME("c3pt","bwd_source") = 0.397 secs
TIME("smear[cpu]","done") = 1.250 secs
iters =   21  secs = 6.208435  rsq = 3.38144e-16
level 0 count 21 tpre 0.01 tcoarse 3.42 tpost 1.99 trest 1.47 tprol 1.42
level 1 count 41 tpre 0.00 tcoarse 0.09 tpost 0.33 trest 0.00 tprol 0.00
iters =   21  secs = 6.238418  rsq = 3.94646e-16
level 0 count 21 tpre 0.01 tcoarse 3.43 tpost 2.01 trest 1.47 tprol 1.42
level 1 count 41 tpre 0.00 tcoarse 0.09 tpost 0.34 trest 0.00 tprol 0.00
iters =   21  secs = 6.207787  rsq = 3.94892e-16
level 0 count 21 tpre 0.01 tcoarse 3.42 tpost 1.99 trest 1.47 tprol 1.42
level 1 count 41 tpre 0.00 tcoarse 0.09 tpost 0.33 trest 0.00 tprol 0.00
iters =   21  secs = 6.214081  rsq = 3.81009e-16
level 0 count 21 tpre 0.01 tcoarse 3.43 tpost 1.99 trest 1.47 tprol 1.42
level 1 count 41 tpre 0.00 tcoarse 0.09 tpost 0.34 trest 0.00 tprol 0.00
iters =   21  secs = 6.219349  rsq = 3.45815e-16
level 0 count 21 tpre 0.01 tcoarse 3.43 tpost 1.99 trest 1.47 tprol 1.42
level 1 count 42 tpre 0.00 tcoarse 0.09 tpost 0.34 trest 0.00 tprol 0.00
iters =   21  secs = 6.219979  rsq = 3.5123e-16
level 0 count 21 tpre 0.01 tcoarse 3.44 tpost 1.99 trest 1.47 tprol 1.42
level 1 count 42 tpre 0.00 tcoarse 0.09 tpost 0.34 trest 0.00 tprol 0.00
TIME("c3pt","bwd_prop") = 39.641 secs
TIME("seq_prop-write","done") = 9.470 secs
TIME("smear[cpu]","done") = 8.972 secs
seq check: complex(-4.47356e-11, -5.17988e-11)
doing sink momentum 0 0 0 0
The sink time is 10
computing (1-g4) projected prop
TIME("c3pt","bwd_source") = 0.447 secs
TIME("smear[cpu]","done") = 1.250 secs
iters =   21  secs = 6.217235  rsq = 3.38145e-16
level 0 count 21 tpre 0.01 tcoarse 3.43 tpost 1.99 trest 1.47 tprol 1.43
level 1 count 41 tpre 0.00 tcoarse 0.09 tpost 0.33 trest 0.00 tprol 0.00
iters =   21  secs = 6.219498  rsq = 3.16722e-16
level 0 count 21 tpre 0.01 tcoarse 3.43 tpost 1.99 trest 1.47 tprol 1.43
level 1 count 41 tpre 0.00 tcoarse 0.09 tpost 0.33 trest 0.00 tprol 0.00
iters =   21  secs = 6.200390  rsq = 3.94891e-16
level 0 count 21 tpre 0.01 tcoarse 3.42 tpost 1.99 trest 1.47 tprol 1.42
level 1 count 41 tpre 0.00 tcoarse 0.09 tpost 0.33 trest 0.00 tprol 0.00
iters =   21  secs = 6.207420  rsq = 2.98017e-16
level 0 count 21 tpre 0.01 tcoarse 3.42 tpost 1.99 trest 1.47 tprol 1.42
level 1 count 41 tpre 0.00 tcoarse 0.09 tpost 0.33 trest 0.00 tprol 0.00
iters =   21  secs = 6.227788  rsq = 3.45815e-16
level 0 count 21 tpre 0.01 tcoarse 3.44 tpost 1.99 trest 1.47 tprol 1.42
level 1 count 42 tpre 0.00 tcoarse 0.09 tpost 0.35 trest 0.00 tprol 0.00
iters =   21  secs = 6.219565  rsq = 3.1826e-16
level 0 count 21 tpre 0.01 tcoarse 3.43 tpost 1.99 trest 1.47 tprol 1.43
level 1 count 42 tpre 0.00 tcoarse 0.09 tpost 0.34 trest 0.00 tprol 0.00
TIME("c3pt","bwd_prop") = 39.675 secs
TIME("seq_prop-write","done") = 6.746 secs
TIME("smear[cpu]","done") = 8.941 secs
seq check: complex(-8.94712e-11, -1.03598e-10)
TIME("smear[cpu]","done") = 0.086 secs
TIME("frw_prop_source.1888.x16y0z0t0","done") = 0.119 secs
iters =   21  secs = 6.193866  rsq = 2.91306e-16
level 0 count 21 tpre 0.01 tcoarse 3.40 tpost 1.99 trest 1.48 tprol 1.42
level 1 count 39 tpre 0.00 tcoarse 0.09 tpost 0.31 trest 0.00 tprol 0.00
iters =   21  secs = 6.208980  rsq = 4.58079e-16
level 0 count 21 tpre 0.01 tcoarse 3.42 tpost 1.99 trest 1.47 tprol 1.43
level 1 count 42 tpre 0.00 tcoarse 0.09 tpost 0.33 trest 0.00 tprol 0.00
iters =   21  secs = 6.188836  rsq = 3.2144e-16
level 0 count 21 tpre 0.01 tcoarse 3.41 tpost 1.99 trest 1.47 tprol 1.42
level 1 count 40 tpre 0.00 tcoarse 0.09 tpost 0.32 trest 0.00 tprol 0.00
iters =   21  secs = 6.200787  rsq = 4.92186e-16
level 0 count 21 tpre 0.01 tcoarse 3.42 tpost 1.99 trest 1.47 tprol 1.42
level 1 count 41 tpre 0.00 tcoarse 0.09 tpost 0.33 trest 0.00 tprol 0.00
iters =   21  secs = 6.212130  rsq = 2.81078e-16
level 0 count 21 tpre 0.01 tcoarse 3.41 tpost 2.01 trest 1.47 tprol 1.42
level 1 count 40 tpre 0.00 tcoarse 0.09 tpost 0.32 trest 0.00 tprol 0.00
iters =   21  secs = 6.201922  rsq = 3.27851e-16
level 0 count 21 tpre 0.01 tcoarse 3.42 tpost 1.99 trest 1.47 tprol 1.42
level 1 count 41 tpre 0.00 tcoarse 0.09 tpost 0.33 trest 0.00 tprol 0.00
iters =   21  secs = 6.182973  rsq = 3.30146e-16
level 0 count 21 tpre 0.01 tcoarse 3.40 tpost 1.99 trest 1.47 tprol 1.42
level 1 count 40 tpre 0.00 tcoarse 0.08 tpost 0.32 trest 0.00 tprol 0.00
iters =   21  secs = 6.193459  rsq = 2.43433e-16
level 0 count 21 tpre 0.01 tcoarse 3.41 tpost 1.99 trest 1.47 tprol 1.43
level 1 count 40 tpre 0.00 tcoarse 0.08 tpost 0.32 trest 0.00 tprol 0.00
iters =   21  secs = 6.199431  rsq = 2.66143e-16
level 0 count 21 tpre 0.01 tcoarse 3.42 tpost 1.99 trest 1.48 tprol 1.43
level 1 count 40 tpre 0.00 tcoarse 0.09 tpost 0.32 trest 0.00 tprol 0.00
iters =   21  secs = 6.203299  rsq = 2.3178e-16
level 0 count 21 tpre 0.01 tcoarse 3.42 tpost 1.99 trest 1.47 tprol 1.43
level 1 count 41 tpre 0.00 tcoarse 0.09 tpost 0.33 trest 0.00 tprol 0.00
iters =   21  secs = 6.208146  rsq = 3.53259e-16
level 0 count 21 tpre 0.01 tcoarse 3.41 tpost 2.00 trest 1.47 tprol 1.42
level 1 count 40 tpre 0.00 tcoarse 0.10 tpost 0.32 trest 0.00 tprol 0.00
iters =   21  secs = 6.213717  rsq = 2.32409e-16
level 0 count 21 tpre 0.01 tcoarse 3.43 tpost 1.99 trest 1.47 tprol 1.43
level 1 count 41 tpre 0.00 tcoarse 0.10 tpost 0.33 trest 0.00 tprol 0.00
TIME("smear[cpu]","done") = 8.960 secs
TIME("frw_prop.1888.x16y0z0t0","done") = 84.719 secs
TIME("fwd_prop-write","done") = 7.795 secs
TIME("sm_fwd_prop-write","done") = 8.573 secs
doing sink momentum 0 0 0 0
The sink time is 10
computing (1-g4) projected prop
TIME("c3pt","bwd_source") = 0.397 secs
TIME("smear[cpu]","done") = 1.246 secs
iters =   21  secs = 6.221296  rsq = 4.05693e-16
level 0 count 21 tpre 0.01 tcoarse 3.44 tpost 1.99 trest 1.47 tprol 1.44
level 1 count 41 tpre 0.00 tcoarse 0.09 tpost 0.33 trest 0.00 tprol 0.00
iters =   21  secs = 6.249089  rsq = 3.92272e-16
level 0 count 21 tpre 0.01 tcoarse 3.44 tpost 2.01 trest 1.47 tprol 1.42
level 1 count 42 tpre 0.00 tcoarse 0.09 tpost 0.34 trest 0.00 tprol 0.00
iters =   21  secs = 6.232554  rsq = 3.69188e-16
level 0 count 21 tpre 0.01 tcoarse 3.44 tpost 1.99 trest 1.47 tprol 1.43
level 1 count 42 tpre 0.00 tcoarse 0.10 tpost 0.34 trest 0.00 tprol 0.00
iters =   21  secs = 6.225353  rsq = 3.47447e-16
level 0 count 21 tpre 0.01 tcoarse 3.44 tpost 1.99 trest 1.47 tprol 1.43
level 1 count 42 tpre 0.00 tcoarse 0.09 tpost 0.34 trest 0.00 tprol 0.00
iters =   21  secs = 6.209207  rsq = 4.51705e-16
level 0 count 21 tpre 0.01 tcoarse 3.42 tpost 1.99 trest 1.47 tprol 1.43
level 1 count 41 tpre 0.00 tcoarse 0.09 tpost 0.33 trest 0.00 tprol 0.00
iters =   21  secs = 6.249016  rsq = 3.28692e-16
level 0 count 21 tpre 0.01 tcoarse 3.44 tpost 2.01 trest 1.47 tprol 1.42
level 1 count 42 tpre 0.00 tcoarse 0.09 tpost 0.34 trest 0.00 tprol 0.00
TIME("c3pt","bwd_prop") = 39.711 secs
TIME("seq_prop-write","done") = 6.906 secs
TIME("smear[cpu]","done") = 8.951 secs
seq check: complex(5.15075e-11, 3.28772e-10)
doing sink momentum 0 0 0 0
The sink time is 10
computing (1-g4) projected prop
TIME("c3pt","bwd_source") = 0.439 secs
TIME("smear[cpu]","done") = 1.248 secs
iters =   21  secs = 6.256441  rsq = 4.05693e-16
level 0 count 21 tpre 0.01 tcoarse 3.43 tpost 2.03 trest 1.48 tprol 1.43
level 1 count 41 tpre 0.00 tcoarse 0.09 tpost 0.33 trest 0.00 tprol 0.00
iters =   21  secs = 6.220115  rsq = 3.25437e-16
level 0 count 21 tpre 0.01 tcoarse 3.43 tpost 1.99 trest 1.48 tprol 1.43
level 1 count 41 tpre 0.00 tcoarse 0.09 tpost 0.33 trest 0.00 tprol 0.00
iters =   21  secs = 6.242582  rsq = 3.69188e-16
level 0 count 21 tpre 0.01 tcoarse 3.44 tpost 2.00 trest 1.47 tprol 1.43
level 1 count 42 tpre 0.00 tcoarse 0.09 tpost 0.34 trest 0.00 tprol 0.00
iters =   21  secs = 6.214669  rsq = 3.52323e-16
level 0 count 21 tpre 0.01 tcoarse 3.43 tpost 1.99 trest 1.47 tprol 1.43
level 1 count 41 tpre 0.00 tcoarse 0.09 tpost 0.33 trest 0.00 tprol 0.00
iters =   21  secs = 6.200352  rsq = 4.51705e-16
level 0 count 21 tpre 0.01 tcoarse 3.42 tpost 1.99 trest 1.47 tprol 1.42
level 1 count 41 tpre 0.00 tcoarse 0.08 tpost 0.33 trest 0.00 tprol 0.00
iters =   21  secs = 6.219152  rsq = 2.82383e-16
level 0 count 21 tpre 0.01 tcoarse 3.44 tpost 1.99 trest 1.48 tprol 1.43
level 1 count 42 tpre 0.00 tcoarse 0.09 tpost 0.34 trest 0.00 tprol 0.00
TIME("c3pt","bwd_prop") = 39.730 secs
TIME("seq_prop-write","done") = 8.139 secs
TIME("smear[cpu]","done") = 8.968 secs
seq check: complex(1.03015e-10, 6.57544e-10)
TIME("smear[cpu]","done") = 0.083 secs
TIME("frw_prop_source.1888.x24y0z0t0","done") = 0.116 secs
iters =   21  secs = 6.283775  rsq = 1.96728e-16
level 0 count 21 tpre 0.01 tcoarse 3.50 tpost 1.99 trest 1.48 tprol 1.48
level 1 count 41 tpre 0.00 tcoarse 0.09 tpost 0.33 trest 0.00 tprol 0.00
iters =   21  secs = 6.207924  rsq = 2.92402e-16
level 0 count 21 tpre 0.01 tcoarse 3.42 tpost 1.99 trest 1.47 tprol 1.43
level 1 count 41 tpre 0.00 tcoarse 0.09 tpost 0.33 trest 0.00 tprol 0.00
iters =   21  secs = 6.230196  rsq = 2.7179e-16
level 0 count 21 tpre 0.01 tcoarse 3.44 tpost 2.00 trest 1.47 tprol 1.43
level 1 count 41 tpre 0.00 tcoarse 0.09 tpost 0.34 trest 0.00 tprol 0.00
iters =   21  secs = 6.213881  rsq = 3.88899e-16
level 0 count 21 tpre 0.01 tcoarse 3.43 tpost 1.99 trest 1.48 tprol 1.43
level 1 count 41 tpre 0.00 tcoarse 0.09 tpost 0.33 trest 0.00 tprol 0.00
iters =   21  secs = 6.224250  rsq = 2.44238e-16
level 0 count 21 tpre 0.01 tcoarse 3.43 tpost 2.00 trest 1.48 tprol 1.43
level 1 count 39 tpre 0.00 tcoarse 0.09 tpost 0.32 trest 0.00 tprol 0.00
iters =   21  secs = 6.221692  rsq = 2.33595e-16
level 0 count 21 tpre 0.01 tcoarse 3.44 tpost 1.99 trest 1.48 tprol 1.43
level 1 count 41 tpre 0.00 tcoarse 0.09 tpost 0.33 trest 0.00 tprol 0.00
iters =   21  secs = 6.202613  rsq = 2.52661e-16
level 0 count 21 tpre 0.01 tcoarse 3.42 tpost 1.99 trest 1.47 tprol 1.43
level 1 count 40 tpre 0.00 tcoarse 0.09 tpost 0.32 trest 0.00 tprol 0.00
iters =   21  secs = 6.204387  rsq = 3.06638e-16
level 0 count 21 tpre 0.01 tcoarse 3.41 tpost 1.99 trest 1.48 tprol 1.43
level 1 count 40 tpre 0.00 tcoarse 0.08 tpost 0.32 trest 0.00 tprol 0.00
iters =   21  secs = 6.221987  rsq = 2.5669e-16
level 0 count 21 tpre 0.01 tcoarse 3.42 tpost 2.01 trest 1.48 tprol 1.43
level 1 count 40 tpre 0.00 tcoarse 0.09 tpost 0.32 trest 0.00 tprol 0.00
iters =   21  secs = 6.216496  rsq = 2.1237e-16
level 0 count 21 tpre 0.01 tcoarse 3.43 tpost 1.99 trest 1.48 tprol 1.43
level 1 count 41 tpre 0.00 tcoarse 0.09 tpost 0.33 trest 0.00 tprol 0.00
iters =   21  secs = 6.205478  rsq = 2.2507e-16
level 0 count 21 tpre 0.01 tcoarse 3.42 tpost 1.99 trest 1.48 tprol 1.42
level 1 count 40 tpre 0.00 tcoarse 0.09 tpost 0.32 trest 0.00 tprol 0.00
iters =   21  secs = 6.211761  rsq = 2.70915e-16
level 0 count 21 tpre 0.01 tcoarse 3.43 tpost 1.99 trest 1.48 tprol 1.43
level 1 count 40 tpre 0.00 tcoarse 0.09 tpost 0.32 trest 0.00 tprol 0.00
TIME("smear[cpu]","done") = 8.974 secs
TIME("frw_prop.1888.x24y0z0t0","done") = 84.975 secs
TIME("fwd_prop-write","done") = 7.517 secs
TIME("sm_fwd_prop-write","done") = 8.045 secs
doing sink momentum 0 0 0 0
The sink time is 10
computing (1-g4) projected prop
TIME("c3pt","bwd_source") = 0.401 secs
TIME("smear[cpu]","done") = 1.246 secs
iters =   21  secs = 6.217007  rsq = 3.70021e-16
level 0 count 21 tpre 0.01 tcoarse 3.43 tpost 1.99 trest 1.47 tprol 1.43
level 1 count 41 tpre 0.00 tcoarse 0.09 tpost 0.33 trest 0.00 tprol 0.00
iters =   21  secs = 6.198524  rsq = 3.50873e-16
level 0 count 21 tpre 0.01 tcoarse 3.42 tpost 1.99 trest 1.47 tprol 1.42
level 1 count 41 tpre 0.00 tcoarse 0.09 tpost 0.32 trest 0.00 tprol 0.00
iters =   21  secs = 6.252189  rsq = 3.34078e-16
level 0 count 21 tpre 0.01 tcoarse 3.47 tpost 1.99 trest 1.47 tprol 1.47
level 1 count 41 tpre 0.00 tcoarse 0.09 tpost 0.33 trest 0.00 tprol 0.00
iters =   21  secs = 6.205909  rsq = 3.69387e-16
level 0 count 21 tpre 0.01 tcoarse 3.42 tpost 1.99 trest 1.47 tprol 1.43
level 1 count 41 tpre 0.00 tcoarse 0.09 tpost 0.32 trest 0.00 tprol 0.00
iters =   21  secs = 6.204917  rsq = 3.71225e-16
level 0 count 21 tpre 0.01 tcoarse 3.42 tpost 1.99 trest 1.47 tprol 1.43
level 1 count 41 tpre 0.00 tcoarse 0.08 tpost 0.32 trest 0.00 tprol 0.00
iters =   21  secs = 6.202754  rsq = 4.45005e-16
level 0 count 21 tpre 0.01 tcoarse 3.42 tpost 1.99 trest 1.47 tprol 1.43
level 1 count 41 tpre 0.00 tcoarse 0.09 tpost 0.32 trest 0.00 tprol 0.00
TIME("c3pt","bwd_prop") = 39.606 secs
TIME("seq_prop-write","done") = 6.955 secs
TIME("smear[cpu]","done") = 8.972 secs
seq check: complex(2.72449e-12, 4.61885e-11)
doing sink momentum 0 0 0 0
The sink time is 10
computing (1-g4) projected prop
TIME("c3pt","bwd_source") = 0.446 secs
TIME("smear[cpu]","done") = 1.250 secs
iters =   21  secs = 6.222978  rsq = 3.70021e-16
level 0 count 21 tpre 0.01 tcoarse 3.43 tpost 1.99 trest 1.47 tprol 1.43
level 1 count 41 tpre 0.00 tcoarse 0.09 tpost 0.33 trest 0.00 tprol 0.00
iters =   21  secs = 6.229013  rsq = 2.93478e-16
level 0 count 21 tpre 0.01 tcoarse 3.44 tpost 1.99 trest 1.48 tprol 1.44
level 1 count 41 tpre 0.00 tcoarse 0.09 tpost 0.33 trest 0.00 tprol 0.00
iters =   21  secs = 6.226121  rsq = 3.34078e-16
level 0 count 21 tpre 0.01 tcoarse 3.44 tpost 1.99 trest 1.47 tprol 1.43
level 1 count 41 tpre 0.00 tcoarse 0.09 tpost 0.33 trest 0.00 tprol 0.00
iters =   21  secs = 6.212970  rsq = 2.91126e-16
level 0 count 21 tpre 0.01 tcoarse 3.43 tpost 1.99 trest 1.47 tprol 1.43
level 1 count 41 tpre 0.00 tcoarse 0.09 tpost 0.33 trest 0.00 tprol 0.00
iters =   21  secs = 6.217482  rsq = 3.71225e-16
level 0 count 21 tpre 0.01 tcoarse 3.43 tpost 1.99 trest 1.48 tprol 1.43
level 1 count 41 tpre 0.00 tcoarse 0.09 tpost 0.33 trest 0.00 tprol 0.00
iters =   21  secs = 6.232262  rsq = 3.15106e-16
level 0 count 21 tpre 0.01 tcoarse 3.44 tpost 1.99 trest 1.48 tprol 1.44
level 1 count 41 tpre 0.00 tcoarse 0.09 tpost 0.33 trest 0.00 tprol 0.00
TIME("c3pt","bwd_prop") = 39.720 secs
TIME("seq_prop-write","done") = 6.431 secs
TIME("smear[cpu]","done") = 8.951 secs
seq check: complex(5.44899e-12, 9.2377e-11)
TIME("smear[cpu]","done") = 0.083 secs
TIME("frw_prop_source.1888.x0y8z0t0","done") = 0.116 secs
iters =   21  secs = 6.194867  rsq = 2.58399e-16
level 0 count 21 tpre 0.01 tcoarse 3.41 tpost 1.99 trest 1.47 tprol 1.43
level 1 count 39 tpre 0.00 tcoarse 0.09 tpost 0.31 trest 0.00 tprol 0.00
iters =   21  secs = 6.210041  rsq = 2.93037e-16
level 0 count 21 tpre 0.01 tcoarse 3.43 tpost 1.99 trest 1.48 tprol 1.43
level 1 count 40 tpre 0.00 tcoarse 0.09 tpost 0.32 trest 0.00 tprol 0.00
iters =   21  secs = 6.199425  rsq = 2.45069e-16
level 0 count 21 tpre 0.01 tcoarse 3.42 tpost 1.99 trest 1.48 tprol 1.43
level 1 count 40 tpre 0.00 tcoarse 0.09 tpost 0.32 trest 0.00 tprol 0.00
iters =   21  secs = 6.208375  rsq = 2.42007e-16
level 0 count 21 tpre 0.01 tcoarse 3.42 tpost 1.99 trest 1.47 tprol 1.43
level 1 count 40 tpre 0.00 tcoarse 0.09 tpost 0.32 trest 0.00 tprol 0.00
iters =   21  secs = 6.218120  rsq = 2.49929e-16
level 0 count 21 tpre 0.01 tcoarse 3.43 tpost 1.99 trest 1.47 tprol 1.43
level 1 count 41 tpre 0.00 tcoarse 0.10 tpost 0.33 trest 0.00 tprol 0.00
iters =   21  secs = 6.218301  rsq = 1.96401e-16
level 0 count 21 tpre 0.01 tcoarse 3.43 tpost 2.00 trest 1.47 tprol 1.43
level 1 count 40 tpre 0.00 tcoarse 0.10 tpost 0.32 trest 0.00 tprol 0.00
iters =   21  secs = 6.214879  rsq = 2.81528e-16
level 0 count 21 tpre 0.01 tcoarse 3.43 tpost 1.99 trest 1.47 tprol 1.43
level 1 count 40 tpre 0.00 tcoarse 0.10 tpost 0.32 trest 0.00 tprol 0.00
iters =   21  secs = 6.198007  rsq = 2.16169e-16
level 0 count 21 tpre 0.01 tcoarse 3.41 tpost 1.99 trest 1.47 tprol 1.43
level 1 count 40 tpre 0.00 tcoarse 0.09 tpost 0.32 trest 0.00 tprol 0.00
iters =   21  secs = 6.212302  rsq = 2.93837e-16
level 0 count 21 tpre 0.01 tcoarse 3.43 tpost 1.99 trest 1.47 tprol 1.43
level 1 count 40 tpre 0.00 tcoarse 0.10 tpost 0.33 trest 0.00 tprol 0.00
iters =   21  secs = 6.206558  rsq = 2.60409e-16
level 0 count 21 tpre 0.01 tcoarse 3.42 tpost 1.99 trest 1.47 tprol 1.43
level 1 count 40 tpre 0.00 tcoarse 0.09 tpost 0.32 trest 0.00 tprol 0.00
iters =   21  secs = 6.204610  rsq = 2.53342e-16
level 0 count 21 tpre 0.01 tcoarse 3.42 tpost 1.99 trest 1.47 tprol 1.42
level 1 count 40 tpre 0.00 tcoarse 0.10 tpost 0.32 trest 0.00 tprol 0.00
iters =   21  secs = 6.210503  rsq = 1.87518e-16
level 0 count 21 tpre 0.01 tcoarse 3.43 tpost 1.99 trest 1.48 tprol 1.43
level 1 count 40 tpre 0.00 tcoarse 0.10 tpost 0.32 trest 0.00 tprol 0.00
TIME("smear[cpu]","done") = 8.967 secs
TIME("frw_prop.1888.x0y8z0t0","done") = 84.826 secs
TIME("fwd_prop-write","done") = 6.918 secs
TIME("sm_fwd_prop-write","done") = 6.725 secs
doing sink momentum 0 0 0 0
The sink time is 10
computing (1-g4) projected prop
TIME("c3pt","bwd_source") = 0.401 secs
TIME("smear[cpu]","done") = 1.251 secs
iters =   21  secs = 6.231500  rsq = 3.45512e-16
level 0 count 21 tpre 0.01 tcoarse 3.45 tpost 1.99 trest 1.47 tprol 1.42
level 1 count 42 tpre 0.00 tcoarse 0.09 tpost 0.34 trest 0.00 tprol 0.00
iters =   21  secs = 6.211901  rsq = 2.85017e-16
level 0 count 21 tpre 0.01 tcoarse 3.43 tpost 1.99 trest 1.47 tprol 1.42
level 1 count 41 tpre 0.00 tcoarse 0.10 tpost 0.33 trest 0.00 tprol 0.00
iters =   21  secs = 6.209514  rsq = 3.5108e-16
level 0 count 21 tpre 0.01 tcoarse 3.42 tpost 1.99 trest 1.47 tprol 1.43
level 1 count 41 tpre 0.00 tcoarse 0.09 tpost 0.33 trest 0.00 tprol 0.00
iters =   21  secs = 6.240299  rsq = 3.2565e-16
level 0 count 21 tpre 0.01 tcoarse 3.43 tpost 2.01 trest 1.47 tprol 1.43
level 1 count 41 tpre 0.00 tcoarse 0.09 tpost 0.33 trest 0.00 tprol 0.00
iters =   21  secs = 6.218121  rsq = 2.5354e-16
level 0 count 21 tpre 0.01 tcoarse 3.43 tpost 1.99 trest 1.47 tprol 1.43
level 1 count 41 tpre 0.00 tcoarse 0.10 tpost 0.33 trest 0.00 tprol 0.00
iters =   21  secs = 6.208636  rsq = 3.39308e-16
level 0 count 21 tpre 0.01 tcoarse 3.42 tpost 1.99 trest 1.47 tprol 1.43
level 1 count 41 tpre 0.00 tcoarse 0.09 tpost 0.33 trest 0.00 tprol 0.00
TIME("c3pt","bwd_prop") = 39.647 secs
TIME("seq_prop-write","done") = 7.290 secs
TIME("smear[cpu]","done") = 8.960 secs
seq check: complex(4.7376e-10, 4.08868e-10)
doing sink momentum 0 0 0 0
The sink time is 10
computing (1-g4) projected prop
TIME("c3pt","bwd_source") = 0.446 secs
TIME("smear[cpu]","done") = 1.251 secs
iters =   21  secs = 6.224110  rsq = 3.45512e-16
level 0 count 21 tpre 0.01 tcoarse 3.44 tpost 1.99 trest 1.47 tprol 1.43
level 1 count 42 tpre 0.00 tcoarse 0.09 tpost 0.34 trest 0.00 tprol 0.00
iters =   21  secs = 6.242809  rsq = 2.91809e-16
level 0 count 21 tpre 0.01 tcoarse 3.44 tpost 2.01 trest 1.47 tprol 1.44
level 1 count 41 tpre 0.00 tcoarse 0.09 tpost 0.33 trest 0.00 tprol 0.00
iters =   21  secs = 6.208018  rsq = 3.5108e-16
level 0 count 21 tpre 0.01 tcoarse 3.42 tpost 1.99 trest 1.47 tprol 1.43
level 1 count 41 tpre 0.00 tcoarse 0.09 tpost 0.33 trest 0.00 tprol 0.00
iters =   21  secs = 6.267743  rsq = 2.98655e-16
level 0 count 21 tpre 0.01 tcoarse 3.46 tpost 2.01 trest 1.47 tprol 1.46
level 1 count 41 tpre 0.00 tcoarse 0.09 tpost 0.33 trest 0.00 tprol 0.00
iters =   21  secs = 6.213773  rsq = 2.5354e-16
level 0 count 21 tpre 0.01 tcoarse 3.43 tpost 1.99 trest 1.47 tprol 1.43
level 1 count 41 tpre 0.00 tcoarse 0.10 tpost 0.33 trest 0.00 tprol 0.00
iters =   21  secs = 6.211922  rsq = 2.52937e-16
level 0 count 21 tpre 0.01 tcoarse 3.43 tpost 1.99 trest 1.47 tprol 1.43
level 1 count 41 tpre 0.00 tcoarse 0.09 tpost 0.33 trest 0.00 tprol 0.00
TIME("c3pt","bwd_prop") = 39.744 secs
TIME("seq_prop-write","done") = 6.974 secs
TIME("smear[cpu]","done") = 8.948 secs
seq check: complex(9.47521e-10, 8.17736e-10)
TIME("smear[cpu]","done") = 0.083 secs
TIME("frw_prop_source.1888.x0y16z0t0","done") = 0.116 secs
iters =   20  secs = 5.910059  rsq = 9.84016e-16
level 0 count 20 tpre 0.01 tcoarse 3.26 tpost 1.89 trest 1.40 tprol 1.36
level 1 count 38 tpre 0.00 tcoarse 0.09 tpost 0.31 trest 0.00 tprol 0.00
iters =   21  secs = 6.210424  rsq = 2.96417e-16
level 0 count 21 tpre 0.01 tcoarse 3.43 tpost 1.99 trest 1.48 tprol 1.43
level 1 count 40 tpre 0.00 tcoarse 0.09 tpost 0.32 trest 0.00 tprol 0.00
iters =   21  secs = 6.214991  rsq = 2.43724e-16
level 0 count 21 tpre 0.01 tcoarse 3.43 tpost 1.99 trest 1.48 tprol 1.43
level 1 count 40 tpre 0.00 tcoarse 0.09 tpost 0.32 trest 0.00 tprol 0.00
iters =   21  secs = 6.210880  rsq = 2.58883e-16
level 0 count 21 tpre 0.01 tcoarse 3.43 tpost 1.99 trest 1.47 tprol 1.43
level 1 count 40 tpre 0.00 tcoarse 0.09 tpost 0.32 trest 0.00 tprol 0.00
iters =   21  secs = 6.226061  rsq = 2.4274e-16
level 0 count 21 tpre 0.01 tcoarse 3.44 tpost 1.99 trest 1.48 tprol 1.43
level 1 count 40 tpre 0.00 tcoarse 0.10 tpost 0.32 trest 0.00 tprol 0.00
iters =   21  secs = 6.211263  rsq = 2.06271e-16
level 0 count 21 tpre 0.01 tcoarse 3.43 tpost 1.99 trest 1.47 tprol 1.43
level 1 count 40 tpre 0.00 tcoarse 0.10 tpost 0.32 trest 0.00 tprol 0.00
iters =   21  secs = 6.257298  rsq = 3.39419e-16
level 0 count 21 tpre 0.01 tcoarse 3.44 tpost 2.02 trest 1.48 tprol 1.43
level 1 count 41 tpre 0.00 tcoarse 0.10 tpost 0.33 trest 0.00 tprol 0.00
iters =   21  secs = 6.217381  rsq = 2.91574e-16
level 0 count 21 tpre 0.01 tcoarse 3.43 tpost 1.99 trest 1.48 tprol 1.43
level 1 count 40 tpre 0.00 tcoarse 0.10 tpost 0.32 trest 0.00 tprol 0.00
iters =   21  secs = 6.203367  rsq = 4.16855e-16
level 0 count 21 tpre 0.01 tcoarse 3.42 tpost 1.99 trest 1.47 tprol 1.43
level 1 count 40 tpre 0.00 tcoarse 0.09 tpost 0.32 trest 0.00 tprol 0.00
iters =   21  secs = 6.217580  rsq = 3.07742e-16
level 0 count 21 tpre 0.01 tcoarse 3.43 tpost 1.99 trest 1.47 tprol 1.43
level 1 count 40 tpre 0.00 tcoarse 0.10 tpost 0.32 trest 0.00 tprol 0.00
iters =   21  secs = 6.243451  rsq = 3.09209e-16
level 0 count 21 tpre 0.01 tcoarse 3.46 tpost 1.99 trest 1.47 tprol 1.43
level 1 count 42 tpre 0.00 tcoarse 0.10 tpost 0.34 trest 0.00 tprol 0.00
iters =   21  secs = 6.224814  rsq = 3.43949e-16
level 0 count 21 tpre 0.01 tcoarse 3.44 tpost 1.99 trest 1.47 tprol 1.43
level 1 count 41 tpre 0.00 tcoarse 0.10 tpost 0.33 trest 0.00 tprol 0.00
TIME("smear[cpu]","done") = 8.978 secs
TIME("frw_prop.1888.x0y16z0t0","done") = 84.672 secs
TIME("fwd_prop-write","done") = 6.676 secs
TIME("sm_fwd_prop-write","done") = 6.911 secs
doing sink momentum 0 0 0 0
The sink time is 10
computing (1-g4) projected prop
TIME("c3pt","bwd_source") = 0.402 secs
TIME("smear[cpu]","done") = 1.248 secs
iters =   21  secs = 6.221892  rsq = 4.0958e-16
level 0 count 21 tpre 0.01 tcoarse 3.44 tpost 1.99 trest 1.48 tprol 1.43
level 1 count 41 tpre 0.00 tcoarse 0.09 tpost 0.33 trest 0.00 tprol 0.00
iters =   21  secs = 6.239638  rsq = 3.0961e-16
level 0 count 21 tpre 0.01 tcoarse 3.44 tpost 2.01 trest 1.48 tprol 1.42
level 1 count 42 tpre 0.00 tcoarse 0.09 tpost 0.34 trest 0.00 tprol 0.00
iters =   21  secs = 6.201697  rsq = 3.8733e-16
level 0 count 21 tpre 0.01 tcoarse 3.42 tpost 1.99 trest 1.47 tprol 1.42
level 1 count 41 tpre 0.00 tcoarse 0.09 tpost 0.33 trest 0.00 tprol 0.00
iters =   21  secs = 6.202986  rsq = 3.78833e-16
level 0 count 21 tpre 0.01 tcoarse 3.42 tpost 1.99 trest 1.47 tprol 1.42
level 1 count 41 tpre 0.00 tcoarse 0.08 tpost 0.33 trest 0.00 tprol 0.00
iters =   21  secs = 6.244033  rsq = 3.282e-16
level 0 count 21 tpre 0.01 tcoarse 3.45 tpost 1.99 trest 1.48 tprol 1.43
level 1 count 42 tpre 0.00 tcoarse 0.09 tpost 0.35 trest 0.00 tprol 0.00
iters =   21  secs = 6.210955  rsq = 3.38859e-16
level 0 count 21 tpre 0.01 tcoarse 3.43 tpost 1.99 trest 1.47 tprol 1.43
level 1 count 41 tpre 0.00 tcoarse 0.09 tpost 0.33 trest 0.00 tprol 0.00
TIME("c3pt","bwd_prop") = 39.647 secs
TIME("seq_prop-write","done") = 6.937 secs
TIME("smear[cpu]","done") = 8.955 secs
seq check: complex(-4.00017e-11, 2.62154e-10)
doing sink momentum 0 0 0 0
The sink time is 10
computing (1-g4) projected prop
TIME("c3pt","bwd_source") = 0.441 secs
TIME("smear[cpu]","done") = 1.251 secs
iters =   21  secs = 6.230353  rsq = 4.0958e-16
level 0 count 21 tpre 0.01 tcoarse 3.45 tpost 1.99 trest 1.47 tprol 1.43
level 1 count 41 tpre 0.00 tcoarse 0.09 tpost 0.34 trest 0.00 tprol 0.00
iters =   21  secs = 6.220716  rsq = 3.10583e-16
level 0 count 21 tpre 0.01 tcoarse 3.42 tpost 2.01 trest 1.47 tprol 1.43
level 1 count 41 tpre 0.00 tcoarse 0.09 tpost 0.33 trest 0.00 tprol 0.00
iters =   21  secs = 6.201041  rsq = 3.87329e-16
level 0 count 21 tpre 0.01 tcoarse 3.42 tpost 1.99 trest 1.47 tprol 1.43
level 1 count 41 tpre 0.00 tcoarse 0.09 tpost 0.33 trest 0.00 tprol 0.00
iters =   21  secs = 6.190788  rsq = 2.84292e-16
level 0 count 21 tpre 0.01 tcoarse 3.41 tpost 1.99 trest 1.47 tprol 1.42
level 1 count 41 tpre 0.00 tcoarse 0.09 tpost 0.33 trest 0.00 tprol 0.00
iters =   21  secs = 6.222331  rsq = 3.282e-16
level 0 count 21 tpre 0.01 tcoarse 3.44 tpost 1.99 trest 1.47 tprol 1.43
level 1 count 42 tpre 0.00 tcoarse 0.09 tpost 0.33 trest 0.00 tprol 0.00
iters =   21  secs = 6.195258  rsq = 3.05319e-16
level 0 count 21 tpre 0.01 tcoarse 3.41 tpost 1.99 trest 1.47 tprol 1.43
level 1 count 40 tpre 0.00 tcoarse 0.08 tpost 0.32 trest 0.00 tprol 0.00
TIME("c3pt","bwd_prop") = 39.647 secs
TIME("seq_prop-write","done") = 6.359 secs
TIME("smear[cpu]","done") = 8.967 secs
seq check: complex(-8.00034e-11, 5.24309e-10)
TIME("smear[cpu]","done") = 0.083 secs
TIME("frw_prop_source.1888.x0y24z0t0","done") = 0.117 secs
iters =   21  secs = 6.218470  rsq = 2.01996e-16
level 0 count 21 tpre 0.01 tcoarse 3.43 tpost 1.99 trest 1.48 tprol 1.43
level 1 count 41 tpre 0.00 tcoarse 0.09 tpost 0.33 trest 0.00 tprol 0.00
iters =   21  secs = 6.226663  rsq = 3.41494e-16
level 0 count 21 tpre 0.01 tcoarse 3.44 tpost 1.99 trest 1.48 tprol 1.43
level 1 count 41 tpre 0.00 tcoarse 0.09 tpost 0.33 trest 0.00 tprol 0.00
iters =   21  secs = 6.226425  rsq = 3.36384e-16
level 0 count 21 tpre 0.01 tcoarse 3.44 tpost 1.99 trest 1.48 tprol 1.43
level 1 count 41 tpre 0.00 tcoarse 0.09 tpost 0.33 trest 0.00 tprol 0.00
iters =   21  secs = 6.219895  rsq = 2.94966e-16
level 0 count 21 tpre 0.01 tcoarse 3.44 tpost 1.99 trest 1.48 tprol 1.43
level 1 count 41 tpre 0.00 tcoarse 0.09 tpost 0.33 trest 0.00 tprol 0.00
iters =   21  secs = 6.215134  rsq = 2.72778e-16
level 0 count 21 tpre 0.01 tcoarse 3.43 tpost 1.99 trest 1.48 tprol 1.43
level 1 count 40 tpre 0.00 tcoarse 0.10 tpost 0.32 trest 0.00 tprol 0.00
iters =   21  secs = 6.226040  rsq = 2.73781e-16
level 0 count 21 tpre 0.01 tcoarse 3.44 tpost 1.99 trest 1.48 tprol 1.43
level 1 count 41 tpre 0.00 tcoarse 0.09 tpost 0.33 trest 0.00 tprol 0.00
iters =   21  secs = 6.222972  rsq = 3.23632e-16
level 0 count 21 tpre 0.01 tcoarse 3.44 tpost 1.99 trest 1.48 tprol 1.43
level 1 count 41 tpre 0.00 tcoarse 0.09 tpost 0.33 trest 0.00 tprol 0.00
iters =   21  secs = 6.226478  rsq = 2.43634e-16
level 0 count 21 tpre 0.01 tcoarse 3.44 tpost 1.99 trest 1.48 tprol 1.43
level 1 count 41 tpre 0.00 tcoarse 0.09 tpost 0.33 trest 0.00 tprol 0.00
iters =   21  secs = 6.219903  rsq = 2.96436e-16
level 0 count 21 tpre 0.01 tcoarse 3.44 tpost 1.99 trest 1.48 tprol 1.43
level 1 count 40 tpre 0.00 tcoarse 0.09 tpost 0.32 trest 0.00 tprol 0.00
iters =   21  secs = 6.225261  rsq = 2.25036e-16
level 0 count 21 tpre 0.01 tcoarse 3.44 tpost 1.99 trest 1.48 tprol 1.43
level 1 count 41 tpre 0.00 tcoarse 0.09 tpost 0.33 trest 0.00 tprol 0.00
iters =   21  secs = 6.218840  rsq = 3.54284e-16
level 0 count 21 tpre 0.01 tcoarse 3.43 tpost 1.99 trest 1.48 tprol 1.43
level 1 count 41 tpre 0.00 tcoarse 0.09 tpost 0.33 trest 0.00 tprol 0.00
iters =   21  secs = 6.227229  rsq = 2.94373e-16
level 0 count 21 tpre 0.01 tcoarse 3.44 tpost 1.99 trest 1.49 tprol 1.43
level 1 count 41 tpre 0.00 tcoarse 0.09 tpost 0.33 trest 0.00 tprol 0.00
TIME("smear[cpu]","done") = 8.965 secs
TIME("frw_prop.1888.x0y24z0t0","done") = 85.004 secs
TIME("fwd_prop-write","done") = 6.785 secs
TIME("sm_fwd_prop-write","done") = 6.380 secs
doing sink momentum 0 0 0 0
The sink time is 10
computing (1-g4) projected prop
TIME("c3pt","bwd_source") = 0.393 secs
TIME("smear[cpu]","done") = 1.251 secs
iters =   21  secs = 6.232011  rsq = 3.25292e-16
level 0 count 21 tpre 0.01 tcoarse 3.44 tpost 1.99 trest 1.48 tprol 1.43
level 1 count 42 tpre 0.00 tcoarse 0.08 tpost 0.34 trest 0.00 tprol 0.00
iters =   21  secs = 6.218920  rsq = 3.47864e-16
level 0 count 21 tpre 0.01 tcoarse 3.43 tpost 1.99 trest 1.48 tprol 1.43
level 1 count 41 tpre 0.00 tcoarse 0.09 tpost 0.33 trest 0.00 tprol 0.00
iters =   21  secs = 6.213615  rsq = 3.99255e-16
level 0 count 21 tpre 0.01 tcoarse 3.43 tpost 1.99 trest 1.47 tprol 1.43
level 1 count 41 tpre 0.00 tcoarse 0.09 tpost 0.33 trest 0.00 tprol 0.00
iters =   21  secs = 6.209201  rsq = 3.96434e-16
level 0 count 21 tpre 0.01 tcoarse 3.42 tpost 1.99 trest 1.47 tprol 1.43
level 1 count 41 tpre 0.00 tcoarse 0.08 tpost 0.33 trest 0.00 tprol 0.00
iters =   21  secs = 6.228294  rsq = 3.54277e-16
level 0 count 21 tpre 0.01 tcoarse 3.44 tpost 1.99 trest 1.47 tprol 1.43
level 1 count 42 tpre 0.00 tcoarse 0.09 tpost 0.34 trest 0.00 tprol 0.00
iters =   21  secs = 6.245715  rsq = 3.53179e-16
level 0 count 21 tpre 0.01 tcoarse 3.44 tpost 2.01 trest 1.48 tprol 1.43
level 1 count 41 tpre 0.00 tcoarse 0.09 tpost 0.33 trest 0.00 tprol 0.00
TIME("c3pt","bwd_prop") = 39.675 secs
TIME("seq_prop-write","done") = 6.847 secs
TIME("smear[cpu]","done") = 8.951 secs
seq check: complex(-2.09562e-11, -1.06983e-10)
doing sink momentum 0 0 0 0
The sink time is 10
computing (1-g4) projected prop
TIME("c3pt","bwd_source") = 0.435 secs
TIME("smear[cpu]","done") = 1.249 secs
iters =   21  secs = 6.222629  rsq = 3.25292e-16
level 0 count 21 tpre 0.01 tcoarse 3.44 tpost 1.99 trest 1.48 tprol 1.43
level 1 count 42 tpre 0.00 tcoarse 0.08 tpost 0.34 trest 0.00 tprol 0.00
iters =   21  secs = 6.214993  rsq = 2.60833e-16
level 0 count 21 tpre 0.01 tcoarse 3.43 tpost 1.99 trest 1.47 tprol 1.43
level 1 count 41 tpre 0.00 tcoarse 0.09 tpost 0.33 trest 0.00 tprol 0.00
iters =   21  secs = 6.211366  rsq = 3.99255e-16
level 0 count 21 tpre 0.01 tcoarse 3.43 tpost 1.99 trest 1.48 tprol 1.43
level 1 count 41 tpre 0.00 tcoarse 0.09 tpost 0.33 trest 0.00 tprol 0.00
iters =   21  secs = 6.211505  rsq = 2.78197e-16
level 0 count 21 tpre 0.01 tcoarse 3.42 tpost 1.99 trest 1.47 tprol 1.43
level 1 count 41 tpre 0.00 tcoarse 0.08 tpost 0.33 trest 0.00 tprol 0.00
iters =   21  secs = 6.226896  rsq = 3.54278e-16
level 0 count 21 tpre 0.01 tcoarse 3.44 tpost 1.99 trest 1.47 tprol 1.43
level 1 count 42 tpre 0.00 tcoarse 0.09 tpost 0.34 trest 0.00 tprol 0.00
iters =   21  secs = 6.206664  rsq = 2.91643e-16
level 0 count 21 tpre 0.01 tcoarse 3.42 tpost 1.99 trest 1.47 tprol 1.43
level 1 count 41 tpre 0.00 tcoarse 0.08 tpost 0.33 trest 0.00 tprol 0.00
TIME("c3pt","bwd_prop") = 39.670 secs
TIME("seq_prop-write","done") = 7.389 secs
TIME("smear[cpu]","done") = 8.954 secs
seq check: complex(-4.19125e-11, -2.13965e-10)
TIME("smear[cpu]","done") = 0.083 secs
TIME("frw_prop_source.1888.x0y0z8t0","done") = 0.116 secs
iters =   21  secs = 6.219469  rsq = 2.79096e-16
level 0 count 21 tpre 0.01 tcoarse 3.43 tpost 1.99 trest 1.48 tprol 1.43
level 1 count 40 tpre 0.00 tcoarse 0.09 tpost 0.33 trest 0.00 tprol 0.00
iters =   21  secs = 6.202829  rsq = 2.3029e-16
level 0 count 21 tpre 0.01 tcoarse 3.42 tpost 1.99 trest 1.48 tprol 1.42
level 1 count 40 tpre 0.00 tcoarse 0.09 tpost 0.32 trest 0.00 tprol 0.00
iters =   21  secs = 6.203786  rsq = 3.63579e-16
level 0 count 21 tpre 0.01 tcoarse 3.42 tpost 1.99 trest 1.47 tprol 1.43
level 1 count 40 tpre 0.00 tcoarse 0.09 tpost 0.32 trest 0.00 tprol 0.00
iters =   21  secs = 6.239682  rsq = 2.50062e-16
level 0 count 21 tpre 0.01 tcoarse 3.42 tpost 2.02 trest 1.47 tprol 1.43
level 1 count 40 tpre 0.00 tcoarse 0.09 tpost 0.32 trest 0.00 tprol 0.00
iters =   21  secs = 6.212692  rsq = 2.91205e-16
level 0 count 21 tpre 0.01 tcoarse 3.43 tpost 1.99 trest 1.47 tprol 1.43
level 1 count 41 tpre 0.00 tcoarse 0.09 tpost 0.33 trest 0.00 tprol 0.00
iters =   21  secs = 6.208629  rsq = 2.5365e-16
level 0 count 21 tpre 0.01 tcoarse 3.43 tpost 1.99 trest 1.47 tprol 1.43
level 1 count 40 tpre 0.00 tcoarse 0.10 tpost 0.32 trest 0.00 tprol 0.00
iters =   21  secs = 6.202859  rsq = 2.65058e-16
level 0 count 21 tpre 0.01 tcoarse 3.42 tpost 1.99 trest 1.48 tprol 1.43
level 1 count 40 tpre 0.00 tcoarse 0.09 tpost 0.32 trest 0.00 tprol 0.00
iters =   21  secs = 6.203158  rsq = 2.52337e-16
level 0 count 21 tpre 0.01 tcoarse 3.42 tpost 1.99 trest 1.47 tprol 1.43
level 1 count 40 tpre 0.00 tcoarse 0.09 tpost 0.32 trest 0.00 tprol 0.00
iters =   21  secs = 6.222753  rsq = 2.37574e-16
level 0 count 21 tpre 0.01 tcoarse 3.42 tpost 2.01 trest 1.47 tprol 1.43
level 1 count 40 tpre 0.00 tcoarse 0.09 tpost 0.32 trest 0.00 tprol 0.00
iters =   21  secs = 6.207152  rsq = 2.01693e-16
level 0 count 21 tpre 0.01 tcoarse 3.42 tpost 1.99 trest 1.47 tprol 1.43
level 1 count 40 tpre 0.00 tcoarse 0.09 tpost 0.32 trest 0.00 tprol 0.00
iters =   21  secs = 6.202924  rsq = 2.5734e-16
level 0 count 21 tpre 0.01 tcoarse 3.42 tpost 1.99 trest 1.47 tprol 1.43
level 1 count 40 tpre 0.00 tcoarse 0.09 tpost 0.32 trest 0.00 tprol 0.00
iters =   21  secs = 6.213987  rsq = 2.77838e-16
level 0 count 21 tpre 0.01 tcoarse 3.43 tpost 1.99 trest 1.47 tprol 1.43
level 1 count 40 tpre 0.00 tcoarse 0.09 tpost 0.32 trest 0.00 tprol 0.00
TIME("smear[cpu]","done") = 8.976 secs
TIME("frw_prop.1888.x0y0z8t0","done") = 84.856 secs
TIME("fwd_prop-write","done") = 7.500 secs
TIME("sm_fwd_prop-write","done") = 7.146 secs
doing sink momentum 0 0 0 0
The sink time is 10
computing (1-g4) projected prop
TIME("c3pt","bwd_source") = 0.391 secs
TIME("smear[cpu]","done") = 1.250 secs
iters =   21  secs = 6.208907  rsq = 3.3827e-16
level 0 count 21 tpre 0.01 tcoarse 3.42 tpost 1.99 trest 1.47 tprol 1.42
level 1 count 41 tpre 0.00 tcoarse 0.09 tpost 0.33 trest 0.00 tprol 0.00
iters =   21  secs = 6.213135  rsq = 3.0775e-16
level 0 count 21 tpre 0.01 tcoarse 3.43 tpost 1.99 trest 1.46 tprol 1.42
level 1 count 42 tpre 0.00 tcoarse 0.10 tpost 0.34 trest 0.00 tprol 0.00
iters =   21  secs = 6.210664  rsq = 4.03993e-16
level 0 count 21 tpre 0.01 tcoarse 3.43 tpost 1.99 trest 1.47 tprol 1.43
level 1 count 41 tpre 0.00 tcoarse 0.09 tpost 0.33 trest 0.00 tprol 0.00
iters =   21  secs = 6.228023  rsq = 3.5875e-16
level 0 count 21 tpre 0.01 tcoarse 3.42 tpost 2.01 trest 1.47 tprol 1.42
level 1 count 41 tpre 0.00 tcoarse 0.10 tpost 0.33 trest 0.00 tprol 0.00
iters =   21  secs = 6.219384  rsq = 3.29524e-16
level 0 count 21 tpre 0.01 tcoarse 3.43 tpost 1.99 trest 1.47 tprol 1.43
level 1 count 42 tpre 0.00 tcoarse 0.09 tpost 0.34 trest 0.00 tprol 0.00
iters =   21  secs = 6.328455  rsq = 3.21502e-16
level 0 count 21 tpre 0.01 tcoarse 3.54 tpost 1.99 trest 1.47 tprol 1.55
level 1 count 41 tpre 0.00 tcoarse 0.09 tpost 0.33 trest 0.00 tprol 0.00
TIME("c3pt","bwd_prop") = 39.733 secs
TIME("seq_prop-write","done") = 7.249 secs
TIME("smear[cpu]","done") = 8.954 secs
seq check: complex(-5.68245e-11, -3.30289e-10)
doing sink momentum 0 0 0 0
The sink time is 10
computing (1-g4) projected prop
TIME("c3pt","bwd_source") = 0.442 secs
TIME("smear[cpu]","done") = 1.255 secs
iters =   21  secs = 6.233440  rsq = 3.3827e-16
level 0 count 21 tpre 0.01 tcoarse 3.45 tpost 1.99 trest 1.49 tprol 1.43
level 1 count 41 tpre 0.00 tcoarse 0.09 tpost 0.33 trest 0.00 tprol 0.00
iters =   21  secs = 6.205981  rsq = 2.77512e-16
level 0 count 21 tpre 0.01 tcoarse 3.42 tpost 1.99 trest 1.48 tprol 1.42
level 1 count 41 tpre 0.00 tcoarse 0.08 tpost 0.33 trest 0.00 tprol 0.00
iters =   21  secs = 6.217943  rsq = 4.03993e-16
level 0 count 21 tpre 0.01 tcoarse 3.43 tpost 1.99 trest 1.48 tprol 1.42
level 1 count 41 tpre 0.00 tcoarse 0.09 tpost 0.33 trest 0.00 tprol 0.00
iters =   21  secs = 6.210499  rsq = 3.26666e-16
level 0 count 21 tpre 0.01 tcoarse 3.43 tpost 1.99 trest 1.48 tprol 1.43
level 1 count 41 tpre 0.00 tcoarse 0.09 tpost 0.33 trest 0.00 tprol 0.00
iters =   21  secs = 6.224228  rsq = 3.29524e-16
level 0 count 21 tpre 0.01 tcoarse 3.44 tpost 1.99 trest 1.47 tprol 1.43
level 1 count 42 tpre 0.00 tcoarse 0.09 tpost 0.34 trest 0.00 tprol 0.00
iters =   21  secs = 6.208029  rsq = 3.45098e-16
level 0 count 21 tpre 0.01 tcoarse 3.42 tpost 1.99 trest 1.48 tprol 1.43
level 1 count 41 tpre 0.00 tcoarse 0.08 tpost 0.33 trest 0.00 tprol 0.00
TIME("c3pt","bwd_prop") = 39.680 secs
TIME("seq_prop-write","done") = 7.335 secs
TIME("smear[cpu]","done") = 8.955 secs
seq check: complex(-1.13649e-10, -6.60578e-10)
TIME("smear[cpu]","done") = 0.083 secs
TIME("frw_prop_source.1888.x0y0z16t0","done") = 0.115 secs
iters =   21  secs = 6.202787  rsq = 2.6705e-16
level 0 count 21 tpre 0.01 tcoarse 3.42 tpost 1.99 trest 1.48 tprol 1.43
level 1 count 40 tpre 0.00 tcoarse 0.09 tpost 0.32 trest 0.00 tprol 0.00
iters =   21  secs = 6.214189  rsq = 2.32136e-16
level 0 count 21 tpre 0.01 tcoarse 3.43 tpost 1.99 trest 1.48 tprol 1.43
level 1 count 40 tpre 0.00 tcoarse 0.09 tpost 0.32 trest 0.00 tprol 0.00
iters =   21  secs = 6.207681  rsq = 2.57381e-16
level 0 count 21 tpre 0.01 tcoarse 3.42 tpost 1.99 trest 1.48 tprol 1.43
level 1 count 40 tpre 0.00 tcoarse 0.09 tpost 0.32 trest 0.00 tprol 0.00
iters =   21  secs = 6.221910  rsq = 2.40444e-16
level 0 count 21 tpre 0.01 tcoarse 3.44 tpost 1.99 trest 1.48 tprol 1.43
level 1 count 41 tpre 0.00 tcoarse 0.09 tpost 0.33 trest 0.00 tprol 0.00
iters =   21  secs = 6.199114  rsq = 2.19714e-16
level 0 count 21 tpre 0.01 tcoarse 3.41 tpost 1.99 trest 1.47 tprol 1.43
level 1 count 40 tpre 0.00 tcoarse 0.08 tpost 0.32 trest 0.00 tprol 0.00
iters =   21  secs = 6.228276  rsq = 1.99142e-16
level 0 count 21 tpre 0.01 tcoarse 3.41 tpost 2.01 trest 1.47 tprol 1.43
level 1 count 40 tpre 0.00 tcoarse 0.09 tpost 0.32 trest 0.00 tprol 0.00
iters =   21  secs = 6.209598  rsq = 2.13574e-16
level 0 count 21 tpre 0.01 tcoarse 3.42 tpost 1.99 trest 1.47 tprol 1.42
level 1 count 41 tpre 0.00 tcoarse 0.09 tpost 0.33 trest 0.00 tprol 0.00
iters =   21  secs = 6.199914  rsq = 2.70358e-16
level 0 count 21 tpre 0.01 tcoarse 3.41 tpost 1.99 trest 1.47 tprol 1.43
level 1 count 40 tpre 0.00 tcoarse 0.09 tpost 0.32 trest 0.00 tprol 0.00
iters =   21  secs = 6.216335  rsq = 2.36313e-16
level 0 count 21 tpre 0.01 tcoarse 3.43 tpost 1.99 trest 1.47 tprol 1.43
level 1 count 41 tpre 0.00 tcoarse 0.09 tpost 0.33 trest 0.00 tprol 0.00
iters =   21  secs = 6.216242  rsq = 2.36727e-16
level 0 count 21 tpre 0.01 tcoarse 3.43 tpost 1.99 trest 1.47 tprol 1.43
level 1 count 41 tpre 0.00 tcoarse 0.09 tpost 0.33 trest 0.00 tprol 0.00
iters =   21  secs = 6.210794  rsq = 2.41488e-16
level 0 count 21 tpre 0.01 tcoarse 3.43 tpost 1.99 trest 1.48 tprol 1.43
level 1 count 40 tpre 0.00 tcoarse 0.09 tpost 0.32 trest 0.00 tprol 0.00
iters =   21  secs = 6.198959  rsq = 2.06672e-16
level 0 count 21 tpre 0.01 tcoarse 3.41 tpost 1.99 trest 1.47 tprol 1.43
level 1 count 40 tpre 0.00 tcoarse 0.09 tpost 0.32 trest 0.00 tprol 0.00
TIME("smear[cpu]","done") = 8.967 secs
TIME("frw_prop.1888.x0y0z16t0","done") = 84.838 secs
TIME("fwd_prop-write","done") = 7.124 secs
TIME("sm_fwd_prop-write","done") = 7.390 secs
doing sink momentum 0 0 0 0
The sink time is 10
computing (1-g4) projected prop
TIME("c3pt","bwd_source") = 0.400 secs
TIME("smear[cpu]","done") = 1.253 secs
iters =   21  secs = 6.234883  rsq = 3.00456e-16
level 0 count 21 tpre 0.01 tcoarse 3.45 tpost 1.99 trest 1.48 tprol 1.43
level 1 count 42 tpre 0.00 tcoarse 0.09 tpost 0.34 trest 0.00 tprol 0.00
iters =   21  secs = 6.223493  rsq = 3.12515e-16
level 0 count 21 tpre 0.01 tcoarse 3.44 tpost 1.99 trest 1.47 tprol 1.43
level 1 count 42 tpre 0.00 tcoarse 0.09 tpost 0.34 trest 0.00 tprol 0.00
iters =   21  secs = 6.229501  rsq = 2.98137e-16
level 0 count 21 tpre 0.01 tcoarse 3.44 tpost 1.99 trest 1.48 tprol 1.43
level 1 count 42 tpre 0.00 tcoarse 0.09 tpost 0.34 trest 0.00 tprol 0.00
iters =   21  secs = 6.216247  rsq = 3.18546e-16
level 0 count 21 tpre 0.01 tcoarse 3.43 tpost 1.99 trest 1.47 tprol 1.43
level 1 count 41 tpre 0.00 tcoarse 0.09 tpost 0.33 trest 0.00 tprol 0.00
iters =   21  secs = 6.212928  rsq = 2.55213e-16
level 0 count 21 tpre 0.01 tcoarse 3.43 tpost 1.99 trest 1.47 tprol 1.42
level 1 count 42 tpre 0.00 tcoarse 0.09 tpost 0.34 trest 0.00 tprol 0.00
iters =   21  secs = 6.226214  rsq = 3.28964e-16
level 0 count 21 tpre 0.01 tcoarse 3.44 tpost 1.99 trest 1.47 tprol 1.42
level 1 count 42 tpre 0.00 tcoarse 0.09 tpost 0.34 trest 0.00 tprol 0.00
TIME("c3pt","bwd_prop") = 39.676 secs
TIME("seq_prop-write","done") = 6.224 secs
TIME("smear[cpu]","done") = 8.945 secs
seq check: complex(1.97829e-10, -2.57709e-10)
doing sink momentum 0 0 0 0
The sink time is 10
computing (1-g4) projected prop
TIME("c3pt","bwd_source") = 0.440 secs
TIME("smear[cpu]","done") = 1.249 secs
iters =   21  secs = 6.230760  rsq = 3.00456e-16
level 0 count 21 tpre 0.01 tcoarse 3.44 tpost 1.99 trest 1.47 tprol 1.43
level 1 count 42 tpre 0.00 tcoarse 0.09 tpost 0.34 trest 0.00 tprol 0.00
iters =   21  secs = 6.216293  rsq = 3.02021e-16
level 0 count 21 tpre 0.01 tcoarse 3.43 tpost 1.99 trest 1.47 tprol 1.43
level 1 count 41 tpre 0.00 tcoarse 0.09 tpost 0.33 trest 0.00 tprol 0.00
iters =   21  secs = 6.241111  rsq = 2.98137e-16
level 0 count 21 tpre 0.01 tcoarse 3.45 tpost 1.99 trest 1.48 tprol 1.43
level 1 count 42 tpre 0.00 tcoarse 0.09 tpost 0.34 trest 0.00 tprol 0.00
iters =   21  secs = 6.201779  rsq = 3.56136e-16
level 0 count 21 tpre 0.01 tcoarse 3.41 tpost 1.99 trest 1.47 tprol 1.42
level 1 count 41 tpre 0.00 tcoarse 0.08 tpost 0.33 trest 0.00 tprol 0.00
iters =   21  secs = 6.220771  rsq = 2.55213e-16
level 0 count 21 tpre 0.01 tcoarse 3.44 tpost 1.99 trest 1.47 tprol 1.43
level 1 count 42 tpre 0.00 tcoarse 0.09 tpost 0.34 trest 0.00 tprol 0.00
iters =   21  secs = 6.236677  rsq = 2.44761e-16
level 0 count 21 tpre 0.01 tcoarse 3.44 tpost 2.00 trest 1.48 tprol 1.43
level 1 count 41 tpre 0.00 tcoarse 0.09 tpost 0.33 trest 0.00 tprol 0.00
TIME("c3pt","bwd_prop") = 39.723 secs
TIME("seq_prop-write","done") = 6.602 secs
TIME("smear[cpu]","done") = 8.923 secs
seq check: complex(3.95657e-10, -5.15418e-10)
TIME("smear[cpu]","done") = 0.083 secs
TIME("frw_prop_source.1888.x0y0z24t0","done") = 0.116 secs
iters =   21  secs = 6.217202  rsq = 2.27747e-16
level 0 count 21 tpre 0.01 tcoarse 3.42 tpost 2.01 trest 1.47 tprol 1.43
level 1 count 41 tpre 0.00 tcoarse 0.08 tpost 0.33 trest 0.00 tprol 0.00
iters =   21  secs = 6.204405  rsq = 3.14134e-16
level 0 count 21 tpre 0.01 tcoarse 3.41 tpost 2.00 trest 1.47 tprol 1.43
level 1 count 40 tpre 0.00 tcoarse 0.09 tpost 0.32 trest 0.00 tprol 0.00
iters =   21  secs = 6.197101  rsq = 2.61612e-16
level 0 count 21 tpre 0.01 tcoarse 3.41 tpost 1.99 trest 1.47 tprol 1.43
level 1 count 40 tpre 0.00 tcoarse 0.09 tpost 0.32 trest 0.00 tprol 0.00
iters =   21  secs = 6.197895  rsq = 2.04178e-16
level 0 count 21 tpre 0.01 tcoarse 3.41 tpost 1.99 trest 1.47 tprol 1.43
level 1 count 40 tpre 0.00 tcoarse 0.08 tpost 0.32 trest 0.00 tprol 0.00
iters =   21  secs = 6.190950  rsq = 2.37228e-16
level 0 count 21 tpre 0.01 tcoarse 3.41 tpost 1.99 trest 1.47 tprol 1.42
level 1 count 40 tpre 0.00 tcoarse 0.08 tpost 0.32 trest 0.00 tprol 0.00
iters =   21  secs = 6.199521  rsq = 3.26026e-16
level 0 count 21 tpre 0.01 tcoarse 3.41 tpost 1.99 trest 1.47 tprol 1.43
level 1 count 40 tpre 0.00 tcoarse 0.08 tpost 0.32 trest 0.00 tprol 0.00
iters =   21  secs = 6.208076  rsq = 2.62257e-16
level 0 count 21 tpre 0.01 tcoarse 3.42 tpost 1.99 trest 1.47 tprol 1.43
level 1 count 41 tpre 0.00 tcoarse 0.09 tpost 0.33 trest 0.00 tprol 0.00
iters =   21  secs = 6.202383  rsq = 2.25306e-16
level 0 count 21 tpre 0.01 tcoarse 3.42 tpost 1.99 trest 1.48 tprol 1.42
level 1 count 40 tpre 0.00 tcoarse 0.09 tpost 0.32 trest 0.00 tprol 0.00
iters =   21  secs = 6.196101  rsq = 2.8263e-16
level 0 count 21 tpre 0.01 tcoarse 3.41 tpost 1.99 trest 1.47 tprol 1.42
level 1 count 40 tpre 0.00 tcoarse 0.09 tpost 0.32 trest 0.00 tprol 0.00
iters =   21  secs = 6.195905  rsq = 2.21632e-16
level 0 count 21 tpre 0.01 tcoarse 3.41 tpost 1.99 trest 1.47 tprol 1.42
level 1 count 40 tpre 0.00 tcoarse 0.09 tpost 0.32 trest 0.00 tprol 0.00
iters =   21  secs = 6.208739  rsq = 2.89645e-16
level 0 count 21 tpre 0.01 tcoarse 3.41 tpost 2.00 trest 1.47 tprol 1.42
level 1 count 40 tpre 0.00 tcoarse 0.08 tpost 0.32 trest 0.00 tprol 0.00
iters =   21  secs = 6.236409  rsq = 2.72235e-16
level 0 count 21 tpre 0.01 tcoarse 3.44 tpost 2.00 trest 1.47 tprol 1.43
level 1 count 40 tpre 0.00 tcoarse 0.09 tpost 0.33 trest 0.00 tprol 0.00
TIME("smear[cpu]","done") = 8.951 secs
TIME("frw_prop.1888.x0y0z24t0","done") = 84.772 secs
TIME("fwd_prop-write","done") = 6.830 secs
TIME("sm_fwd_prop-write","done") = 6.960 secs
doing sink momentum 0 0 0 0
The sink time is 10
computing (1-g4) projected prop
TIME("c3pt","bwd_source") = 0.392 secs
TIME("smear[cpu]","done") = 1.252 secs
iters =   21  secs = 6.222887  rsq = 3.78289e-16
level 0 count 21 tpre 0.01 tcoarse 3.43 tpost 2.00 trest 1.47 tprol 1.43
level 1 count 41 tpre 0.00 tcoarse 0.09 tpost 0.33 trest 0.00 tprol 0.00
iters =   21  secs = 6.218585  rsq = 3.12848e-16
level 0 count 21 tpre 0.01 tcoarse 3.43 tpost 1.99 trest 1.47 tprol 1.43
level 1 count 42 tpre 0.00 tcoarse 0.09 tpost 0.34 trest 0.00 tprol 0.00
iters =   21  secs = 6.237908  rsq = 2.73992e-16
level 0 count 21 tpre 0.01 tcoarse 3.45 tpost 1.99 trest 1.47 tprol 1.43
level 1 count 42 tpre 0.00 tcoarse 0.10 tpost 0.34 trest 0.00 tprol 0.00
iters =   21  secs = 6.216358  rsq = 4.15526e-16
level 0 count 21 tpre 0.01 tcoarse 3.43 tpost 1.99 trest 1.47 tprol 1.43
level 1 count 41 tpre 0.00 tcoarse 0.09 tpost 0.33 trest 0.00 tprol 0.00
iters =   21  secs = 6.217533  rsq = 3.18705e-16
level 0 count 21 tpre 0.01 tcoarse 3.43 tpost 1.99 trest 1.47 tprol 1.43
level 1 count 42 tpre 0.00 tcoarse 0.09 tpost 0.34 trest 0.00 tprol 0.00
iters =   21  secs = 6.229785  rsq = 3.71984e-16
level 0 count 21 tpre 0.01 tcoarse 3.44 tpost 1.99 trest 1.47 tprol 1.44
level 1 count 41 tpre 0.00 tcoarse 0.09 tpost 0.33 trest 0.00 tprol 0.00
TIME("c3pt","bwd_prop") = 39.672 secs
TIME("seq_prop-write","done") = 6.751 secs
TIME("smear[cpu]","done") = 8.959 secs
seq check: complex(8.01595e-11, -1.34715e-10)
doing sink momentum 0 0 0 0
The sink time is 10
computing (1-g4) projected prop
TIME("c3pt","bwd_source") = 0.442 secs
TIME("smear[cpu]","done") = 1.250 secs
iters =   21  secs = 6.280012  rsq = 3.78289e-16
level 0 count 21 tpre 0.01 tcoarse 3.49 tpost 1.99 trest 1.47 tprol 1.49
level 1 count 41 tpre 0.00 tcoarse 0.09 tpost 0.33 trest 0.00 tprol 0.00
iters =   21  secs = 6.235918  rsq = 2.41805e-16
level 0 count 21 tpre 0.01 tcoarse 3.45 tpost 1.99 trest 1.48 tprol 1.43
level 1 count 42 tpre 0.00 tcoarse 0.09 tpost 0.34 trest 0.00 tprol 0.00
iters =   21  secs = 6.264243  rsq = 2.73992e-16
level 0 count 21 tpre 0.01 tcoarse 3.48 tpost 1.99 trest 1.47 tprol 1.46
level 1 count 42 tpre 0.00 tcoarse 0.10 tpost 0.34 trest 0.00 tprol 0.00
iters =   21  secs = 6.248522  rsq = 2.82836e-16
level 0 count 21 tpre 0.01 tcoarse 3.46 tpost 1.99 trest 1.47 tprol 1.46
level 1 count 41 tpre 0.00 tcoarse 0.09 tpost 0.33 trest 0.00 tprol 0.00
iters =   21  secs = 6.227004  rsq = 3.18705e-16
level 0 count 21 tpre 0.01 tcoarse 3.44 tpost 1.99 trest 1.48 tprol 1.43
level 1 count 42 tpre 0.00 tcoarse 0.09 tpost 0.34 trest 0.00 tprol 0.00
iters =   21  secs = 6.258364  rsq = 2.64984e-16
level 0 count 21 tpre 0.01 tcoarse 3.47 tpost 1.99 trest 1.47 tprol 1.46
level 1 count 42 tpre 0.00 tcoarse 0.09 tpost 0.34 trest 0.00 tprol 0.00
TIME("c3pt","bwd_prop") = 39.888 secs
0x4c66ae 0x4c66ae
0x4e01dc 0x4c66ae
0x4c66ae 0x4c66ae
0x4e01dc 0x4c66ae
0x4c66ae 0x4c66ae
0x4e01dc 0x4c66ae
0x4c66ae 0x4c66ae
0x4e01dc 0x4c66ae
0x4c66ae 0x4c66ae
0x4e01dc 0x4c66ae
0x4c66ae 0x4c66ae
0x4e01dc 0x4c66ae
0x4c66ae 0x4c66ae
0x4e01dc 0x4c66ae
0x4c66ae 0x4c66ae
0x4e01dc 0x4c66ae
0x4c66ae 0x4c66ae
0x4e01dc 0x4c66ae
0x4c66ae 0x4c66ae
0x4e01dc 0x4c66ae
0x4c66ae 0x4c66ae
0x4e01dc 0x4c66ae
0x4c66ae 0x4c66ae
0x4e01dc 0x4c66ae
0x4c66ae 0x4c66ae
0x4e01dc 0x4c66ae
0x4c66ae 0x4c66ae
0x4e01dc 0x4c66ae
0x4c66ae 0x4c66ae
0x4e01dc 0x4c66ae
0x4c66ae 0x4c66ae
0x4e01dc 0x4c66ae
0x4c66ae 0x4c66ae
0x4e01dc 0x4c66ae
0x4c66ae 0x4c66ae
0x4e01dc 0x4c66ae
0x4c66ae 0x4c66ae
0x4e01dc 0x4c66ae
0x4c66ae 0x4c66ae
0x4e01dc 0x4c66ae
0x4c66ae 0x4c66ae
0x4e01dc 0x4c66ae
0x4c66ae 0x4c66ae
0x4e01dc 0x4c66ae
0x4c66ae 0x4c66ae
0x4e01dc 0x4c66ae
0x4c66ae 0x4c66ae
0x4e01dc 0x4c66ae
0x4c66ae 0x4c66ae
0x4e01dc 0x4c66ae
0x4c66ae 0x4c66ae
0x4e01dc 0x4c66ae
0x4c66ae 0x4c66ae
0x4e01dc 0x4c66ae
0x4c66ae 0x4c66ae
0x4e01dc 0x4c66ae
0x4c66ae 0x4c66ae
0x4e01dc 0x4c66ae
0x4c66ae 0x4c66ae
0x4e01dc 0x4c66ae
0x4c66ae 0x4c66ae
0x4e01dc 0x4c66ae
0x4c66ae 0x4c66ae
0x4e01dc 0x4c66ae
0x4c66ae 0x4c66ae
0x4e01dc 0x4c66ae
0x4c66ae 0x4c66ae
0x4e01dc 0x4c66ae
0x4c66ae 0x4c66ae
0x4e01dc 0x4c66ae
0x4c66ae 0x4c66ae
0x4e01dc 0x4c66ae
0x4c66ae 0x4c66ae
0x4e01dc 0x4c66ae
0x4c66ae 0x4c66ae
0x4e01dc 0x4c66ae
0x4c66ae 0x4c66ae
0x4e01dc 0x4c66ae
0x4c66ae 0x4c66ae
0x4e01dc 0x4c66ae
0x4c66ae 0x4c66ae
0x4e01dc 0x4c66ae
0x4c66ae 0x4c66ae
0x4e01dc 0x4c66ae
0x4c66ae 0x4c66ae
0x4e01dc 0x4c66ae
0x4c66ae 0x4c66ae
0x4e01dc 0x4c66ae
0x4c66ae 0x4c66ae
0x4e01dc 0x4c66ae
0x4c66ae 0x4c66ae
0x4e01dc 0x4c66ae
0x4c66ae 0x4c66ae
0x4e01dc 0x4c66ae
0x4c66ae 0x4c66ae
0x4e01dc 0x4c66ae
0x4c66ae 0x4c66ae
0x4e01dc 0x4c66ae
0x4c66ae 0x4c66ae
0x4e01dc 0x4c66ae
0x4c66ae 0x4c66ae
0x4e01dc 0x4c66ae
0x4c66ae 0x4c66ae
0x4e01dc 0x4c66ae
0x4c66ae 0x4c66ae
0x4e01dc 0x4c66ae
0x4c66ae 0x4c66ae
0x4e01dc 0x4c66ae
0x4c66ae 0x4c66ae
0x4e01dc 0x4c66ae
0x4c66ae 0x4c66ae
0x4e01dc 0x4c66ae
0x4c66ae 0x4c66ae
0x4e01dc 0x4c66ae
0x4c66ae 0x4c66ae
0x4e01dc 0x4c66ae
0x4c66ae 0x4c66ae
0x4e01dc 0x4c66ae
0x4c66ae 0x4c66ae
0x4e01dc 0x4c66ae
0x4c66ae 0x4c66ae
0x4e01dc 0x4c66ae
0x4c66ae 0x4c66ae
0x4e01dc 0x4c66ae
0x4c66ae 0x4c66ae
0x4e01dc 0x4c66ae
0x4c66ae 0x4c66ae
0x4e01dc 0x4c66ae
0x4c66ae 0x4c66ae
0x4e01dc 0x4c66ae
0x4c66ae 0x4c66ae
0x4e01dc 0x4c66ae
0x4c66ae 0x4c66ae
0x4e01dc 0x4c66ae
0x4c66ae 0x4c66ae
0x4e01dc 0x4c66ae
0x4c66ae 0x4c66ae
0x4e01dc 0x4c66ae
0x4c66ae 0x4c66ae
0x4e01dc 0x4c66ae
0x4c66ae 0x4c66ae
0x4e01dc 0x4c66ae
0x4c66ae 0x4c66ae
0x4e01dc 0x4c66ae
0x4c66ae 0x4c66ae
0x4e01dc 0x4c66ae
0x4c66ae 0x4c66ae
0x4e01dc 0x4c66ae
0x4c66ae 0x4c66ae
0x4e01dc 0x4c66ae
0x4c66ae 0x4c66ae
0x4e01dc 0x4c66ae
0x4c66ae 0x4c66ae
0x4e01dc 0x4c66ae
0x4c66ae 0x4c66ae
0x4e01dc 0x4c66ae
0x4c66ae 0x4c66ae
0x4e01dc 0x4c66ae
0x4c66ae 0x4c66ae
0x4e01dc 0x4c66ae
0x4c66ae 0x4c66ae
0x4e01dc 0x4c66ae
0x4c66ae 0x4c66ae
0x4e01dc 0x4c66ae
0x4c66ae 0x4c66ae
0x4e01dc 0x4c66ae
0x4c66ae 0x4c66ae
0x4e01dc 0x4c66ae
0x4c66ae 0x4c66ae
0x4e01dc 0x4c66ae
0x4c66ae 0x4c66ae
0x4e01dc 0x4c66ae
0x4c66ae 0x4c66ae
0x4e01dc 0x4c66ae
0x4c66ae 0x4c66ae
0x4e01dc 0x4c66ae
0x4c66ae 0x4c66ae
0x4e01dc 0x4c66ae
0x4c66ae 0x4c66ae
0x4e01dc 0x4c66ae
0x4c66ae 0x4c66ae
0x4e01dc 0x4c66ae
0x4c66ae 0x4c66ae
0x4e01dc 0x4c66ae
0x4c66ae 0x4c66ae
0x4e01dc 0x4c66ae
0x4c66ae 0x4c66ae
0x4e01dc 0x4c66ae
0x4c66ae 0x4c66ae
0x4e01dc 0x4c66ae
0x4c66ae 0x4c66ae
0x4e01dc 0x4c66ae
0x4c66ae 0x4c66ae
0x4e01dc 0x4c66ae
0x4c66ae 0x4c66ae
0x4e01dc 0x4c66ae
0x4c66ae 0x4c66ae
0x4e01dc 0x4c66ae
0x4c66ae 0x4c66ae
0x4e01dc 0x4c66ae
0x4c66ae 0x4c66ae
0x4e01dc 0x4c66ae
0x4c66ae 0x4c66ae
0x4e01dc 0x4c66ae
0x4c66ae 0x4c66ae
0x4e01dc 0x4c66ae
0x4c66ae 0x4c66ae
0x4e01dc 0x4c66ae
0x4c66ae 0x4c66ae
0x4e01dc 0x4c66ae
0x4c66ae 0x4c66ae
0x4e01dc 0x4c66ae
0x4c66ae 0x4c66ae
0x4e01dc 0x4c66ae
0x4c66ae 0x4c66ae
0x4e01dc 0x4c66ae
0x4c66ae 0x4c66ae
0x4e01dc 0x4c66ae
TIME("seq_prop-write","done") = 7.569 secs
TIME("smear[cpu]","done") = 8.976 secs
seq check: complex(1.60319e-10, -2.6943e-10)

Success.
0x4c66ae 0x4c66ae
0x4e01dc 0x4c66ae
0x4c66ae 0x4c66ae
0x4e01dc 0x4c66ae
0x4c66ae 0x4c66ae
0x4e01dc 0x4c66ae
0x4c66ae 0x4c66ae
0x4e01dc 0x4c66ae
0x4c66ae 0x4c66ae
0x4e01dc 0x4c66ae
0x4c66ae 0x4c66ae
0x4e01dc 0x4c66ae
0x4c66ae 0x4c66ae
0x4e01dc 0x4c66ae
0x4c66ae 0x4c66ae
0x4e01dc 0x4c66ae
0x4c66ae 0x4c66ae
0x4e01dc 0x4c66ae
0x4c66ae 0x4c66ae
0x4e01dc 0x4c66ae
0x4c66ae 0x4c66ae
0x4e01dc 0x4c66ae
0x4c66ae 0x4c66ae
0x4e01dc 0x4c66ae
0x4c66ae 0x4c66ae
0x4e01dc 0x4c66ae
0x4c66ae 0x4c66ae
0x4e01dc 0x4c66ae
0x4c66ae 0x4c66ae
0x4e01dc 0x4c66ae
0x4c66ae 0x4c66ae
0x4e01dc 0x4c66ae
0x4c66ae 0x4c66ae
0x4e01dc 0x4c66ae
0x4c66ae 0x4c66ae
0x4e01dc 0x4c66ae
0x4c66ae 0x4c66ae
0x4e01dc 0x4c66ae
0x4c66ae 0x4c66ae
0x4e01dc 0x4c66ae
0x4c66ae 0x4c66ae
0x4e01dc 0x4c66ae
0x4c66ae 0x4c66ae
0x4e01dc 0x4c66ae
0x4c66ae 0x4c66ae
0x4e01dc 0x4c66ae
0x4c66ae 0x4c66ae
0x4e01dc 0x4c66ae
0x4c66ae 0x4c66ae
0x4e01dc 0x4c66ae
0x4c66ae 0x4c66ae
0x4e01dc 0x4c66ae
0x4c66ae 0x4c66ae
0x4e01dc 0x4c66ae
0x4c66ae 0x4c66ae
0x4e01dc 0x4c66ae
0x4c66ae 0x4c66ae
0x4e01dc 0x4c66ae
0x4c66ae 0x4c66ae
0x4e01dc 0x4c66ae
0x4c66ae 0x4c66ae
0x4e01dc 0x4c66ae
0x4c66ae 0x4c66ae
0x4e01dc 0x4c66ae
0x4c66ae 0x4c66ae
0x4e01dc 0x4c66ae
0x4c66ae 0x4c66ae
0x4e01dc 0x4c66ae
0x4c66ae 0x4c66ae
0x4e01dc 0x4c66ae
0x4c66ae 0x4c66ae
0x4e01dc 0x4c66ae
0x4c66ae 0x4c66ae
0x4e01dc 0x4c66ae
0x4c66ae 0x4c66ae
0x4e01dc 0x4c66ae
0x4c66ae 0x4c66ae
0x4e01dc 0x4c66ae
0x4c66ae 0x4c66ae
0x4e01dc 0x4c66ae
0x4c66ae 0x4c66ae
0x4e01dc 0x4c66ae
0x4c66ae 0x4c66ae
0x4e01dc 0x4c66ae
0x4c66ae 0x4c66ae
0x4e01dc 0x4c66ae
0x4c66ae 0x4c66ae
0x4e01dc 0x4c66ae
0x4c66ae 0x4c66ae
0x4e01dc 0x4c66ae
0x4c66ae 0x4c66ae
0x4e01dc 0x4c66ae
0x4c66ae 0x4c66ae
0x4e01dc 0x4c66ae
0x4c66ae 0x4c66ae
0x4e01dc 0x4c66ae
0x4c66ae 0x4c66ae
0x4e01dc 0x4c66ae
0x4c66ae 0x4c66ae
0x4e01dc 0x4c66ae
0x4c66ae 0x4c66ae
0x4e01dc 0x4c66ae
0x4c66ae 0x4c66ae
0x4e01dc 0x4c66ae
0x4c66ae 0x4c66ae
0x4e01dc 0x4c66ae
0x4c66ae 0x4c66ae
0x4e01dc 0x4c66ae
0x4c66ae 0x4c66ae
0x4e01dc 0x4c66ae
0x4c66ae 0x4c66ae
0x4e01dc 0x4c66ae
0x4c66ae 0x4c66ae
0x4e01dc 0x4c66ae
0x4c66ae 0x4c66ae
0x4e01dc 0x4c66ae
0x4c66ae 0x4c66ae
0x4e01dc 0x4c66ae
0x4c66ae 0x4c66ae
0x4e01dc 0x4c66ae
0x4c66ae 0x4c66ae
0x4e01dc 0x4c66ae
0x4c66ae 0x4c66ae
0x4e01dc 0x4c66ae
0x4c66ae 0x4c66ae
0x4e01dc 0x4c66ae
0x4c66ae 0x4c66ae
0x4e01dc 0x4c66ae
0x4c66ae 0x4c66ae
0x4e01dc 0x4c66ae
0x4c66ae 0x4c66ae
0x4e01dc 0x4c66ae
0x4c66ae 0x4c66ae
0x4e01dc 0x4c66ae
0x4c66ae 0x4c66ae
0x4e01dc 0x4c66ae
0x4c66ae 0x4c66ae
0x4e01dc 0x4c66ae
0x4c66ae 0x4c66ae
0x4e01dc 0x4c66ae
0x4c66ae 0x4c66ae
0x4e01dc 0x4c66ae
0x4c66ae 0x4c66ae
0x4e01dc 0x4c66ae
0x4c66ae 0x4c66ae
0x4e01dc 0x4c66ae
0x4c66ae 0x4c66ae
0x4e01dc 0x4c66ae
0x4c66ae 0x4c66ae
0x4e01dc 0x4c66ae
0x4c66ae 0x4c66ae
0x4e01dc 0x4c66ae
0x4c66ae 0x4c66ae
0x4e01dc 0x4c66ae
0x4c66ae 0x4c66ae
0x4e01dc 0x4c66ae
0x4c66ae 0x4c66ae
0x4e01dc 0x4c66ae
0x4c66ae 0x4c66ae
0x4e01dc 0x4c66ae
0x4c66ae 0x4c66ae
0x4e01dc 0x4c66ae
0x4c66ae 0x4c66ae
0x4e01dc 0x4c66ae
