machine of 192 nodes
network kind: switch
L.network[1] = 4
L.network[2] = 4
L.network[3] = 4
L.network[4] = 3
DML_partition_in times: read 0.34  send 0.00  total 0.38
TIME("gauge_load","done") = 0.497 secs
TIME("gauge_stout_smear","done") = 0.403 secs
TIME("gauge_ape_smear","done") = 6.375 secs
init_level 0
init_level 1
creating MG level 0
creating lattice: 8 8 8 24
ndim = 4
numsites = 64
len = 8 8 8 24
nsquares = 2 2 4 12

creating block
local = 0
creating args
creating null vecs
0x4c66ae 0x4c66ae
0   6   256    0.00487004  0.00542307  0.00941276  0.0409178   0.314767  
1   2   127    0.00520557  0.00654224
2   2   123    0.0048966   0.00596599
3   2   147    0.00435862  0.00503518
4   2   151    0.00427993  0.00477511
5   2   191    0.00514312  0.0052739 
6   2   163    0.0046506   0.00604173
7   2   155    0.0049905   0.0058437 
8   2   158    0.00459307  0.00530878
9   3   277    0.00471226  0.00536965
10  2   162    0.0050952   0.0059526 
11  2   170    0.00478884  0.00595592
12  2   147    0.00455905  0.00618644
13  2   173    0.00412951  0.00465294
14  2   176    0.00522284  0.00516798
15  2   195    0.00565038  0.00686506
16  2   167    0.00467192  0.00643967
17  2   183    0.00486101  0.00589375
18  2   160    0.00496134  0.00565877
19  2   160    0.00444377  0.00564746
20  2   145    0.00530366  0.00562201
21  2   174    0.00539733  0.00703554
22  2   176    0.00534328  0.00621404
23  2   180    0.00460099  0.00599853
setup its = 4116
0    1           2.37173e-05  0.00487004
1    1           2.7098e-05  0.00520557
2    1           2.39767e-05  0.0048966 
3    1           1.89976e-05  0.00435862
4    1           1.83178e-05  0.00427993
5    1           2.64517e-05  0.00514312
6    1           2.16281e-05  0.0046506 
7    1           2.49051e-05  0.0049905 
8    1           2.10963e-05  0.00459307
9    1           2.22054e-05  0.00471226
10   1           2.5961e-05  0.0050952 
11   1           2.2933e-05  0.00478884
12   1           2.07849e-05  0.00455905
13   1           1.70529e-05  0.00412951
14   1           2.7278e-05  0.00522284
15   1           3.19268e-05  0.00565038
16   1           2.18269e-05  0.00467193
17   1           2.36294e-05  0.00486101
18   1           2.46149e-05  0.00496134
19   1           1.97471e-05  0.00444377
20   1           2.81288e-05  0.00530366
21   1           2.91312e-05  0.00539733
22   1           2.85506e-05  0.00534328
23   1           2.11691e-05  0.00460099
0    1           2.37173e-05  0.00487004
1    1           2.47459e-05  0.00497453
2    1           2.19191e-05  0.00468178
3    1           2.26585e-05  0.00476009
4    1           8.69657e-05  0.00932554
5    1           0.000314095  0.0177227 
6    1           7.50669e-05  0.00866412
7    1           0.000327246  0.0180899 
8    1           0.00013593  0.0116589 
9    1           0.000110561  0.0105148 
10   1           0.000116461  0.0107917 
11   1           0.000346914  0.0186256 
12   1           0.000184199  0.013572  
13   1           0.000468683  0.0216491 
14   1           0.000338417  0.0183961 
15   1           0.000576757  0.0240158 
16   1           0.000334468  0.0182885 
17   1           0.000252552  0.0158919 
18   1           0.00024503  0.0156534 
19   1           0.000481443  0.0219418 
20   1           0.000611783  0.0247343 
21   1           0.000392976  0.0198236 
22   1           0.000539281  0.0232224 
23   1           0.000280701  0.0167541 
0    24576       339.738     0.117575  
1    24576       1360.43     0.235278  
2    24576       2182.39     0.297996  
3    24576       2844.54     0.340212  
4    24576       3402.09     0.372064  
5    24576       3867.98     0.396722  
6    24576       4388.32     0.422565  
7    24576       4727.1      0.438573  
8    24576       5149.75     0.45776   
9    24576       5534.19     0.474539  
10   24576       5842.02     0.487557  
11   24576       6036.78     0.495618  
12   24576       6457.61     0.512602  
13   24576       6668.58     0.520908  
14   24576       6970        0.53255   
15   24576       7173.25     0.540259  
16   24576       7485.59     0.551896  
17   24576       7705.03     0.559927  
18   24576       7912.51     0.567416  
19   24576       8124.37     0.574962  
20   24576       8346        0.582752  
21   24576       8553.26     0.589943  
22   24576       8795.13     0.598226  
23   24576       8964.33     0.603953  
get_nullvecs: 159.724 secs
vcomp 0  ( 589691 589691 )  5.01182e-07 / 2.35876e+06 = 2.12477e-13
vcomp 1  ( 589695 589695 )  4.78147e-07 / 2.35878e+06 = 2.02709e-13
vcomp 0  ( 589691 589691 )  5.12136e-07 / 2.35876e+06 = 2.1712e-13
vcomp 1  ( 589695 589695 )  4.89099e-07 / 2.35878e+06 = 2.07352e-13

creating true coarse operator
 shift  0 :  1  0  0  0
 shift  1 :  0  1  0  0
 shift  2 :  0  0  1  0
 shift  3 :  0  0  0  1
 shift  4 : -1  0  0  0
 shift  5 :  0 -1  0  0
 shift  6 :  0  0 -1  0
 shift  7 :  0  0  0 -1
 shift  8 :  0  0  0  0
16: 0 5 10 15
vcomp 0  ( 0.108796 0.108796 )  0 / 0.435184 = 0
vcomp 1  ( 0.0199706 0.0199706 )  0 / 0.0798824 = 0
vcomp 0  ( 1 1 )  3.65288e-13 / 4 = 9.1322e-14
vcomp 1  ( 0 3.97962e-15 )  3.97962e-15 / 3.97962e-15 = 1
vcomp 0  ( 1.38777 1.38777 )  4.22029e-13 / 5.55109 = 7.60264e-14
vcomp 1  ( 0.207572 0.207572 )  7.68037e-14 / 0.830288 = 9.25025e-14
vcomp 0  ( 0.0817261 0.0817261 )  3.76802e-15 / 0.326904 = 1.15264e-14
vcomp 1  ( 0.0164996 0.0164996 )  2.58098e-15 / 0.0659983 = 3.91068e-14
QOP_F_mgCloneOp: 125.707 secs
creating MG level 1
creating lattice: 4 4 4 12
ndim = 4
numsites = 4
len = 4 4 4 12
nsquares = 2 2 4 12

creating block
local = 1
creating args
creating null vecs
0x4e01dc 0x4c66ae
0   6   45     0.0192424   0.0216555   0.0308989   0.0957528   0.400057  
1   3   35     0.0162519   0.0199877 
2   2   32     0.0206759   0.0227144 
3   2   28     0.0180953   0.0215336 
4   2   25     0.0186518   0.0200437 
5   2   31     0.0193383   0.0202908 
6   2   29     0.0201387   0.025084  
7   3   39     0.0194867   0.018969  
8   2   27     0.0217128   0.0230846 
9   2   25     0.0238763   0.0262847 
10  2   28     0.0226966   0.0271684 
11  2   25     0.0209414   0.0233124 
12  2   25     0.019582    0.0249506 
13  2   28     0.0203379   0.0236605 
14  2   27     0.0220156   0.0244436 
15  2   25     0.0215171   0.0241494 
16  2   29     0.0198597   0.0247619 
17  2   28     0.0229994   0.0222775 
18  2   24     0.0250437   0.0263483 
19  2   22     0.022202    0.0265058 
20  2   28     0.0216494   0.0251093 
21  2   26     0.0243144   0.0288211 
22  2   26     0.0202822   0.025744  
23  2   27     0.0239358   0.0271907 
setup its = 684
0    1           0.000370269  0.0192424 
1    1           0.000264125  0.0162519 
2    1           0.000427492  0.0206759 
3    1           0.000327439  0.0180953 
4    1           0.00034789  0.0186518 
5    1           0.00037397  0.0193383 
6    1           0.000405567  0.0201387 
7    1           0.000379731  0.0194867 
8    1           0.000471448  0.0217128 
9    1           0.000570079  0.0238763 
10   1           0.000515135  0.0226966 
11   1           0.000438543  0.0209414 
12   1           0.000383454  0.019582  
13   1           0.000413629  0.0203379 
14   1           0.000484685  0.0220156 
15   1           0.000462986  0.0215171 
16   1           0.000394406  0.0198597 
17   1           0.000528973  0.0229994 
18   1           0.000627186  0.0250437 
19   1           0.00049293  0.022202  
20   1           0.000468695  0.0216494 
21   1           0.000591191  0.0243144 
22   1           0.000411369  0.0202822 
23   1           0.000572921  0.0239358 
0    1           0.000370269  0.0192424 
1    1           0.000271369  0.0164733 
2    1           0.000397671  0.0199417 
3    1           0.000359157  0.0189514 
4    1           0.000452398  0.0212696 
5    1           0.00259123  0.0509041 
6    1           0.000949188  0.0308089 
7    1           0.00106361  0.032613  
8    1           0.00290252  0.053875  
9    1           0.00352165  0.0593435 
10   1           0.00217297  0.0466152 
11   1           0.00445434  0.0667409 
12   1           0.00841721  0.0917453 
13   1           0.0116195   0.107794  
14   1           0.00499947  0.0707069 
15   1           0.00623032  0.0789324 
16   1           0.00255415  0.0505386 
17   1           0.00531458  0.0729012 
18   1           0.0070022   0.0836791 
19   1           0.0110271   0.10501   
20   1           0.00676924  0.0822754 
21   1           0.00656809  0.0810437 
22   1           0.00516075  0.0718383 
23   1           0.00889154  0.094295  
0    1536        37.6229     0.156506  
1    1536        128.816     0.289594  
2    1536        183.527     0.345664  
3    1536        243.637     0.398269  
4    1536        291.78      0.435845  
5    1536        321.163     0.457264  
6    1536        362.427     0.485752  
7    1536        404.61      0.513243  
8    1536        429.993     0.529097  
9    1536        468.315     0.552171  
10   1536        496.272     0.568414  
11   1536        529.618     0.5872    
12   1536        551.015     0.598944  
13   1536        588.917     0.619201  
14   1536        607.666     0.62898   
15   1536        634.02      0.642475  
16   1536        662.129     0.656562  
17   1536        678.634     0.664695  
18   1536        714.528     0.682046  
19   1536        753.569     0.700432  
20   1536        763.028     0.704814  
21   1536        799.8       0.721598  
22   1536        812.674     0.727382  
23   1536        882.97      0.758189  
get_nullvecs: 2.2053 secs
vcomp 0  ( 36988.1 36988.1 )  6.00763e-09 / 147953 = 4.06051e-14
vcomp 1  ( 37507.7 37507.7 )  6.1056e-09 / 150031 = 4.06956e-14
vcomp 0  ( 36988.1 36988.1 )  6.59084e-09 / 147953 = 4.4547e-14
vcomp 1  ( 37507.7 37507.7 )  6.68863e-09 / 150031 = 4.45817e-14

creating true coarse operator
 shift  0 :  1  0  0  0
 shift  1 :  0  1  0  0
 shift  2 :  0  0  1  0
 shift  3 :  0  0  0  1
 shift  4 : -1  0  0  0
 shift  5 :  0 -1  0  0
 shift  6 :  0  0 -1  0
 shift  7 :  0  0  0 -1
 shift  8 :  0  0  0  0
16: 0 5 10 15
vcomp 0  ( 0.370929 0.370929 )  0 / 1.48372 = 0
vcomp 1  ( 0.0237213 0.0237213 )  0 / 0.0948851 = 0
vcomp 0  ( 1 0.999999 )  2.98111e-13 / 4 = 7.45278e-14
vcomp 1  ( 0 2.42628e-15 )  2.42628e-15 / 2.42628e-15 = 1
vcomp 0  ( 1.43311 1.43311 )  2.51145e-13 / 5.73246 = 4.38111e-14
vcomp 1  ( 0.0811155 0.0811155 )  1.4638e-14 / 0.324462 = 4.51148e-14
vcomp 0  ( 0.23935 0.23935 )  1.68311e-14 / 0.957401 = 1.758e-14
vcomp 1  ( 0.0232555 0.0232555 )  2.96013e-15 / 0.0930221 = 3.18218e-14
QOP_F_mgCloneOp: 1.21388 secs
TIME("set up mg solver","done") = 289.444 secs
TIME("make_mg_solver","done") = 289.444 secs
momentum smearing with ( 0 0 0 0 )
TIME("make_mom_smear_fct","done") = 0.010 secs
TIME("smear[cpu]","done") = 0.110 secs
TIME("frw_prop_source.1984.x0y0z0t0","done") = 0.145 secs
iters =   21  secs = 6.233129  rsq = 4.24473e-16
level 0 count 21 tpre 0.01 tcoarse 3.43 tpost 1.99 trest 1.49 tprol 1.42
level 1 count 41 tpre 0.00 tcoarse 0.10 tpost 0.32 trest 0.00 tprol 0.00
iters =   21  secs = 6.188406  rsq = 2.81929e-16
level 0 count 21 tpre 0.01 tcoarse 3.41 tpost 1.99 trest 1.47 tprol 1.42
level 1 count 41 tpre 0.00 tcoarse 0.09 tpost 0.32 trest 0.00 tprol 0.00
iters =   21  secs = 6.194353  rsq = 3.12019e-16
level 0 count 21 tpre 0.01 tcoarse 3.41 tpost 1.99 trest 1.48 tprol 1.43
level 1 count 41 tpre 0.00 tcoarse 0.09 tpost 0.32 trest 0.00 tprol 0.00
iters =   21  secs = 6.186185  rsq = 3.31663e-16
level 0 count 21 tpre 0.01 tcoarse 3.41 tpost 1.99 trest 1.48 tprol 1.42
level 1 count 41 tpre 0.00 tcoarse 0.09 tpost 0.32 trest 0.00 tprol 0.00
iters =   21  secs = 6.177974  rsq = 4.30304e-16
level 0 count 21 tpre 0.01 tcoarse 3.40 tpost 1.99 trest 1.47 tprol 1.42
level 1 count 41 tpre 0.00 tcoarse 0.09 tpost 0.32 trest 0.00 tprol 0.00
iters =   21  secs = 6.179584  rsq = 3.02717e-16
level 0 count 21 tpre 0.01 tcoarse 3.40 tpost 1.99 trest 1.47 tprol 1.42
level 1 count 41 tpre 0.00 tcoarse 0.09 tpost 0.32 trest 0.00 tprol 0.00
iters =   21  secs = 6.182372  rsq = 3.90035e-16
level 0 count 21 tpre 0.01 tcoarse 3.40 tpost 1.99 trest 1.47 tprol 1.42
level 1 count 41 tpre 0.00 tcoarse 0.09 tpost 0.32 trest 0.00 tprol 0.00
iters =   21  secs = 6.178862  rsq = 3.48868e-16
level 0 count 21 tpre 0.01 tcoarse 3.40 tpost 1.99 trest 1.47 tprol 1.42
level 1 count 41 tpre 0.00 tcoarse 0.09 tpost 0.32 trest 0.00 tprol 0.00
iters =   21  secs = 6.186806  rsq = 3.85307e-16
level 0 count 21 tpre 0.01 tcoarse 3.40 tpost 1.99 trest 1.47 tprol 1.42
level 1 count 41 tpre 0.00 tcoarse 0.09 tpost 0.32 trest 0.00 tprol 0.00
iters =   21  secs = 6.195760  rsq = 4.13124e-16
level 0 count 21 tpre 0.01 tcoarse 3.42 tpost 1.99 trest 1.48 tprol 1.43
level 1 count 41 tpre 0.00 tcoarse 0.09 tpost 0.32 trest 0.00 tprol 0.00
iters =   21  secs = 6.185078  rsq = 3.72421e-16
level 0 count 21 tpre 0.01 tcoarse 3.40 tpost 1.99 trest 1.48 tprol 1.42
level 1 count 41 tpre 0.00 tcoarse 0.09 tpost 0.32 trest 0.00 tprol 0.00
iters =   21  secs = 6.185395  rsq = 4.48454e-16
level 0 count 21 tpre 0.01 tcoarse 3.41 tpost 1.99 trest 1.47 tprol 1.42
level 1 count 41 tpre 0.00 tcoarse 0.09 tpost 0.32 trest 0.00 tprol 0.00
TIME("smear[cpu]","done") = 9.033 secs
TIME("frw_prop.1984.x0y0z0t0","done") = 84.808 secs
TIME("fwd_prop-write","done") = 7.055 secs
TIME("sm_fwd_prop-write","done") = 6.960 secs
doing sink momentum 0 0 0 0
The sink time is 10
computing (1-g4) projected prop
TIME("c3pt","bwd_source") = 0.397 secs
TIME("smear[cpu]","done") = 1.258 secs
iters =   21  secs = 6.195338  rsq = 3.30792e-16
level 0 count 21 tpre 0.01 tcoarse 3.41 tpost 1.99 trest 1.47 tprol 1.41
level 1 count 42 tpre 0.00 tcoarse 0.10 tpost 0.32 trest 0.00 tprol 0.00
iters =   21  secs = 6.197390  rsq = 4.1797e-16
level 0 count 21 tpre 0.01 tcoarse 3.42 tpost 1.99 trest 1.47 tprol 1.41
level 1 count 42 tpre 0.00 tcoarse 0.10 tpost 0.32 trest 0.00 tprol 0.00
iters =   21  secs = 6.194021  rsq = 4.31897e-16
level 0 count 21 tpre 0.01 tcoarse 3.41 tpost 1.99 trest 1.47 tprol 1.41
level 1 count 42 tpre 0.00 tcoarse 0.10 tpost 0.32 trest 0.00 tprol 0.00
iters =   21  secs = 6.199581  rsq = 2.91241e-16
level 0 count 21 tpre 0.01 tcoarse 3.42 tpost 1.99 trest 1.47 tprol 1.41
level 1 count 42 tpre 0.00 tcoarse 0.10 tpost 0.32 trest 0.00 tprol 0.00
iters =   21  secs = 6.197245  rsq = 4.40884e-16
level 0 count 21 tpre 0.01 tcoarse 3.42 tpost 1.99 trest 1.47 tprol 1.41
level 1 count 42 tpre 0.00 tcoarse 0.10 tpost 0.33 trest 0.00 tprol 0.00
iters =   21  secs = 6.198908  rsq = 4.39706e-16
level 0 count 21 tpre 0.01 tcoarse 3.42 tpost 1.99 trest 1.47 tprol 1.41
level 1 count 42 tpre 0.00 tcoarse 0.10 tpost 0.32 trest 0.00 tprol 0.00
TIME("c3pt","bwd_prop") = 39.520 secs
TIME("seq_prop-write","done") = 7.573 secs
TIME("smear[cpu]","done") = 9.001 secs
seq check: complex(1.70011e-10, 9.41779e-11)
doing sink momentum 0 0 0 0
The sink time is 10
computing (1-g4) projected prop
TIME("c3pt","bwd_source") = 0.443 secs
TIME("smear[cpu]","done") = 1.253 secs
iters =   21  secs = 6.220723  rsq = 3.30792e-16
level 0 count 21 tpre 0.01 tcoarse 3.44 tpost 1.99 trest 1.47 tprol 1.42
level 1 count 42 tpre 0.00 tcoarse 0.10 tpost 0.33 trest 0.00 tprol 0.00
iters =   21  secs = 6.196710  rsq = 3.52168e-16
level 0 count 21 tpre 0.01 tcoarse 3.42 tpost 1.99 trest 1.47 tprol 1.41
level 1 count 41 tpre 0.00 tcoarse 0.10 tpost 0.32 trest 0.00 tprol 0.00
iters =   21  secs = 6.217987  rsq = 4.31897e-16
level 0 count 21 tpre 0.01 tcoarse 3.43 tpost 1.99 trest 1.47 tprol 1.42
level 1 count 42 tpre 0.00 tcoarse 0.10 tpost 0.33 trest 0.00 tprol 0.00
iters =   21  secs = 6.228977  rsq = 3.50143e-16
level 0 count 21 tpre 0.01 tcoarse 3.45 tpost 1.99 trest 1.47 tprol 1.41
level 1 count 42 tpre 0.00 tcoarse 0.10 tpost 0.34 trest 0.00 tprol 0.00
iters =   21  secs = 6.224220  rsq = 4.40884e-16
level 0 count 21 tpre 0.01 tcoarse 3.44 tpost 1.99 trest 1.47 tprol 1.42
level 1 count 42 tpre 0.00 tcoarse 0.10 tpost 0.33 trest 0.00 tprol 0.00
iters =   21  secs = 6.226050  rsq = 2.96422e-16
level 0 count 21 tpre 0.01 tcoarse 3.44 tpost 1.99 trest 1.47 tprol 1.42
level 1 count 42 tpre 0.00 tcoarse 0.11 tpost 0.33 trest 0.00 tprol 0.00
TIME("c3pt","bwd_prop") = 39.699 secs
TIME("seq_prop-write","done") = 7.315 secs
TIME("smear[cpu]","done") = 8.998 secs
seq check: complex(3.40022e-10, 1.88356e-10)
TIME("smear[cpu]","done") = 0.085 secs
TIME("frw_prop_source.1984.x8y0z0t0","done") = 0.118 secs
iters =   21  secs = 6.203849  rsq = 4.14894e-16
level 0 count 21 tpre 0.01 tcoarse 3.42 tpost 1.99 trest 1.47 tprol 1.42
level 1 count 41 tpre 0.00 tcoarse 0.09 tpost 0.32 trest 0.00 tprol 0.00
iters =   21  secs = 6.193824  rsq = 2.80988e-16
level 0 count 21 tpre 0.01 tcoarse 3.41 tpost 1.99 trest 1.47 tprol 1.42
level 1 count 40 tpre 0.00 tcoarse 0.09 tpost 0.32 trest 0.00 tprol 0.00
iters =   21  secs = 6.207501  rsq = 3.16828e-16
level 0 count 21 tpre 0.01 tcoarse 3.42 tpost 1.99 trest 1.47 tprol 1.42
level 1 count 41 tpre 0.00 tcoarse 0.10 tpost 0.32 trest 0.00 tprol 0.00
iters =   21  secs = 6.214197  rsq = 3.05261e-16
level 0 count 21 tpre 0.01 tcoarse 3.43 tpost 1.99 trest 1.48 tprol 1.42
level 1 count 41 tpre 0.00 tcoarse 0.10 tpost 0.32 trest 0.00 tprol 0.00
iters =   21  secs = 6.186809  rsq = 3.37998e-16
level 0 count 21 tpre 0.01 tcoarse 3.41 tpost 1.99 trest 1.47 tprol 1.42
level 1 count 40 tpre 0.00 tcoarse 0.09 tpost 0.32 trest 0.00 tprol 0.00
iters =   21  secs = 6.200260  rsq = 2.97831e-16
level 0 count 21 tpre 0.01 tcoarse 3.42 tpost 1.99 trest 1.48 tprol 1.42
level 1 count 41 tpre 0.00 tcoarse 0.09 tpost 0.32 trest 0.00 tprol 0.00
iters =   21  secs = 6.206027  rsq = 3.3496e-16
level 0 count 21 tpre 0.01 tcoarse 3.43 tpost 1.99 trest 1.47 tprol 1.42
level 1 count 41 tpre 0.00 tcoarse 0.10 tpost 0.32 trest 0.00 tprol 0.00
iters =   21  secs = 6.219267  rsq = 4.11982e-16
level 0 count 21 tpre 0.01 tcoarse 3.44 tpost 1.99 trest 1.47 tprol 1.42
level 1 count 42 tpre 0.00 tcoarse 0.10 tpost 0.33 trest 0.00 tprol 0.00
iters =   21  secs = 6.208034  rsq = 3.4504e-16
level 0 count 21 tpre 0.01 tcoarse 3.43 tpost 1.99 trest 1.47 tprol 1.42
level 1 count 41 tpre 0.00 tcoarse 0.10 tpost 0.32 trest 0.00 tprol 0.00
iters =   21  secs = 6.226142  rsq = 4.0163e-16
level 0 count 21 tpre 0.01 tcoarse 3.44 tpost 1.99 trest 1.48 tprol 1.42
level 1 count 42 tpre 0.00 tcoarse 0.10 tpost 0.33 trest 0.00 tprol 0.00
iters =   21  secs = 6.208532  rsq = 3.05232e-16
level 0 count 21 tpre 0.01 tcoarse 3.43 tpost 1.99 trest 1.48 tprol 1.42
level 1 count 41 tpre 0.00 tcoarse 0.10 tpost 0.32 trest 0.00 tprol 0.00
iters =   21  secs = 6.218990  rsq = 4.23e-16
level 0 count 21 tpre 0.01 tcoarse 3.44 tpost 1.99 trest 1.47 tprol 1.42
level 1 count 42 tpre 0.00 tcoarse 0.10 tpost 0.33 trest 0.00 tprol 0.00
TIME("smear[cpu]","done") = 8.995 secs
TIME("frw_prop.1984.x8y0z0t0","done") = 84.809 secs
TIME("fwd_prop-write","done") = 7.230 secs
TIME("sm_fwd_prop-write","done") = 8.208 secs
doing sink momentum 0 0 0 0
The sink time is 10
computing (1-g4) projected prop
TIME("c3pt","bwd_source") = 0.397 secs
TIME("smear[cpu]","done") = 1.262 secs
iters =   21  secs = 6.235844  rsq = 3.53408e-16
level 0 count 21 tpre 0.01 tcoarse 3.44 tpost 2.00 trest 1.47 tprol 1.42
level 1 count 42 tpre 0.00 tcoarse 0.10 tpost 0.33 trest 0.00 tprol 0.00
iters =   21  secs = 6.236117  rsq = 3.21891e-16
level 0 count 21 tpre 0.01 tcoarse 3.45 tpost 1.99 trest 1.48 tprol 1.43
level 1 count 42 tpre 0.00 tcoarse 0.11 tpost 0.33 trest 0.00 tprol 0.00
iters =   21  secs = 6.227363  rsq = 3.2114e-16
level 0 count 21 tpre 0.01 tcoarse 3.44 tpost 1.99 trest 1.48 tprol 1.43
level 1 count 42 tpre 0.00 tcoarse 0.10 tpost 0.33 trest 0.00 tprol 0.00
iters =   21  secs = 6.215004  rsq = 3.34203e-16
level 0 count 21 tpre 0.01 tcoarse 3.43 tpost 1.99 trest 1.47 tprol 1.42
level 1 count 42 tpre 0.00 tcoarse 0.10 tpost 0.33 trest 0.00 tprol 0.00
iters =   21  secs = 6.207264  rsq = 3.18396e-16
level 0 count 21 tpre 0.01 tcoarse 3.43 tpost 1.99 trest 1.47 tprol 1.41
level 1 count 42 tpre 0.00 tcoarse 0.10 tpost 0.33 trest 0.00 tprol 0.00
iters =   21  secs = 6.221694  rsq = 2.81501e-16
level 0 count 21 tpre 0.01 tcoarse 3.44 tpost 1.99 trest 1.48 tprol 1.42
level 1 count 42 tpre 0.00 tcoarse 0.10 tpost 0.33 trest 0.00 tprol 0.00
TIME("c3pt","bwd_prop") = 39.684 secs
TIME("seq_prop-write","done") = 7.922 secs
TIME("smear[cpu]","done") = 8.988 secs
seq check: complex(2.49032e-11, -3.67031e-10)
doing sink momentum 0 0 0 0
The sink time is 10
computing (1-g4) projected prop
TIME("c3pt","bwd_source") = 0.448 secs
TIME("smear[cpu]","done") = 1.260 secs
iters =   21  secs = 6.204005  rsq = 3.53408e-16
level 0 count 21 tpre 0.01 tcoarse 3.42 tpost 1.99 trest 1.47 tprol 1.42
level 1 count 42 tpre 0.00 tcoarse 0.10 tpost 0.32 trest 0.00 tprol 0.00
iters =   21  secs = 6.192198  rsq = 2.56842e-16
level 0 count 21 tpre 0.01 tcoarse 3.41 tpost 1.99 trest 1.47 tprol 1.42
level 1 count 42 tpre 0.00 tcoarse 0.10 tpost 0.32 trest 0.00 tprol 0.00
iters =   21  secs = 6.206650  rsq = 3.2114e-16
level 0 count 21 tpre 0.01 tcoarse 3.43 tpost 1.99 trest 1.48 tprol 1.42
level 1 count 42 tpre 0.00 tcoarse 0.10 tpost 0.32 trest 0.00 tprol 0.00
iters =   21  secs = 6.208432  rsq = 2.65009e-16
level 0 count 21 tpre 0.01 tcoarse 3.43 tpost 1.99 trest 1.47 tprol 1.42
level 1 count 42 tpre 0.00 tcoarse 0.10 tpost 0.32 trest 0.00 tprol 0.00
iters =   21  secs = 6.205173  rsq = 3.18396e-16
level 0 count 21 tpre 0.01 tcoarse 3.42 tpost 1.99 trest 1.47 tprol 1.42
level 1 count 42 tpre 0.00 tcoarse 0.10 tpost 0.32 trest 0.00 tprol 0.00
iters =   21  secs = 6.209273  rsq = 2.60917e-16
level 0 count 21 tpre 0.01 tcoarse 3.43 tpost 1.99 trest 1.47 tprol 1.42
level 1 count 42 tpre 0.00 tcoarse 0.10 tpost 0.32 trest 0.00 tprol 0.00
TIME("c3pt","bwd_prop") = 39.615 secs
TIME("seq_prop-write","done") = 7.249 secs
TIME("smear[cpu]","done") = 9.006 secs
seq check: complex(4.98065e-11, -7.34062e-10)
TIME("smear[cpu]","done") = 0.092 secs
TIME("frw_prop_source.1984.x16y0z0t0","done") = 0.125 secs
iters =   21  secs = 6.188851  rsq = 3.14879e-16
level 0 count 21 tpre 0.01 tcoarse 3.41 tpost 1.99 trest 1.47 tprol 1.42
level 1 count 41 tpre 0.00 tcoarse 0.09 tpost 0.32 trest 0.00 tprol 0.00
iters =   21  secs = 6.178685  rsq = 4.40635e-16
level 0 count 21 tpre 0.01 tcoarse 3.40 tpost 1.99 trest 1.47 tprol 1.42
level 1 count 40 tpre 0.00 tcoarse 0.09 tpost 0.31 trest 0.00 tprol 0.00
iters =   21  secs = 6.188320  rsq = 3.17032e-16
level 0 count 21 tpre 0.01 tcoarse 3.41 tpost 1.99 trest 1.47 tprol 1.41
level 1 count 40 tpre 0.00 tcoarse 0.10 tpost 0.32 trest 0.00 tprol 0.00
iters =   21  secs = 6.187415  rsq = 2.7577e-16
level 0 count 21 tpre 0.01 tcoarse 3.41 tpost 1.99 trest 1.47 tprol 1.42
level 1 count 41 tpre 0.00 tcoarse 0.09 tpost 0.32 trest 0.00 tprol 0.00
iters =   21  secs = 6.181433  rsq = 4.17067e-16
level 0 count 21 tpre 0.01 tcoarse 3.40 tpost 1.99 trest 1.47 tprol 1.42
level 1 count 40 tpre 0.00 tcoarse 0.09 tpost 0.31 trest 0.00 tprol 0.00
iters =   21  secs = 6.217911  rsq = 3.90027e-16
level 0 count 21 tpre 0.01 tcoarse 3.41 tpost 2.02 trest 1.48 tprol 1.42
level 1 count 40 tpre 0.00 tcoarse 0.09 tpost 0.31 trest 0.00 tprol 0.00
iters =   21  secs = 6.212333  rsq = 4.0854e-16
level 0 count 21 tpre 0.01 tcoarse 3.43 tpost 1.99 trest 1.48 tprol 1.42
level 1 count 42 tpre 0.00 tcoarse 0.09 tpost 0.33 trest 0.00 tprol 0.00
iters =   21  secs = 6.191729  rsq = 4.67184e-16
level 0 count 21 tpre 0.01 tcoarse 3.41 tpost 1.99 trest 1.47 tprol 1.41
level 1 count 41 tpre 0.00 tcoarse 0.09 tpost 0.32 trest 0.00 tprol 0.00
iters =   21  secs = 6.186349  rsq = 3.82045e-16
level 0 count 21 tpre 0.01 tcoarse 3.40 tpost 1.99 trest 1.47 tprol 1.42
level 1 count 40 tpre 0.00 tcoarse 0.09 tpost 0.31 trest 0.00 tprol 0.00
iters =   21  secs = 6.201332  rsq = 3.86732e-16
level 0 count 21 tpre 0.01 tcoarse 3.42 tpost 1.99 trest 1.47 tprol 1.42
level 1 count 41 tpre 0.00 tcoarse 0.10 tpost 0.32 trest 0.00 tprol 0.00
iters =   21  secs = 6.197912  rsq = 3.92834e-16
level 0 count 21 tpre 0.01 tcoarse 3.42 tpost 1.99 trest 1.48 tprol 1.42
level 1 count 41 tpre 0.00 tcoarse 0.09 tpost 0.32 trest 0.00 tprol 0.00
iters =   21  secs = 6.196275  rsq = 4.38505e-16
level 0 count 21 tpre 0.01 tcoarse 3.42 tpost 1.99 trest 1.48 tprol 1.42
level 1 count 41 tpre 0.00 tcoarse 0.09 tpost 0.32 trest 0.00 tprol 0.00
TIME("smear[cpu]","done") = 9.011 secs
TIME("frw_prop.1984.x16y0z0t0","done") = 84.667 secs
TIME("fwd_prop-write","done") = 7.311 secs
TIME("sm_fwd_prop-write","done") = 6.502 secs
doing sink momentum 0 0 0 0
The sink time is 10
computing (1-g4) projected prop
TIME("c3pt","bwd_source") = 0.394 secs
TIME("smear[cpu]","done") = 1.266 secs
iters =   21  secs = 6.215512  rsq = 3.89917e-16
level 0 count 21 tpre 0.01 tcoarse 3.43 tpost 1.99 trest 1.47 tprol 1.42
level 1 count 42 tpre 0.00 tcoarse 0.10 tpost 0.33 trest 0.00 tprol 0.00
iters =   21  secs = 6.209859  rsq = 3.20903e-16
level 0 count 21 tpre 0.01 tcoarse 3.43 tpost 1.99 trest 1.48 tprol 1.42
level 1 count 41 tpre 0.00 tcoarse 0.10 tpost 0.32 trest 0.00 tprol 0.00
iters =   21  secs = 6.214416  rsq = 4.04464e-16
level 0 count 21 tpre 0.01 tcoarse 3.42 tpost 2.00 trest 1.47 tprol 1.41
level 1 count 41 tpre 0.00 tcoarse 0.10 tpost 0.32 trest 0.00 tprol 0.00
iters =   21  secs = 6.214125  rsq = 3.55482e-16
level 0 count 21 tpre 0.01 tcoarse 3.43 tpost 1.99 trest 1.48 tprol 1.42
level 1 count 41 tpre 0.00 tcoarse 0.10 tpost 0.32 trest 0.00 tprol 0.00
iters =   21  secs = 6.220260  rsq = 3.32765e-16
level 0 count 21 tpre 0.01 tcoarse 3.44 tpost 1.99 trest 1.48 tprol 1.42
level 1 count 42 tpre 0.00 tcoarse 0.10 tpost 0.33 trest 0.00 tprol 0.00
iters =   21  secs = 6.241686  rsq = 3.05596e-16
level 0 count 21 tpre 0.01 tcoarse 3.45 tpost 2.00 trest 1.48 tprol 1.42
level 1 count 42 tpre 0.00 tcoarse 0.11 tpost 0.34 trest 0.00 tprol 0.00
TIME("c3pt","bwd_prop") = 39.664 secs
TIME("seq_prop-write","done") = 6.564 secs
TIME("smear[cpu]","done") = 8.970 secs
seq check: complex(2.44838e-10, -4.70166e-10)
doing sink momentum 0 0 0 0
The sink time is 10
computing (1-g4) projected prop
TIME("c3pt","bwd_source") = 0.441 secs
TIME("smear[cpu]","done") = 1.256 secs
iters =   21  secs = 6.227443  rsq = 3.89917e-16
level 0 count 21 tpre 0.01 tcoarse 3.45 tpost 1.99 trest 1.48 tprol 1.43
level 1 count 42 tpre 0.00 tcoarse 0.10 tpost 0.33 trest 0.00 tprol 0.00
iters =   21  secs = 6.198310  rsq = 3.44927e-16
level 0 count 21 tpre 0.01 tcoarse 3.42 tpost 1.99 trest 1.47 tprol 1.42
level 1 count 41 tpre 0.00 tcoarse 0.09 tpost 0.32 trest 0.00 tprol 0.00
iters =   21  secs = 6.222445  rsq = 4.04465e-16
level 0 count 21 tpre 0.01 tcoarse 3.43 tpost 1.99 trest 1.48 tprol 1.42
level 1 count 41 tpre 0.00 tcoarse 0.10 tpost 0.32 trest 0.00 tprol 0.00
iters =   21  secs = 6.209596  rsq = 2.93547e-16
level 0 count 21 tpre 0.01 tcoarse 3.42 tpost 1.99 trest 1.47 tprol 1.42
level 1 count 41 tpre 0.00 tcoarse 0.10 tpost 0.33 trest 0.00 tprol 0.00
iters =   21  secs = 6.218687  rsq = 3.32766e-16
level 0 count 21 tpre 0.01 tcoarse 3.44 tpost 1.99 trest 1.48 tprol 1.42
level 1 count 42 tpre 0.00 tcoarse 0.10 tpost 0.33 trest 0.00 tprol 0.00
iters =   21  secs = 6.219611  rsq = 3.07404e-16
level 0 count 21 tpre 0.01 tcoarse 3.43 tpost 1.99 trest 1.48 tprol 1.42
level 1 count 41 tpre 0.00 tcoarse 0.10 tpost 0.33 trest 0.00 tprol 0.00
TIME("c3pt","bwd_prop") = 39.680 secs
TIME("seq_prop-write","done") = 6.921 secs
TIME("smear[cpu]","done") = 8.997 secs
seq check: complex(4.89676e-10, -9.40333e-10)
TIME("smear[cpu]","done") = 0.083 secs
TIME("frw_prop_source.1984.x24y0z0t0","done") = 0.117 secs
iters =   21  secs = 6.188176  rsq = 3.6507e-16
level 0 count 21 tpre 0.01 tcoarse 3.41 tpost 1.99 trest 1.47 tprol 1.42
level 1 count 41 tpre 0.00 tcoarse 0.09 tpost 0.32 trest 0.00 tprol 0.00
iters =   21  secs = 6.195614  rsq = 3.68356e-16
level 0 count 21 tpre 0.01 tcoarse 3.41 tpost 1.99 trest 1.47 tprol 1.42
level 1 count 41 tpre 0.00 tcoarse 0.09 tpost 0.32 trest 0.00 tprol 0.00
iters =   21  secs = 6.213043  rsq = 3.7553e-16
level 0 count 21 tpre 0.01 tcoarse 3.41 tpost 2.01 trest 1.48 tprol 1.42
level 1 count 41 tpre 0.00 tcoarse 0.09 tpost 0.32 trest 0.00 tprol 0.00
iters =   21  secs = 6.191775  rsq = 4.51616e-16
level 0 count 21 tpre 0.01 tcoarse 3.41 tpost 1.99 trest 1.47 tprol 1.42
level 1 count 41 tpre 0.00 tcoarse 0.09 tpost 0.32 trest 0.00 tprol 0.00
iters =   21  secs = 6.196519  rsq = 3.18089e-16
level 0 count 21 tpre 0.01 tcoarse 3.40 tpost 2.00 trest 1.47 tprol 1.42
level 1 count 40 tpre 0.00 tcoarse 0.09 tpost 0.31 trest 0.00 tprol 0.00
iters =   21  secs = 6.192536  rsq = 2.48319e-16
level 0 count 21 tpre 0.01 tcoarse 3.41 tpost 1.99 trest 1.47 tprol 1.42
level 1 count 41 tpre 0.00 tcoarse 0.09 tpost 0.32 trest 0.00 tprol 0.00
iters =   21  secs = 6.190862  rsq = 3.8785e-16
level 0 count 21 tpre 0.01 tcoarse 3.41 tpost 1.99 trest 1.48 tprol 1.42
level 1 count 41 tpre 0.00 tcoarse 0.09 tpost 0.32 trest 0.00 tprol 0.00
iters =   21  secs = 6.206569  rsq = 4.61502e-16
level 0 count 21 tpre 0.01 tcoarse 3.43 tpost 1.99 trest 1.48 tprol 1.43
level 1 count 41 tpre 0.00 tcoarse 0.10 tpost 0.32 trest 0.00 tprol 0.00
iters =   21  secs = 6.195070  rsq = 3.06342e-16
level 0 count 21 tpre 0.01 tcoarse 3.41 tpost 1.99 trest 1.47 tprol 1.42
level 1 count 41 tpre 0.00 tcoarse 0.10 tpost 0.32 trest 0.00 tprol 0.00
iters =   21  secs = 6.177729  rsq = 3.36169e-16
level 0 count 21 tpre 0.01 tcoarse 3.40 tpost 1.99 trest 1.47 tprol 1.42
level 1 count 41 tpre 0.00 tcoarse 0.09 tpost 0.32 trest 0.00 tprol 0.00
iters =   21  secs = 6.190917  rsq = 3.71627e-16
level 0 count 21 tpre 0.01 tcoarse 3.41 tpost 1.99 trest 1.47 tprol 1.42
level 1 count 41 tpre 0.00 tcoarse 0.10 tpost 0.32 trest 0.00 tprol 0.00
iters =   21  secs = 6.181578  rsq = 4.92824e-16
level 0 count 21 tpre 0.01 tcoarse 3.40 tpost 1.99 trest 1.47 tprol 1.42
level 1 count 41 tpre 0.00 tcoarse 0.09 tpost 0.32 trest 0.00 tprol 0.00
TIME("smear[cpu]","done") = 9.013 secs
TIME("frw_prop.1984.x24y0z0t0","done") = 84.662 secs
TIME("fwd_prop-write","done") = 7.436 secs
TIME("sm_fwd_prop-write","done") = 6.905 secs
doing sink momentum 0 0 0 0
The sink time is 10
computing (1-g4) projected prop
TIME("c3pt","bwd_source") = 0.397 secs
TIME("smear[cpu]","done") = 1.262 secs
iters =   21  secs = 6.252847  rsq = 3.38439e-16
level 0 count 21 tpre 0.01 tcoarse 3.45 tpost 2.01 trest 1.48 tprol 1.43
level 1 count 42 tpre 0.00 tcoarse 0.10 tpost 0.33 trest 0.00 tprol 0.00
iters =   21  secs = 6.218092  rsq = 3.57164e-16
level 0 count 21 tpre 0.01 tcoarse 3.43 tpost 1.99 trest 1.47 tprol 1.42
level 1 count 42 tpre 0.00 tcoarse 0.10 tpost 0.33 trest 0.00 tprol 0.00
iters =   21  secs = 6.243739  rsq = 3.64622e-16
level 0 count 21 tpre 0.01 tcoarse 3.46 tpost 1.99 trest 1.48 tprol 1.43
level 1 count 42 tpre 0.00 tcoarse 0.10 tpost 0.34 trest 0.00 tprol 0.00
iters =   21  secs = 6.221188  rsq = 4.04358e-16
level 0 count 21 tpre 0.01 tcoarse 3.44 tpost 1.99 trest 1.48 tprol 1.42
level 1 count 42 tpre 0.00 tcoarse 0.10 tpost 0.33 trest 0.00 tprol 0.00
iters =   21  secs = 6.215807  rsq = 2.79483e-16
level 0 count 21 tpre 0.01 tcoarse 3.43 tpost 1.99 trest 1.47 tprol 1.42
level 1 count 42 tpre 0.00 tcoarse 0.10 tpost 0.33 trest 0.00 tprol 0.00
iters =   21  secs = 6.248377  rsq = 3.6634e-16
level 0 count 21 tpre 0.01 tcoarse 3.43 tpost 2.02 trest 1.47 tprol 1.42
level 1 count 42 tpre 0.00 tcoarse 0.10 tpost 0.33 trest 0.00 tprol 0.00
TIME("c3pt","bwd_prop") = 39.738 secs
TIME("seq_prop-write","done") = 6.844 secs
TIME("smear[cpu]","done") = 9.003 secs
seq check: complex(1.92257e-10, -3.00313e-11)
doing sink momentum 0 0 0 0
The sink time is 10
computing (1-g4) projected prop
TIME("c3pt","bwd_source") = 0.448 secs
TIME("smear[cpu]","done") = 1.263 secs
iters =   21  secs = 6.220275  rsq = 3.38439e-16
level 0 count 21 tpre 0.01 tcoarse 3.44 tpost 1.99 trest 1.47 tprol 1.42
level 1 count 42 tpre 0.00 tcoarse 0.10 tpost 0.33 trest 0.00 tprol 0.00
iters =   21  secs = 6.205691  rsq = 4.19556e-16
level 0 count 21 tpre 0.01 tcoarse 3.42 tpost 1.99 trest 1.47 tprol 1.42
level 1 count 41 tpre 0.00 tcoarse 0.09 tpost 0.32 trest 0.00 tprol 0.00
iters =   21  secs = 6.216537  rsq = 3.64622e-16
level 0 count 21 tpre 0.01 tcoarse 3.43 tpost 1.99 trest 1.48 tprol 1.42
level 1 count 42 tpre 0.00 tcoarse 0.10 tpost 0.33 trest 0.00 tprol 0.00
iters =   21  secs = 6.227143  rsq = 3.36e-16
level 0 count 21 tpre 0.01 tcoarse 3.44 tpost 1.99 trest 1.48 tprol 1.42
level 1 count 42 tpre 0.00 tcoarse 0.10 tpost 0.33 trest 0.00 tprol 0.00
iters =   21  secs = 6.233852  rsq = 2.79483e-16
level 0 count 21 tpre 0.01 tcoarse 3.45 tpost 1.99 trest 1.48 tprol 1.43
level 1 count 42 tpre 0.00 tcoarse 0.10 tpost 0.33 trest 0.00 tprol 0.00
iters =   21  secs = 6.219133  rsq = 3.18196e-16
level 0 count 21 tpre 0.01 tcoarse 3.44 tpost 1.99 trest 1.48 tprol 1.42
level 1 count 42 tpre 0.00 tcoarse 0.10 tpost 0.33 trest 0.00 tprol 0.00
TIME("c3pt","bwd_prop") = 39.713 secs
TIME("seq_prop-write","done") = 7.316 secs
TIME("smear[cpu]","done") = 9.000 secs
seq check: complex(3.84514e-10, -6.00625e-11)
TIME("smear[cpu]","done") = 0.083 secs
TIME("frw_prop_source.1984.x0y8z0t0","done") = 0.115 secs
iters =   21  secs = 6.211950  rsq = 2.24442e-16
level 0 count 21 tpre 0.01 tcoarse 3.43 tpost 1.99 trest 1.48 tprol 1.42
level 1 count 42 tpre 0.00 tcoarse 0.09 tpost 0.33 trest 0.00 tprol 0.00
iters =   21  secs = 6.193763  rsq = 3.33533e-16
level 0 count 21 tpre 0.01 tcoarse 3.41 tpost 1.99 trest 1.48 tprol 1.42
level 1 count 40 tpre 0.00 tcoarse 0.10 tpost 0.32 trest 0.00 tprol 0.00
iters =   21  secs = 6.196979  rsq = 2.29855e-16
level 0 count 21 tpre 0.01 tcoarse 3.41 tpost 1.99 trest 1.48 tprol 1.41
level 1 count 41 tpre 0.00 tcoarse 0.09 tpost 0.32 trest 0.00 tprol 0.00
iters =   21  secs = 6.185719  rsq = 2.1809e-16
level 0 count 21 tpre 0.01 tcoarse 3.40 tpost 1.99 trest 1.47 tprol 1.42
level 1 count 40 tpre 0.00 tcoarse 0.09 tpost 0.32 trest 0.00 tprol 0.00
iters =   21  secs = 6.228903  rsq = 2.73271e-16
level 0 count 21 tpre 0.01 tcoarse 3.43 tpost 2.01 trest 1.48 tprol 1.42
level 1 count 41 tpre 0.00 tcoarse 0.10 tpost 0.32 trest 0.00 tprol 0.00
iters =   21  secs = 6.194058  rsq = 3.70831e-16
level 0 count 21 tpre 0.01 tcoarse 3.41 tpost 1.99 trest 1.48 tprol 1.42
level 1 count 40 tpre 0.00 tcoarse 0.09 tpost 0.32 trest 0.00 tprol 0.00
iters =   21  secs = 6.219435  rsq = 2.52411e-16
level 0 count 21 tpre 0.01 tcoarse 3.44 tpost 1.99 trest 1.48 tprol 1.42
level 1 count 42 tpre 0.00 tcoarse 0.10 tpost 0.33 trest 0.00 tprol 0.00
iters =   21  secs = 6.222688  rsq = 4.08873e-16
level 0 count 21 tpre 0.01 tcoarse 3.44 tpost 1.99 trest 1.48 tprol 1.42
level 1 count 41 tpre 0.00 tcoarse 0.10 tpost 0.33 trest 0.00 tprol 0.00
iters =   21  secs = 6.190283  rsq = 4.37134e-16
level 0 count 21 tpre 0.01 tcoarse 3.41 tpost 1.99 trest 1.48 tprol 1.42
level 1 count 40 tpre 0.00 tcoarse 0.09 tpost 0.32 trest 0.00 tprol 0.00
iters =   21  secs = 6.188265  rsq = 3.53845e-16
level 0 count 21 tpre 0.01 tcoarse 3.40 tpost 1.99 trest 1.48 tprol 1.42
level 1 count 40 tpre 0.00 tcoarse 0.09 tpost 0.32 trest 0.00 tprol 0.00
iters =   21  secs = 6.196849  rsq = 4.12004e-16
level 0 count 21 tpre 0.01 tcoarse 3.41 tpost 1.99 trest 1.47 tprol 1.41
level 1 count 41 tpre 0.00 tcoarse 0.10 tpost 0.32 trest 0.00 tprol 0.00
iters =   21  secs = 6.189431  rsq = 4.269e-16
level 0 count 21 tpre 0.01 tcoarse 3.41 tpost 1.99 trest 1.47 tprol 1.41
level 1 count 41 tpre 0.00 tcoarse 0.09 tpost 0.32 trest 0.00 tprol 0.00
TIME("smear[cpu]","done") = 9.014 secs
TIME("frw_prop.1984.x0y8z0t0","done") = 84.760 secs
TIME("fwd_prop-write","done") = 7.507 secs
TIME("sm_fwd_prop-write","done") = 7.211 secs
doing sink momentum 0 0 0 0
The sink time is 10
computing (1-g4) projected prop
TIME("c3pt","bwd_source") = 0.393 secs
TIME("smear[cpu]","done") = 1.257 secs
iters =   21  secs = 6.222038  rsq = 3.7767e-16
level 0 count 21 tpre 0.01 tcoarse 3.44 tpost 1.99 trest 1.47 tprol 1.42
level 1 count 42 tpre 0.00 tcoarse 0.10 tpost 0.33 trest 0.00 tprol 0.00
iters =   21  secs = 6.211713  rsq = 5.23163e-16
level 0 count 21 tpre 0.01 tcoarse 3.42 tpost 2.00 trest 1.47 tprol 1.42
level 1 count 42 tpre 0.00 tcoarse 0.09 tpost 0.33 trest 0.00 tprol 0.00
iters =   21  secs = 6.222665  rsq = 4.01984e-16
level 0 count 21 tpre 0.01 tcoarse 3.44 tpost 1.99 trest 1.48 tprol 1.42
level 1 count 42 tpre 0.00 tcoarse 0.10 tpost 0.33 trest 0.00 tprol 0.00
iters =   21  secs = 6.213303  rsq = 4.23178e-16
level 0 count 21 tpre 0.01 tcoarse 3.43 tpost 1.99 trest 1.47 tprol 1.42
level 1 count 42 tpre 0.00 tcoarse 0.09 tpost 0.33 trest 0.00 tprol 0.00
iters =   21  secs = 6.210959  rsq = 3.89476e-16
level 0 count 21 tpre 0.01 tcoarse 3.43 tpost 1.99 trest 1.47 tprol 1.42
level 1 count 42 tpre 0.00 tcoarse 0.10 tpost 0.33 trest 0.00 tprol 0.00
iters =   21  secs = 6.226442  rsq = 4.93335e-16
level 0 count 21 tpre 0.01 tcoarse 3.44 tpost 1.99 trest 1.48 tprol 1.42
level 1 count 42 tpre 0.00 tcoarse 0.10 tpost 0.33 trest 0.00 tprol 0.00
TIME("c3pt","bwd_prop") = 39.640 secs
TIME("seq_prop-write","done") = 7.521 secs
TIME("smear[cpu]","done") = 8.987 secs
seq check: complex(3.73292e-10, -3.50479e-10)
doing sink momentum 0 0 0 0
The sink time is 10
computing (1-g4) projected prop
TIME("c3pt","bwd_source") = 0.441 secs
TIME("smear[cpu]","done") = 1.263 secs
iters =   21  secs = 6.222994  rsq = 3.7767e-16
level 0 count 21 tpre 0.01 tcoarse 3.44 tpost 1.99 trest 1.48 tprol 1.42
level 1 count 42 tpre 0.00 tcoarse 0.10 tpost 0.33 trest 0.00 tprol 0.00
iters =   21  secs = 6.236777  rsq = 4.10706e-16
level 0 count 21 tpre 0.01 tcoarse 3.45 tpost 1.99 trest 1.48 tprol 1.43
level 1 count 42 tpre 0.00 tcoarse 0.09 tpost 0.34 trest 0.00 tprol 0.00
iters =   21  secs = 6.226069  rsq = 4.01984e-16
level 0 count 21 tpre 0.01 tcoarse 3.44 tpost 1.99 trest 1.48 tprol 1.42
level 1 count 42 tpre 0.00 tcoarse 0.10 tpost 0.33 trest 0.00 tprol 0.00
iters =   21  secs = 6.217118  rsq = 3.13336e-16
level 0 count 21 tpre 0.01 tcoarse 3.43 tpost 1.99 trest 1.48 tprol 1.42
level 1 count 42 tpre 0.00 tcoarse 0.10 tpost 0.33 trest 0.00 tprol 0.00
iters =   21  secs = 6.216472  rsq = 3.89476e-16
level 0 count 21 tpre 0.01 tcoarse 3.43 tpost 1.99 trest 1.48 tprol 1.43
level 1 count 42 tpre 0.00 tcoarse 0.09 tpost 0.33 trest 0.00 tprol 0.00
iters =   21  secs = 6.215001  rsq = 3.61394e-16
level 0 count 21 tpre 0.01 tcoarse 3.43 tpost 1.99 trest 1.47 tprol 1.42
level 1 count 42 tpre 0.00 tcoarse 0.10 tpost 0.33 trest 0.00 tprol 0.00
TIME("c3pt","bwd_prop") = 39.724 secs
TIME("seq_prop-write","done") = 7.740 secs
TIME("smear[cpu]","done") = 8.994 secs
seq check: complex(7.46584e-10, -7.00958e-10)
TIME("smear[cpu]","done") = 0.083 secs
TIME("frw_prop_source.1984.x0y16z0t0","done") = 0.117 secs
iters =   21  secs = 6.200660  rsq = 3.07405e-16
level 0 count 21 tpre 0.01 tcoarse 3.42 tpost 1.99 trest 1.48 tprol 1.42
level 1 count 41 tpre 0.00 tcoarse 0.09 tpost 0.32 trest 0.00 tprol 0.00
iters =   21  secs = 6.185830  rsq = 2.64428e-16
level 0 count 21 tpre 0.01 tcoarse 3.40 tpost 1.99 trest 1.48 tprol 1.42
level 1 count 40 tpre 0.00 tcoarse 0.09 tpost 0.31 trest 0.00 tprol 0.00
iters =   21  secs = 6.212944  rsq = 2.88863e-16
level 0 count 21 tpre 0.01 tcoarse 3.43 tpost 1.99 trest 1.48 tprol 1.42
level 1 count 41 tpre 0.00 tcoarse 0.10 tpost 0.32 trest 0.00 tprol 0.00
iters =   21  secs = 6.200028  rsq = 3.035e-16
level 0 count 21 tpre 0.01 tcoarse 3.42 tpost 1.99 trest 1.48 tprol 1.42
level 1 count 40 tpre 0.00 tcoarse 0.09 tpost 0.32 trest 0.00 tprol 0.00
iters =   21  secs = 6.206445  rsq = 3.45842e-16
level 0 count 21 tpre 0.01 tcoarse 3.43 tpost 1.99 trest 1.48 tprol 1.42
level 1 count 41 tpre 0.00 tcoarse 0.10 tpost 0.32 trest 0.00 tprol 0.00
iters =   21  secs = 6.189305  rsq = 2.45178e-16
level 0 count 21 tpre 0.01 tcoarse 3.41 tpost 1.99 trest 1.47 tprol 1.41
level 1 count 40 tpre 0.00 tcoarse 0.10 tpost 0.31 trest 0.00 tprol 0.00
iters =   21  secs = 6.201917  rsq = 3.08882e-16
level 0 count 21 tpre 0.01 tcoarse 3.42 tpost 1.99 trest 1.47 tprol 1.42
level 1 count 41 tpre 0.00 tcoarse 0.09 tpost 0.32 trest 0.00 tprol 0.00
iters =   21  secs = 6.201664  rsq = 3.56976e-16
level 0 count 21 tpre 0.01 tcoarse 3.42 tpost 1.99 trest 1.48 tprol 1.42
level 1 count 41 tpre 0.00 tcoarse 0.09 tpost 0.32 trest 0.00 tprol 0.00
iters =   21  secs = 6.195254  rsq = 3.44783e-16
level 0 count 21 tpre 0.01 tcoarse 3.41 tpost 1.99 trest 1.48 tprol 1.41
level 1 count 40 tpre 0.00 tcoarse 0.10 tpost 0.31 trest 0.00 tprol 0.00
iters =   21  secs = 6.189807  rsq = 4.27894e-16
level 0 count 21 tpre 0.01 tcoarse 3.41 tpost 1.99 trest 1.48 tprol 1.42
level 1 count 40 tpre 0.00 tcoarse 0.09 tpost 0.32 trest 0.00 tprol 0.00
iters =   21  secs = 6.181098  rsq = 3.18096e-16
level 0 count 21 tpre 0.01 tcoarse 3.40 tpost 1.99 trest 1.48 tprol 1.41
level 1 count 40 tpre 0.00 tcoarse 0.09 tpost 0.31 trest 0.00 tprol 0.00
iters =   21  secs = 6.212179  rsq = 4.55347e-16
level 0 count 21 tpre 0.01 tcoarse 3.42 tpost 2.00 trest 1.48 tprol 1.42
level 1 count 41 tpre 0.00 tcoarse 0.09 tpost 0.32 trest 0.00 tprol 0.00
TIME("smear[cpu]","done") = 9.003 secs
TIME("frw_prop.1984.x0y16z0t0","done") = 84.707 secs
TIME("fwd_prop-write","done") = 7.231 secs
TIME("sm_fwd_prop-write","done") = 7.371 secs
doing sink momentum 0 0 0 0
The sink time is 10
computing (1-g4) projected prop
TIME("c3pt","bwd_source") = 0.400 secs
TIME("smear[cpu]","done") = 1.264 secs
iters =   21  secs = 6.215031  rsq = 3.20054e-16
level 0 count 21 tpre 0.01 tcoarse 3.43 tpost 1.99 trest 1.47 tprol 1.42
level 1 count 42 tpre 0.00 tcoarse 0.10 tpost 0.33 trest 0.00 tprol 0.00
iters =   21  secs = 6.242027  rsq = 2.81159e-16
level 0 count 21 tpre 0.01 tcoarse 3.43 tpost 2.01 trest 1.47 tprol 1.41
level 1 count 42 tpre 0.00 tcoarse 0.11 tpost 0.33 trest 0.00 tprol 0.00
iters =   21  secs = 6.222432  rsq = 3.50549e-16
level 0 count 21 tpre 0.01 tcoarse 3.44 tpost 1.99 trest 1.47 tprol 1.42
level 1 count 42 tpre 0.00 tcoarse 0.11 tpost 0.33 trest 0.00 tprol 0.00
iters =   21  secs = 6.230824  rsq = 3.08872e-16
level 0 count 21 tpre 0.01 tcoarse 3.45 tpost 1.99 trest 1.47 tprol 1.43
level 1 count 42 tpre 0.00 tcoarse 0.10 tpost 0.33 trest 0.00 tprol 0.00
iters =   21  secs = 6.217220  rsq = 3.77337e-16
level 0 count 21 tpre 0.01 tcoarse 3.43 tpost 1.99 trest 1.48 tprol 1.42
level 1 count 42 tpre 0.00 tcoarse 0.09 tpost 0.33 trest 0.00 tprol 0.00
iters =   21  secs = 6.218825  rsq = 3.98776e-16
level 0 count 21 tpre 0.01 tcoarse 3.44 tpost 1.99 trest 1.47 tprol 1.42
level 1 count 42 tpre 0.00 tcoarse 0.10 tpost 0.33 trest 0.00 tprol 0.00
TIME("c3pt","bwd_prop") = 39.685 secs
TIME("seq_prop-write","done") = 6.797 secs
TIME("smear[cpu]","done") = 8.990 secs
seq check: complex(7.13221e-10, -7.73168e-11)
doing sink momentum 0 0 0 0
The sink time is 10
computing (1-g4) projected prop
TIME("c3pt","bwd_source") = 0.447 secs
TIME("smear[cpu]","done") = 1.261 secs
iters =   21  secs = 6.217523  rsq = 3.20053e-16
level 0 count 21 tpre 0.01 tcoarse 3.44 tpost 1.99 trest 1.47 tprol 1.42
level 1 count 42 tpre 0.00 tcoarse 0.10 tpost 0.33 trest 0.00 tprol 0.00
iters =   21  secs = 6.226241  rsq = 3.18159e-16
level 0 count 21 tpre 0.01 tcoarse 3.44 tpost 1.99 trest 1.47 tprol 1.42
level 1 count 42 tpre 0.00 tcoarse 0.10 tpost 0.34 trest 0.00 tprol 0.00
iters =   21  secs = 6.221229  rsq = 3.50549e-16
level 0 count 21 tpre 0.01 tcoarse 3.44 tpost 1.99 trest 1.47 tprol 1.42
level 1 count 42 tpre 0.00 tcoarse 0.11 tpost 0.33 trest 0.00 tprol 0.00
iters =   21  secs = 6.225491  rsq = 2.61484e-16
level 0 count 21 tpre 0.01 tcoarse 3.44 tpost 1.99 trest 1.48 tprol 1.42
level 1 count 42 tpre 0.00 tcoarse 0.10 tpost 0.33 trest 0.00 tprol 0.00
iters =   21  secs = 6.211148  rsq = 3.77336e-16
level 0 count 21 tpre 0.01 tcoarse 3.43 tpost 1.99 trest 1.47 tprol 1.42
level 1 count 42 tpre 0.00 tcoarse 0.09 tpost 0.33 trest 0.00 tprol 0.00
iters =   21  secs = 6.195502  rsq = 4.4451e-16
level 0 count 21 tpre 0.01 tcoarse 3.41 tpost 1.99 trest 1.47 tprol 1.42
level 1 count 41 tpre 0.00 tcoarse 0.09 tpost 0.32 trest 0.00 tprol 0.00
TIME("c3pt","bwd_prop") = 39.681 secs
TIME("seq_prop-write","done") = 6.263 secs
TIME("smear[cpu]","done") = 8.994 secs
seq check: complex(1.42644e-09, -1.54634e-10)
TIME("smear[cpu]","done") = 0.083 secs
TIME("frw_prop_source.1984.x0y24z0t0","done") = 0.117 secs
iters =   21  secs = 6.184067  rsq = 3.16605e-16
level 0 count 21 tpre 0.01 tcoarse 3.40 tpost 1.99 trest 1.47 tprol 1.41
level 1 count 41 tpre 0.00 tcoarse 0.09 tpost 0.32 trest 0.00 tprol 0.00
iters =   21  secs = 6.187425  rsq = 2.68209e-16
level 0 count 21 tpre 0.01 tcoarse 3.41 tpost 1.99 trest 1.47 tprol 1.42
level 1 count 41 tpre 0.00 tcoarse 0.09 tpost 0.32 trest 0.00 tprol 0.00
iters =   21  secs = 6.188677  rsq = 3.23499e-16
level 0 count 21 tpre 0.01 tcoarse 3.41 tpost 1.99 trest 1.48 tprol 1.42
level 1 count 40 tpre 0.00 tcoarse 0.09 tpost 0.31 trest 0.00 tprol 0.00
iters =   21  secs = 6.219861  rsq = 2.74773e-16
level 0 count 21 tpre 0.01 tcoarse 3.41 tpost 2.01 trest 1.48 tprol 1.42
level 1 count 40 tpre 0.00 tcoarse 0.10 tpost 0.31 trest 0.00 tprol 0.00
iters =   21  secs = 6.175085  rsq = 3.46845e-16
level 0 count 21 tpre 0.01 tcoarse 3.39 tpost 1.99 trest 1.47 tprol 1.41
level 1 count 40 tpre 0.00 tcoarse 0.09 tpost 0.31 trest 0.00 tprol 0.00
iters =   21  secs = 6.189845  rsq = 3.37288e-16
level 0 count 21 tpre 0.01 tcoarse 3.41 tpost 1.99 trest 1.47 tprol 1.42
level 1 count 41 tpre 0.00 tcoarse 0.09 tpost 0.32 trest 0.00 tprol 0.00
iters =   21  secs = 6.193586  rsq = 3.42589e-16
level 0 count 21 tpre 0.01 tcoarse 3.41 tpost 1.99 trest 1.47 tprol 1.42
level 1 count 41 tpre 0.00 tcoarse 0.10 tpost 0.32 trest 0.00 tprol 0.00
iters =   21  secs = 6.201154  rsq = 3.27484e-16
level 0 count 21 tpre 0.01 tcoarse 3.42 tpost 1.99 trest 1.47 tprol 1.42
level 1 count 41 tpre 0.00 tcoarse 0.09 tpost 0.32 trest 0.00 tprol 0.00
iters =   21  secs = 6.190078  rsq = 3.27552e-16
level 0 count 21 tpre 0.01 tcoarse 3.41 tpost 1.99 trest 1.47 tprol 1.42
level 1 count 41 tpre 0.00 tcoarse 0.09 tpost 0.32 trest 0.00 tprol 0.00
iters =   21  secs = 6.183612  rsq = 3.28151e-16
level 0 count 21 tpre 0.01 tcoarse 3.40 tpost 1.99 trest 1.47 tprol 1.42
level 1 count 41 tpre 0.00 tcoarse 0.09 tpost 0.32 trest 0.00 tprol 0.00
iters =   21  secs = 6.184824  rsq = 3.18137e-16
level 0 count 21 tpre 0.01 tcoarse 3.41 tpost 1.99 trest 1.47 tprol 1.42
level 1 count 41 tpre 0.00 tcoarse 0.09 tpost 0.32 trest 0.00 tprol 0.00
iters =   21  secs = 6.182947  rsq = 4.41033e-16
level 0 count 21 tpre 0.01 tcoarse 3.40 tpost 1.99 trest 1.47 tprol 1.42
level 1 count 41 tpre 0.00 tcoarse 0.10 tpost 0.32 trest 0.00 tprol 0.00
TIME("smear[cpu]","done") = 9.017 secs
TIME("frw_prop.1984.x0y24z0t0","done") = 84.629 secs
TIME("fwd_prop-write","done") = 6.372 secs
TIME("sm_fwd_prop-write","done") = 7.111 secs
doing sink momentum 0 0 0 0
The sink time is 10
computing (1-g4) projected prop
TIME("c3pt","bwd_source") = 0.398 secs
TIME("smear[cpu]","done") = 1.261 secs
iters =   21  secs = 6.308621  rsq = 2.88457e-16
level 0 count 21 tpre 0.01 tcoarse 3.52 tpost 2.00 trest 1.47 tprol 1.51
level 1 count 42 tpre 0.00 tcoarse 0.10 tpost 0.32 trest 0.00 tprol 0.00
iters =   21  secs = 6.190885  rsq = 4.51664e-16
level 0 count 21 tpre 0.01 tcoarse 3.41 tpost 1.99 trest 1.47 tprol 1.41
level 1 count 42 tpre 0.00 tcoarse 0.09 tpost 0.32 trest 0.00 tprol 0.00
iters =   21  secs = 6.221446  rsq = 4.27718e-16
level 0 count 21 tpre 0.01 tcoarse 3.44 tpost 1.99 trest 1.48 tprol 1.42
level 1 count 42 tpre 0.00 tcoarse 0.10 tpost 0.33 trest 0.00 tprol 0.00
iters =   21  secs = 6.308448  rsq = 2.97493e-16
level 0 count 21 tpre 0.01 tcoarse 3.52 tpost 2.00 trest 1.47 tprol 1.51
level 1 count 42 tpre 0.00 tcoarse 0.10 tpost 0.32 trest 0.00 tprol 0.00
iters =   21  secs = 6.200561  rsq = 3.73642e-16
level 0 count 21 tpre 0.01 tcoarse 3.42 tpost 1.99 trest 1.47 tprol 1.42
level 1 count 42 tpre 0.00 tcoarse 0.10 tpost 0.32 trest 0.00 tprol 0.00
iters =   21  secs = 6.288546  rsq = 3.03936e-16
level 0 count 21 tpre 0.01 tcoarse 3.51 tpost 1.99 trest 1.47 tprol 1.50
level 1 count 42 tpre 0.00 tcoarse 0.10 tpost 0.32 trest 0.00 tprol 0.00
TIME("c3pt","bwd_prop") = 39.855 secs
TIME("seq_prop-write","done") = 9.127 secs
TIME("smear[cpu]","done") = 9.003 secs
seq check: complex(1.17582e-10, 9.2784e-11)
doing sink momentum 0 0 0 0
The sink time is 10
computing (1-g4) projected prop
TIME("c3pt","bwd_source") = 0.447 secs
TIME("smear[cpu]","done") = 1.267 secs
iters =   21  secs = 6.241057  rsq = 2.88457e-16
level 0 count 21 tpre 0.01 tcoarse 3.45 tpost 1.99 trest 1.48 tprol 1.42
level 1 count 42 tpre 0.00 tcoarse 0.11 tpost 0.33 trest 0.00 tprol 0.00
iters =   21  secs = 6.314276  rsq = 2.66739e-16
level 0 count 21 tpre 0.01 tcoarse 3.51 tpost 2.01 trest 1.48 tprol 1.49
level 1 count 42 tpre 0.00 tcoarse 0.10 tpost 0.33 trest 0.00 tprol 0.00
iters =   21  secs = 6.208428  rsq = 4.27718e-16
level 0 count 21 tpre 0.01 tcoarse 3.43 tpost 1.99 trest 1.47 tprol 1.42
level 1 count 42 tpre 0.00 tcoarse 0.10 tpost 0.33 trest 0.00 tprol 0.00
iters =   21  secs = 6.217906  rsq = 3.63006e-16
level 0 count 21 tpre 0.01 tcoarse 3.43 tpost 1.99 trest 1.47 tprol 1.42
level 1 count 42 tpre 0.00 tcoarse 0.10 tpost 0.33 trest 0.00 tprol 0.00
iters =   21  secs = 6.222443  rsq = 3.73642e-16
level 0 count 21 tpre 0.01 tcoarse 3.44 tpost 1.99 trest 1.48 tprol 1.42
level 1 count 42 tpre 0.00 tcoarse 0.10 tpost 0.33 trest 0.00 tprol 0.00
iters =   21  secs = 6.216515  rsq = 3.03791e-16
level 0 count 21 tpre 0.01 tcoarse 3.44 tpost 1.99 trest 1.48 tprol 1.42
level 1 count 42 tpre 0.00 tcoarse 0.10 tpost 0.33 trest 0.00 tprol 0.00
TIME("c3pt","bwd_prop") = 39.823 secs
TIME("seq_prop-write","done") = 7.000 secs
TIME("smear[cpu]","done") = 9.007 secs
seq check: complex(2.35165e-10, 1.85568e-10)
TIME("smear[cpu]","done") = 0.083 secs
TIME("frw_prop_source.1984.x0y0z8t0","done") = 0.117 secs
iters =   21  secs = 6.219439  rsq = 4.13656e-16
level 0 count 21 tpre 0.01 tcoarse 3.42 tpost 2.01 trest 1.48 tprol 1.42
level 1 count 40 tpre 0.00 tcoarse 0.10 tpost 0.31 trest 0.00 tprol 0.00
iters =   21  secs = 6.192469  rsq = 2.88685e-16
level 0 count 21 tpre 0.01 tcoarse 3.41 tpost 1.99 trest 1.48 tprol 1.42
level 1 count 40 tpre 0.00 tcoarse 0.10 tpost 0.31 trest 0.00 tprol 0.00
iters =   21  secs = 6.207098  rsq = 4.18964e-16
level 0 count 21 tpre 0.01 tcoarse 3.43 tpost 1.99 trest 1.48 tprol 1.42
level 1 count 41 tpre 0.00 tcoarse 0.10 tpost 0.32 trest 0.00 tprol 0.00
iters =   21  secs = 6.188828  rsq = 4.0925e-16
level 0 count 21 tpre 0.01 tcoarse 3.41 tpost 1.99 trest 1.48 tprol 1.42
level 1 count 40 tpre 0.00 tcoarse 0.09 tpost 0.31 trest 0.00 tprol 0.00
iters =   21  secs = 6.208892  rsq = 3.67523e-16
level 0 count 21 tpre 0.01 tcoarse 3.43 tpost 1.99 trest 1.48 tprol 1.42
level 1 count 42 tpre 0.00 tcoarse 0.09 tpost 0.33 trest 0.00 tprol 0.00
iters =   21  secs = 6.197128  rsq = 3.89555e-16
level 0 count 21 tpre 0.01 tcoarse 3.41 tpost 2.00 trest 1.48 tprol 1.42
level 1 count 40 tpre 0.00 tcoarse 0.09 tpost 0.31 trest 0.00 tprol 0.00
iters =   21  secs = 6.192869  rsq = 3.64577e-16
level 0 count 21 tpre 0.01 tcoarse 3.41 tpost 1.99 trest 1.48 tprol 1.42
level 1 count 41 tpre 0.00 tcoarse 0.09 tpost 0.32 trest 0.00 tprol 0.00
iters =   21  secs = 6.193976  rsq = 3.50942e-16
level 0 count 21 tpre 0.01 tcoarse 3.41 tpost 1.99 trest 1.47 tprol 1.42
level 1 count 41 tpre 0.00 tcoarse 0.09 tpost 0.32 trest 0.00 tprol 0.00
iters =   21  secs = 6.202106  rsq = 3.36909e-16
level 0 count 21 tpre 0.01 tcoarse 3.42 tpost 1.99 trest 1.48 tprol 1.42
level 1 count 41 tpre 0.00 tcoarse 0.09 tpost 0.32 trest 0.00 tprol 0.00
iters =   21  secs = 6.200597  rsq = 4.03118e-16
level 0 count 21 tpre 0.01 tcoarse 3.42 tpost 1.99 trest 1.48 tprol 1.43
level 1 count 41 tpre 0.00 tcoarse 0.09 tpost 0.32 trest 0.00 tprol 0.00
iters =   21  secs = 6.182443  rsq = 4.34436e-16
level 0 count 21 tpre 0.01 tcoarse 3.40 tpost 1.99 trest 1.47 tprol 1.42
level 1 count 40 tpre 0.00 tcoarse 0.08 tpost 0.31 trest 0.00 tprol 0.00
iters =   21  secs = 6.185650  rsq = 5.08811e-16
level 0 count 21 tpre 0.01 tcoarse 3.40 tpost 1.99 trest 1.47 tprol 1.42
level 1 count 40 tpre 0.00 tcoarse 0.09 tpost 0.31 trest 0.00 tprol 0.00
TIME("smear[cpu]","done") = 9.005 secs
TIME("frw_prop.1984.x0y0z8t0","done") = 84.706 secs
TIME("fwd_prop-write","done") = 7.761 secs
TIME("sm_fwd_prop-write","done") = 7.577 secs
doing sink momentum 0 0 0 0
The sink time is 10
computing (1-g4) projected prop
TIME("c3pt","bwd_source") = 0.396 secs
TIME("smear[cpu]","done") = 1.269 secs
iters =   21  secs = 6.219481  rsq = 5.39244e-16
level 0 count 21 tpre 0.01 tcoarse 3.44 tpost 1.99 trest 1.47 tprol 1.43
level 1 count 42 tpre 0.00 tcoarse 0.10 tpost 0.33 trest 0.00 tprol 0.00
iters =   21  secs = 6.228907  rsq = 3.97816e-16
level 0 count 21 tpre 0.01 tcoarse 3.43 tpost 2.00 trest 1.47 tprol 1.42
level 1 count 41 tpre 0.00 tcoarse 0.11 tpost 0.32 trest 0.00 tprol 0.00
iters =   21  secs = 6.228032  rsq = 4.92363e-16
level 0 count 21 tpre 0.01 tcoarse 3.45 tpost 1.99 trest 1.47 tprol 1.43
level 1 count 42 tpre 0.00 tcoarse 0.10 tpost 0.33 trest 0.00 tprol 0.00
iters =   21  secs = 6.238573  rsq = 4.74832e-16
level 0 count 21 tpre 0.01 tcoarse 3.46 tpost 1.99 trest 1.47 tprol 1.43
level 1 count 42 tpre 0.00 tcoarse 0.10 tpost 0.34 trest 0.00 tprol 0.00
iters =   21  secs = 6.223453  rsq = 4.43193e-16
level 0 count 21 tpre 0.01 tcoarse 3.44 tpost 1.99 trest 1.47 tprol 1.42
level 1 count 42 tpre 0.00 tcoarse 0.10 tpost 0.33 trest 0.00 tprol 0.00
iters =   21  secs = 6.215453  rsq = 4.33275e-16
level 0 count 21 tpre 0.01 tcoarse 3.43 tpost 1.99 trest 1.47 tprol 1.42
level 1 count 42 tpre 0.00 tcoarse 0.10 tpost 0.33 trest 0.00 tprol 0.00
TIME("c3pt","bwd_prop") = 39.698 secs
TIME("seq_prop-write","done") = 7.787 secs
TIME("smear[cpu]","done") = 8.996 secs
seq check: complex(8.66605e-11, -1.47162e-10)
doing sink momentum 0 0 0 0
The sink time is 10
computing (1-g4) projected prop
TIME("c3pt","bwd_source") = 0.449 secs
TIME("smear[cpu]","done") = 1.262 secs
iters =   21  secs = 6.285805  rsq = 5.39244e-16
level 0 count 21 tpre 0.01 tcoarse 3.50 tpost 1.99 trest 1.47 tprol 1.49
level 1 count 42 tpre 0.00 tcoarse 0.10 tpost 0.33 trest 0.00 tprol 0.00
iters =   21  secs = 6.236374  rsq = 2.89253e-16
level 0 count 21 tpre 0.01 tcoarse 3.45 tpost 1.99 trest 1.48 tprol 1.43
level 1 count 42 tpre 0.00 tcoarse 0.11 tpost 0.33 trest 0.00 tprol 0.00
iters =   21  secs = 6.226884  rsq = 4.92363e-16
level 0 count 21 tpre 0.01 tcoarse 3.44 tpost 1.99 trest 1.47 tprol 1.42
level 1 count 42 tpre 0.00 tcoarse 0.11 tpost 0.33 trest 0.00 tprol 0.00
iters =   21  secs = 6.225657  rsq = 2.92603e-16
level 0 count 21 tpre 0.01 tcoarse 3.44 tpost 1.99 trest 1.47 tprol 1.42
level 1 count 42 tpre 0.00 tcoarse 0.10 tpost 0.33 trest 0.00 tprol 0.00
iters =   21  secs = 6.289653  rsq = 4.43193e-16
level 0 count 21 tpre 0.01 tcoarse 3.50 tpost 1.99 trest 1.47 tprol 1.48
level 1 count 42 tpre 0.00 tcoarse 0.11 tpost 0.33 trest 0.00 tprol 0.00
iters =   21  secs = 6.227472  rsq = 3.76751e-16
level 0 count 21 tpre 0.01 tcoarse 3.44 tpost 1.99 trest 1.48 tprol 1.43
level 1 count 42 tpre 0.00 tcoarse 0.10 tpost 0.33 trest 0.00 tprol 0.00
TIME("c3pt","bwd_prop") = 39.881 secs
TIME("seq_prop-write","done") = 7.796 secs
TIME("smear[cpu]","done") = 8.987 secs
seq check: complex(1.73321e-10, -2.94323e-10)
TIME("smear[cpu]","done") = 0.083 secs
TIME("frw_prop_source.1984.x0y0z16t0","done") = 0.117 secs
iters =   21  secs = 6.271629  rsq = 3.63233e-16
level 0 count 21 tpre 0.01 tcoarse 3.49 tpost 1.99 trest 1.48 tprol 1.49
level 1 count 41 tpre 0.00 tcoarse 0.09 tpost 0.32 trest 0.00 tprol 0.00
iters =   21  secs = 6.200907  rsq = 3.45563e-16
level 0 count 21 tpre 0.01 tcoarse 3.42 tpost 1.99 trest 1.48 tprol 1.42
level 1 count 41 tpre 0.00 tcoarse 0.09 tpost 0.32 trest 0.00 tprol 0.00
iters =   21  secs = 6.196553  rsq = 4.46138e-16
level 0 count 21 tpre 0.01 tcoarse 3.41 tpost 1.99 trest 1.47 tprol 1.41
level 1 count 41 tpre 0.00 tcoarse 0.10 tpost 0.32 trest 0.00 tprol 0.00
iters =   21  secs = 6.195671  rsq = 4.90687e-16
level 0 count 21 tpre 0.01 tcoarse 3.42 tpost 1.99 trest 1.48 tprol 1.41
level 1 count 41 tpre 0.00 tcoarse 0.09 tpost 0.32 trest 0.00 tprol 0.00
iters =   21  secs = 6.182407  rsq = 3.84847e-16
level 0 count 21 tpre 0.01 tcoarse 3.40 tpost 1.99 trest 1.47 tprol 1.41
level 1 count 40 tpre 0.00 tcoarse 0.09 tpost 0.32 trest 0.00 tprol 0.00
iters =   21  secs = 6.210369  rsq = 3.26658e-16
level 0 count 21 tpre 0.01 tcoarse 3.41 tpost 2.01 trest 1.47 tprol 1.41
level 1 count 41 tpre 0.00 tcoarse 0.09 tpost 0.32 trest 0.00 tprol 0.00
iters =   21  secs = 6.181655  rsq = 3.81471e-16
level 0 count 21 tpre 0.01 tcoarse 3.40 tpost 1.99 trest 1.48 tprol 1.41
level 1 count 40 tpre 0.00 tcoarse 0.09 tpost 0.31 trest 0.00 tprol 0.00
iters =   21  secs = 6.190187  rsq = 2.91469e-16
level 0 count 21 tpre 0.01 tcoarse 3.41 tpost 1.99 trest 1.47 tprol 1.41
level 1 count 41 tpre 0.00 tcoarse 0.09 tpost 0.32 trest 0.00 tprol 0.00
iters =   21  secs = 6.196608  rsq = 3.22437e-16
level 0 count 21 tpre 0.01 tcoarse 3.41 tpost 1.99 trest 1.48 tprol 1.41
level 1 count 41 tpre 0.00 tcoarse 0.09 tpost 0.32 trest 0.00 tprol 0.00
iters =   21  secs = 6.176767  rsq = 4.18222e-16
level 0 count 21 tpre 0.01 tcoarse 3.40 tpost 1.99 trest 1.48 tprol 1.41
level 1 count 40 tpre 0.00 tcoarse 0.08 tpost 0.31 trest 0.00 tprol 0.00
iters =   21  secs = 6.198630  rsq = 4.0764e-16
level 0 count 21 tpre 0.01 tcoarse 3.42 tpost 1.99 trest 1.48 tprol 1.41
level 1 count 41 tpre 0.00 tcoarse 0.09 tpost 0.32 trest 0.00 tprol 0.00
iters =   21  secs = 6.203338  rsq = 3.10816e-16
level 0 count 21 tpre 0.01 tcoarse 3.42 tpost 1.99 trest 1.48 tprol 1.41
level 1 count 41 tpre 0.00 tcoarse 0.10 tpost 0.32 trest 0.00 tprol 0.00
TIME("smear[cpu]","done") = 8.979 secs
TIME("frw_prop.1984.x0y0z16t0","done") = 84.712 secs
TIME("fwd_prop-write","done") = 6.396 secs
TIME("sm_fwd_prop-write","done") = 7.375 secs
doing sink momentum 0 0 0 0
The sink time is 10
computing (1-g4) projected prop
TIME("c3pt","bwd_source") = 0.393 secs
TIME("smear[cpu]","done") = 1.265 secs
iters =   21  secs = 6.251772  rsq = 3.3467e-16
level 0 count 21 tpre 0.01 tcoarse 3.44 tpost 2.02 trest 1.47 tprol 1.42
level 1 count 42 tpre 0.00 tcoarse 0.10 tpost 0.33 trest 0.00 tprol 0.00
iters =   21  secs = 6.205964  rsq = 2.99802e-16
level 0 count 21 tpre 0.01 tcoarse 3.42 tpost 1.99 trest 1.47 tprol 1.42
level 1 count 42 tpre 0.00 tcoarse 0.10 tpost 0.33 trest 0.00 tprol 0.00
iters =   21  secs = 6.221907  rsq = 3.54292e-16
level 0 count 21 tpre 0.01 tcoarse 3.44 tpost 1.99 trest 1.47 tprol 1.42
level 1 count 42 tpre 0.00 tcoarse 0.11 tpost 0.33 trest 0.00 tprol 0.00
iters =   21  secs = 6.220243  rsq = 3.59213e-16
level 0 count 21 tpre 0.01 tcoarse 3.44 tpost 1.99 trest 1.47 tprol 1.42
level 1 count 42 tpre 0.00 tcoarse 0.11 tpost 0.33 trest 0.00 tprol 0.00
iters =   21  secs = 6.209054  rsq = 3.08239e-16
level 0 count 21 tpre 0.01 tcoarse 3.43 tpost 1.99 trest 1.47 tprol 1.42
level 1 count 42 tpre 0.00 tcoarse 0.10 tpost 0.33 trest 0.00 tprol 0.00
iters =   21  secs = 6.206646  rsq = 3.97988e-16
level 0 count 21 tpre 0.01 tcoarse 3.43 tpost 1.99 trest 1.47 tprol 1.42
level 1 count 42 tpre 0.00 tcoarse 0.10 tpost 0.33 trest 0.00 tprol 0.00
TIME("c3pt","bwd_prop") = 39.656 secs
TIME("seq_prop-write","done") = 7.521 secs
TIME("smear[cpu]","done") = 9.002 secs
seq check: complex(2.03115e-10, -2.75496e-11)
doing sink momentum 0 0 0 0
The sink time is 10
computing (1-g4) projected prop
TIME("c3pt","bwd_source") = 0.448 secs
TIME("smear[cpu]","done") = 1.260 secs
iters =   21  secs = 6.239888  rsq = 3.3467e-16
level 0 count 21 tpre 0.01 tcoarse 3.43 tpost 2.01 trest 1.47 tprol 1.42
level 1 count 42 tpre 0.00 tcoarse 0.11 tpost 0.33 trest 0.00 tprol 0.00
iters =   21  secs = 6.232468  rsq = 3.06435e-16
level 0 count 21 tpre 0.01 tcoarse 3.45 tpost 1.99 trest 1.47 tprol 1.42
level 1 count 42 tpre 0.00 tcoarse 0.10 tpost 0.34 trest 0.00 tprol 0.00
iters =   21  secs = 6.228557  rsq = 3.54292e-16
level 0 count 21 tpre 0.01 tcoarse 3.44 tpost 1.99 trest 1.47 tprol 1.42
level 1 count 42 tpre 0.00 tcoarse 0.11 tpost 0.33 trest 0.00 tprol 0.00
iters =   21  secs = 6.214199  rsq = 3.71303e-16
level 0 count 21 tpre 0.01 tcoarse 3.43 tpost 1.99 trest 1.47 tprol 1.42
level 1 count 41 tpre 0.00 tcoarse 0.10 tpost 0.33 trest 0.00 tprol 0.00
iters =   21  secs = 6.231248  rsq = 3.08239e-16
level 0 count 21 tpre 0.01 tcoarse 3.43 tpost 2.00 trest 1.47 tprol 1.42
level 1 count 42 tpre 0.00 tcoarse 0.10 tpost 0.33 trest 0.00 tprol 0.00
iters =   21  secs = 6.220511  rsq = 3.68844e-16
level 0 count 21 tpre 0.01 tcoarse 3.43 tpost 1.99 trest 1.48 tprol 1.42
level 1 count 41 tpre 0.00 tcoarse 0.10 tpost 0.32 trest 0.00 tprol 0.00
TIME("c3pt","bwd_prop") = 39.751 secs
TIME("seq_prop-write","done") = 7.145 secs
TIME("smear[cpu]","done") = 8.987 secs
seq check: complex(4.0623e-10, -5.50993e-11)
TIME("smear[cpu]","done") = 0.083 secs
TIME("frw_prop_source.1984.x0y0z24t0","done") = 0.117 secs
iters =   21  secs = 6.193272  rsq = 2.48165e-16
level 0 count 21 tpre 0.01 tcoarse 3.41 tpost 1.99 trest 1.47 tprol 1.42
level 1 count 41 tpre 0.00 tcoarse 0.09 tpost 0.32 trest 0.00 tprol 0.00
iters =   21  secs = 6.191831  rsq = 4.92221e-16
level 0 count 21 tpre 0.01 tcoarse 3.41 tpost 1.99 trest 1.47 tprol 1.42
level 1 count 40 tpre 0.00 tcoarse 0.09 tpost 0.32 trest 0.00 tprol 0.00
iters =   21  secs = 6.226295  rsq = 5.18432e-16
level 0 count 21 tpre 0.01 tcoarse 3.42 tpost 2.01 trest 1.47 tprol 1.42
level 1 count 41 tpre 0.00 tcoarse 0.09 tpost 0.32 trest 0.00 tprol 0.00
iters =   21  secs = 6.198816  rsq = 4.75908e-16
level 0 count 21 tpre 0.01 tcoarse 3.42 tpost 1.99 trest 1.47 tprol 1.42
level 1 count 41 tpre 0.00 tcoarse 0.09 tpost 0.33 trest 0.00 tprol 0.00
iters =   21  secs = 6.201610  rsq = 4.91581e-16
level 0 count 21 tpre 0.01 tcoarse 3.42 tpost 1.99 trest 1.47 tprol 1.42
level 1 count 41 tpre 0.00 tcoarse 0.09 tpost 0.33 trest 0.00 tprol 0.00
iters =   21  secs = 6.201216  rsq = 3.24978e-16
level 0 count 21 tpre 0.01 tcoarse 3.42 tpost 1.99 trest 1.47 tprol 1.42
level 1 count 41 tpre 0.00 tcoarse 0.10 tpost 0.32 trest 0.00 tprol 0.00
iters =   21  secs = 6.196847  rsq = 3.81146e-16
level 0 count 21 tpre 0.01 tcoarse 3.41 tpost 1.99 trest 1.47 tprol 1.42
level 1 count 40 tpre 0.00 tcoarse 0.10 tpost 0.32 trest 0.00 tprol 0.00
iters =   21  secs = 6.203505  rsq = 4.69794e-16
level 0 count 21 tpre 0.01 tcoarse 3.42 tpost 1.99 trest 1.47 tprol 1.42
level 1 count 41 tpre 0.00 tcoarse 0.10 tpost 0.32 trest 0.00 tprol 0.00
iters =   21  secs = 6.220617  rsq = 3.33865e-16
level 0 count 21 tpre 0.01 tcoarse 3.42 tpost 2.01 trest 1.47 tprol 1.42
level 1 count 41 tpre 0.00 tcoarse 0.10 tpost 0.32 trest 0.00 tprol 0.00
iters =   21  secs = 6.190256  rsq = 3.51203e-16
level 0 count 21 tpre 0.01 tcoarse 3.41 tpost 1.99 trest 1.47 tprol 1.42
level 1 count 40 tpre 0.00 tcoarse 0.09 tpost 0.32 trest 0.00 tprol 0.00
iters =   21  secs = 6.203457  rsq = 4.37787e-16
level 0 count 21 tpre 0.01 tcoarse 3.42 tpost 1.99 trest 1.48 tprol 1.42
level 1 count 41 tpre 0.00 tcoarse 0.09 tpost 0.33 trest 0.00 tprol 0.00
iters =   21  secs = 6.201071  rsq = 3.55433e-16
level 0 count 21 tpre 0.01 tcoarse 3.42 tpost 1.99 trest 1.47 tprol 1.41
level 1 count 41 tpre 0.00 tcoarse 0.10 tpost 0.32 trest 0.00 tprol 0.00
TIME("smear[cpu]","done") = 8.984 secs
TIME("frw_prop.1984.x0y0z24t0","done") = 84.758 secs
TIME("fwd_prop-write","done") = 7.125 secs
TIME("sm_fwd_prop-write","done") = 6.780 secs
doing sink momentum 0 0 0 0
The sink time is 10
computing (1-g4) projected prop
TIME("c3pt","bwd_source") = 0.399 secs
TIME("smear[cpu]","done") = 1.267 secs
iters =   21  secs = 6.205102  rsq = 4.05814e-16
level 0 count 21 tpre 0.01 tcoarse 3.42 tpost 1.99 trest 1.47 tprol 1.42
level 1 count 41 tpre 0.00 tcoarse 0.09 tpost 0.32 trest 0.00 tprol 0.00
iters =   21  secs = 6.207498  rsq = 3.30105e-16
level 0 count 21 tpre 0.01 tcoarse 3.43 tpost 1.99 trest 1.47 tprol 1.42
level 1 count 42 tpre 0.00 tcoarse 0.10 tpost 0.33 trest 0.00 tprol 0.00
iters =   21  secs = 6.213051  rsq = 3.47454e-16
level 0 count 21 tpre 0.01 tcoarse 3.43 tpost 1.99 trest 1.47 tprol 1.42
level 1 count 42 tpre 0.00 tcoarse 0.10 tpost 0.33 trest 0.00 tprol 0.00
iters =   21  secs = 6.236354  rsq = 2.99503e-16
level 0 count 21 tpre 0.01 tcoarse 3.43 tpost 2.01 trest 1.47 tprol 1.42
level 1 count 42 tpre 0.00 tcoarse 0.10 tpost 0.33 trest 0.00 tprol 0.00
iters =   21  secs = 6.207073  rsq = 3.74631e-16
level 0 count 21 tpre 0.01 tcoarse 3.43 tpost 1.99 trest 1.47 tprol 1.42
level 1 count 42 tpre 0.00 tcoarse 0.10 tpost 0.33 trest 0.00 tprol 0.00
iters =   21  secs = 6.216552  rsq = 4.33209e-16
level 0 count 21 tpre 0.01 tcoarse 3.43 tpost 1.99 trest 1.47 tprol 1.43
level 1 count 42 tpre 0.00 tcoarse 0.09 tpost 0.33 trest 0.00 tprol 0.00
TIME("c3pt","bwd_prop") = 39.629 secs
TIME("seq_prop-write","done") = 6.772 secs
TIME("smear[cpu]","done") = 8.981 secs
seq check: complex(6.01741e-10, 2.03582e-10)
doing sink momentum 0 0 0 0
The sink time is 10
computing (1-g4) projected prop
TIME("c3pt","bwd_source") = 0.441 secs
TIME("smear[cpu]","done") = 1.265 secs
iters =   21  secs = 6.208047  rsq = 4.05814e-16
level 0 count 21 tpre 0.01 tcoarse 3.42 tpost 1.99 trest 1.47 tprol 1.43
level 1 count 41 tpre 0.00 tcoarse 0.09 tpost 0.32 trest 0.00 tprol 0.00
iters =   21  secs = 6.220707  rsq = 2.75549e-16
level 0 count 21 tpre 0.01 tcoarse 3.44 tpost 1.99 trest 1.47 tprol 1.42
level 1 count 42 tpre 0.00 tcoarse 0.11 tpost 0.33 trest 0.00 tprol 0.00
iters =   21  secs = 6.213042  rsq = 3.47454e-16
level 0 count 21 tpre 0.01 tcoarse 3.43 tpost 1.99 trest 1.47 tprol 1.42
level 1 count 42 tpre 0.00 tcoarse 0.10 tpost 0.33 trest 0.00 tprol 0.00
iters =   21  secs = 6.197923  rsq = 4.41633e-16
level 0 count 21 tpre 0.01 tcoarse 3.42 tpost 1.99 trest 1.47 tprol 1.42
level 1 count 41 tpre 0.00 tcoarse 0.10 tpost 0.32 trest 0.00 tprol 0.00
iters =   21  secs = 6.211573  rsq = 3.74631e-16
level 0 count 21 tpre 0.01 tcoarse 3.43 tpost 1.99 trest 1.47 tprol 1.42
level 1 count 42 tpre 0.00 tcoarse 0.10 tpost 0.33 trest 0.00 tprol 0.00
iters =   21  secs = 6.213709  rsq = 3.92008e-16
level 0 count 21 tpre 0.01 tcoarse 3.43 tpost 1.99 trest 1.48 tprol 1.42
level 1 count 41 tpre 0.00 tcoarse 0.09 tpost 0.33 trest 0.00 tprol 0.00
TIME("c3pt","bwd_prop") = 39.654 secs
0x4c66ae 0x4c66ae
0x4e01dc 0x4c66ae
0x4c66ae 0x4c66ae
0x4e01dc 0x4c66ae
0x4c66ae 0x4c66ae
0x4e01dc 0x4c66ae
0x4c66ae 0x4c66ae
0x4e01dc 0x4c66ae
0x4c66ae 0x4c66ae
0x4e01dc 0x4c66ae
0x4c66ae 0x4c66ae
0x4e01dc 0x4c66ae
0x4c66ae 0x4c66ae
0x4e01dc 0x4c66ae
0x4c66ae 0x4c66ae
0x4e01dc 0x4c66ae
0x4c66ae 0x4c66ae
0x4e01dc 0x4c66ae
0x4c66ae 0x4c66ae
0x4e01dc 0x4c66ae
0x4c66ae 0x4c66ae
0x4e01dc 0x4c66ae
0x4c66ae 0x4c66ae
0x4e01dc 0x4c66ae
0x4c66ae 0x4c66ae
0x4e01dc 0x4c66ae
0x4c66ae 0x4c66ae
0x4e01dc 0x4c66ae
0x4c66ae 0x4c66ae
0x4e01dc 0x4c66ae
0x4c66ae 0x4c66ae
0x4e01dc 0x4c66ae
0x4c66ae 0x4c66ae
0x4e01dc 0x4c66ae
0x4c66ae 0x4c66ae
0x4e01dc 0x4c66ae
0x4c66ae 0x4c66ae
0x4e01dc 0x4c66ae
0x4c66ae 0x4c66ae
0x4e01dc 0x4c66ae
0x4c66ae 0x4c66ae
0x4e01dc 0x4c66ae
0x4c66ae 0x4c66ae
0x4e01dc 0x4c66ae
0x4c66ae 0x4c66ae
0x4e01dc 0x4c66ae
0x4c66ae 0x4c66ae
0x4e01dc 0x4c66ae
0x4c66ae 0x4c66ae
0x4e01dc 0x4c66ae
0x4c66ae 0x4c66ae
0x4e01dc 0x4c66ae
0x4c66ae 0x4c66ae
0x4e01dc 0x4c66ae
0x4c66ae 0x4c66ae
0x4e01dc 0x4c66ae
0x4c66ae 0x4c66ae
0x4e01dc 0x4c66ae
0x4c66ae 0x4c66ae
0x4e01dc 0x4c66ae
0x4c66ae 0x4c66ae
0x4e01dc 0x4c66ae
0x4c66ae 0x4c66ae
0x4e01dc 0x4c66ae
0x4c66ae 0x4c66ae
0x4e01dc 0x4c66ae
0x4c66ae 0x4c66ae
0x4e01dc 0x4c66ae
0x4c66ae 0x4c66ae
0x4e01dc 0x4c66ae
0x4c66ae 0x4c66ae
0x4e01dc 0x4c66ae
0x4c66ae 0x4c66ae
0x4e01dc 0x4c66ae
0x4c66ae 0x4c66ae
0x4e01dc 0x4c66ae
0x4c66ae 0x4c66ae
0x4e01dc 0x4c66ae
0x4c66ae 0x4c66ae
0x4e01dc 0x4c66ae
0x4c66ae 0x4c66ae
0x4e01dc 0x4c66ae
0x4c66ae 0x4c66ae
0x4e01dc 0x4c66ae
0x4c66ae 0x4c66ae
0x4e01dc 0x4c66ae
0x4c66ae 0x4c66ae
0x4e01dc 0x4c66ae
0x4c66ae 0x4c66ae
0x4e01dc 0x4c66ae
0x4c66ae 0x4c66ae
0x4e01dc 0x4c66ae
0x4c66ae 0x4c66ae
0x4e01dc 0x4c66ae
0x4c66ae 0x4c66ae
0x4e01dc 0x4c66ae
0x4c66ae 0x4c66ae
0x4e01dc 0x4c66ae
0x4c66ae 0x4c66ae
0x4e01dc 0x4c66ae
0x4c66ae 0x4c66ae
0x4e01dc 0x4c66ae
0x4c66ae 0x4c66ae
0x4e01dc 0x4c66ae
0x4c66ae 0x4c66ae
0x4e01dc 0x4c66ae
0x4c66ae 0x4c66ae
0x4e01dc 0x4c66ae
0x4c66ae 0x4c66ae
0x4e01dc 0x4c66ae
0x4c66ae 0x4c66ae
0x4e01dc 0x4c66ae
0x4c66ae 0x4c66ae
0x4e01dc 0x4c66ae
0x4c66ae 0x4c66ae
0x4e01dc 0x4c66ae
0x4c66ae 0x4c66ae
0x4e01dc 0x4c66ae
0x4c66ae 0x4c66ae
0x4e01dc 0x4c66ae
0x4c66ae 0x4c66ae
0x4e01dc 0x4c66ae
0x4c66ae 0x4c66ae
0x4e01dc 0x4c66ae
0x4c66ae 0x4c66ae
0x4e01dc 0x4c66ae
0x4c66ae 0x4c66ae
0x4e01dc 0x4c66ae
0x4c66ae 0x4c66ae
0x4e01dc 0x4c66ae
0x4c66ae 0x4c66ae
0x4e01dc 0x4c66ae
0x4c66ae 0x4c66ae
0x4e01dc 0x4c66ae
0x4c66ae 0x4c66ae
0x4e01dc 0x4c66ae
0x4c66ae 0x4c66ae
0x4e01dc 0x4c66ae
0x4c66ae 0x4c66ae
0x4e01dc 0x4c66ae
0x4c66ae 0x4c66ae
0x4e01dc 0x4c66ae
0x4c66ae 0x4c66ae
0x4e01dc 0x4c66ae
0x4c66ae 0x4c66ae
0x4e01dc 0x4c66ae
0x4c66ae 0x4c66ae
0x4e01dc 0x4c66ae
0x4c66ae 0x4c66ae
0x4e01dc 0x4c66ae
0x4c66ae 0x4c66ae
0x4e01dc 0x4c66ae
0x4c66ae 0x4c66ae
0x4e01dc 0x4c66ae
0x4c66ae 0x4c66ae
0x4e01dc 0x4c66ae
0x4c66ae 0x4c66ae
0x4e01dc 0x4c66ae
0x4c66ae 0x4c66ae
0x4e01dc 0x4c66ae
0x4c66ae 0x4c66ae
0x4e01dc 0x4c66ae
0x4c66ae 0x4c66ae
0x4e01dc 0x4c66ae
0x4c66ae 0x4c66ae
0x4e01dc 0x4c66ae
0x4c66ae 0x4c66ae
0x4e01dc 0x4c66ae
0x4c66ae 0x4c66ae
0x4e01dc 0x4c66ae
0x4c66ae 0x4c66ae
0x4e01dc 0x4c66ae
0x4c66ae 0x4c66ae
0x4e01dc 0x4c66ae
0x4c66ae 0x4c66ae
0x4e01dc 0x4c66ae
0x4c66ae 0x4c66ae
0x4e01dc 0x4c66ae
0x4c66ae 0x4c66ae
0x4e01dc 0x4c66ae
0x4c66ae 0x4c66ae
0x4e01dc 0x4c66ae
0x4c66ae 0x4c66ae
0x4e01dc 0x4c66ae
0x4c66ae 0x4c66ae
0x4e01dc 0x4c66ae
0x4c66ae 0x4c66ae
0x4e01dc 0x4c66ae
0x4c66ae 0x4c66ae
0x4e01dc 0x4c66ae
0x4c66ae 0x4c66ae
0x4e01dc 0x4c66ae
0x4c66ae 0x4c66ae
0x4e01dc 0x4c66ae
0x4c66ae 0x4c66ae
0x4e01dc 0x4c66ae
0x4c66ae 0x4c66ae
0x4e01dc 0x4c66ae
0x4c66ae 0x4c66ae
0x4e01dc 0x4c66ae
0x4c66ae 0x4c66ae
0x4e01dc 0x4c66ae
0x4c66ae 0x4c66ae
0x4e01dc 0x4c66ae
0x4c66ae 0x4c66ae
0x4e01dc 0x4c66ae
0x4c66ae 0x4c66ae
0x4e01dc 0x4c66ae
0x4c66ae 0x4c66ae
0x4e01dc 0x4c66ae
0x4c66ae 0x4c66ae
0x4e01dc 0x4c66ae
0x4c66ae 0x4c66ae
0x4e01dc 0x4c66ae
0x4c66ae 0x4c66ae
0x4e01dc 0x4c66ae
0x4c66ae 0x4c66ae
0x4e01dc 0x4c66ae
0x4c66ae 0x4c66ae
0x4e01dc 0x4c66ae
0x4c66ae 0x4c66ae
0x4e01dc 0x4c66ae
0x4c66ae 0x4c66ae
0x4e01dc 0x4c66ae
0x4c66ae 0x4c66ae
0x4e01dc 0x4c66ae
0x4c66ae 0x4c66ae
0x4e01dc 0x4c66ae
0x4c66ae 0x4c66ae
0x4e01dc 0x4c66ae
0x4c66ae 0x4c66ae
0x4e01dc 0x4c66ae
0x4c66ae 0x4c66ae
0x4e01dc 0x4c66ae
0x4c66ae 0x4c66ae
0x4e01dc 0x4c66ae
0x4c66ae 0x4c66ae
0x4e01dc 0x4c66ae
0x4c66ae 0x4c66ae
0x4e01dc 0x4c66ae
0x4c66ae 0x4c66ae
0x4e01dc 0x4c66ae
0x4c66ae 0x4c66ae
0x4e01dc 0x4c66ae
0x4c66ae 0x4c66ae
0x4e01dc 0x4c66ae
0x4c66ae 0x4c66ae
0x4e01dc 0x4c66ae
0x4c66ae 0x4c66ae
0x4e01dc 0x4c66ae
0x4c66ae 0x4c66ae
0x4e01dc 0x4c66ae
0x4c66ae 0x4c66ae
0x4e01dc 0x4c66ae
0x4c66ae 0x4c66ae
0x4e01dc 0x4c66ae
0x4c66ae 0x4c66ae
0x4e01dc 0x4c66ae
0x4c66ae 0x4c66ae
0x4e01dc 0x4c66ae
0x4c66ae 0x4c66ae
0x4e01dc 0x4c66ae
0x4c66ae 0x4c66ae
0x4e01dc 0x4c66ae
0x4c66ae 0x4c66ae
0x4e01dc 0x4c66ae
0x4c66ae 0x4c66ae
0x4e01dc 0x4c66ae
0x4c66ae 0x4c66ae
0x4e01dc 0x4c66ae
0x4c66ae 0x4c66ae
0x4e01dc 0x4c66ae
0x4c66ae 0x4c66ae
0x4e01dc 0x4c66ae
0x4c66ae 0x4c66ae
0x4e01dc 0x4c66ae
0x4c66ae 0x4c66ae
0x4e01dc 0x4c66ae
0x4c66ae 0x4c66ae
0x4e01dc 0x4c66ae
0x4c66ae 0x4c66ae
0x4e01dc 0x4c66ae
0x4c66ae 0x4c66ae
0x4e01dc 0x4c66ae
0x4c66ae 0x4c66ae
0x4e01dc 0x4c66ae
0x4c66ae 0x4c66ae
0x4e01dc 0x4c66ae
0x4c66ae 0x4c66ae
0x4e01dc 0x4c66ae
TIME("seq_prop-write","done") = 6.826 secs
TIME("smear[cpu]","done") = 9.001 secs
seq check: complex(1.20348e-09, 4.07164e-10)

Success.
0x4c66ae 0x4c66ae
0x4e01dc 0x4c66ae
0x4c66ae 0x4c66ae
0x4e01dc 0x4c66ae
0x4c66ae 0x4c66ae
0x4e01dc 0x4c66ae
0x4c66ae 0x4c66ae
0x4e01dc 0x4c66ae
0x4c66ae 0x4c66ae
0x4e01dc 0x4c66ae
0x4c66ae 0x4c66ae
0x4e01dc 0x4c66ae
0x4c66ae 0x4c66ae
0x4e01dc 0x4c66ae
0x4c66ae 0x4c66ae
0x4e01dc 0x4c66ae
0x4c66ae 0x4c66ae
0x4e01dc 0x4c66ae
0x4c66ae 0x4c66ae
0x4e01dc 0x4c66ae
0x4c66ae 0x4c66ae
0x4e01dc 0x4c66ae
0x4c66ae 0x4c66ae
0x4e01dc 0x4c66ae
0x4c66ae 0x4c66ae
0x4e01dc 0x4c66ae
0x4c66ae 0x4c66ae
0x4e01dc 0x4c66ae
0x4c66ae 0x4c66ae
0x4e01dc 0x4c66ae
0x4c66ae 0x4c66ae
0x4e01dc 0x4c66ae
0x4c66ae 0x4c66ae
0x4e01dc 0x4c66ae
0x4c66ae 0x4c66ae
0x4e01dc 0x4c66ae
0x4c66ae 0x4c66ae
0x4e01dc 0x4c66ae
0x4c66ae 0x4c66ae
0x4e01dc 0x4c66ae
0x4c66ae 0x4c66ae
0x4e01dc 0x4c66ae
0x4c66ae 0x4c66ae
0x4e01dc 0x4c66ae
0x4c66ae 0x4c66ae
0x4e01dc 0x4c66ae
0x4c66ae 0x4c66ae
0x4e01dc 0x4c66ae
0x4c66ae 0x4c66ae
0x4e01dc 0x4c66ae
0x4c66ae 0x4c66ae
0x4e01dc 0x4c66ae
0x4c66ae 0x4c66ae
0x4e01dc 0x4c66ae
0x4c66ae 0x4c66ae
0x4e01dc 0x4c66ae
0x4c66ae 0x4c66ae
0x4e01dc 0x4c66ae
0x4c66ae 0x4c66ae
0x4e01dc 0x4c66ae
0x4c66ae 0x4c66ae
0x4e01dc 0x4c66ae
0x4c66ae 0x4c66ae
0x4e01dc 0x4c66ae
0x4c66ae 0x4c66ae
0x4e01dc 0x4c66ae
0x4c66ae 0x4c66ae
0x4e01dc 0x4c66ae
0x4c66ae 0x4c66ae
0x4e01dc 0x4c66ae
0x4c66ae 0x4c66ae
0x4e01dc 0x4c66ae
0x4c66ae 0x4c66ae
0x4e01dc 0x4c66ae
0x4c66ae 0x4c66ae
0x4e01dc 0x4c66ae
0x4c66ae 0x4c66ae
0x4e01dc 0x4c66ae
0x4c66ae 0x4c66ae
0x4e01dc 0x4c66ae
0x4c66ae 0x4c66ae
0x4e01dc 0x4c66ae
0x4c66ae 0x4c66ae
0x4e01dc 0x4c66ae
0x4c66ae 0x4c66ae
0x4e01dc 0x4c66ae
0x4c66ae 0x4c66ae
0x4e01dc 0x4c66ae
0x4c66ae 0x4c66ae
0x4e01dc 0x4c66ae
0x4c66ae 0x4c66ae
0x4e01dc 0x4c66ae
