machine of 192 nodes
network kind: switch
L.network[1] = 4
L.network[2] = 4
L.network[3] = 4
L.network[4] = 3
DML_partition_in times: read 0.34  send 0.00  total 0.38
TIME("gauge_load","done") = 0.485 secs
TIME("gauge_stout_smear","done") = 0.398 secs
TIME("gauge_ape_smear","done") = 6.380 secs
init_level 0
init_level 1
creating MG level 0
creating lattice: 8 8 8 24
ndim = 4
numsites = 64
len = 8 8 8 24
nsquares = 2 2 4 12

creating block
local = 0
creating args
creating null vecs
0x4c66ae 0x4c66ae
0   6   235    0.0049801   0.00593764  0.0114041   0.0480976   0.322164  
1   2   132    0.00516924  0.0064793 
2   2   124    0.00540775  0.00678711
3   2   143    0.00519122  0.00642193
4   2   157    0.0052412   0.00660865
5   2   103    0.0055197   0.00651625
6   2   142    0.00538319  0.00693932
7   2   110    0.00549948  0.00681708
8   2   134    0.00548313  0.00712129
9   2   137    0.0058245   0.00694807
10  2   98     0.0060024   0.00717519
11  2   154    0.00478441  0.00638047
12  2   133    0.00548573  0.00625993
13  2   124    0.00613717  0.00744287
14  2   111    0.0059961   0.00730772
15  2   129    0.00573629  0.00729337
16  2   135    0.00631582  0.00747059
17  2   121    0.00585508  0.00745924
18  2   119    0.00557412  0.00720318
19  2   160    0.00611716  0.00754349
20  2   108    0.00652497  0.00754456
21  2   160    0.00592473  0.00743027
22  2   136    0.00600108  0.00782244
23  2   118    0.00633042  0.00711031
setup its = 3223
0    1           2.48014e-05  0.0049801 
1    1           2.6721e-05  0.00516924
2    1           2.92438e-05  0.00540775
3    1           2.69488e-05  0.00519122
4    1           2.74701e-05  0.0052412 
5    1           3.04671e-05  0.0055197 
6    1           2.89787e-05  0.00538319
7    1           3.02443e-05  0.00549948
8    1           3.00647e-05  0.00548313
9    1           3.39247e-05  0.0058245 
10   1           3.60288e-05  0.0060024 
11   1           2.28905e-05  0.00478441
12   1           3.00932e-05  0.00548573
13   1           3.76649e-05  0.00613717
14   1           3.59533e-05  0.0059961 
15   1           3.2905e-05  0.00573629
16   1           3.98896e-05  0.00631582
17   1           3.4282e-05  0.00585508
18   1           3.10708e-05  0.00557412
19   1           3.74197e-05  0.00611716
20   1           4.25753e-05  0.00652497
21   1           3.51024e-05  0.00592473
22   1           3.60129e-05  0.00600108
23   1           4.00742e-05  0.00633042
0    1           2.48014e-05  0.0049801 
1    1           2.39369e-05  0.00489254
2    1           2.64035e-05  0.00513843
3    1           2.35023e-05  0.00484791
4    1           2.99697e-05  0.00547446
5    1           6.28803e-05  0.00792971
6    1           0.000259372  0.016105  
7    1           0.000190196  0.0137911 
8    1           9.57724e-05  0.00978634
9    1           5.43734e-05  0.00737383
10   1           8.01414e-05  0.00895218
11   1           0.000249633  0.0157998 
12   1           0.000150406  0.012264  
13   1           7.69209e-05  0.00877046
14   1           0.000178338  0.0133543 
15   1           0.00022903  0.0151337 
16   1           7.90242e-05  0.00888955
17   1           7.97551e-05  0.00893057
18   1           0.00020026  0.0141513 
19   1           0.000139072  0.0117929 
20   1           0.000117393  0.0108348 
21   1           0.000156784  0.0125213 
22   1           0.000160701  0.0126768 
23   1           9.75509e-05  0.00987679
0    24576       351.306     0.11956   
1    24576       1349.66     0.234345  
2    24576       2161.89     0.296593  
3    24576       2832.2      0.339474  
4    24576       3416.83     0.372869  
5    24576       3939.56     0.400376  
6    24576       4324.63     0.419487  
7    24576       4774.7      0.440776  
8    24576       5204.87     0.460203  
9    24576       5571.63     0.476141  
10   24576       5846.94     0.487763  
11   24576       6115.88     0.498854  
12   24576       6459.72     0.512686  
13   24576       6741.06     0.523731  
14   24576       6972.63     0.532651  
15   24576       7231.75     0.542458  
16   24576       7497.75     0.552344  
17   24576       7730.43     0.560849  
18   24576       7921.62     0.567743  
19   24576       8128.33     0.575102  
20   24576       8328.94     0.582156  
21   24576       8533.23     0.589252  
22   24576       8739.89     0.596345  
23   24576       8937.64     0.603053  
get_nullvecs: 126.467 secs
vcomp 0  ( 588678 588678 )  3.44741e-07 / 2.35471e+06 = 1.46405e-13
vcomp 1  ( 589480 589480 )  3.37529e-07 / 2.35792e+06 = 1.43147e-13
vcomp 0  ( 588678 588678 )  3.5558e-07 / 2.35471e+06 = 1.51008e-13
vcomp 1  ( 589480 589480 )  3.48446e-07 / 2.35792e+06 = 1.47777e-13

creating true coarse operator
 shift  0 :  1  0  0  0
 shift  1 :  0  1  0  0
 shift  2 :  0  0  1  0
 shift  3 :  0  0  0  1
 shift  4 : -1  0  0  0
 shift  5 :  0 -1  0  0
 shift  6 :  0  0 -1  0
 shift  7 :  0  0  0 -1
 shift  8 :  0  0  0  0
16: 0 5 10 15
vcomp 0  ( 0.11889 0.11889 )  0 / 0.475561 = 0
vcomp 1  ( 0.0189939 0.0189939 )  0 / 0.0759758 = 0
vcomp 0  ( 1 1 )  3.73811e-14 / 4 = 9.34527e-15
vcomp 1  ( 0 5.34051e-15 )  5.34051e-15 / 5.34051e-15 = 1
vcomp 0  ( 1.29385 1.29385 )  9.59806e-14 / 5.1754 = 1.85455e-14
vcomp 1  ( 0.157328 0.157328 )  1.10724e-14 / 0.629313 = 1.75944e-14
vcomp 0  ( 0.0902006 0.0902006 )  7.82998e-16 / 0.360802 = 2.17016e-15
vcomp 1  ( 0.0155627 0.0155627 )  5.42111e-16 / 0.0622508 = 8.7085e-15
QOP_F_mgCloneOp: 125.695 secs
creating MG level 1
creating lattice: 4 4 4 12
ndim = 4
numsites = 4
len = 4 4 4 12
nsquares = 2 2 4 12

creating block
local = 1
creating args
creating null vecs
0x4e01dc 0x4c66ae
0   7   47     0.0178722   0.0185154   0.0258118   0.0412506   0.103827    0.403342  
1   2   21     0.0240133   0.0288463 
2   3   40     0.0182415   0.0219254 
3   3   36     0.020188    0.0222501 
4   2   22     0.0229883   0.0279283 
5   2   21     0.0228357   0.0290182 
6   2   21     0.023509    0.0298332 
7   3   41     0.0216029   0.0220074 
8   2   24     0.0209705   0.0261188 
9   3   35     0.0205221   0.0214821 
10  2   22     0.0240007   0.0277945 
11  2   19     0.0257265   0.0314257 
12  2   24     0.0261059   0.032896  
13  3   37     0.0215712   0.0236302 
14  2   17     0.0265402   0.0306328 
15  2   20     0.0266164   0.0341917 
16  3   33     0.0251013   0.0248441 
17  2   21     0.0285466   0.0331445 
18  2   19     0.0306034   0.0366867 
19  3   34     0.0255621   0.0252985 
20  3   34     0.0225398   0.0261368 
21  2   21     0.0266446   0.0319999 
22  2   22     0.0282335   0.0358451 
23  2   18     0.026094    0.0333507 
setup its = 649
0    1           0.000319417  0.0178722 
1    1           0.000576637  0.0240133 
2    1           0.000332753  0.0182415 
3    1           0.000407557  0.020188  
4    1           0.00052846  0.0229883 
5    1           0.000521471  0.0228357 
6    1           0.000552674  0.023509  
7    1           0.000466684  0.0216029 
8    1           0.000439762  0.0209705 
9    1           0.000421158  0.0205221 
10   1           0.000576033  0.0240007 
11   1           0.000661853  0.0257265 
12   1           0.00068152  0.0261059 
13   1           0.000465318  0.0215712 
14   1           0.000704381  0.0265402 
15   1           0.000708433  0.0266164 
16   1           0.000630076  0.0251013 
17   1           0.00081491  0.0285466 
18   1           0.000936566  0.0306034 
19   1           0.000653422  0.0255621 
20   1           0.000508042  0.0225398 
21   1           0.000709932  0.0266446 
22   1           0.000797129  0.0282335 
23   1           0.000680898  0.026094  
0    1           0.000319417  0.0178722 
1    1           0.000549338  0.023438  
2    1           0.000341104  0.018469  
3    1           0.000447175  0.0211465 
4    1           0.000520357  0.0228113 
5    1           0.0005312   0.0230478 
6    1           0.000530958  0.0230425 
7    1           0.000678425  0.0260466 
8    1           0.000782749  0.0279777 
9    1           0.000995914  0.0315581 
10   1           0.000737586  0.0271585 
11   1           0.00104171  0.0322756 
12   1           0.00172465  0.0415289 
13   1           0.00279939  0.0529093 
14   1           0.000788832  0.0280862 
15   1           0.000985713  0.0313961 
16   1           0.00112457  0.0335346 
17   1           0.00146308  0.0382502 
18   1           0.00166629  0.0408202 
19   1           0.00150261  0.0387635 
20   1           0.00163608  0.0404485 
21   1           0.00236276  0.0486082 
22   1           0.00203587  0.0451206 
23   1           0.00242545  0.0492488 
0    1536        33.4745     0.147625  
1    1536        110.427     0.268128  
2    1536        182.453     0.344651  
3    1536        233.838     0.390177  
4    1536        278.105     0.425509  
5    1536        328.23      0.462267  
6    1536        369.343     0.490365  
7    1536        404.039     0.51288   
8    1536        434.341     0.531765  
9    1536        468.939     0.552539  
10   1536        498.237     0.569538  
11   1536        524.347     0.58427   
12   1536        557.697     0.602564  
13   1536        581.751     0.615422  
14   1536        603.401     0.626769  
15   1536        635.694     0.643322  
16   1536        659.587     0.6553    
17   1536        686.654     0.668611  
18   1536        705.569     0.677757  
19   1536        722.05      0.685627  
20   1536        743.757     0.695857  
21   1536        765.89      0.706135  
22   1536        798.716     0.721109  
23   1536        819.536     0.730446  
get_nullvecs: 2.21293 secs
vcomp 0  ( 36843.2 36843.2 )  4.01244e-09 / 147373 = 2.72265e-14
vcomp 1  ( 36681.6 36681.6 )  3.98689e-09 / 146727 = 2.71722e-14
vcomp 0  ( 36843.2 36843.2 )  4.57747e-09 / 147373 = 3.10605e-14
vcomp 1  ( 36681.6 36681.6 )  4.55335e-09 / 146727 = 3.10329e-14

creating true coarse operator
 shift  0 :  1  0  0  0
 shift  1 :  0  1  0  0
 shift  2 :  0  0  1  0
 shift  3 :  0  0  0  1
 shift  4 : -1  0  0  0
 shift  5 :  0 -1  0  0
 shift  6 :  0  0 -1  0
 shift  7 :  0  0  0 -1
 shift  8 :  0  0  0  0
16: 0 5 10 15
vcomp 0  ( 0.505269 0.505269 )  0 / 2.02108 = 0
vcomp 1  ( 0.0157032 0.0157032 )  0 / 0.0628127 = 0
vcomp 0  ( 1 0.999998 )  8.01381e-13 / 4 = 2.00345e-13
vcomp 1  ( 0 7.98086e-16 )  7.98086e-16 / 7.98086e-16 = 1
vcomp 0  ( 1.16669 1.16669 )  2.99096e-13 / 4.66675 = 6.40909e-14
vcomp 1  ( 0.0386562 0.0386562 )  2.12392e-15 / 0.154625 = 1.3736e-14
vcomp 0  ( 0.375191 0.375191 )  5.90945e-15 / 1.50076 = 3.93763e-15
vcomp 1  ( 0.0082503 0.0082503 )  1.85976e-15 / 0.0330012 = 5.63544e-14
QOP_F_mgCloneOp: 1.22366 secs
TIME("set up mg solver","done") = 256.187 secs
TIME("make_mg_solver","done") = 256.187 secs
momentum smearing with ( 0 0 0 0 )
TIME("make_mom_smear_fct","done") = 0.011 secs
TIME("smear[cpu]","done") = 0.111 secs
TIME("frw_prop_source.1900.x0y0z0t0","done") = 0.145 secs
iters =   21  secs = 6.284438  rsq = 2.42365e-16
level 0 count 21 tpre 0.01 tcoarse 3.49 tpost 1.99 trest 1.49 tprol 1.48
level 1 count 41 tpre 0.00 tcoarse 0.08 tpost 0.33 trest 0.00 tprol 0.00
iters =   21  secs = 6.193966  rsq = 3.04804e-16
level 0 count 21 tpre 0.01 tcoarse 3.41 tpost 1.99 trest 1.48 tprol 1.41
level 1 count 42 tpre 0.00 tcoarse 0.08 tpost 0.33 trest 0.00 tprol 0.00
iters =   21  secs = 6.184350  rsq = 2.30783e-16
level 0 count 21 tpre 0.01 tcoarse 3.40 tpost 1.99 trest 1.48 tprol 1.41
level 1 count 41 tpre 0.00 tcoarse 0.08 tpost 0.33 trest 0.00 tprol 0.00
iters =   21  secs = 6.185282  rsq = 3.365e-16
level 0 count 21 tpre 0.01 tcoarse 3.40 tpost 1.99 trest 1.48 tprol 1.41
level 1 count 41 tpre 0.00 tcoarse 0.08 tpost 0.33 trest 0.00 tprol 0.00
iters =   21  secs = 6.231835  rsq = 2.42594e-16
level 0 count 21 tpre 0.01 tcoarse 3.45 tpost 1.99 trest 1.47 tprol 1.47
level 1 count 40 tpre 0.00 tcoarse 0.08 tpost 0.32 trest 0.00 tprol 0.00
iters =   21  secs = 6.175624  rsq = 3.68305e-16
level 0 count 21 tpre 0.01 tcoarse 3.39 tpost 1.99 trest 1.48 tprol 1.41
level 1 count 40 tpre 0.00 tcoarse 0.08 tpost 0.32 trest 0.00 tprol 0.00
iters =   21  secs = 6.183876  rsq = 3.27328e-16
level 0 count 21 tpre 0.01 tcoarse 3.40 tpost 1.99 trest 1.48 tprol 1.41
level 1 count 41 tpre 0.00 tcoarse 0.08 tpost 0.33 trest 0.00 tprol 0.00
iters =   21  secs = 6.178024  rsq = 2.57804e-16
level 0 count 21 tpre 0.01 tcoarse 3.40 tpost 1.99 trest 1.47 tprol 1.40
level 1 count 40 tpre 0.00 tcoarse 0.08 tpost 0.33 trest 0.00 tprol 0.00
iters =   21  secs = 6.165805  rsq = 2.82345e-16
level 0 count 21 tpre 0.01 tcoarse 3.38 tpost 1.99 trest 1.47 tprol 1.40
level 1 count 40 tpre 0.00 tcoarse 0.08 tpost 0.32 trest 0.00 tprol 0.00
iters =   21  secs = 6.242422  rsq = 2.72587e-16
level 0 count 21 tpre 0.01 tcoarse 3.46 tpost 1.99 trest 1.47 tprol 1.47
level 1 count 40 tpre 0.00 tcoarse 0.08 tpost 0.32 trest 0.00 tprol 0.00
iters =   21  secs = 6.239560  rsq = 3.67801e-16
level 0 count 21 tpre 0.01 tcoarse 3.46 tpost 1.99 trest 1.48 tprol 1.47
level 1 count 40 tpre 0.00 tcoarse 0.08 tpost 0.32 trest 0.00 tprol 0.00
iters =   21  secs = 6.236840  rsq = 3.07178e-16
level 0 count 21 tpre 0.01 tcoarse 3.45 tpost 1.99 trest 1.48 tprol 1.47
level 1 count 40 tpre 0.00 tcoarse 0.08 tpost 0.32 trest 0.00 tprol 0.00
TIME("smear[cpu]","done") = 9.046 secs
TIME("frw_prop.1900.x0y0z0t0","done") = 85.046 secs
TIME("fwd_prop-write","done") = 6.616 secs
TIME("sm_fwd_prop-write","done") = 6.788 secs
doing sink momentum 0 0 0 0
The sink time is 10
computing (1-g4) projected prop
TIME("c3pt","bwd_source") = 0.394 secs
TIME("smear[cpu]","done") = 1.266 secs
iters =   21  secs = 6.192280  rsq = 3.04833e-16
level 0 count 21 tpre 0.01 tcoarse 3.41 tpost 1.99 trest 1.48 tprol 1.40
level 1 count 42 tpre 0.00 tcoarse 0.08 tpost 0.33 trest 0.00 tprol 0.00
iters =   21  secs = 6.181691  rsq = 2.84658e-16
level 0 count 21 tpre 0.01 tcoarse 3.40 tpost 1.99 trest 1.47 tprol 1.40
level 1 count 42 tpre 0.00 tcoarse 0.08 tpost 0.33 trest 0.00 tprol 0.00
iters =   21  secs = 6.196776  rsq = 2.98156e-16
level 0 count 21 tpre 0.01 tcoarse 3.41 tpost 1.99 trest 1.48 tprol 1.40
level 1 count 42 tpre 0.00 tcoarse 0.08 tpost 0.33 trest 0.00 tprol 0.00
iters =   21  secs = 6.210141  rsq = 3.47818e-16
level 0 count 21 tpre 0.01 tcoarse 3.42 tpost 1.99 trest 1.48 tprol 1.41
level 1 count 42 tpre 0.00 tcoarse 0.08 tpost 0.33 trest 0.00 tprol 0.00
iters =   21  secs = 6.186989  rsq = 3.37187e-16
level 0 count 21 tpre 0.01 tcoarse 3.40 tpost 1.99 trest 1.48 tprol 1.40
level 1 count 42 tpre 0.00 tcoarse 0.08 tpost 0.33 trest 0.00 tprol 0.00
iters =   21  secs = 6.179460  rsq = 3.65531e-16
level 0 count 21 tpre 0.01 tcoarse 3.39 tpost 1.99 trest 1.48 tprol 1.40
level 1 count 41 tpre 0.00 tcoarse 0.08 tpost 0.33 trest 0.00 tprol 0.00
TIME("c3pt","bwd_prop") = 39.494 secs
TIME("seq_prop-write","done") = 6.772 secs
TIME("smear[cpu]","done") = 9.003 secs
seq check: complex(-3.38475e-11, 1.17112e-10)
doing sink momentum 0 0 0 0
The sink time is 10
computing (1-g4) projected prop
TIME("c3pt","bwd_source") = 0.445 secs
TIME("smear[cpu]","done") = 1.263 secs
iters =   21  secs = 6.253191  rsq = 3.04834e-16
level 0 count 21 tpre 0.01 tcoarse 3.47 tpost 1.99 trest 1.48 tprol 1.46
level 1 count 42 tpre 0.00 tcoarse 0.08 tpost 0.34 trest 0.00 tprol 0.00
iters =   21  secs = 6.210442  rsq = 3.4706e-16
level 0 count 21 tpre 0.01 tcoarse 3.42 tpost 2.00 trest 1.47 tprol 1.41
level 1 count 41 tpre 0.00 tcoarse 0.08 tpost 0.34 trest 0.00 tprol 0.00
iters =   21  secs = 6.207139  rsq = 2.98156e-16
level 0 count 21 tpre 0.01 tcoarse 3.42 tpost 1.99 trest 1.48 tprol 1.41
level 1 count 42 tpre 0.00 tcoarse 0.08 tpost 0.34 trest 0.00 tprol 0.00
iters =   21  secs = 6.205864  rsq = 2.31782e-16
level 0 count 21 tpre 0.01 tcoarse 3.42 tpost 1.99 trest 1.48 tprol 1.41
level 1 count 41 tpre 0.00 tcoarse 0.09 tpost 0.33 trest 0.00 tprol 0.00
iters =   21  secs = 6.209315  rsq = 3.37188e-16
level 0 count 21 tpre 0.01 tcoarse 3.42 tpost 1.99 trest 1.48 tprol 1.41
level 1 count 42 tpre 0.00 tcoarse 0.08 tpost 0.34 trest 0.00 tprol 0.00
iters =   21  secs = 6.179404  rsq = 3.03302e-16
level 0 count 21 tpre 0.01 tcoarse 3.40 tpost 1.99 trest 1.47 tprol 1.40
level 1 count 41 tpre 0.00 tcoarse 0.08 tpost 0.33 trest 0.00 tprol 0.00
TIME("c3pt","bwd_prop") = 39.660 secs
TIME("seq_prop-write","done") = 6.753 secs
TIME("smear[cpu]","done") = 8.980 secs
seq check: complex(-6.76949e-11, 2.34223e-10)
TIME("smear[cpu]","done") = 0.083 secs
TIME("frw_prop_source.1900.x8y0z0t0","done") = 0.116 secs
iters =   21  secs = 6.185474  rsq = 3.14657e-16
level 0 count 21 tpre 0.01 tcoarse 3.40 tpost 1.99 trest 1.48 tprol 1.41
level 1 count 41 tpre 0.00 tcoarse 0.08 tpost 0.33 trest 0.00 tprol 0.00
iters =   21  secs = 6.181590  rsq = 3.10651e-16
level 0 count 21 tpre 0.01 tcoarse 3.40 tpost 1.99 trest 1.48 tprol 1.41
level 1 count 41 tpre 0.00 tcoarse 0.08 tpost 0.32 trest 0.00 tprol 0.00
iters =   21  secs = 6.162139  rsq = 2.81375e-16
level 0 count 21 tpre 0.01 tcoarse 3.38 tpost 1.99 trest 1.48 tprol 1.40
level 1 count 40 tpre 0.00 tcoarse 0.08 tpost 0.31 trest 0.00 tprol 0.00
iters =   21  secs = 6.170170  rsq = 3.44307e-16
level 0 count 21 tpre 0.01 tcoarse 3.39 tpost 1.99 trest 1.48 tprol 1.41
level 1 count 41 tpre 0.00 tcoarse 0.07 tpost 0.32 trest 0.00 tprol 0.00
iters =   21  secs = 6.173006  rsq = 2.30161e-16
level 0 count 21 tpre 0.01 tcoarse 3.39 tpost 1.99 trest 1.48 tprol 1.40
level 1 count 41 tpre 0.00 tcoarse 0.08 tpost 0.32 trest 0.00 tprol 0.00
iters =   21  secs = 6.158008  rsq = 3.47268e-16
level 0 count 21 tpre 0.01 tcoarse 3.38 tpost 1.99 trest 1.48 tprol 1.40
level 1 count 40 tpre 0.00 tcoarse 0.08 tpost 0.32 trest 0.00 tprol 0.00
iters =   21  secs = 6.155257  rsq = 2.52395e-16
level 0 count 21 tpre 0.01 tcoarse 3.38 tpost 1.99 trest 1.48 tprol 1.41
level 1 count 39 tpre 0.00 tcoarse 0.08 tpost 0.31 trest 0.00 tprol 0.00
iters =   21  secs = 6.164513  rsq = 3.16857e-16
level 0 count 21 tpre 0.01 tcoarse 3.38 tpost 1.99 trest 1.48 tprol 1.40
level 1 count 40 tpre 0.00 tcoarse 0.08 tpost 0.32 trest 0.00 tprol 0.00
iters =   21  secs = 6.171034  rsq = 2.98839e-16
level 0 count 21 tpre 0.01 tcoarse 3.39 tpost 1.99 trest 1.48 tprol 1.41
level 1 count 40 tpre 0.00 tcoarse 0.08 tpost 0.32 trest 0.00 tprol 0.00
iters =   21  secs = 6.178354  rsq = 2.46842e-16
level 0 count 21 tpre 0.01 tcoarse 3.40 tpost 1.99 trest 1.48 tprol 1.41
level 1 count 41 tpre 0.00 tcoarse 0.08 tpost 0.32 trest 0.00 tprol 0.00
iters =   21  secs = 6.168035  rsq = 2.66873e-16
level 0 count 21 tpre 0.01 tcoarse 3.39 tpost 1.99 trest 1.48 tprol 1.40
level 1 count 40 tpre 0.00 tcoarse 0.08 tpost 0.32 trest 0.00 tprol 0.00
iters =   21  secs = 6.158124  rsq = 2.96258e-16
level 0 count 21 tpre 0.01 tcoarse 3.38 tpost 1.99 trest 1.47 tprol 1.40
level 1 count 40 tpre 0.00 tcoarse 0.08 tpost 0.32 trest 0.00 tprol 0.00
TIME("smear[cpu]","done") = 9.018 secs
TIME("frw_prop.1900.x8y0z0t0","done") = 84.356 secs
TIME("fwd_prop-write","done") = 5.937 secs
TIME("sm_fwd_prop-write","done") = 6.787 secs
doing sink momentum 0 0 0 0
The sink time is 10
computing (1-g4) projected prop
TIME("c3pt","bwd_source") = 0.395 secs
TIME("smear[cpu]","done") = 1.265 secs
iters =   21  secs = 6.185363  rsq = 2.58425e-16
level 0 count 21 tpre 0.01 tcoarse 3.40 tpost 1.99 trest 1.47 tprol 1.41
level 1 count 42 tpre 0.00 tcoarse 0.08 tpost 0.33 trest 0.00 tprol 0.00
iters =   21  secs = 6.163079  rsq = 3.25641e-16
level 0 count 21 tpre 0.01 tcoarse 3.38 tpost 1.98 trest 1.48 tprol 1.40
level 1 count 41 tpre 0.00 tcoarse 0.08 tpost 0.32 trest 0.00 tprol 0.00
iters =   21  secs = 6.171442  rsq = 3.03676e-16
level 0 count 21 tpre 0.01 tcoarse 3.39 tpost 1.99 trest 1.47 tprol 1.40
level 1 count 42 tpre 0.00 tcoarse 0.08 tpost 0.32 trest 0.00 tprol 0.00
iters =   21  secs = 6.193590  rsq = 3.40672e-16
level 0 count 21 tpre 0.01 tcoarse 3.41 tpost 1.99 trest 1.48 tprol 1.41
level 1 count 42 tpre 0.00 tcoarse 0.08 tpost 0.33 trest 0.00 tprol 0.00
iters =   21  secs = 6.160415  rsq = 3.54121e-16
level 0 count 21 tpre 0.01 tcoarse 3.38 tpost 1.98 trest 1.47 tprol 1.40
level 1 count 41 tpre 0.00 tcoarse 0.08 tpost 0.32 trest 0.00 tprol 0.00
iters =   21  secs = 6.172581  rsq = 3.20792e-16
level 0 count 21 tpre 0.01 tcoarse 3.39 tpost 1.99 trest 1.48 tprol 1.41
level 1 count 41 tpre 0.00 tcoarse 0.08 tpost 0.32 trest 0.00 tprol 0.00
TIME("c3pt","bwd_prop") = 39.391 secs
TIME("seq_prop-write","done") = 6.654 secs
TIME("smear[cpu]","done") = 8.995 secs
seq check: complex(1.51022e-10, -1.95982e-11)
doing sink momentum 0 0 0 0
The sink time is 10
computing (1-g4) projected prop
TIME("c3pt","bwd_source") = 0.442 secs
TIME("smear[cpu]","done") = 1.262 secs
iters =   21  secs = 6.211278  rsq = 2.58425e-16
level 0 count 21 tpre 0.01 tcoarse 3.43 tpost 1.99 trest 1.48 tprol 1.42
level 1 count 42 tpre 0.00 tcoarse 0.08 tpost 0.34 trest 0.00 tprol 0.00
iters =   21  secs = 6.180605  rsq = 3.08965e-16
level 0 count 21 tpre 0.01 tcoarse 3.40 tpost 1.99 trest 1.48 tprol 1.41
level 1 count 41 tpre 0.00 tcoarse 0.08 tpost 0.32 trest 0.00 tprol 0.00
iters =   21  secs = 6.184560  rsq = 3.03676e-16
level 0 count 21 tpre 0.01 tcoarse 3.40 tpost 1.99 trest 1.47 tprol 1.41
level 1 count 42 tpre 0.00 tcoarse 0.08 tpost 0.33 trest 0.00 tprol 0.00
iters =   21  secs = 6.182354  rsq = 2.22765e-16
level 0 count 21 tpre 0.01 tcoarse 3.40 tpost 1.99 trest 1.48 tprol 1.41
level 1 count 41 tpre 0.00 tcoarse 0.08 tpost 0.32 trest 0.00 tprol 0.00
iters =   21  secs = 6.182861  rsq = 3.54121e-16
level 0 count 21 tpre 0.01 tcoarse 3.40 tpost 1.99 trest 1.48 tprol 1.41
level 1 count 41 tpre 0.00 tcoarse 0.08 tpost 0.32 trest 0.00 tprol 0.00
iters =   21  secs = 6.178983  rsq = 2.98453e-16
level 0 count 21 tpre 0.01 tcoarse 3.40 tpost 1.99 trest 1.48 tprol 1.41
level 1 count 41 tpre 0.00 tcoarse 0.08 tpost 0.32 trest 0.00 tprol 0.00
TIME("c3pt","bwd_prop") = 39.513 secs
TIME("seq_prop-write","done") = 7.891 secs
TIME("smear[cpu]","done") = 9.003 secs
seq check: complex(3.02044e-10, -3.91964e-11)
TIME("smear[cpu]","done") = 0.083 secs
TIME("frw_prop_source.1900.x16y0z0t0","done") = 0.116 secs
iters =   21  secs = 6.165108  rsq = 2.65154e-16
level 0 count 21 tpre 0.01 tcoarse 3.38 tpost 1.99 trest 1.48 tprol 1.41
level 1 count 40 tpre 0.00 tcoarse 0.07 tpost 0.31 trest 0.00 tprol 0.00
iters =   21  secs = 6.169490  rsq = 2.41069e-16
level 0 count 21 tpre 0.01 tcoarse 3.39 tpost 1.99 trest 1.48 tprol 1.41
level 1 count 41 tpre 0.00 tcoarse 0.08 tpost 0.32 trest 0.00 tprol 0.00
iters =   21  secs = 6.186201  rsq = 2.8748e-16
level 0 count 21 tpre 0.01 tcoarse 3.39 tpost 2.00 trest 1.48 tprol 1.41
level 1 count 40 tpre 0.00 tcoarse 0.08 tpost 0.32 trest 0.00 tprol 0.00
iters =   21  secs = 6.161068  rsq = 2.37025e-16
level 0 count 21 tpre 0.01 tcoarse 3.38 tpost 1.99 trest 1.48 tprol 1.40
level 1 count 40 tpre 0.00 tcoarse 0.08 tpost 0.32 trest 0.00 tprol 0.00
iters =   21  secs = 6.163047  rsq = 2.04351e-16
level 0 count 21 tpre 0.01 tcoarse 3.38 tpost 1.99 trest 1.47 tprol 1.40
level 1 count 40 tpre 0.00 tcoarse 0.08 tpost 0.32 trest 0.00 tprol 0.00
iters =   21  secs = 6.162622  rsq = 3.03158e-16
level 0 count 21 tpre 0.01 tcoarse 3.38 tpost 1.99 trest 1.48 tprol 1.40
level 1 count 40 tpre 0.00 tcoarse 0.08 tpost 0.31 trest 0.00 tprol 0.00
iters =   21  secs = 6.170853  rsq = 2.61745e-16
level 0 count 21 tpre 0.01 tcoarse 3.39 tpost 1.99 trest 1.48 tprol 1.41
level 1 count 40 tpre 0.00 tcoarse 0.08 tpost 0.32 trest 0.00 tprol 0.00
iters =   21  secs = 6.182562  rsq = 3.2678e-16
level 0 count 21 tpre 0.01 tcoarse 3.40 tpost 1.99 trest 1.48 tprol 1.41
level 1 count 41 tpre 0.00 tcoarse 0.08 tpost 0.32 trest 0.00 tprol 0.00
iters =   21  secs = 6.176797  rsq = 2.83504e-16
level 0 count 21 tpre 0.01 tcoarse 3.39 tpost 1.99 trest 1.48 tprol 1.41
level 1 count 41 tpre 0.00 tcoarse 0.08 tpost 0.32 trest 0.00 tprol 0.00
iters =   21  secs = 6.179847  rsq = 2.81746e-16
level 0 count 21 tpre 0.01 tcoarse 3.40 tpost 1.99 trest 1.48 tprol 1.41
level 1 count 41 tpre 0.00 tcoarse 0.08 tpost 0.33 trest 0.00 tprol 0.00
iters =   21  secs = 6.166355  rsq = 2.37908e-16
level 0 count 21 tpre 0.01 tcoarse 3.39 tpost 1.99 trest 1.48 tprol 1.41
level 1 count 40 tpre 0.00 tcoarse 0.08 tpost 0.32 trest 0.00 tprol 0.00
iters =   21  secs = 6.161157  rsq = 3.12321e-16
level 0 count 21 tpre 0.01 tcoarse 3.38 tpost 1.99 trest 1.48 tprol 1.40
level 1 count 40 tpre 0.00 tcoarse 0.08 tpost 0.32 trest 0.00 tprol 0.00
TIME("smear[cpu]","done") = 9.015 secs
TIME("frw_prop.1900.x16y0z0t0","done") = 84.391 secs
TIME("fwd_prop-write","done") = 6.324 secs
TIME("sm_fwd_prop-write","done") = 6.808 secs
doing sink momentum 0 0 0 0
The sink time is 10
computing (1-g4) projected prop
TIME("c3pt","bwd_source") = 0.394 secs
TIME("smear[cpu]","done") = 1.259 secs
iters =   21  secs = 6.168575  rsq = 3.27035e-16
level 0 count 21 tpre 0.01 tcoarse 3.39 tpost 1.99 trest 1.48 tprol 1.41
level 1 count 41 tpre 0.00 tcoarse 0.08 tpost 0.32 trest 0.00 tprol 0.00
iters =   21  secs = 6.167000  rsq = 3.13985e-16
level 0 count 21 tpre 0.01 tcoarse 3.39 tpost 1.99 trest 1.47 tprol 1.40
level 1 count 41 tpre 0.00 tcoarse 0.08 tpost 0.32 trest 0.00 tprol 0.00
iters =   21  secs = 6.170791  rsq = 3.95437e-16
level 0 count 21 tpre 0.01 tcoarse 3.39 tpost 1.99 trest 1.48 tprol 1.41
level 1 count 41 tpre 0.00 tcoarse 0.08 tpost 0.32 trest 0.00 tprol 0.00
iters =   21  secs = 6.162894  rsq = 4.30265e-16
level 0 count 21 tpre 0.01 tcoarse 3.38 tpost 1.99 trest 1.48 tprol 1.41
level 1 count 41 tpre 0.00 tcoarse 0.08 tpost 0.32 trest 0.00 tprol 0.00
iters =   21  secs = 6.180673  rsq = 3.33447e-16
level 0 count 21 tpre 0.01 tcoarse 3.40 tpost 1.99 trest 1.47 tprol 1.41
level 1 count 41 tpre 0.00 tcoarse 0.08 tpost 0.33 trest 0.00 tprol 0.00
iters =   21  secs = 6.166274  rsq = 2.86427e-16
level 0 count 21 tpre 0.01 tcoarse 3.38 tpost 2.00 trest 1.47 tprol 1.40
level 1 count 41 tpre 0.00 tcoarse 0.08 tpost 0.32 trest 0.00 tprol 0.00
TIME("c3pt","bwd_prop") = 39.358 secs
TIME("seq_prop-write","done") = 7.240 secs
TIME("smear[cpu]","done") = 9.011 secs
seq check: complex(1.46917e-09, -4.26504e-10)
doing sink momentum 0 0 0 0
The sink time is 10
computing (1-g4) projected prop
TIME("c3pt","bwd_source") = 0.448 secs
TIME("smear[cpu]","done") = 1.257 secs
iters =   21  secs = 6.171804  rsq = 3.27035e-16
level 0 count 21 tpre 0.01 tcoarse 3.39 tpost 1.99 trest 1.47 tprol 1.40
level 1 count 41 tpre 0.00 tcoarse 0.08 tpost 0.32 trest 0.00 tprol 0.00
iters =   21  secs = 6.189484  rsq = 3.55457e-16
level 0 count 21 tpre 0.01 tcoarse 3.40 tpost 1.99 trest 1.48 tprol 1.41
level 1 count 41 tpre 0.00 tcoarse 0.08 tpost 0.32 trest 0.00 tprol 0.00
iters =   21  secs = 6.187142  rsq = 3.95437e-16
level 0 count 21 tpre 0.01 tcoarse 3.40 tpost 1.99 trest 1.48 tprol 1.41
level 1 count 41 tpre 0.00 tcoarse 0.08 tpost 0.32 trest 0.00 tprol 0.00
iters =   21  secs = 6.186987  rsq = 2.88802e-16
level 0 count 21 tpre 0.01 tcoarse 3.41 tpost 1.99 trest 1.48 tprol 1.41
level 1 count 41 tpre 0.00 tcoarse 0.08 tpost 0.32 trest 0.00 tprol 0.00
iters =   21  secs = 6.182518  rsq = 3.33447e-16
level 0 count 21 tpre 0.01 tcoarse 3.40 tpost 1.99 trest 1.48 tprol 1.41
level 1 count 41 tpre 0.00 tcoarse 0.08 tpost 0.32 trest 0.00 tprol 0.00
iters =   21  secs = 6.201875  rsq = 2.2139e-16
level 0 count 21 tpre 0.01 tcoarse 3.42 tpost 1.99 trest 1.48 tprol 1.41
level 1 count 42 tpre 0.00 tcoarse 0.08 tpost 0.34 trest 0.00 tprol 0.00
TIME("c3pt","bwd_prop") = 39.511 secs
TIME("seq_prop-write","done") = 7.100 secs
TIME("smear[cpu]","done") = 9.017 secs
seq check: complex(2.93835e-09, -8.53008e-10)
TIME("smear[cpu]","done") = 0.083 secs
TIME("frw_prop_source.1900.x24y0z0t0","done") = 0.116 secs
iters =   21  secs = 6.172379  rsq = 2.83925e-16
level 0 count 21 tpre 0.01 tcoarse 3.39 tpost 1.99 trest 1.47 tprol 1.41
level 1 count 40 tpre 0.00 tcoarse 0.08 tpost 0.32 trest 0.00 tprol 0.00
iters =   21  secs = 6.188154  rsq = 2.78102e-16
level 0 count 21 tpre 0.01 tcoarse 3.40 tpost 1.99 trest 1.48 tprol 1.40
level 1 count 40 tpre 0.00 tcoarse 0.08 tpost 0.33 trest 0.00 tprol 0.00
iters =   21  secs = 6.191475  rsq = 2.9338e-16
level 0 count 21 tpre 0.01 tcoarse 3.40 tpost 2.00 trest 1.48 tprol 1.41
level 1 count 40 tpre 0.00 tcoarse 0.08 tpost 0.32 trest 0.00 tprol 0.00
iters =   21  secs = 6.173900  rsq = 2.57063e-16
level 0 count 21 tpre 0.01 tcoarse 3.39 tpost 1.99 trest 1.47 tprol 1.41
level 1 count 40 tpre 0.00 tcoarse 0.08 tpost 0.32 trest 0.00 tprol 0.00
iters =   21  secs = 6.177621  rsq = 2.76593e-16
level 0 count 21 tpre 0.01 tcoarse 3.39 tpost 1.99 trest 1.48 tprol 1.40
level 1 count 40 tpre 0.00 tcoarse 0.08 tpost 0.32 trest 0.00 tprol 0.00
iters =   21  secs = 6.188282  rsq = 2.40735e-16
level 0 count 21 tpre 0.01 tcoarse 3.39 tpost 2.01 trest 1.47 tprol 1.40
level 1 count 40 tpre 0.00 tcoarse 0.08 tpost 0.32 trest 0.00 tprol 0.00
iters =   21  secs = 6.180884  rsq = 3.14251e-16
level 0 count 21 tpre 0.01 tcoarse 3.40 tpost 1.99 trest 1.48 tprol 1.41
level 1 count 41 tpre 0.00 tcoarse 0.08 tpost 0.33 trest 0.00 tprol 0.00
iters =   21  secs = 6.189365  rsq = 3.0029e-16
level 0 count 21 tpre 0.01 tcoarse 3.40 tpost 2.00 trest 1.48 tprol 1.41
level 1 count 41 tpre 0.00 tcoarse 0.08 tpost 0.33 trest 0.00 tprol 0.00
iters =   21  secs = 6.170848  rsq = 2.51507e-16
level 0 count 21 tpre 0.01 tcoarse 3.39 tpost 1.99 trest 1.48 tprol 1.41
level 1 count 40 tpre 0.00 tcoarse 0.08 tpost 0.32 trest 0.00 tprol 0.00
iters =   21  secs = 6.172684  rsq = 2.66503e-16
level 0 count 21 tpre 0.01 tcoarse 3.39 tpost 1.99 trest 1.48 tprol 1.40
level 1 count 40 tpre 0.00 tcoarse 0.08 tpost 0.32 trest 0.00 tprol 0.00
iters =   21  secs = 6.166726  rsq = 2.19555e-16
level 0 count 21 tpre 0.01 tcoarse 3.38 tpost 1.99 trest 1.47 tprol 1.40
level 1 count 40 tpre 0.00 tcoarse 0.08 tpost 0.32 trest 0.00 tprol 0.00
iters =   21  secs = 6.195164  rsq = 2.38555e-16
level 0 count 21 tpre 0.01 tcoarse 3.41 tpost 1.99 trest 1.47 tprol 1.41
level 1 count 42 tpre 0.00 tcoarse 0.08 tpost 0.34 trest 0.00 tprol 0.00
TIME("smear[cpu]","done") = 9.007 secs
TIME("frw_prop.1900.x24y0z0t0","done") = 84.510 secs
TIME("fwd_prop-write","done") = 6.049 secs
TIME("sm_fwd_prop-write","done") = 6.800 secs
doing sink momentum 0 0 0 0
The sink time is 10
computing (1-g4) projected prop
TIME("c3pt","bwd_source") = 0.391 secs
TIME("smear[cpu]","done") = 1.263 secs
iters =   21  secs = 6.180604  rsq = 3.71329e-16
level 0 count 21 tpre 0.01 tcoarse 3.39 tpost 1.99 trest 1.48 tprol 1.41
level 1 count 41 tpre 0.00 tcoarse 0.08 tpost 0.32 trest 0.00 tprol 0.00
iters =   21  secs = 6.188526  rsq = 3.06623e-16
level 0 count 21 tpre 0.01 tcoarse 3.41 tpost 1.99 trest 1.48 tprol 1.40
level 1 count 42 tpre 0.00 tcoarse 0.08 tpost 0.33 trest 0.00 tprol 0.00
iters =   21  secs = 6.185304  rsq = 3.9807e-16
level 0 count 21 tpre 0.01 tcoarse 3.40 tpost 2.00 trest 1.48 tprol 1.40
level 1 count 41 tpre 0.00 tcoarse 0.08 tpost 0.32 trest 0.00 tprol 0.00
iters =   21  secs = 6.181771  rsq = 4.17691e-16
level 0 count 21 tpre 0.01 tcoarse 3.40 tpost 1.99 trest 1.48 tprol 1.41
level 1 count 41 tpre 0.00 tcoarse 0.08 tpost 0.32 trest 0.00 tprol 0.00
iters =   21  secs = 6.176817  rsq = 3.71546e-16
level 0 count 21 tpre 0.01 tcoarse 3.40 tpost 1.99 trest 1.48 tprol 1.41
level 1 count 41 tpre 0.00 tcoarse 0.08 tpost 0.32 trest 0.00 tprol 0.00
iters =   21  secs = 6.260589  rsq = 3.29807e-16
level 0 count 21 tpre 0.01 tcoarse 3.48 tpost 1.99 trest 1.48 tprol 1.47
level 1 count 42 tpre 0.00 tcoarse 0.08 tpost 0.33 trest 0.00 tprol 0.00
TIME("c3pt","bwd_prop") = 39.519 secs
TIME("seq_prop-write","done") = 8.545 secs
TIME("smear[cpu]","done") = 9.019 secs
seq check: complex(3.51119e-10, 1.45176e-10)
doing sink momentum 0 0 0 0
The sink time is 10
computing (1-g4) projected prop
TIME("c3pt","bwd_source") = 0.445 secs
TIME("smear[cpu]","done") = 1.267 secs
iters =   21  secs = 6.191463  rsq = 3.71329e-16
level 0 count 21 tpre 0.01 tcoarse 3.41 tpost 1.99 trest 1.48 tprol 1.41
level 1 count 41 tpre 0.00 tcoarse 0.08 tpost 0.33 trest 0.00 tprol 0.00
iters =   21  secs = 6.190530  rsq = 3.41063e-16
level 0 count 21 tpre 0.01 tcoarse 3.41 tpost 1.99 trest 1.48 tprol 1.41
level 1 count 41 tpre 0.00 tcoarse 0.08 tpost 0.33 trest 0.00 tprol 0.00
iters =   21  secs = 6.199177  rsq = 3.9807e-16
level 0 count 21 tpre 0.01 tcoarse 3.42 tpost 1.99 trest 1.48 tprol 1.41
level 1 count 41 tpre 0.00 tcoarse 0.08 tpost 0.33 trest 0.00 tprol 0.00
iters =   21  secs = 6.196331  rsq = 3.26558e-16
level 0 count 21 tpre 0.01 tcoarse 3.41 tpost 1.99 trest 1.48 tprol 1.41
level 1 count 41 tpre 0.00 tcoarse 0.08 tpost 0.33 trest 0.00 tprol 0.00
iters =   21  secs = 6.188326  rsq = 3.71547e-16
level 0 count 21 tpre 0.01 tcoarse 3.41 tpost 1.99 trest 1.48 tprol 1.41
level 1 count 41 tpre 0.00 tcoarse 0.08 tpost 0.33 trest 0.00 tprol 0.00
iters =   21  secs = 6.194700  rsq = 3.83648e-16
level 0 count 21 tpre 0.01 tcoarse 3.41 tpost 1.99 trest 1.48 tprol 1.41
level 1 count 41 tpre 0.00 tcoarse 0.08 tpost 0.33 trest 0.00 tprol 0.00
TIME("c3pt","bwd_prop") = 39.562 secs
TIME("seq_prop-write","done") = 6.491 secs
TIME("smear[cpu]","done") = 9.019 secs
seq check: complex(7.02239e-10, 2.90352e-10)
TIME("smear[cpu]","done") = 0.083 secs
TIME("frw_prop_source.1900.x0y8z0t0","done") = 0.117 secs
iters =   21  secs = 6.245970  rsq = 2.43191e-16
level 0 count 21 tpre 0.01 tcoarse 3.46 tpost 1.99 trest 1.48 tprol 1.47
level 1 count 40 tpre 0.00 tcoarse 0.08 tpost 0.32 trest 0.00 tprol 0.00
iters =   21  secs = 6.261565  rsq = 2.86281e-16
level 0 count 21 tpre 0.01 tcoarse 3.45 tpost 2.02 trest 1.47 tprol 1.47
level 1 count 41 tpre 0.00 tcoarse 0.08 tpost 0.32 trest 0.00 tprol 0.00
iters =   21  secs = 6.236516  rsq = 2.70803e-16
level 0 count 21 tpre 0.01 tcoarse 3.45 tpost 1.99 trest 1.48 tprol 1.47
level 1 count 41 tpre 0.00 tcoarse 0.08 tpost 0.32 trest 0.00 tprol 0.00
iters =   21  secs = 6.235815  rsq = 2.63932e-16
level 0 count 21 tpre 0.01 tcoarse 3.45 tpost 1.99 trest 1.48 tprol 1.47
level 1 count 40 tpre 0.00 tcoarse 0.08 tpost 0.31 trest 0.00 tprol 0.00
iters =   21  secs = 6.239552  rsq = 1.95158e-16
level 0 count 21 tpre 0.01 tcoarse 3.46 tpost 1.99 trest 1.48 tprol 1.47
level 1 count 41 tpre 0.00 tcoarse 0.08 tpost 0.32 trest 0.00 tprol 0.00
iters =   21  secs = 6.254424  rsq = 2.61315e-16
level 0 count 21 tpre 0.01 tcoarse 3.47 tpost 1.99 trest 1.48 tprol 1.48
level 1 count 41 tpre 0.00 tcoarse 0.08 tpost 0.32 trest 0.00 tprol 0.00
iters =   21  secs = 6.214985  rsq = 2.50208e-16
level 0 count 21 tpre 0.01 tcoarse 3.43 tpost 1.99 trest 1.48 tprol 1.46
level 1 count 39 tpre 0.00 tcoarse 0.07 tpost 0.31 trest 0.00 tprol 0.00
iters =   21  secs = 6.240063  rsq = 2.78064e-16
level 0 count 21 tpre 0.01 tcoarse 3.46 tpost 1.99 trest 1.48 tprol 1.48
level 1 count 40 tpre 0.00 tcoarse 0.08 tpost 0.32 trest 0.00 tprol 0.00
iters =   21  secs = 6.272084  rsq = 2.77197e-16
level 0 count 21 tpre 0.01 tcoarse 3.47 tpost 2.01 trest 1.48 tprol 1.48
level 1 count 40 tpre 0.00 tcoarse 0.08 tpost 0.32 trest 0.00 tprol 0.00
iters =   21  secs = 6.262367  rsq = 2.91348e-16
level 0 count 21 tpre 0.01 tcoarse 3.46 tpost 2.01 trest 1.48 tprol 1.48
level 1 count 40 tpre 0.00 tcoarse 0.08 tpost 0.32 trest 0.00 tprol 0.00
iters =   21  secs = 6.232956  rsq = 2.67122e-16
level 0 count 21 tpre 0.01 tcoarse 3.45 tpost 1.99 trest 1.48 tprol 1.46
level 1 count 40 tpre 0.00 tcoarse 0.08 tpost 0.32 trest 0.00 tprol 0.00
iters =   21  secs = 6.256649  rsq = 2.37652e-16
level 0 count 21 tpre 0.01 tcoarse 3.47 tpost 2.00 trest 1.48 tprol 1.47
level 1 count 41 tpre 0.00 tcoarse 0.08 tpost 0.32 trest 0.00 tprol 0.00
TIME("smear[cpu]","done") = 9.005 secs
TIME("frw_prop.1900.x0y8z0t0","done") = 85.293 secs
TIME("fwd_prop-write","done") = 6.988 secs
TIME("sm_fwd_prop-write","done") = 7.266 secs
doing sink momentum 0 0 0 0
The sink time is 10
computing (1-g4) projected prop
TIME("c3pt","bwd_source") = 0.399 secs
TIME("smear[cpu]","done") = 1.264 secs
iters =   21  secs = 6.198625  rsq = 3.66852e-16
level 0 count 21 tpre 0.01 tcoarse 3.40 tpost 2.00 trest 1.47 tprol 1.41
level 1 count 41 tpre 0.00 tcoarse 0.08 tpost 0.33 trest 0.00 tprol 0.00
iters =   21  secs = 6.196966  rsq = 2.67527e-16
level 0 count 21 tpre 0.01 tcoarse 3.42 tpost 1.99 trest 1.47 tprol 1.41
level 1 count 42 tpre 0.00 tcoarse 0.08 tpost 0.34 trest 0.00 tprol 0.00
iters =   21  secs = 6.202220  rsq = 3.33757e-16
level 0 count 21 tpre 0.01 tcoarse 3.42 tpost 1.99 trest 1.47 tprol 1.41
level 1 count 42 tpre 0.00 tcoarse 0.08 tpost 0.34 trest 0.00 tprol 0.00
iters =   21  secs = 6.205850  rsq = 2.91107e-16
level 0 count 21 tpre 0.01 tcoarse 3.42 tpost 1.99 trest 1.47 tprol 1.41
level 1 count 42 tpre 0.00 tcoarse 0.08 tpost 0.34 trest 0.00 tprol 0.00
iters =   21  secs = 6.206628  rsq = 4.16359e-16
level 0 count 21 tpre 0.01 tcoarse 3.41 tpost 2.01 trest 1.48 tprol 1.41
level 1 count 41 tpre 0.00 tcoarse 0.08 tpost 0.33 trest 0.00 tprol 0.00
iters =   21  secs = 6.207308  rsq = 3.07234e-16
level 0 count 21 tpre 0.01 tcoarse 3.42 tpost 1.99 trest 1.47 tprol 1.41
level 1 count 42 tpre 0.00 tcoarse 0.09 tpost 0.34 trest 0.00 tprol 0.00
TIME("c3pt","bwd_prop") = 39.567 secs
TIME("seq_prop-write","done") = 8.734 secs
TIME("smear[cpu]","done") = 9.013 secs
seq check: complex(5.29567e-10, 1.19022e-10)
doing sink momentum 0 0 0 0
The sink time is 10
computing (1-g4) projected prop
TIME("c3pt","bwd_source") = 0.448 secs
TIME("smear[cpu]","done") = 1.264 secs
iters =   21  secs = 6.205863  rsq = 3.66852e-16
level 0 count 21 tpre 0.01 tcoarse 3.41 tpost 2.01 trest 1.48 tprol 1.41
level 1 count 41 tpre 0.00 tcoarse 0.08 tpost 0.33 trest 0.00 tprol 0.00
iters =   21  secs = 6.197100  rsq = 3.85782e-16
level 0 count 21 tpre 0.01 tcoarse 3.41 tpost 1.99 trest 1.48 tprol 1.41
level 1 count 41 tpre 0.00 tcoarse 0.08 tpost 0.33 trest 0.00 tprol 0.00
iters =   21  secs = 6.205646  rsq = 3.33757e-16
level 0 count 21 tpre 0.01 tcoarse 3.42 tpost 1.99 trest 1.48 tprol 1.41
level 1 count 42 tpre 0.00 tcoarse 0.08 tpost 0.34 trest 0.00 tprol 0.00
iters =   21  secs = 6.199586  rsq = 4.03644e-16
level 0 count 21 tpre 0.01 tcoarse 3.42 tpost 1.99 trest 1.48 tprol 1.41
level 1 count 41 tpre 0.00 tcoarse 0.08 tpost 0.33 trest 0.00 tprol 0.00
iters =   21  secs = 6.193502  rsq = 4.16359e-16
level 0 count 21 tpre 0.01 tcoarse 3.41 tpost 1.99 trest 1.48 tprol 1.41
level 1 count 41 tpre 0.00 tcoarse 0.08 tpost 0.33 trest 0.00 tprol 0.00
iters =   21  secs = 6.225170  rsq = 2.6668e-16
level 0 count 21 tpre 0.01 tcoarse 3.42 tpost 2.01 trest 1.48 tprol 1.41
level 1 count 41 tpre 0.00 tcoarse 0.08 tpost 0.33 trest 0.00 tprol 0.00
TIME("c3pt","bwd_prop") = 39.625 secs
TIME("seq_prop-write","done") = 7.624 secs
TIME("smear[cpu]","done") = 9.009 secs
seq check: complex(1.05913e-09, 2.38044e-10)
TIME("smear[cpu]","done") = 0.083 secs
TIME("frw_prop_source.1900.x0y16z0t0","done") = 0.116 secs
iters =   21  secs = 6.195038  rsq = 2.55371e-16
level 0 count 21 tpre 0.01 tcoarse 3.40 tpost 2.00 trest 1.48 tprol 1.41
level 1 count 40 tpre 0.00 tcoarse 0.08 tpost 0.32 trest 0.00 tprol 0.00
iters =   21  secs = 6.176088  rsq = 2.89564e-16
level 0 count 21 tpre 0.01 tcoarse 3.39 tpost 1.99 trest 1.47 tprol 1.41
level 1 count 40 tpre 0.00 tcoarse 0.08 tpost 0.33 trest 0.00 tprol 0.00
iters =   21  secs = 6.162869  rsq = 3.4658e-16
level 0 count 21 tpre 0.01 tcoarse 3.38 tpost 1.99 trest 1.48 tprol 1.40
level 1 count 40 tpre 0.00 tcoarse 0.08 tpost 0.32 trest 0.00 tprol 0.00
iters =   21  secs = 6.170334  rsq = 2.18862e-16
level 0 count 21 tpre 0.01 tcoarse 3.39 tpost 1.99 trest 1.48 tprol 1.40
level 1 count 40 tpre 0.00 tcoarse 0.08 tpost 0.32 trest 0.00 tprol 0.00
iters =   21  secs = 6.187186  rsq = 2.58269e-16
level 0 count 21 tpre 0.01 tcoarse 3.41 tpost 1.99 trest 1.49 tprol 1.41
level 1 count 40 tpre 0.00 tcoarse 0.08 tpost 0.32 trest 0.00 tprol 0.00
iters =   21  secs = 6.154478  rsq = 3.32668e-16
level 0 count 21 tpre 0.01 tcoarse 3.37 tpost 1.99 trest 1.48 tprol 1.40
level 1 count 39 tpre 0.00 tcoarse 0.08 tpost 0.31 trest 0.00 tprol 0.00
iters =   21  secs = 6.180440  rsq = 3.20177e-16
level 0 count 21 tpre 0.01 tcoarse 3.40 tpost 1.99 trest 1.48 tprol 1.41
level 1 count 41 tpre 0.00 tcoarse 0.08 tpost 0.32 trest 0.00 tprol 0.00
iters =   21  secs = 6.177040  rsq = 3.2676e-16
level 0 count 21 tpre 0.01 tcoarse 3.40 tpost 1.99 trest 1.48 tprol 1.40
level 1 count 41 tpre 0.00 tcoarse 0.08 tpost 0.32 trest 0.00 tprol 0.00
iters =   21  secs = 6.165186  rsq = 2.67868e-16
level 0 count 21 tpre 0.01 tcoarse 3.38 tpost 1.99 trest 1.48 tprol 1.40
level 1 count 40 tpre 0.00 tcoarse 0.08 tpost 0.32 trest 0.00 tprol 0.00
iters =   21  secs = 6.178278  rsq = 3.77498e-16
level 0 count 21 tpre 0.01 tcoarse 3.40 tpost 1.99 trest 1.48 tprol 1.40
level 1 count 41 tpre 0.00 tcoarse 0.08 tpost 0.32 trest 0.00 tprol 0.00
iters =   21  secs = 6.181022  rsq = 2.69069e-16
level 0 count 21 tpre 0.01 tcoarse 3.40 tpost 1.99 trest 1.47 tprol 1.41
level 1 count 41 tpre 0.00 tcoarse 0.08 tpost 0.32 trest 0.00 tprol 0.00
iters =   21  secs = 6.171941  rsq = 3.08736e-16
level 0 count 21 tpre 0.01 tcoarse 3.39 tpost 1.99 trest 1.48 tprol 1.41
level 1 count 40 tpre 0.00 tcoarse 0.08 tpost 0.32 trest 0.00 tprol 0.00
TIME("smear[cpu]","done") = 9.024 secs
TIME("frw_prop.1900.x0y16z0t0","done") = 84.454 secs
TIME("fwd_prop-write","done") = 6.582 secs
TIME("sm_fwd_prop-write","done") = 6.926 secs
doing sink momentum 0 0 0 0
The sink time is 10
computing (1-g4) projected prop
TIME("c3pt","bwd_source") = 0.396 secs
TIME("smear[cpu]","done") = 1.259 secs
iters =   21  secs = 6.193955  rsq = 2.80805e-16
level 0 count 21 tpre 0.01 tcoarse 3.41 tpost 1.99 trest 1.47 tprol 1.41
level 1 count 42 tpre 0.00 tcoarse 0.08 tpost 0.34 trest 0.00 tprol 0.00
iters =   21  secs = 6.188529  rsq = 3.21137e-16
level 0 count 21 tpre 0.01 tcoarse 3.41 tpost 1.99 trest 1.47 tprol 1.40
level 1 count 42 tpre 0.00 tcoarse 0.08 tpost 0.33 trest 0.00 tprol 0.00
iters =   21  secs = 6.188372  rsq = 3.51943e-16
level 0 count 21 tpre 0.01 tcoarse 3.41 tpost 1.99 trest 1.48 tprol 1.41
level 1 count 41 tpre 0.00 tcoarse 0.08 tpost 0.33 trest 0.00 tprol 0.00
iters =   21  secs = 6.202365  rsq = 3.58673e-16
level 0 count 21 tpre 0.01 tcoarse 3.42 tpost 1.99 trest 1.48 tprol 1.41
level 1 count 42 tpre 0.00 tcoarse 0.08 tpost 0.34 trest 0.00 tprol 0.00
iters =   21  secs = 6.189181  rsq = 3.17971e-16
level 0 count 21 tpre 0.01 tcoarse 3.41 tpost 1.99 trest 1.48 tprol 1.41
level 1 count 41 tpre 0.00 tcoarse 0.08 tpost 0.33 trest 0.00 tprol 0.00
iters =   21  secs = 6.191510  rsq = 3.0253e-16
level 0 count 21 tpre 0.01 tcoarse 3.41 tpost 1.99 trest 1.48 tprol 1.41
level 1 count 42 tpre 0.00 tcoarse 0.08 tpost 0.34 trest 0.00 tprol 0.00
TIME("c3pt","bwd_prop") = 39.495 secs
TIME("seq_prop-write","done") = 7.091 secs
TIME("smear[cpu]","done") = 9.027 secs
seq check: complex(9.04359e-11, 2.36006e-10)
doing sink momentum 0 0 0 0
The sink time is 10
computing (1-g4) projected prop
TIME("c3pt","bwd_source") = 0.449 secs
TIME("smear[cpu]","done") = 1.259 secs
iters =   21  secs = 6.208433  rsq = 2.80806e-16
level 0 count 21 tpre 0.01 tcoarse 3.43 tpost 1.99 trest 1.48 tprol 1.41
level 1 count 42 tpre 0.00 tcoarse 0.08 tpost 0.34 trest 0.00 tprol 0.00
iters =   21  secs = 6.182637  rsq = 3.70622e-16
level 0 count 21 tpre 0.01 tcoarse 3.40 tpost 1.99 trest 1.48 tprol 1.41
level 1 count 41 tpre 0.00 tcoarse 0.08 tpost 0.33 trest 0.00 tprol 0.00
iters =   21  secs = 6.175043  rsq = 3.51943e-16
level 0 count 21 tpre 0.01 tcoarse 3.39 tpost 1.99 trest 1.47 tprol 1.40
level 1 count 41 tpre 0.00 tcoarse 0.08 tpost 0.33 trest 0.00 tprol 0.00
iters =   21  secs = 6.190931  rsq = 3.45889e-16
level 0 count 21 tpre 0.01 tcoarse 3.41 tpost 1.99 trest 1.48 tprol 1.41
level 1 count 41 tpre 0.00 tcoarse 0.08 tpost 0.33 trest 0.00 tprol 0.00
iters =   21  secs = 6.190174  rsq = 3.17971e-16
level 0 count 21 tpre 0.01 tcoarse 3.41 tpost 1.99 trest 1.48 tprol 1.41
level 1 count 41 tpre 0.00 tcoarse 0.08 tpost 0.33 trest 0.00 tprol 0.00
iters =   21  secs = 6.182123  rsq = 3.54413e-16
level 0 count 21 tpre 0.01 tcoarse 3.40 tpost 1.99 trest 1.48 tprol 1.41
level 1 count 41 tpre 0.00 tcoarse 0.08 tpost 0.33 trest 0.00 tprol 0.00
TIME("c3pt","bwd_prop") = 39.519 secs
TIME("seq_prop-write","done") = 6.662 secs
TIME("smear[cpu]","done") = 9.002 secs
seq check: complex(1.80872e-10, 4.72011e-10)
TIME("smear[cpu]","done") = 0.083 secs
TIME("frw_prop_source.1900.x0y24z0t0","done") = 0.116 secs
iters =   21  secs = 6.191733  rsq = 2.69162e-16
level 0 count 21 tpre 0.01 tcoarse 3.41 tpost 1.99 trest 1.48 tprol 1.41
level 1 count 41 tpre 0.00 tcoarse 0.08 tpost 0.33 trest 0.00 tprol 0.00
iters =   21  secs = 6.166813  rsq = 2.54394e-16
level 0 count 21 tpre 0.01 tcoarse 3.39 tpost 1.99 trest 1.48 tprol 1.41
level 1 count 40 tpre 0.00 tcoarse 0.07 tpost 0.32 trest 0.00 tprol 0.00
iters =   21  secs = 6.177032  rsq = 2.34789e-16
level 0 count 21 tpre 0.01 tcoarse 3.40 tpost 1.99 trest 1.48 tprol 1.41
level 1 count 41 tpre 0.00 tcoarse 0.08 tpost 0.32 trest 0.00 tprol 0.00
iters =   21  secs = 6.178371  rsq = 2.46971e-16
level 0 count 21 tpre 0.01 tcoarse 3.40 tpost 1.99 trest 1.48 tprol 1.40
level 1 count 41 tpre 0.00 tcoarse 0.08 tpost 0.32 trest 0.00 tprol 0.00
iters =   21  secs = 6.190121  rsq = 3.85193e-16
level 0 count 21 tpre 0.01 tcoarse 3.39 tpost 2.01 trest 1.48 tprol 1.41
level 1 count 40 tpre 0.00 tcoarse 0.08 tpost 0.32 trest 0.00 tprol 0.00
iters =   21  secs = 6.182308  rsq = 2.85115e-16
level 0 count 21 tpre 0.01 tcoarse 3.40 tpost 1.99 trest 1.48 tprol 1.41
level 1 count 41 tpre 0.00 tcoarse 0.08 tpost 0.32 trest 0.00 tprol 0.00
iters =   21  secs = 6.171576  rsq = 2.73132e-16
level 0 count 21 tpre 0.01 tcoarse 3.39 tpost 1.99 trest 1.48 tprol 1.41
level 1 count 40 tpre 0.00 tcoarse 0.08 tpost 0.32 trest 0.00 tprol 0.00
iters =   21  secs = 6.171285  rsq = 2.81678e-16
level 0 count 21 tpre 0.01 tcoarse 3.39 tpost 1.99 trest 1.48 tprol 1.41
level 1 count 40 tpre 0.00 tcoarse 0.08 tpost 0.32 trest 0.00 tprol 0.00
iters =   21  secs = 6.170566  rsq = 3.0771e-16
level 0 count 21 tpre 0.01 tcoarse 3.39 tpost 1.99 trest 1.48 tprol 1.41
level 1 count 40 tpre 0.00 tcoarse 0.07 tpost 0.32 trest 0.00 tprol 0.00
iters =   21  secs = 6.180817  rsq = 3.20986e-16
level 0 count 21 tpre 0.01 tcoarse 3.40 tpost 1.99 trest 1.48 tprol 1.41
level 1 count 41 tpre 0.00 tcoarse 0.08 tpost 0.32 trest 0.00 tprol 0.00
iters =   21  secs = 6.165277  rsq = 2.73204e-16
level 0 count 21 tpre 0.01 tcoarse 3.38 tpost 1.99 trest 1.48 tprol 1.40
level 1 count 40 tpre 0.00 tcoarse 0.08 tpost 0.32 trest 0.00 tprol 0.00
iters =   21  secs = 6.178329  rsq = 2.14764e-16
level 0 count 21 tpre 0.01 tcoarse 3.40 tpost 1.99 trest 1.48 tprol 1.41
level 1 count 41 tpre 0.00 tcoarse 0.08 tpost 0.32 trest 0.00 tprol 0.00
TIME("smear[cpu]","done") = 9.007 secs
TIME("frw_prop.1900.x0y24z0t0","done") = 84.468 secs
TIME("fwd_prop-write","done") = 7.290 secs
TIME("sm_fwd_prop-write","done") = 8.267 secs
doing sink momentum 0 0 0 0
The sink time is 10
computing (1-g4) projected prop
TIME("c3pt","bwd_source") = 0.398 secs
TIME("smear[cpu]","done") = 1.266 secs
iters =   21  secs = 6.197803  rsq = 3.07476e-16
level 0 count 21 tpre 0.01 tcoarse 3.41 tpost 1.99 trest 1.47 tprol 1.41
level 1 count 42 tpre 0.00 tcoarse 0.08 tpost 0.34 trest 0.00 tprol 0.00
iters =   21  secs = 6.203686  rsq = 3.07455e-16
level 0 count 21 tpre 0.01 tcoarse 3.41 tpost 2.00 trest 1.47 tprol 1.41
level 1 count 42 tpre 0.00 tcoarse 0.08 tpost 0.34 trest 0.00 tprol 0.00
iters =   21  secs = 6.201246  rsq = 2.52751e-16
level 0 count 21 tpre 0.01 tcoarse 3.41 tpost 1.99 trest 1.47 tprol 1.41
level 1 count 42 tpre 0.00 tcoarse 0.08 tpost 0.34 trest 0.00 tprol 0.00
iters =   21  secs = 6.225008  rsq = 3.68225e-16
level 0 count 21 tpre 0.01 tcoarse 3.44 tpost 1.99 trest 1.47 tprol 1.45
level 1 count 41 tpre 0.00 tcoarse 0.08 tpost 0.33 trest 0.00 tprol 0.00
iters =   21  secs = 6.178996  rsq = 3.82418e-16
level 0 count 21 tpre 0.01 tcoarse 3.40 tpost 1.99 trest 1.47 tprol 1.40
level 1 count 41 tpre 0.00 tcoarse 0.08 tpost 0.33 trest 0.00 tprol 0.00
iters =   21  secs = 6.213005  rsq = 3.32991e-16
level 0 count 21 tpre 0.01 tcoarse 3.42 tpost 2.00 trest 1.47 tprol 1.41
level 1 count 42 tpre 0.00 tcoarse 0.08 tpost 0.34 trest 0.00 tprol 0.00
TIME("c3pt","bwd_prop") = 39.569 secs
TIME("seq_prop-write","done") = 7.038 secs
TIME("smear[cpu]","done") = 9.015 secs
seq check: complex(6.66653e-11, 2.89804e-11)
doing sink momentum 0 0 0 0
The sink time is 10
computing (1-g4) projected prop
TIME("c3pt","bwd_source") = 0.445 secs
TIME("smear[cpu]","done") = 1.270 secs
iters =   21  secs = 6.211676  rsq = 3.07476e-16
level 0 count 21 tpre 0.01 tcoarse 3.43 tpost 1.99 trest 1.48 tprol 1.41
level 1 count 42 tpre 0.00 tcoarse 0.09 tpost 0.34 trest 0.00 tprol 0.00
iters =   21  secs = 6.186118  rsq = 3.17619e-16
level 0 count 21 tpre 0.01 tcoarse 3.40 tpost 1.99 trest 1.47 tprol 1.41
level 1 count 41 tpre 0.00 tcoarse 0.08 tpost 0.33 trest 0.00 tprol 0.00
iters =   21  secs = 6.202079  rsq = 2.52751e-16
level 0 count 21 tpre 0.01 tcoarse 3.42 tpost 1.99 trest 1.47 tprol 1.41
level 1 count 42 tpre 0.00 tcoarse 0.08 tpost 0.34 trest 0.00 tprol 0.00
iters =   21  secs = 6.195160  rsq = 3.01451e-16
level 0 count 21 tpre 0.01 tcoarse 3.41 tpost 1.99 trest 1.48 tprol 1.41
level 1 count 41 tpre 0.00 tcoarse 0.08 tpost 0.33 trest 0.00 tprol 0.00
iters =   21  secs = 6.180357  rsq = 3.82418e-16
level 0 count 21 tpre 0.01 tcoarse 3.40 tpost 1.99 trest 1.47 tprol 1.41
level 1 count 41 tpre 0.00 tcoarse 0.08 tpost 0.33 trest 0.00 tprol 0.00
iters =   21  secs = 6.193475  rsq = 2.94239e-16
level 0 count 21 tpre 0.01 tcoarse 3.41 tpost 1.99 trest 1.48 tprol 1.41
level 1 count 41 tpre 0.00 tcoarse 0.08 tpost 0.33 trest 0.00 tprol 0.00
TIME("c3pt","bwd_prop") = 39.568 secs
TIME("seq_prop-write","done") = 7.307 secs
TIME("smear[cpu]","done") = 9.011 secs
seq check: complex(1.33331e-10, 5.79607e-11)
TIME("smear[cpu]","done") = 0.083 secs
TIME("frw_prop_source.1900.x0y0z8t0","done") = 0.117 secs
iters =   21  secs = 6.223789  rsq = 3.15954e-16
level 0 count 21 tpre 0.01 tcoarse 3.42 tpost 2.00 trest 1.48 tprol 1.42
level 1 count 41 tpre 0.00 tcoarse 0.08 tpost 0.33 trest 0.00 tprol 0.00
iters =   21  secs = 6.193675  rsq = 2.93554e-16
level 0 count 21 tpre 0.01 tcoarse 3.41 tpost 1.99 trest 1.47 tprol 1.41
level 1 count 41 tpre 0.00 tcoarse 0.08 tpost 0.33 trest 0.00 tprol 0.00
iters =   21  secs = 6.184516  rsq = 3.16731e-16
level 0 count 21 tpre 0.01 tcoarse 3.40 tpost 1.99 trest 1.47 tprol 1.41
level 1 count 40 tpre 0.00 tcoarse 0.08 tpost 0.33 trest 0.00 tprol 0.00
iters =   21  secs = 6.194929  rsq = 2.91891e-16
level 0 count 21 tpre 0.01 tcoarse 3.41 tpost 1.99 trest 1.47 tprol 1.41
level 1 count 41 tpre 0.00 tcoarse 0.08 tpost 0.33 trest 0.00 tprol 0.00
iters =   21  secs = 6.210820  rsq = 3.04783e-16
level 0 count 21 tpre 0.01 tcoarse 3.41 tpost 2.01 trest 1.47 tprol 1.41
level 1 count 41 tpre 0.00 tcoarse 0.08 tpost 0.33 trest 0.00 tprol 0.00
iters =   21  secs = 6.180594  rsq = 2.75671e-16
level 0 count 21 tpre 0.01 tcoarse 3.40 tpost 1.99 trest 1.47 tprol 1.40
level 1 count 40 tpre 0.00 tcoarse 0.09 tpost 0.32 trest 0.00 tprol 0.00
iters =   21  secs = 6.186750  rsq = 3.53443e-16
level 0 count 21 tpre 0.01 tcoarse 3.40 tpost 1.99 trest 1.48 tprol 1.41
level 1 count 40 tpre 0.00 tcoarse 0.08 tpost 0.32 trest 0.00 tprol 0.00
iters =   21  secs = 6.182662  rsq = 2.75701e-16
level 0 count 21 tpre 0.01 tcoarse 3.40 tpost 1.99 trest 1.48 tprol 1.41
level 1 count 40 tpre 0.00 tcoarse 0.08 tpost 0.32 trest 0.00 tprol 0.00
iters =   21  secs = 6.184927  rsq = 3.27097e-16
level 0 count 21 tpre 0.01 tcoarse 3.40 tpost 1.99 trest 1.48 tprol 1.41
level 1 count 40 tpre 0.00 tcoarse 0.08 tpost 0.32 trest 0.00 tprol 0.00
iters =   21  secs = 6.180988  rsq = 3.20845e-16
level 0 count 21 tpre 0.01 tcoarse 3.40 tpost 1.99 trest 1.47 tprol 1.41
level 1 count 40 tpre 0.00 tcoarse 0.08 tpost 0.32 trest 0.00 tprol 0.00
iters =   21  secs = 6.225800  rsq = 2.15851e-16
level 0 count 21 tpre 0.01 tcoarse 3.42 tpost 2.01 trest 1.48 tprol 1.41
level 1 count 41 tpre 0.00 tcoarse 0.09 tpost 0.33 trest 0.00 tprol 0.00
iters =   21  secs = 6.187243  rsq = 3.69808e-16
level 0 count 21 tpre 0.01 tcoarse 3.40 tpost 1.99 trest 1.48 tprol 1.41
level 1 count 40 tpre 0.00 tcoarse 0.08 tpost 0.32 trest 0.00 tprol 0.00
TIME("smear[cpu]","done") = 9.022 secs
TIME("frw_prop.1900.x0y0z8t0","done") = 84.689 secs
TIME("fwd_prop-write","done") = 7.203 secs
TIME("sm_fwd_prop-write","done") = 6.237 secs
doing sink momentum 0 0 0 0
The sink time is 10
computing (1-g4) projected prop
TIME("c3pt","bwd_source") = 0.396 secs
TIME("smear[cpu]","done") = 1.262 secs
iters =   21  secs = 6.211489  rsq = 3.19698e-16
level 0 count 21 tpre 0.01 tcoarse 3.41 tpost 2.01 trest 1.48 tprol 1.40
level 1 count 42 tpre 0.00 tcoarse 0.08 tpost 0.33 trest 0.00 tprol 0.00
iters =   21  secs = 6.185480  rsq = 4.23553e-16
level 0 count 21 tpre 0.01 tcoarse 3.41 tpost 1.98 trest 1.48 tprol 1.40
level 1 count 42 tpre 0.00 tcoarse 0.08 tpost 0.33 trest 0.00 tprol 0.00
iters =   21  secs = 6.206006  rsq = 2.90517e-16
level 0 count 21 tpre 0.01 tcoarse 3.42 tpost 1.99 trest 1.49 tprol 1.40
level 1 count 42 tpre 0.00 tcoarse 0.09 tpost 0.33 trest 0.00 tprol 0.00
iters =   21  secs = 6.187328  rsq = 3.51609e-16
level 0 count 21 tpre 0.01 tcoarse 3.41 tpost 1.99 trest 1.48 tprol 1.41
level 1 count 42 tpre 0.00 tcoarse 0.08 tpost 0.33 trest 0.00 tprol 0.00
iters =   21  secs = 6.188412  rsq = 3.01278e-16
level 0 count 21 tpre 0.01 tcoarse 3.40 tpost 1.99 trest 1.47 tprol 1.40
level 1 count 42 tpre 0.00 tcoarse 0.08 tpost 0.33 trest 0.00 tprol 0.00
iters =   21  secs = 6.188306  rsq = 4.19079e-16
level 0 count 21 tpre 0.01 tcoarse 3.41 tpost 1.99 trest 1.48 tprol 1.40
level 1 count 42 tpre 0.00 tcoarse 0.08 tpost 0.33 trest 0.00 tprol 0.00
TIME("c3pt","bwd_prop") = 39.510 secs
TIME("seq_prop-write","done") = 6.710 secs
TIME("smear[cpu]","done") = 9.021 secs
seq check: complex(2.61196e-10, 3.4321e-10)
doing sink momentum 0 0 0 0
The sink time is 10
computing (1-g4) projected prop
TIME("c3pt","bwd_source") = 0.447 secs
TIME("smear[cpu]","done") = 1.264 secs
iters =   21  secs = 6.198786  rsq = 3.19698e-16
level 0 count 21 tpre 0.01 tcoarse 3.41 tpost 1.99 trest 1.48 tprol 1.41
level 1 count 42 tpre 0.00 tcoarse 0.08 tpost 0.33 trest 0.00 tprol 0.00
iters =   21  secs = 6.180084  rsq = 2.96e-16
level 0 count 21 tpre 0.01 tcoarse 3.40 tpost 1.99 trest 1.47 tprol 1.40
level 1 count 42 tpre 0.00 tcoarse 0.08 tpost 0.33 trest 0.00 tprol 0.00
iters =   21  secs = 6.203627  rsq = 2.90517e-16
level 0 count 21 tpre 0.01 tcoarse 3.42 tpost 1.99 trest 1.48 tprol 1.41
level 1 count 42 tpre 0.00 tcoarse 0.09 tpost 0.33 trest 0.00 tprol 0.00
iters =   21  secs = 6.184689  rsq = 2.89399e-16
level 0 count 21 tpre 0.01 tcoarse 3.40 tpost 1.99 trest 1.47 tprol 1.41
level 1 count 41 tpre 0.00 tcoarse 0.08 tpost 0.32 trest 0.00 tprol 0.00
iters =   21  secs = 6.189332  rsq = 3.01278e-16
level 0 count 21 tpre 0.01 tcoarse 3.41 tpost 1.99 trest 1.47 tprol 1.40
level 1 count 42 tpre 0.00 tcoarse 0.08 tpost 0.33 trest 0.00 tprol 0.00
iters =   21  secs = 6.176377  rsq = 3.50669e-16
level 0 count 21 tpre 0.01 tcoarse 3.39 tpost 1.99 trest 1.47 tprol 1.41
level 1 count 41 tpre 0.00 tcoarse 0.08 tpost 0.32 trest 0.00 tprol 0.00
TIME("c3pt","bwd_prop") = 39.526 secs
TIME("seq_prop-write","done") = 6.618 secs
TIME("smear[cpu]","done") = 9.017 secs
seq check: complex(5.22391e-10, 6.86421e-10)
TIME("smear[cpu]","done") = 0.083 secs
TIME("frw_prop_source.1900.x0y0z16t0","done") = 0.116 secs
iters =   21  secs = 6.182922  rsq = 2.47383e-16
level 0 count 21 tpre 0.01 tcoarse 3.40 tpost 1.99 trest 1.48 tprol 1.41
level 1 count 41 tpre 0.00 tcoarse 0.08 tpost 0.32 trest 0.00 tprol 0.00
iters =   21  secs = 6.181075  rsq = 2.21595e-16
level 0 count 21 tpre 0.01 tcoarse 3.40 tpost 1.99 trest 1.48 tprol 1.41
level 1 count 41 tpre 0.00 tcoarse 0.08 tpost 0.32 trest 0.00 tprol 0.00
iters =   21  secs = 6.169508  rsq = 3.21609e-16
level 0 count 21 tpre 0.01 tcoarse 3.39 tpost 1.99 trest 1.48 tprol 1.41
level 1 count 40 tpre 0.00 tcoarse 0.08 tpost 0.32 trest 0.00 tprol 0.00
iters =   21  secs = 6.171854  rsq = 2.26448e-16
level 0 count 21 tpre 0.01 tcoarse 3.39 tpost 1.99 trest 1.48 tprol 1.40
level 1 count 40 tpre 0.00 tcoarse 0.08 tpost 0.32 trest 0.00 tprol 0.00
iters =   21  secs = 6.178386  rsq = 2.70606e-16
level 0 count 21 tpre 0.01 tcoarse 3.40 tpost 1.99 trest 1.48 tprol 1.41
level 1 count 40 tpre 0.00 tcoarse 0.08 tpost 0.32 trest 0.00 tprol 0.00
iters =   21  secs = 6.180363  rsq = 2.40032e-16
level 0 count 21 tpre 0.01 tcoarse 3.40 tpost 1.99 trest 1.48 tprol 1.40
level 1 count 41 tpre 0.00 tcoarse 0.09 tpost 0.32 trest 0.00 tprol 0.00
iters =   21  secs = 6.172080  rsq = 4.09861e-16
level 0 count 21 tpre 0.01 tcoarse 3.39 tpost 1.99 trest 1.48 tprol 1.40
level 1 count 41 tpre 0.00 tcoarse 0.08 tpost 0.32 trest 0.00 tprol 0.00
iters =   21  secs = 6.183659  rsq = 2.4424e-16
level 0 count 21 tpre 0.01 tcoarse 3.40 tpost 1.99 trest 1.48 tprol 1.41
level 1 count 41 tpre 0.00 tcoarse 0.08 tpost 0.32 trest 0.00 tprol 0.00
iters =   21  secs = 6.163529  rsq = 2.77992e-16
level 0 count 21 tpre 0.01 tcoarse 3.38 tpost 1.99 trest 1.48 tprol 1.40
level 1 count 40 tpre 0.00 tcoarse 0.08 tpost 0.32 trest 0.00 tprol 0.00
iters =   21  secs = 6.171785  rsq = 1.97531e-16
level 0 count 21 tpre 0.01 tcoarse 3.39 tpost 1.99 trest 1.47 tprol 1.40
level 1 count 41 tpre 0.00 tcoarse 0.08 tpost 0.32 trest 0.00 tprol 0.00
iters =   21  secs = 6.183291  rsq = 2.32399e-16
level 0 count 21 tpre 0.01 tcoarse 3.40 tpost 1.99 trest 1.48 tprol 1.40
level 1 count 41 tpre 0.00 tcoarse 0.08 tpost 0.32 trest 0.00 tprol 0.00
iters =   21  secs = 6.181872  rsq = 2.81952e-16
level 0 count 21 tpre 0.01 tcoarse 3.40 tpost 1.99 trest 1.48 tprol 1.40
level 1 count 41 tpre 0.00 tcoarse 0.08 tpost 0.32 trest 0.00 tprol 0.00
TIME("smear[cpu]","done") = 9.019 secs
TIME("frw_prop.1900.x0y0z16t0","done") = 84.469 secs
TIME("fwd_prop-write","done") = 6.753 secs
TIME("sm_fwd_prop-write","done") = 6.882 secs
doing sink momentum 0 0 0 0
The sink time is 10
computing (1-g4) projected prop
TIME("c3pt","bwd_source") = 0.394 secs
TIME("smear[cpu]","done") = 1.259 secs
iters =   21  secs = 6.218658  rsq = 2.84929e-16
level 0 count 21 tpre 0.01 tcoarse 3.44 tpost 1.99 trest 1.48 tprol 1.42
level 1 count 42 tpre 0.00 tcoarse 0.09 tpost 0.34 trest 0.00 tprol 0.00
iters =   21  secs = 6.189426  rsq = 3.26342e-16
level 0 count 21 tpre 0.01 tcoarse 3.40 tpost 1.99 trest 1.47 tprol 1.40
level 1 count 42 tpre 0.00 tcoarse 0.09 tpost 0.33 trest 0.00 tprol 0.00
iters =   21  secs = 6.190362  rsq = 2.98646e-16
level 0 count 21 tpre 0.01 tcoarse 3.41 tpost 1.99 trest 1.47 tprol 1.41
level 1 count 42 tpre 0.00 tcoarse 0.08 tpost 0.33 trest 0.00 tprol 0.00
iters =   21  secs = 6.192598  rsq = 2.62178e-16
level 0 count 21 tpre 0.01 tcoarse 3.41 tpost 1.99 trest 1.47 tprol 1.40
level 1 count 42 tpre 0.00 tcoarse 0.09 tpost 0.33 trest 0.00 tprol 0.00
iters =   21  secs = 6.189179  rsq = 2.71937e-16
level 0 count 21 tpre 0.01 tcoarse 3.41 tpost 1.99 trest 1.47 tprol 1.40
level 1 count 42 tpre 0.00 tcoarse 0.09 tpost 0.33 trest 0.00 tprol 0.00
iters =   21  secs = 6.179371  rsq = 3.37548e-16
level 0 count 21 tpre 0.01 tcoarse 3.40 tpost 1.99 trest 1.47 tprol 1.41
level 1 count 41 tpre 0.00 tcoarse 0.08 tpost 0.32 trest 0.00 tprol 0.00
TIME("c3pt","bwd_prop") = 39.503 secs
TIME("seq_prop-write","done") = 7.413 secs
TIME("smear[cpu]","done") = 9.013 secs
seq check: complex(-2.35681e-10, 3.1766e-11)
doing sink momentum 0 0 0 0
The sink time is 10
computing (1-g4) projected prop
TIME("c3pt","bwd_source") = 0.438 secs
TIME("smear[cpu]","done") = 1.258 secs
iters =   21  secs = 6.194200  rsq = 2.84929e-16
level 0 count 21 tpre 0.01 tcoarse 3.41 tpost 1.99 trest 1.48 tprol 1.41
level 1 count 42 tpre 0.00 tcoarse 0.08 tpost 0.33 trest 0.00 tprol 0.00
iters =   21  secs = 6.179611  rsq = 3.0025e-16
level 0 count 21 tpre 0.01 tcoarse 3.40 tpost 1.99 trest 1.48 tprol 1.41
level 1 count 41 tpre 0.00 tcoarse 0.08 tpost 0.32 trest 0.00 tprol 0.00
iters =   21  secs = 6.186325  rsq = 2.98646e-16
level 0 count 21 tpre 0.01 tcoarse 3.40 tpost 1.99 trest 1.47 tprol 1.41
level 1 count 42 tpre 0.00 tcoarse 0.08 tpost 0.33 trest 0.00 tprol 0.00
iters =   21  secs = 6.169907  rsq = 3.73558e-16
level 0 count 21 tpre 0.01 tcoarse 3.39 tpost 1.99 trest 1.47 tprol 1.41
level 1 count 41 tpre 0.00 tcoarse 0.08 tpost 0.32 trest 0.00 tprol 0.00
iters =   21  secs = 6.187190  rsq = 2.71937e-16
level 0 count 21 tpre 0.01 tcoarse 3.41 tpost 1.99 trest 1.47 tprol 1.40
level 1 count 42 tpre 0.00 tcoarse 0.09 tpost 0.33 trest 0.00 tprol 0.00
iters =   21  secs = 6.175235  rsq = 3.24636e-16
level 0 count 21 tpre 0.01 tcoarse 3.39 tpost 1.99 trest 1.47 tprol 1.41
level 1 count 41 tpre 0.00 tcoarse 0.08 tpost 0.32 trest 0.00 tprol 0.00
TIME("c3pt","bwd_prop") = 39.482 secs
TIME("seq_prop-write","done") = 6.751 secs
TIME("smear[cpu]","done") = 9.010 secs
seq check: complex(-4.71361e-10, 6.3532e-11)
TIME("smear[cpu]","done") = 0.083 secs
TIME("frw_prop_source.1900.x0y0z24t0","done") = 0.116 secs
iters =   21  secs = 6.151633  rsq = 2.72419e-16
level 0 count 21 tpre 0.01 tcoarse 3.37 tpost 1.99 trest 1.48 tprol 1.41
level 1 count 39 tpre 0.00 tcoarse 0.08 tpost 0.30 trest 0.00 tprol 0.00
iters =   21  secs = 6.164304  rsq = 3.13645e-16
level 0 count 21 tpre 0.01 tcoarse 3.38 tpost 1.99 trest 1.48 tprol 1.41
level 1 count 40 tpre 0.00 tcoarse 0.08 tpost 0.31 trest 0.00 tprol 0.00
iters =   21  secs = 6.157821  rsq = 2.75346e-16
level 0 count 21 tpre 0.01 tcoarse 3.38 tpost 1.99 trest 1.48 tprol 1.41
level 1 count 40 tpre 0.00 tcoarse 0.08 tpost 0.31 trest 0.00 tprol 0.00
iters =   21  secs = 6.167382  rsq = 2.58692e-16
level 0 count 21 tpre 0.01 tcoarse 3.39 tpost 1.99 trest 1.48 tprol 1.41
level 1 count 40 tpre 0.00 tcoarse 0.08 tpost 0.31 trest 0.00 tprol 0.00
iters =   21  secs = 6.163529  rsq = 2.93682e-16
level 0 count 21 tpre 0.01 tcoarse 3.38 tpost 1.99 trest 1.48 tprol 1.41
level 1 count 40 tpre 0.00 tcoarse 0.08 tpost 0.31 trest 0.00 tprol 0.00
iters =   21  secs = 6.160473  rsq = 2.59282e-16
level 0 count 21 tpre 0.01 tcoarse 3.38 tpost 1.99 trest 1.48 tprol 1.41
level 1 count 39 tpre 0.00 tcoarse 0.08 tpost 0.30 trest 0.00 tprol 0.00
iters =   21  secs = 6.164155  rsq = 2.91408e-16
level 0 count 21 tpre 0.01 tcoarse 3.39 tpost 1.99 trest 1.48 tprol 1.41
level 1 count 40 tpre 0.00 tcoarse 0.08 tpost 0.31 trest 0.00 tprol 0.00
iters =   21  secs = 6.167683  rsq = 2.67023e-16
level 0 count 21 tpre 0.01 tcoarse 3.38 tpost 1.99 trest 1.47 tprol 1.41
level 1 count 40 tpre 0.00 tcoarse 0.08 tpost 0.31 trest 0.00 tprol 0.00
iters =   21  secs = 6.166673  rsq = 2.36745e-16
level 0 count 21 tpre 0.01 tcoarse 3.39 tpost 1.99 trest 1.48 tprol 1.41
level 1 count 40 tpre 0.00 tcoarse 0.08 tpost 0.31 trest 0.00 tprol 0.00
iters =   21  secs = 6.169302  rsq = 2.89135e-16
level 0 count 21 tpre 0.01 tcoarse 3.39 tpost 1.99 trest 1.48 tprol 1.41
level 1 count 40 tpre 0.00 tcoarse 0.08 tpost 0.31 trest 0.00 tprol 0.00
iters =   21  secs = 6.171403  rsq = 2.12591e-16
level 0 count 21 tpre 0.01 tcoarse 3.39 tpost 1.99 trest 1.49 tprol 1.41
level 1 count 40 tpre 0.00 tcoarse 0.08 tpost 0.31 trest 0.00 tprol 0.00
iters =   21  secs = 6.182302  rsq = 2.56633e-16
level 0 count 21 tpre 0.01 tcoarse 3.40 tpost 1.99 trest 1.49 tprol 1.41
level 1 count 41 tpre 0.00 tcoarse 0.08 tpost 0.32 trest 0.00 tprol 0.00
TIME("smear[cpu]","done") = 9.019 secs
TIME("frw_prop.1900.x0y0z24t0","done") = 84.342 secs
TIME("fwd_prop-write","done") = 8.069 secs
TIME("sm_fwd_prop-write","done") = 7.821 secs
doing sink momentum 0 0 0 0
The sink time is 10
computing (1-g4) projected prop
TIME("c3pt","bwd_source") = 0.395 secs
TIME("smear[cpu]","done") = 1.266 secs
iters =   21  secs = 6.191083  rsq = 2.51887e-16
level 0 count 21 tpre 0.01 tcoarse 3.41 tpost 1.99 trest 1.47 tprol 1.40
level 1 count 42 tpre 0.00 tcoarse 0.09 tpost 0.33 trest 0.00 tprol 0.00
iters =   21  secs = 6.200879  rsq = 2.87765e-16
level 0 count 21 tpre 0.01 tcoarse 3.41 tpost 2.00 trest 1.48 tprol 1.41
level 1 count 42 tpre 0.00 tcoarse 0.08 tpost 0.33 trest 0.00 tprol 0.00
iters =   21  secs = 6.178599  rsq = 2.89801e-16
level 0 count 21 tpre 0.01 tcoarse 3.39 tpost 1.99 trest 1.47 tprol 1.40
level 1 count 41 tpre 0.00 tcoarse 0.08 tpost 0.32 trest 0.00 tprol 0.00
iters =   21  secs = 6.227164  rsq = 3.35362e-16
level 0 count 21 tpre 0.01 tcoarse 3.45 tpost 1.99 trest 1.48 tprol 1.46
level 1 count 41 tpre 0.00 tcoarse 0.08 tpost 0.32 trest 0.00 tprol 0.00
iters =   21  secs = 6.196494  rsq = 3.10906e-16
level 0 count 21 tpre 0.01 tcoarse 3.41 tpost 1.99 trest 1.48 tprol 1.41
level 1 count 42 tpre 0.00 tcoarse 0.08 tpost 0.33 trest 0.00 tprol 0.00
iters =   21  secs = 6.183867  rsq = 2.89504e-16
level 0 count 21 tpre 0.01 tcoarse 3.40 tpost 1.99 trest 1.47 tprol 1.40
level 1 count 42 tpre 0.00 tcoarse 0.08 tpost 0.33 trest 0.00 tprol 0.00
TIME("c3pt","bwd_prop") = 39.527 secs
TIME("seq_prop-write","done") = 7.757 secs
TIME("smear[cpu]","done") = 9.015 secs
seq check: complex(3.52095e-10, -3.93832e-11)
doing sink momentum 0 0 0 0
The sink time is 10
computing (1-g4) projected prop
TIME("c3pt","bwd_source") = 0.442 secs
TIME("smear[cpu]","done") = 1.266 secs
iters =   21  secs = 6.196878  rsq = 2.51887e-16
level 0 count 21 tpre 0.01 tcoarse 3.41 tpost 1.99 trest 1.48 tprol 1.40
level 1 count 42 tpre 0.00 tcoarse 0.08 tpost 0.33 trest 0.00 tprol 0.00
iters =   21  secs = 6.187516  rsq = 2.8248e-16
level 0 count 21 tpre 0.01 tcoarse 3.40 tpost 1.99 trest 1.47 tprol 1.41
level 1 count 41 tpre 0.00 tcoarse 0.08 tpost 0.33 trest 0.00 tprol 0.00
iters =   21  secs = 6.186043  rsq = 2.89801e-16
level 0 count 21 tpre 0.01 tcoarse 3.40 tpost 1.99 trest 1.48 tprol 1.41
level 1 count 41 tpre 0.00 tcoarse 0.08 tpost 0.33 trest 0.00 tprol 0.00
iters =   21  secs = 6.186896  rsq = 3.13793e-16
level 0 count 21 tpre 0.01 tcoarse 3.40 tpost 1.99 trest 1.48 tprol 1.41
level 1 count 41 tpre 0.00 tcoarse 0.08 tpost 0.33 trest 0.00 tprol 0.00
iters =   21  secs = 6.195164  rsq = 3.10907e-16
level 0 count 21 tpre 0.01 tcoarse 3.41 tpost 1.99 trest 1.48 tprol 1.41
level 1 count 42 tpre 0.00 tcoarse 0.08 tpost 0.33 trest 0.00 tprol 0.00
iters =   21  secs = 6.198031  rsq = 2.92134e-16
level 0 count 21 tpre 0.01 tcoarse 3.40 tpost 2.00 trest 1.47 tprol 1.41
level 1 count 41 tpre 0.00 tcoarse 0.08 tpost 0.33 trest 0.00 tprol 0.00
TIME("c3pt","bwd_prop") = 39.547 secs
0x4c66ae 0x4c66ae
0x4e01dc 0x4c66ae
0x4c66ae 0x4c66ae
0x4e01dc 0x4c66ae
0x4c66ae 0x4c66ae
0x4e01dc 0x4c66ae
0x4c66ae 0x4c66ae
0x4e01dc 0x4c66ae
0x4c66ae 0x4c66ae
0x4e01dc 0x4c66ae
0x4c66ae 0x4c66ae
0x4e01dc 0x4c66ae
0x4c66ae 0x4c66ae
0x4e01dc 0x4c66ae
0x4c66ae 0x4c66ae
0x4e01dc 0x4c66ae
0x4c66ae 0x4c66ae
0x4e01dc 0x4c66ae
0x4c66ae 0x4c66ae
0x4e01dc 0x4c66ae
0x4c66ae 0x4c66ae
0x4e01dc 0x4c66ae
0x4c66ae 0x4c66ae
0x4e01dc 0x4c66ae
0x4c66ae 0x4c66ae
0x4e01dc 0x4c66ae
0x4c66ae 0x4c66ae
0x4e01dc 0x4c66ae
0x4c66ae 0x4c66ae
0x4e01dc 0x4c66ae
0x4c66ae 0x4c66ae
0x4e01dc 0x4c66ae
0x4c66ae 0x4c66ae
0x4e01dc 0x4c66ae
0x4c66ae 0x4c66ae
0x4e01dc 0x4c66ae
0x4c66ae 0x4c66ae
0x4e01dc 0x4c66ae
0x4c66ae 0x4c66ae
0x4e01dc 0x4c66ae
0x4c66ae 0x4c66ae
0x4e01dc 0x4c66ae
0x4c66ae 0x4c66ae
0x4e01dc 0x4c66ae
0x4c66ae 0x4c66ae
0x4e01dc 0x4c66ae
0x4c66ae 0x4c66ae
0x4e01dc 0x4c66ae
0x4c66ae 0x4c66ae
0x4e01dc 0x4c66ae
0x4c66ae 0x4c66ae
0x4e01dc 0x4c66ae
0x4c66ae 0x4c66ae
0x4e01dc 0x4c66ae
0x4c66ae 0x4c66ae
0x4e01dc 0x4c66ae
0x4c66ae 0x4c66ae
0x4e01dc 0x4c66ae
0x4c66ae 0x4c66ae
0x4e01dc 0x4c66ae
0x4c66ae 0x4c66ae
0x4e01dc 0x4c66ae
0x4c66ae 0x4c66ae
0x4e01dc 0x4c66ae
0x4c66ae 0x4c66ae
0x4e01dc 0x4c66ae
0x4c66ae 0x4c66ae
0x4e01dc 0x4c66ae
0x4c66ae 0x4c66ae
0x4e01dc 0x4c66ae
0x4c66ae 0x4c66ae
0x4e01dc 0x4c66ae
0x4c66ae 0x4c66ae
0x4e01dc 0x4c66ae
0x4c66ae 0x4c66ae
0x4e01dc 0x4c66ae
0x4c66ae 0x4c66ae
0x4e01dc 0x4c66ae
0x4c66ae 0x4c66ae
0x4e01dc 0x4c66ae
0x4c66ae 0x4c66ae
0x4e01dc 0x4c66ae
0x4c66ae 0x4c66ae
0x4e01dc 0x4c66ae
0x4c66ae 0x4c66ae
0x4e01dc 0x4c66ae
0x4c66ae 0x4c66ae
0x4e01dc 0x4c66ae
0x4c66ae 0x4c66ae
0x4e01dc 0x4c66ae
0x4c66ae 0x4c66ae
0x4e01dc 0x4c66ae
0x4c66ae 0x4c66ae
0x4e01dc 0x4c66ae
0x4c66ae 0x4c66ae
0x4e01dc 0x4c66ae
0x4c66ae 0x4c66ae
0x4e01dc 0x4c66ae
0x4c66ae 0x4c66ae
0x4e01dc 0x4c66ae
0x4c66ae 0x4c66ae
0x4e01dc 0x4c66ae
0x4c66ae 0x4c66ae
0x4e01dc 0x4c66ae
0x4c66ae 0x4c66ae
0x4e01dc 0x4c66ae
0x4c66ae 0x4c66ae
0x4e01dc 0x4c66ae
0x4c66ae 0x4c66ae
0x4e01dc 0x4c66ae
0x4c66ae 0x4c66ae
0x4e01dc 0x4c66ae
0x4c66ae 0x4c66ae
0x4e01dc 0x4c66ae
0x4c66ae 0x4c66ae
0x4e01dc 0x4c66ae
0x4c66ae 0x4c66ae
0x4e01dc 0x4c66ae
0x4c66ae 0x4c66ae
0x4e01dc 0x4c66ae
0x4c66ae 0x4c66ae
0x4e01dc 0x4c66ae
0x4c66ae 0x4c66ae
0x4e01dc 0x4c66ae
0x4c66ae 0x4c66ae
0x4e01dc 0x4c66ae
0x4c66ae 0x4c66ae
0x4e01dc 0x4c66ae
0x4c66ae 0x4c66ae
0x4e01dc 0x4c66ae
0x4c66ae 0x4c66ae
0x4e01dc 0x4c66ae
0x4c66ae 0x4c66ae
0x4e01dc 0x4c66ae
0x4c66ae 0x4c66ae
0x4e01dc 0x4c66ae
0x4c66ae 0x4c66ae
0x4e01dc 0x4c66ae
0x4c66ae 0x4c66ae
0x4e01dc 0x4c66ae
0x4c66ae 0x4c66ae
0x4e01dc 0x4c66ae
0x4c66ae 0x4c66ae
0x4e01dc 0x4c66ae
0x4c66ae 0x4c66ae
0x4e01dc 0x4c66ae
0x4c66ae 0x4c66ae
0x4e01dc 0x4c66ae
0x4c66ae 0x4c66ae
0x4e01dc 0x4c66ae
0x4c66ae 0x4c66ae
0x4e01dc 0x4c66ae
0x4c66ae 0x4c66ae
0x4e01dc 0x4c66ae
0x4c66ae 0x4c66ae
0x4e01dc 0x4c66ae
0x4c66ae 0x4c66ae
0x4e01dc 0x4c66ae
0x4c66ae 0x4c66ae
0x4e01dc 0x4c66ae
0x4c66ae 0x4c66ae
0x4e01dc 0x4c66ae
0x4c66ae 0x4c66ae
0x4e01dc 0x4c66ae
0x4c66ae 0x4c66ae
0x4e01dc 0x4c66ae
0x4c66ae 0x4c66ae
0x4e01dc 0x4c66ae
0x4c66ae 0x4c66ae
0x4e01dc 0x4c66ae
0x4c66ae 0x4c66ae
0x4e01dc 0x4c66ae
0x4c66ae 0x4c66ae
0x4e01dc 0x4c66ae
0x4c66ae 0x4c66ae
0x4e01dc 0x4c66ae
0x4c66ae 0x4c66ae
0x4e01dc 0x4c66ae
0x4c66ae 0x4c66ae
0x4e01dc 0x4c66ae
0x4c66ae 0x4c66ae
0x4e01dc 0x4c66ae
0x4c66ae 0x4c66ae
0x4e01dc 0x4c66ae
0x4c66ae 0x4c66ae
0x4e01dc 0x4c66ae
0x4c66ae 0x4c66ae
0x4e01dc 0x4c66ae
0x4c66ae 0x4c66ae
0x4e01dc 0x4c66ae
0x4c66ae 0x4c66ae
0x4e01dc 0x4c66ae
0x4c66ae 0x4c66ae
0x4e01dc 0x4c66ae
0x4c66ae 0x4c66ae
0x4e01dc 0x4c66ae
0x4c66ae 0x4c66ae
0x4e01dc 0x4c66ae
0x4c66ae 0x4c66ae
0x4e01dc 0x4c66ae
0x4c66ae 0x4c66ae
0x4e01dc 0x4c66ae
0x4c66ae 0x4c66ae
0x4e01dc 0x4c66ae
0x4c66ae 0x4c66ae
0x4e01dc 0x4c66ae
0x4c66ae 0x4c66ae
0x4e01dc 0x4c66ae
0x4c66ae 0x4c66ae
0x4e01dc 0x4c66ae
0x4c66ae 0x4c66ae
0x4e01dc 0x4c66ae
0x4c66ae 0x4c66ae
0x4e01dc 0x4c66ae
0x4c66ae 0x4c66ae
0x4e01dc 0x4c66ae
0x4c66ae 0x4c66ae
0x4e01dc 0x4c66ae
0x4c66ae 0x4c66ae
0x4e01dc 0x4c66ae
0x4c66ae 0x4c66ae
0x4e01dc 0x4c66ae
0x4c66ae 0x4c66ae
0x4e01dc 0x4c66ae
0x4c66ae 0x4c66ae
0x4e01dc 0x4c66ae
0x4c66ae 0x4c66ae
0x4e01dc 0x4c66ae
0x4c66ae 0x4c66ae
0x4e01dc 0x4c66ae
0x4c66ae 0x4c66ae
0x4e01dc 0x4c66ae
0x4c66ae 0x4c66ae
0x4e01dc 0x4c66ae
0x4c66ae 0x4c66ae
0x4e01dc 0x4c66ae
0x4c66ae 0x4c66ae
0x4e01dc 0x4c66ae
0x4c66ae 0x4c66ae
0x4e01dc 0x4c66ae
0x4c66ae 0x4c66ae
0x4e01dc 0x4c66ae
0x4c66ae 0x4c66ae
0x4e01dc 0x4c66ae
0x4c66ae 0x4c66ae
0x4e01dc 0x4c66ae
0x4c66ae 0x4c66ae
0x4e01dc 0x4c66ae
0x4c66ae 0x4c66ae
0x4e01dc 0x4c66ae
0x4c66ae 0x4c66ae
0x4e01dc 0x4c66ae
0x4c66ae 0x4c66ae
0x4e01dc 0x4c66ae
0x4c66ae 0x4c66ae
0x4e01dc 0x4c66ae
0x4c66ae 0x4c66ae
0x4e01dc 0x4c66ae
0x4c66ae 0x4c66ae
0x4e01dc 0x4c66ae
0x4c66ae 0x4c66ae
0x4e01dc 0x4c66ae
0x4c66ae 0x4c66ae
0x4e01dc 0x4c66ae
0x4c66ae 0x4c66ae
0x4e01dc 0x4c66ae
0x4c66ae 0x4c66ae
0x4e01dc 0x4c66ae
0x4c66ae 0x4c66ae
0x4e01dc 0x4c66ae
0x4c66ae 0x4c66ae
0x4e01dc 0x4c66ae
0x4c66ae 0x4c66ae
0x4e01dc 0x4c66ae
0x4c66ae 0x4c66ae
0x4e01dc 0x4c66ae
0x4c66ae 0x4c66ae
0x4e01dc 0x4c66ae
0x4c66ae 0x4c66ae
0x4e01dc 0x4c66ae
0x4c66ae 0x4c66ae
0x4e01dc 0x4c66ae
0x4c66ae 0x4c66ae
0x4e01dc 0x4c66ae
0x4c66ae 0x4c66ae
0x4e01dc 0x4c66ae
0x4c66ae 0x4c66ae
0x4e01dc 0x4c66ae
0x4c66ae 0x4c66ae
0x4e01dc 0x4c66ae
0x4c66ae 0x4c66ae
0x4e01dc 0x4c66ae
0x4c66ae 0x4c66ae
0x4e01dc 0x4c66ae
0x4c66ae 0x4c66ae
0x4e01dc 0x4c66ae
TIME("seq_prop-write","done") = 6.556 secs
TIME("smear[cpu]","done") = 9.014 secs
seq check: complex(7.0419e-10, -7.87664e-11)

Success.
0x4c66ae 0x4c66ae
0x4e01dc 0x4c66ae
0x4c66ae 0x4c66ae
0x4e01dc 0x4c66ae
0x4c66ae 0x4c66ae
0x4e01dc 0x4c66ae
0x4c66ae 0x4c66ae
0x4e01dc 0x4c66ae
0x4c66ae 0x4c66ae
0x4e01dc 0x4c66ae
0x4c66ae 0x4c66ae
0x4e01dc 0x4c66ae
0x4c66ae 0x4c66ae
0x4e01dc 0x4c66ae
0x4c66ae 0x4c66ae
0x4e01dc 0x4c66ae
0x4c66ae 0x4c66ae
0x4e01dc 0x4c66ae
0x4c66ae 0x4c66ae
0x4e01dc 0x4c66ae
0x4c66ae 0x4c66ae
0x4e01dc 0x4c66ae
0x4c66ae 0x4c66ae
0x4e01dc 0x4c66ae
0x4c66ae 0x4c66ae
0x4e01dc 0x4c66ae
0x4c66ae 0x4c66ae
0x4e01dc 0x4c66ae
0x4c66ae 0x4c66ae
0x4e01dc 0x4c66ae
0x4c66ae 0x4c66ae
0x4e01dc 0x4c66ae
0x4c66ae 0x4c66ae
0x4e01dc 0x4c66ae
0x4c66ae 0x4c66ae
0x4e01dc 0x4c66ae
0x4c66ae 0x4c66ae
0x4e01dc 0x4c66ae
0x4c66ae 0x4c66ae
0x4e01dc 0x4c66ae
0x4c66ae 0x4c66ae
0x4e01dc 0x4c66ae
0x4c66ae 0x4c66ae
0x4e01dc 0x4c66ae
0x4c66ae 0x4c66ae
0x4e01dc 0x4c66ae
0x4c66ae 0x4c66ae
0x4e01dc 0x4c66ae
0x4c66ae 0x4c66ae
0x4e01dc 0x4c66ae
0x4c66ae 0x4c66ae
0x4e01dc 0x4c66ae
0x4c66ae 0x4c66ae
0x4e01dc 0x4c66ae
0x4c66ae 0x4c66ae
0x4e01dc 0x4c66ae
0x4c66ae 0x4c66ae
0x4e01dc 0x4c66ae
0x4c66ae 0x4c66ae
0x4e01dc 0x4c66ae
0x4c66ae 0x4c66ae
0x4e01dc 0x4c66ae
0x4c66ae 0x4c66ae
0x4e01dc 0x4c66ae
0x4c66ae 0x4c66ae
0x4e01dc 0x4c66ae
0x4c66ae 0x4c66ae
0x4e01dc 0x4c66ae
0x4c66ae 0x4c66ae
0x4e01dc 0x4c66ae
0x4c66ae 0x4c66ae
0x4e01dc 0x4c66ae
0x4c66ae 0x4c66ae
0x4e01dc 0x4c66ae
0x4c66ae 0x4c66ae
0x4e01dc 0x4c66ae
0x4c66ae 0x4c66ae
0x4e01dc 0x4c66ae
0x4c66ae 0x4c66ae
0x4e01dc 0x4c66ae
0x4c66ae 0x4c66ae
0x4e01dc 0x4c66ae
0x4c66ae 0x4c66ae
0x4e01dc 0x4c66ae
0x4c66ae 0x4c66ae
0x4e01dc 0x4c66ae
